[2026-03-02 14:07:11,374] INFO: reading parameters file: 'Groups5_Instruments7_Layers3/Groups5_Instruments7_Layers3.yaml'
[2026-03-02 14:07:11,380] INFO: Using seed 12345
[2026-03-02 14:07:11,380] INFO: Output will be written in Groups5_Instruments7_Layers3_out
[2026-03-02 14:07:11,380] INFO: Building backend ibm_torino (AerSimulator)
[2026-03-02 14:07:23,462] INFO: Building QGSUncProblem
[2026-03-02 14:07:26,317] INFO: The problem has 35 logic qubits
[2026-03-02 14:07:26,352] INFO: Building AncillaQAOACircuit with 3 layers
[2026-03-02 14:07:26,432] INFO: Getting virtual circuit metrics
[2026-03-02 14:07:26,477] INFO: Transpiling AncillaQAOACircuit for ibm_torino
[2026-03-02 14:07:28,719] INFO: Getting transpiled circuit metrics
[2026-03-02 14:07:29,307] INFO: Assigning random parameters to the transpiled circuit
[2026-03-02 14:07:29,313] INFO: Preparing Hamiltonian for Estimator
[2026-03-02 14:07:29,315] INFO: Clifford Noise Analysis with NEAT
[2026-03-02 14:07:33,277] INFO: Virtual QC Metrics:    {'depth': 215, '2q_gates': 2505, 'clifford_gates': 70, 'non_clifford_gates': 2550, 't_gates': 0, 'total_gates': 2620, 'num_active_qubits': 40}
[2026-03-02 14:07:33,277] INFO: Transpiled QC Metrics: {'depth': 9216, '2q_gates': 12500, 'clifford_gates': 50372, 'non_clifford_gates': 3614, 't_gates': 5, 'total_gates': 53986, 'num_active_qubits': 40}
[2026-03-02 14:07:33,277] INFO: Clifford QC Metrics:   {'depth': 4262, '2q_gates': 7093, 'clifford_gates': 28135, 'non_clifford_gates': 147, 't_gates': 3, 'total_gates': 28282, 'num_active_qubits': 40}
[2026-03-02 14:07:33,277] INFO: Ideal simulation run on Clifford circuit
[2026-03-02 14:07:37,874] INFO: Noisy simulation run on Clifford circuit
[2026-03-02 14:07:37,874] INFO: Full noise simulation run on Clifford circuit
[2026-03-02 14:10:00,149] INFO: Clifford Ideal Estimator Value:  -1.7758014063765692
[2026-03-02 14:10:00,149] INFO: Clifford Noisy Estimator Value:  -0.04381822584411926
[2026-03-02 14:10:00,149] INFO: Circuit creation time:       0.0802 seconds
[2026-03-02 14:10:00,149] INFO: Transpilation time:          2.2418 seconds
[2026-03-02 14:10:00,149] INFO: Clifford Transpilation time: 2.3981 seconds
[2026-03-02 14:10:00,149] INFO: Clifford Ideal Estimation time:  4.5968 seconds
[2026-03-02 14:10:00,149] INFO: Clifford Noisy Estimation time:  142.2742 seconds
[2026-03-02 14:10:00,149] INFO: ESTIMATOR PERFORMANCE RUN COMPLETED.
[2026-03-02 14:10:00,162] INFO: writing output file: Groups5_Instruments7_Layers3_out/output.json
