[2026-03-04 16:44:47,951] INFO: reading parameters file: 'G3_I9_S11111/G3_I9_S11111.yaml'
[2026-03-04 16:44:47,956] INFO: Using seed 11111
[2026-03-04 16:44:47,956] INFO: Output will be written in G3_I9_S11111_out
[2026-03-04 16:44:47,956] INFO: Building backend ibm_torino (AerSimulator)
[2026-03-04 16:45:01,502] INFO: Building QGSUncProblem
[2026-03-04 16:45:01,885] INFO: The problem has 27 logic qubits
[2026-03-04 16:45:01,898] INFO: Building AncillaQAOACircuit with 3 layers
[2026-03-04 16:45:01,928] INFO: Getting virtual circuit metrics
[2026-03-04 16:45:01,947] INFO: Transpiling AncillaQAOACircuit for ibm_torino
[2026-03-04 16:45:03,675] INFO: Getting transpiled circuit metrics
[2026-03-04 16:45:03,905] INFO: Assigning random parameters to the transpiled circuit
[2026-03-04 16:45:03,911] INFO: Preparing Hamiltonian for Estimator
[2026-03-04 16:45:03,911] INFO: Clifford Noise Analysis with NEAT
[2026-03-04 16:45:06,506] INFO: Virtual QC Metrics:    {'depth': 207, '2q_gates': 1773, 'clifford_gates': 54, 'non_clifford_gates': 1806, 't_gates': 0, 'total_gates': 1860, 'num_active_qubits': 30}
[2026-03-04 16:45:06,506] INFO: Transpiled QC Metrics: {'depth': 7764, '2q_gates': 8126, 'clifford_gates': 32717, 'non_clifford_gates': 2722, 't_gates': 6, 'total_gates': 35439, 'num_active_qubits': 30}
[2026-03-04 16:45:06,506] INFO: Clifford QC Metrics:   {'depth': 3187, '2q_gates': 4583, 'clifford_gates': 17093, 'non_clifford_gates': 78, 't_gates': 3, 'total_gates': 17171, 'num_active_qubits': 30}
[2026-03-04 16:45:06,506] INFO: Ideal simulation run on Clifford circuit
[2026-03-04 16:45:08,942] INFO: Noisy simulation run on Clifford circuit
[2026-03-04 16:45:08,942] INFO: Full noise simulation run on Clifford circuit
[2026-03-04 16:47:53,459] INFO: Clifford Ideal Estimator Value:  -1.119364679873794
[2026-03-04 16:47:53,459] INFO: Clifford Noisy Estimator Value:  -0.20666385021020045
[2026-03-04 16:47:53,459] INFO: Circuit creation time:       0.0295 seconds
[2026-03-04 16:47:53,459] INFO: Transpilation time:          1.7271 seconds
[2026-03-04 16:47:53,460] INFO: Clifford Transpilation time: 1.5133 seconds
[2026-03-04 16:47:53,460] INFO: Clifford Ideal Estimation time:  2.4363 seconds
[2026-03-04 16:47:53,460] INFO: Clifford Noisy Estimation time:  164.5163 seconds
[2026-03-04 16:47:53,460] INFO: ESTIMATOR PERFORMANCE RUN COMPLETED.
[2026-03-04 16:47:53,478] INFO: writing output file: G3_I9_S11111_out/output.json
