[2026-05-22 14:39:08,052] INFO: reading parameters file: 'M2_P8_S333_Flinear/M2_P8_S333_Flinear.yaml'
[2026-05-22 14:39:08,056] INFO: Using seed 333
[2026-05-22 14:39:08,056] INFO: Output will be written in M2_P8_S333_Flinear_out
[2026-05-22 14:39:08,056] INFO: Building backend ibm_marrakesh (AerSimulator)
[2026-05-22 14:39:20,733] INFO: Building SimpleProductionPlanningProblem
[2026-05-22 14:39:26,225] INFO: The problem has 22 logic qubits
[2026-05-22 14:39:26,231] INFO: Building AncillaQAOACircuit with 2 layers
[2026-05-22 14:39:26,247] INFO: Getting virtual circuit metrics
[2026-05-22 14:39:26,250] INFO: Transpiling AncillaQAOACircuit for ibm_marrakesh
[2026-05-22 14:39:26,741] INFO: Getting transpiled circuit metrics
[2026-05-22 14:39:26,772] INFO: Assigning random parameters to the transpiled circuit
[2026-05-22 14:39:26,778] INFO: Preparing Hamiltonian for Estimator
[2026-05-22 14:39:26,778] INFO: Clifford Noise Analysis with MNEAT
[2026-05-22 14:39:27,985] INFO: Virtual QC Metrics:    {'depth': 58, '2q_gates': 292, 'clifford_gates': 46, 'non_clifford_gates': 324, 't_gates': 0, 'total_gates': 370, 'num_active_qubits': 30}
[2026-05-22 14:39:27,986] INFO: Transpiled QC Metrics: {'depth': 1933, '2q_gates': 1656, 'clifford_gates': 5900, 'non_clifford_gates': 384, 't_gates': 0, 'total_gates': 6284, 'num_active_qubits': 33}
[2026-05-22 14:39:27,986] INFO: Clifford QC Metrics:   {'depth': 1933, '2q_gates': 1656, 'clifford_gates': 6284, 'non_clifford_gates': 0, 't_gates': 0, 'total_gates': 6284, 'num_active_qubits': 33}
[2026-05-22 14:39:27,986] INFO: Hamiltonian estimation with MNEAT on Clifford circuit
[2026-05-22 14:39:27,986] INFO: Ideal simulation run
[2026-05-22 14:39:28,885] INFO: Noisy simulation run
[2026-05-22 14:40:28,405] INFO: Mitigation simulation run with technique: zne
[2026-05-22 14:40:28,405] INFO: ZNE factory: linear, noise_values: [1, 2, 3]
[2026-05-22 14:45:49,278] INFO: Saved ZNE factory plot to M2_P8_S333_Flinear_out/zne_factory_fit.png
[2026-05-22 14:45:49,278] INFO: Clifford Ideal Estimator Value:       -432.18359375
[2026-05-22 14:45:49,278] INFO: Clifford Noisy Estimator Value:       -73.51953125
[2026-05-22 14:45:49,278] INFO: Clifford Mitigated Estimator Value:   -75.43717447916667
[2026-05-22 14:45:49,278] INFO: Error % of Noisy vs Ideal:       82.99%
[2026-05-22 14:45:49,278] INFO: Error % of Mitigated vs Ideal:   82.55%
[2026-05-22 14:45:49,278] INFO: Circuit creation time:       0.0163 seconds
[2026-05-22 14:45:49,278] INFO: Transpilation time:          0.4901 seconds
[2026-05-22 14:45:49,278] INFO: Clifford Transpilation time: 0.0319 seconds
[2026-05-22 14:45:49,278] INFO: Clifford Ideal Estimation time:       0.8994 seconds
[2026-05-22 14:45:49,278] INFO: Clifford Noisy Estimation time:       59.5198 seconds
[2026-05-22 14:45:49,278] INFO: Clifford Mitigated Estimation time:   320.6178 seconds
[2026-05-22 14:45:49,278] INFO: ESTIMATOR PERFORMANCE RUN COMPLETED.
[2026-05-22 14:45:49,304] INFO: writing output file: M2_P8_S333_Flinear_out/output.json
