[2026-03-30 14:44:02,398] INFO: reading parameters file: 'M5_P7_S55555/M5_P7_S55555.yaml'
[2026-03-30 14:44:02,405] INFO: Using seed 55555
[2026-03-30 14:44:02,405] INFO: Output will be written in M5_P7_S55555_out
[2026-03-30 14:44:02,405] INFO: Building backend ibm_torino (AerSimulator)
[2026-03-30 14:44:15,831] INFO: Building SimpleProductionPlanningProblem
[2026-03-30 14:49:16,231] INFO: The problem has 45 logic qubits
[2026-03-30 14:49:16,249] INFO: Building AncillaQAOACircuit with 3 layers
[2026-03-30 14:49:16,294] INFO: Getting virtual circuit metrics
[2026-03-30 14:49:16,318] INFO: Transpiling AncillaQAOACircuit for ibm_torino
[2026-03-30 14:49:18,228] INFO: Getting transpiled circuit metrics
[2026-03-30 14:49:18,612] INFO: Assigning random parameters to the transpiled circuit
[2026-03-30 14:49:18,616] INFO: Preparing Hamiltonian for Estimator
[2026-03-30 14:49:18,617] INFO: Clifford Noise Analysis with NEAT
[2026-03-30 14:49:22,200] INFO: Virtual QC Metrics:    {'depth': 157, '2q_gates': 1254, 'clifford_gates': 80, 'non_clifford_gates': 1363, 't_gates': 0, 'total_gates': 1443, 'num_active_qubits': 52}
[2026-03-30 14:49:22,200] INFO: Transpiled QC Metrics: {'depth': 6293, '2q_gates': 8254, 'clifford_gates': 34003, 'non_clifford_gates': 2036, 't_gates': 9, 'total_gates': 36039, 'num_active_qubits': 60}
[2026-03-30 14:49:22,200] INFO: Clifford QC Metrics:   {'depth': 3623, '2q_gates': 5541, 'clifford_gates': 22261, 'non_clifford_gates': 24, 't_gates': 3, 'total_gates': 22285, 'num_active_qubits': 60}
[2026-03-30 14:49:22,200] INFO: Ideal simulation run on Clifford circuit
[2026-03-30 14:49:26,879] INFO: Noisy simulation run on Clifford circuit
[2026-03-30 14:49:26,880] INFO: Full noise simulation run on Clifford circuit
[2026-03-30 14:52:37,052] INFO: Clifford Ideal Estimator Value:  -8533.61328125
[2026-03-30 14:52:37,053] INFO: Clifford Noisy Estimator Value:  -2057.7021484375
[2026-03-30 14:52:37,053] INFO: Circuit creation time:       0.0447 seconds
[2026-03-30 14:52:37,053] INFO: Transpilation time:          1.9091 seconds
[2026-03-30 14:52:37,053] INFO: Clifford Transpilation time: 2.0554 seconds
[2026-03-30 14:52:37,053] INFO: Clifford Ideal Estimation time:  4.6787 seconds
[2026-03-30 14:52:37,053] INFO: Clifford Noisy Estimation time:  190.1723 seconds
[2026-03-30 14:52:37,054] INFO: ESTIMATOR PERFORMANCE RUN COMPLETED.
[2026-03-30 14:52:37,074] INFO: writing output file: M5_P7_S55555_out/output.json
