[2026-05-22 15:44:22,433] INFO: reading parameters file: 'M3_P8_S222_Fadaexp/M3_P8_S222_Fadaexp.yaml'
[2026-05-22 15:44:22,440] INFO: Using seed 222
[2026-05-22 15:44:22,440] INFO: Output will be written in M3_P8_S222_Fadaexp_out
[2026-05-22 15:44:22,440] INFO: Building backend ibm_marrakesh (AerSimulator)
[2026-05-22 15:44:36,007] INFO: Building SimpleProductionPlanningProblem
[2026-05-22 15:45:05,983] INFO: The problem has 30 logic qubits
[2026-05-22 15:45:05,990] INFO: Building AncillaQAOACircuit with 2 layers
[2026-05-22 15:45:06,015] INFO: Getting virtual circuit metrics
[2026-05-22 15:45:06,021] INFO: Transpiling AncillaQAOACircuit for ibm_marrakesh
[2026-05-22 15:45:06,854] INFO: Getting transpiled circuit metrics
[2026-05-22 15:45:06,908] INFO: Assigning random parameters to the transpiled circuit
[2026-05-22 15:45:06,915] INFO: Preparing Hamiltonian for Estimator
[2026-05-22 15:45:06,915] INFO: Clifford Noise Analysis with MNEAT
[2026-05-22 15:45:08,880] INFO: Virtual QC Metrics:    {'depth': 78, '2q_gates': 462, 'clifford_gates': 54, 'non_clifford_gates': 502, 't_gates': 0, 'total_gates': 556, 'num_active_qubits': 38}
[2026-05-22 15:45:08,880] INFO: Transpiled QC Metrics: {'depth': 2539, '2q_gates': 2770, 'clifford_gates': 9860, 'non_clifford_gates': 622, 't_gates': 11, 'total_gates': 10482, 'num_active_qubits': 41}
[2026-05-22 15:45:08,880] INFO: Clifford QC Metrics:   {'depth': 2539, '2q_gates': 2770, 'clifford_gates': 10482, 'non_clifford_gates': 0, 't_gates': 0, 'total_gates': 10482, 'num_active_qubits': 41}
[2026-05-22 15:45:08,880] INFO: Hamiltonian estimation with MNEAT on Clifford circuit
[2026-05-22 15:45:08,880] INFO: Ideal simulation run
[2026-05-22 15:45:10,519] INFO: Noisy simulation run
[2026-05-22 15:46:50,292] INFO: Mitigation simulation run with technique: zne
[2026-05-22 15:46:50,292] INFO: ZNE factory: adaexp, noise_values: [1, 2, 3]
[2026-05-22 16:01:05,463] INFO: Saved ZNE factory plot to M3_P8_S222_Fadaexp_out/zne_factory_fit.png
[2026-05-22 16:01:05,463] INFO: Clifford Ideal Estimator Value:       -2330.19140625
[2026-05-22 16:01:05,463] INFO: Clifford Noisy Estimator Value:       -1028.974609375
[2026-05-22 16:01:05,463] INFO: Clifford Mitigated Estimator Value:   -2596.765822133288
[2026-05-22 16:01:05,463] INFO: Error % of Noisy vs Ideal:       55.84%
[2026-05-22 16:01:05,463] INFO: Error % of Mitigated vs Ideal:   11.44%
[2026-05-22 16:01:05,463] INFO: Circuit creation time:       0.0253 seconds
[2026-05-22 16:01:05,463] INFO: Transpilation time:          0.8339 seconds
[2026-05-22 16:01:05,463] INFO: Clifford Transpilation time: 0.6297 seconds
[2026-05-22 16:01:05,463] INFO: Clifford Ideal Estimation time:       1.6388 seconds
[2026-05-22 16:01:05,463] INFO: Clifford Noisy Estimation time:       99.7725 seconds
[2026-05-22 16:01:05,463] INFO: Clifford Mitigated Estimation time:   854.9234 seconds
[2026-05-22 16:01:05,463] INFO: ESTIMATOR PERFORMANCE RUN COMPLETED.
[2026-05-22 16:01:05,492] INFO: writing output file: M3_P8_S222_Fadaexp_out/output.json
