[2026-03-04 16:43:49,051] INFO: reading parameters file: 'G3_I3_S44444/G3_I3_S44444.yaml'
[2026-03-04 16:43:49,057] INFO: Using seed 44444
[2026-03-04 16:43:49,058] INFO: Output will be written in G3_I3_S44444_out
[2026-03-04 16:43:49,058] INFO: Building backend ibm_torino (AerSimulator)
[2026-03-04 16:44:01,102] INFO: Building QGSUncProblem
[2026-03-04 16:44:01,177] INFO: The problem has 9 logic qubits
[2026-03-04 16:44:01,179] INFO: Building AncillaQAOACircuit with 3 layers
[2026-03-04 16:44:01,186] INFO: Getting virtual circuit metrics
[2026-03-04 16:44:01,188] INFO: Transpiling AncillaQAOACircuit for ibm_torino
[2026-03-04 16:44:01,350] INFO: Getting transpiled circuit metrics
[2026-03-04 16:44:01,367] INFO: Assigning random parameters to the transpiled circuit
[2026-03-04 16:44:01,369] INFO: Preparing Hamiltonian for Estimator
[2026-03-04 16:44:01,370] INFO: Clifford Noise Analysis with NEAT
[2026-03-04 16:44:02,343] INFO: Virtual QC Metrics:    {'depth': 65, '2q_gates': 180, 'clifford_gates': 18, 'non_clifford_gates': 195, 't_gates': 0, 'total_gates': 213, 'num_active_qubits': 12}
[2026-03-04 16:44:02,343] INFO: Transpiled QC Metrics: {'depth': 965, '2q_gates': 662, 'clifford_gates': 2731, 'non_clifford_gates': 280, 't_gates': 5, 'total_gates': 3011, 'num_active_qubits': 12}
[2026-03-04 16:44:02,343] INFO: Clifford QC Metrics:   {'depth': 388, '2q_gates': 366, 'clifford_gates': 1283, 'non_clifford_gates': 0, 't_gates': 0, 'total_gates': 1283, 'num_active_qubits': 12}
[2026-03-04 16:44:02,343] INFO: Ideal simulation run on Clifford circuit
[2026-03-04 16:44:02,513] INFO: Noisy simulation run on Clifford circuit
[2026-03-04 16:44:02,514] INFO: Full noise simulation run on Clifford circuit
[2026-03-04 16:44:15,097] INFO: Clifford Ideal Estimator Value:  0.45034260394441605
[2026-03-04 16:44:15,098] INFO: Clifford Noisy Estimator Value:  0.45034260394441605
[2026-03-04 16:44:15,098] INFO: Circuit creation time:       0.0064 seconds
[2026-03-04 16:44:15,098] INFO: Transpilation time:          0.1623 seconds
[2026-03-04 16:44:15,098] INFO: Clifford Transpilation time: 0.1186 seconds
[2026-03-04 16:44:15,098] INFO: Clifford Ideal Estimation time:  0.1706 seconds
[2026-03-04 16:44:15,098] INFO: Clifford Noisy Estimation time:  12.5836 seconds
[2026-03-04 16:44:15,098] INFO: ESTIMATOR PERFORMANCE RUN COMPLETED.
[2026-03-04 16:44:15,117] INFO: writing output file: G3_I3_S44444_out/output.json
