[2026-05-22 14:33:39,155] INFO: reading parameters file: 'M2_P6_S555_Frichardson/M2_P6_S555_Frichardson.yaml'
[2026-05-22 14:33:39,160] INFO: Using seed 555
[2026-05-22 14:33:39,160] INFO: Output will be written in M2_P6_S555_Frichardson_out
[2026-05-22 14:33:39,160] INFO: Building backend ibm_marrakesh (AerSimulator)
[2026-05-22 14:33:53,389] INFO: Building SimpleProductionPlanningProblem
[2026-05-22 14:33:53,894] INFO: The problem has 18 logic qubits
[2026-05-22 14:33:53,899] INFO: Building AncillaQAOACircuit with 2 layers
[2026-05-22 14:33:53,916] INFO: Getting virtual circuit metrics
[2026-05-22 14:33:53,919] INFO: Transpiling AncillaQAOACircuit for ibm_marrakesh
[2026-05-22 14:33:54,351] INFO: Getting transpiled circuit metrics
[2026-05-22 14:33:54,387] INFO: Assigning random parameters to the transpiled circuit
[2026-05-22 14:33:54,392] INFO: Preparing Hamiltonian for Estimator
[2026-05-22 14:33:54,393] INFO: Clifford Noise Analysis with MNEAT
[2026-05-22 14:33:55,950] INFO: Virtual QC Metrics:    {'depth': 48, '2q_gates': 198, 'clifford_gates': 36, 'non_clifford_gates': 228, 't_gates': 0, 'total_gates': 264, 'num_active_qubits': 24}
[2026-05-22 14:33:55,950] INFO: Transpiled QC Metrics: {'depth': 1121, '2q_gates': 1075, 'clifford_gates': 3874, 'non_clifford_gates': 248, 't_gates': 0, 'total_gates': 4122, 'num_active_qubits': 24}
[2026-05-22 14:33:55,950] INFO: Clifford QC Metrics:   {'depth': 1121, '2q_gates': 1075, 'clifford_gates': 4122, 'non_clifford_gates': 0, 't_gates': 0, 'total_gates': 4122, 'num_active_qubits': 24}
[2026-05-22 14:33:55,950] INFO: Hamiltonian estimation with MNEAT on Clifford circuit
[2026-05-22 14:33:55,950] INFO: Ideal simulation run
[2026-05-22 14:33:56,495] INFO: Noisy simulation run
[2026-05-22 14:34:32,843] INFO: Mitigation simulation run with technique: zne
[2026-05-22 14:34:32,843] INFO: ZNE factory: richardson, noise_values: [1, 2, 3]
[2026-05-22 14:37:53,745] INFO: Saved ZNE factory plot to M2_P6_S555_Frichardson_out/zne_factory_fit.png
[2026-05-22 14:37:53,745] INFO: Clifford Ideal Estimator Value:       -179.6357421875
[2026-05-22 14:37:53,745] INFO: Clifford Noisy Estimator Value:       -48.9921875
[2026-05-22 14:37:53,745] INFO: Clifford Mitigated Estimator Value:   -53.58886718749994
[2026-05-22 14:37:53,745] INFO: Error % of Noisy vs Ideal:       72.73%
[2026-05-22 14:37:53,746] INFO: Error % of Mitigated vs Ideal:   70.17%
[2026-05-22 14:37:53,746] INFO: Circuit creation time:       0.0168 seconds
[2026-05-22 14:37:53,746] INFO: Transpilation time:          0.4320 seconds
[2026-05-22 14:37:53,746] INFO: Clifford Transpilation time: 0.0285 seconds
[2026-05-22 14:37:53,746] INFO: Clifford Ideal Estimation time:       0.5447 seconds
[2026-05-22 14:37:53,746] INFO: Clifford Noisy Estimation time:       36.3481 seconds
[2026-05-22 14:37:53,746] INFO: Clifford Mitigated Estimation time:   200.6442 seconds
[2026-05-22 14:37:53,746] INFO: ESTIMATOR PERFORMANCE RUN COMPLETED.
[2026-05-22 14:37:53,772] INFO: writing output file: M2_P6_S555_Frichardson_out/output.json
