[2026-05-22 18:18:55,523] INFO: reading parameters file: 'M4_P10_S333_Frichardson/M4_P10_S333_Frichardson.yaml'
[2026-05-22 18:18:55,531] INFO: Using seed 333
[2026-05-22 18:18:55,531] INFO: Output will be written in M4_P10_S333_Frichardson_out
[2026-05-22 18:18:55,531] INFO: Building backend ibm_marrakesh (AerSimulator)
[2026-05-22 18:19:10,972] INFO: Building SimpleProductionPlanningProblem
[2026-05-22 18:24:11,415] INFO: The problem has 48 logic qubits
[2026-05-22 18:24:11,439] INFO: Building AncillaQAOACircuit with 2 layers
[2026-05-22 18:24:11,521] INFO: Getting virtual circuit metrics
[2026-05-22 18:24:11,537] INFO: Transpiling AncillaQAOACircuit for ibm_marrakesh
[2026-05-22 18:24:13,627] INFO: Getting transpiled circuit metrics
[2026-05-22 18:24:13,841] INFO: Assigning random parameters to the transpiled circuit
[2026-05-22 18:24:13,869] INFO: Preparing Hamiltonian for Estimator
[2026-05-22 18:24:13,870] INFO: Clifford Noise Analysis with MNEAT
[2026-05-22 18:24:16,416] INFO: Virtual QC Metrics:    {'depth': 119, '2q_gates': 978, 'clifford_gates': 88, 'non_clifford_gates': 1030, 't_gates': 0, 'total_gates': 1118, 'num_active_qubits': 58}
[2026-05-22 18:24:16,416] INFO: Transpiled QC Metrics: {'depth': 4544, '2q_gates': 6777, 'clifford_gates': 23553, 'non_clifford_gates': 1285, 't_gates': 13, 'total_gates': 24838, 'num_active_qubits': 58}
[2026-05-22 18:24:16,416] INFO: Clifford QC Metrics:   {'depth': 4544, '2q_gates': 6777, 'clifford_gates': 24838, 'non_clifford_gates': 0, 't_gates': 0, 'total_gates': 24838, 'num_active_qubits': 58}
[2026-05-22 18:24:16,416] INFO: Hamiltonian estimation with MNEAT on Clifford circuit
[2026-05-22 18:24:16,416] INFO: Ideal simulation run
[2026-05-22 18:24:21,021] INFO: Noisy simulation run
[2026-05-22 18:27:02,712] INFO: Mitigation simulation run with technique: zne
[2026-05-22 18:27:02,712] INFO: ZNE factory: richardson, noise_values: [1, 2, 3]
[2026-05-22 18:40:47,822] INFO: Saved ZNE factory plot to M4_P10_S333_Frichardson_out/zne_factory_fit.png
[2026-05-22 18:40:47,822] INFO: Clifford Ideal Estimator Value:       -6427.599609375
[2026-05-22 18:40:47,822] INFO: Clifford Noisy Estimator Value:       -2373.0966796875
[2026-05-22 18:40:47,823] INFO: Clifford Mitigated Estimator Value:   -6145.240234375012
[2026-05-22 18:40:47,823] INFO: Error % of Noisy vs Ideal:       63.08%
[2026-05-22 18:40:47,823] INFO: Error % of Mitigated vs Ideal:   4.39%
[2026-05-22 18:40:47,823] INFO: Circuit creation time:       0.0824 seconds
[2026-05-22 18:40:47,823] INFO: Transpilation time:          2.0899 seconds
[2026-05-22 18:40:47,823] INFO: Clifford Transpilation time: 0.1521 seconds
[2026-05-22 18:40:47,823] INFO: Clifford Ideal Estimation time:       4.6049 seconds
[2026-05-22 18:40:47,823] INFO: Clifford Noisy Estimation time:       161.6906 seconds
[2026-05-22 18:40:47,823] INFO: Clifford Mitigated Estimation time:   824.7865 seconds
[2026-05-22 18:40:47,823] INFO: ESTIMATOR PERFORMANCE RUN COMPLETED.
[2026-05-22 18:40:47,849] INFO: writing output file: M4_P10_S333_Frichardson_out/output.json
