[2026-05-22 16:29:24,586] INFO: reading parameters file: 'M3_P12_S222_Flinear/M3_P12_S222_Flinear.yaml'
[2026-05-22 16:29:24,593] INFO: Using seed 222
[2026-05-22 16:29:24,593] INFO: Output will be written in M3_P12_S222_Flinear_out
[2026-05-22 16:29:24,593] INFO: Building backend ibm_marrakesh (AerSimulator)
[2026-05-22 16:29:38,118] INFO: Building SimpleProductionPlanningProblem
[2026-05-22 16:34:38,396] INFO: The problem has 45 logic qubits
[2026-05-22 16:34:38,409] INFO: Building AncillaQAOACircuit with 2 layers
[2026-05-22 16:34:38,456] INFO: Getting virtual circuit metrics
[2026-05-22 16:34:38,466] INFO: Transpiling AncillaQAOACircuit for ibm_marrakesh
[2026-05-22 16:34:40,098] INFO: Getting transpiled circuit metrics
[2026-05-22 16:34:40,200] INFO: Assigning random parameters to the transpiled circuit
[2026-05-22 16:34:40,210] INFO: Preparing Hamiltonian for Estimator
[2026-05-22 16:34:40,211] INFO: Clifford Noise Analysis with MNEAT
[2026-05-22 16:34:42,090] INFO: Virtual QC Metrics:    {'depth': 108, '2q_gates': 918, 'clifford_gates': 81, 'non_clifford_gates': 978, 't_gates': 0, 'total_gates': 1059, 'num_active_qubits': 57}
[2026-05-22 16:34:42,090] INFO: Transpiled QC Metrics: {'depth': 4619, '2q_gates': 6466, 'clifford_gates': 22436, 'non_clifford_gates': 1195, 't_gates': 13, 'total_gates': 23631, 'num_active_qubits': 61}
[2026-05-22 16:34:42,090] INFO: Clifford QC Metrics:   {'depth': 4619, '2q_gates': 6466, 'clifford_gates': 23631, 'non_clifford_gates': 0, 't_gates': 0, 'total_gates': 23631, 'num_active_qubits': 61}
[2026-05-22 16:34:42,090] INFO: Hamiltonian estimation with MNEAT on Clifford circuit
[2026-05-22 16:34:42,090] INFO: Ideal simulation run
[2026-05-22 16:34:47,359] INFO: Noisy simulation run
[2026-05-22 16:38:47,572] INFO: Mitigation simulation run with technique: zne
[2026-05-22 16:38:47,572] INFO: ZNE factory: linear, noise_values: [1, 2, 3]
[2026-05-22 17:00:18,809] INFO: Saved ZNE factory plot to M3_P12_S222_Flinear_out/zne_factory_fit.png
[2026-05-22 17:00:18,809] INFO: Clifford Ideal Estimator Value:       -4759.6318359375
[2026-05-22 17:00:18,809] INFO: Clifford Noisy Estimator Value:       -1347.22265625
[2026-05-22 17:00:18,809] INFO: Clifford Mitigated Estimator Value:   -1963.3264973958335
[2026-05-22 17:00:18,809] INFO: Error % of Noisy vs Ideal:       71.69%
[2026-05-22 17:00:18,809] INFO: Error % of Mitigated vs Ideal:   58.75%
[2026-05-22 17:00:18,809] INFO: Circuit creation time:       0.0474 seconds
[2026-05-22 17:00:18,809] INFO: Transpilation time:          1.6321 seconds
[2026-05-22 17:00:18,810] INFO: Clifford Transpilation time: 0.1043 seconds
[2026-05-22 17:00:18,810] INFO: Clifford Ideal Estimation time:       5.2693 seconds
[2026-05-22 17:00:18,810] INFO: Clifford Noisy Estimation time:       240.2122 seconds
[2026-05-22 17:00:18,810] INFO: Clifford Mitigated Estimation time:   1290.9650 seconds
[2026-05-22 17:00:18,810] INFO: ESTIMATOR PERFORMANCE RUN COMPLETED.
[2026-05-22 17:00:18,839] INFO: writing output file: M3_P12_S222_Flinear_out/output.json
