[2026-05-22 14:34:52,539] INFO: reading parameters file: 'M2_P8_S111_Flinear/M2_P8_S111_Flinear.yaml'
[2026-05-22 14:34:52,546] INFO: Using seed 111
[2026-05-22 14:34:52,546] INFO: Output will be written in M2_P8_S111_Flinear_out
[2026-05-22 14:34:52,546] INFO: Building backend ibm_marrakesh (AerSimulator)
[2026-05-22 14:35:07,354] INFO: Building SimpleProductionPlanningProblem
[2026-05-22 14:35:09,690] INFO: The problem has 22 logic qubits
[2026-05-22 14:35:09,699] INFO: Building AncillaQAOACircuit with 2 layers
[2026-05-22 14:35:09,727] INFO: Getting virtual circuit metrics
[2026-05-22 14:35:09,732] INFO: Transpiling AncillaQAOACircuit for ibm_marrakesh
[2026-05-22 14:35:10,364] INFO: Getting transpiled circuit metrics
[2026-05-22 14:35:10,421] INFO: Assigning random parameters to the transpiled circuit
[2026-05-22 14:35:10,430] INFO: Preparing Hamiltonian for Estimator
[2026-05-22 14:35:10,431] INFO: Clifford Noise Analysis with MNEAT
[2026-05-22 14:35:12,304] INFO: Virtual QC Metrics:    {'depth': 58, '2q_gates': 292, 'clifford_gates': 46, 'non_clifford_gates': 324, 't_gates': 0, 'total_gates': 370, 'num_active_qubits': 30}
[2026-05-22 14:35:12,304] INFO: Transpiled QC Metrics: {'depth': 1772, '2q_gates': 1710, 'clifford_gates': 6079, 'non_clifford_gates': 379, 't_gates': 0, 'total_gates': 6458, 'num_active_qubits': 30}
[2026-05-22 14:35:12,304] INFO: Clifford QC Metrics:   {'depth': 1772, '2q_gates': 1710, 'clifford_gates': 6458, 'non_clifford_gates': 0, 't_gates': 0, 'total_gates': 6458, 'num_active_qubits': 30}
[2026-05-22 14:35:12,304] INFO: Hamiltonian estimation with MNEAT on Clifford circuit
[2026-05-22 14:35:12,304] INFO: Ideal simulation run
[2026-05-22 14:35:13,177] INFO: Noisy simulation run
[2026-05-22 14:35:48,868] INFO: Mitigation simulation run with technique: zne
[2026-05-22 14:35:48,868] INFO: ZNE factory: linear, noise_values: [1, 2, 3]
[2026-05-22 14:39:19,458] INFO: Saved ZNE factory plot to M2_P8_S111_Flinear_out/zne_factory_fit.png
[2026-05-22 14:39:19,458] INFO: Clifford Ideal Estimator Value:       -340.5947265625
[2026-05-22 14:39:19,458] INFO: Clifford Noisy Estimator Value:       -68.6455078125
[2026-05-22 14:39:19,458] INFO: Clifford Mitigated Estimator Value:   -78.70540364583337
[2026-05-22 14:39:19,458] INFO: Error % of Noisy vs Ideal:       79.85%
[2026-05-22 14:39:19,458] INFO: Error % of Mitigated vs Ideal:   76.89%
[2026-05-22 14:39:19,458] INFO: Circuit creation time:       0.0281 seconds
[2026-05-22 14:39:19,458] INFO: Transpilation time:          0.6316 seconds
[2026-05-22 14:39:19,458] INFO: Clifford Transpilation time: 0.0448 seconds
[2026-05-22 14:39:19,458] INFO: Clifford Ideal Estimation time:       0.8722 seconds
[2026-05-22 14:39:19,458] INFO: Clifford Noisy Estimation time:       35.6908 seconds
[2026-05-22 14:39:19,458] INFO: Clifford Mitigated Estimation time:   210.2746 seconds
[2026-05-22 14:39:19,459] INFO: ESTIMATOR PERFORMANCE RUN COMPLETED.
[2026-05-22 14:39:19,482] INFO: writing output file: M2_P8_S111_Flinear_out/output.json
