[2026-05-22 16:04:21,711] INFO: reading parameters file: 'M3_P10_S333_Fadaexp/M3_P10_S333_Fadaexp.yaml'
[2026-05-22 16:04:21,716] INFO: Using seed 333
[2026-05-22 16:04:21,716] INFO: Output will be written in M3_P10_S333_Fadaexp_out
[2026-05-22 16:04:21,716] INFO: Building backend ibm_marrakesh (AerSimulator)
[2026-05-22 16:04:34,433] INFO: Building SimpleProductionPlanningProblem
[2026-05-22 16:09:34,689] INFO: The problem has 39 logic qubits
[2026-05-22 16:09:34,700] INFO: Building AncillaQAOACircuit with 2 layers
[2026-05-22 16:09:34,736] INFO: Getting virtual circuit metrics
[2026-05-22 16:09:34,743] INFO: Transpiling AncillaQAOACircuit for ibm_marrakesh
[2026-05-22 16:09:36,056] INFO: Getting transpiled circuit metrics
[2026-05-22 16:09:36,144] INFO: Assigning random parameters to the transpiled circuit
[2026-05-22 16:09:36,154] INFO: Preparing Hamiltonian for Estimator
[2026-05-22 16:09:36,155] INFO: Clifford Noise Analysis with MNEAT
[2026-05-22 16:09:38,161] INFO: Virtual QC Metrics:    {'depth': 94, '2q_gates': 708, 'clifford_gates': 69, 'non_clifford_gates': 764, 't_gates': 0, 'total_gates': 833, 'num_active_qubits': 49}
[2026-05-22 16:09:38,161] INFO: Transpiled QC Metrics: {'depth': 3506, '2q_gates': 4784, 'clifford_gates': 16702, 'non_clifford_gates': 928, 't_gates': 13, 'total_gates': 17630, 'num_active_qubits': 58}
[2026-05-22 16:09:38,161] INFO: Clifford QC Metrics:   {'depth': 3506, '2q_gates': 4784, 'clifford_gates': 17630, 'non_clifford_gates': 0, 't_gates': 0, 'total_gates': 17630, 'num_active_qubits': 58}
[2026-05-22 16:09:38,161] INFO: Hamiltonian estimation with MNEAT on Clifford circuit
[2026-05-22 16:09:38,161] INFO: Ideal simulation run
[2026-05-22 16:09:42,015] INFO: Noisy simulation run
[2026-05-22 16:12:36,252] INFO: Mitigation simulation run with technique: zne
[2026-05-22 16:12:36,253] INFO: ZNE factory: adaexp, noise_values: [1, 2, 3]
[2026-05-22 16:35:44,897] INFO: Saved ZNE factory plot to M3_P10_S333_Fadaexp_out/zne_factory_fit.png
[2026-05-22 16:35:44,897] INFO: Clifford Ideal Estimator Value:       -3239.048828125
[2026-05-22 16:35:44,897] INFO: Clifford Noisy Estimator Value:       -1156.29296875
[2026-05-22 16:35:44,897] INFO: Clifford Mitigated Estimator Value:   -5293.304083989121
[2026-05-22 16:35:44,897] INFO: Error % of Noisy vs Ideal:       64.30%
[2026-05-22 16:35:44,897] INFO: Error % of Mitigated vs Ideal:   63.42%
[2026-05-22 16:35:44,897] INFO: Circuit creation time:       0.0356 seconds
[2026-05-22 16:35:44,897] INFO: Transpilation time:          1.3127 seconds
[2026-05-22 16:35:44,897] INFO: Clifford Transpilation time: 0.0908 seconds
[2026-05-22 16:35:44,897] INFO: Clifford Ideal Estimation time:       3.8537 seconds
[2026-05-22 16:35:44,897] INFO: Clifford Noisy Estimation time:       174.2366 seconds
[2026-05-22 16:35:44,897] INFO: Clifford Mitigated Estimation time:   1388.3743 seconds
[2026-05-22 16:35:44,897] INFO: ESTIMATOR PERFORMANCE RUN COMPLETED.
[2026-05-22 16:35:44,926] INFO: writing output file: M3_P10_S333_Fadaexp_out/output.json
