[2026-05-22 18:48:20,770] INFO: reading parameters file: 'M4_P12_S111_Frichardson/M4_P12_S111_Frichardson.yaml'
[2026-05-22 18:48:20,775] INFO: Using seed 111
[2026-05-22 18:48:20,775] INFO: Output will be written in M4_P12_S111_Frichardson_out
[2026-05-22 18:48:20,776] INFO: Building backend ibm_marrakesh (AerSimulator)
[2026-05-22 18:48:34,773] INFO: Building SimpleProductionPlanningProblem
[2026-05-22 18:53:35,276] INFO: The problem has 60 logic qubits
[2026-05-22 18:53:35,305] INFO: Building AncillaQAOACircuit with 2 layers
[2026-05-22 18:53:35,403] INFO: Getting virtual circuit metrics
[2026-05-22 18:53:35,423] INFO: Transpiling AncillaQAOACircuit for ibm_marrakesh
[2026-05-22 18:53:38,393] INFO: Getting transpiled circuit metrics
[2026-05-22 18:53:38,685] INFO: Assigning random parameters to the transpiled circuit
[2026-05-22 18:53:38,717] INFO: Preparing Hamiltonian for Estimator
[2026-05-22 18:53:38,718] INFO: Clifford Noise Analysis with MNEAT
[2026-05-22 18:53:41,144] INFO: Virtual QC Metrics:    {'depth': 139, '2q_gates': 1380, 'clifford_gates': 108, 'non_clifford_gates': 1452, 't_gates': 0, 'total_gates': 1560, 'num_active_qubits': 72}
[2026-05-22 18:53:41,144] INFO: Transpiled QC Metrics: {'depth': 6632, '2q_gates': 10322, 'clifford_gates': 35734, 'non_clifford_gates': 1885, 't_gates': 15, 'total_gates': 37619, 'num_active_qubits': 72}
[2026-05-22 18:53:41,144] INFO: Clifford QC Metrics:   {'depth': 6632, '2q_gates': 10322, 'clifford_gates': 37619, 'non_clifford_gates': 0, 't_gates': 0, 'total_gates': 37619, 'num_active_qubits': 72}
[2026-05-22 18:53:41,144] INFO: Hamiltonian estimation with MNEAT on Clifford circuit
[2026-05-22 18:53:41,144] INFO: Ideal simulation run
[2026-05-22 18:53:51,577] INFO: Noisy simulation run
[2026-05-22 18:59:53,777] INFO: Mitigation simulation run with technique: zne
[2026-05-22 18:59:53,777] INFO: ZNE factory: richardson, noise_values: [1, 2, 3]
[2026-05-22 19:32:22,339] INFO: Saved ZNE factory plot to M4_P12_S111_Frichardson_out/zne_factory_fit.png
[2026-05-22 19:32:22,339] INFO: Clifford Ideal Estimator Value:       -13693.12890625
[2026-05-22 19:32:22,339] INFO: Clifford Noisy Estimator Value:       -2804.4111328125
[2026-05-22 19:32:22,339] INFO: Clifford Mitigated Estimator Value:   -5292.985351562508
[2026-05-22 19:32:22,339] INFO: Error % of Noisy vs Ideal:       79.52%
[2026-05-22 19:32:22,339] INFO: Error % of Mitigated vs Ideal:   61.35%
[2026-05-22 19:32:22,339] INFO: Circuit creation time:       0.0979 seconds
[2026-05-22 19:32:22,339] INFO: Transpilation time:          2.9707 seconds
[2026-05-22 19:32:22,339] INFO: Clifford Transpilation time: 0.2154 seconds
[2026-05-22 19:32:22,339] INFO: Clifford Ideal Estimation time:       10.4328 seconds
[2026-05-22 19:32:22,339] INFO: Clifford Noisy Estimation time:       362.1998 seconds
[2026-05-22 19:32:22,339] INFO: Clifford Mitigated Estimation time:   1948.2235 seconds
[2026-05-22 19:32:22,339] INFO: ESTIMATOR PERFORMANCE RUN COMPLETED.
[2026-05-22 19:32:22,365] INFO: writing output file: M4_P12_S111_Frichardson_out/output.json
