[2026-05-22 16:25:28,954] INFO: reading parameters file: 'M3_P12_S111_Frichardson/M3_P12_S111_Frichardson.yaml'
[2026-05-22 16:25:28,960] INFO: Using seed 111
[2026-05-22 16:25:28,960] INFO: Output will be written in M3_P12_S111_Frichardson_out
[2026-05-22 16:25:28,960] INFO: Building backend ibm_marrakesh (AerSimulator)
[2026-05-22 16:25:43,418] INFO: Building SimpleProductionPlanningProblem
[2026-05-22 16:30:43,790] INFO: The problem has 45 logic qubits
[2026-05-22 16:30:43,810] INFO: Building AncillaQAOACircuit with 2 layers
[2026-05-22 16:30:43,873] INFO: Getting virtual circuit metrics
[2026-05-22 16:30:43,885] INFO: Transpiling AncillaQAOACircuit for ibm_marrakesh
[2026-05-22 16:30:45,639] INFO: Getting transpiled circuit metrics
[2026-05-22 16:30:45,809] INFO: Assigning random parameters to the transpiled circuit
[2026-05-22 16:30:45,828] INFO: Preparing Hamiltonian for Estimator
[2026-05-22 16:30:45,829] INFO: Clifford Noise Analysis with MNEAT
[2026-05-22 16:30:47,915] INFO: Virtual QC Metrics:    {'depth': 108, '2q_gates': 918, 'clifford_gates': 81, 'non_clifford_gates': 978, 't_gates': 0, 'total_gates': 1059, 'num_active_qubits': 57}
[2026-05-22 16:30:47,915] INFO: Transpiled QC Metrics: {'depth': 4228, '2q_gates': 6385, 'clifford_gates': 22255, 'non_clifford_gates': 1257, 't_gates': 16, 'total_gates': 23512, 'num_active_qubits': 60}
[2026-05-22 16:30:47,915] INFO: Clifford QC Metrics:   {'depth': 4228, '2q_gates': 6385, 'clifford_gates': 23512, 'non_clifford_gates': 0, 't_gates': 0, 'total_gates': 23512, 'num_active_qubits': 60}
[2026-05-22 16:30:47,915] INFO: Hamiltonian estimation with MNEAT on Clifford circuit
[2026-05-22 16:30:47,915] INFO: Ideal simulation run
[2026-05-22 16:30:53,146] INFO: Noisy simulation run
[2026-05-22 16:34:25,692] INFO: Mitigation simulation run with technique: zne
[2026-05-22 16:34:25,693] INFO: ZNE factory: richardson, noise_values: [1, 2, 3]
[2026-05-22 16:53:34,721] INFO: Saved ZNE factory plot to M3_P12_S111_Frichardson_out/zne_factory_fit.png
[2026-05-22 16:53:34,721] INFO: Clifford Ideal Estimator Value:       -4986.9541015625
[2026-05-22 16:53:34,721] INFO: Clifford Noisy Estimator Value:       -1145.6982421875
[2026-05-22 16:53:34,721] INFO: Clifford Mitigated Estimator Value:   -3279.240234375006
[2026-05-22 16:53:34,721] INFO: Error % of Noisy vs Ideal:       77.03%
[2026-05-22 16:53:34,721] INFO: Error % of Mitigated vs Ideal:   34.24%
[2026-05-22 16:53:34,721] INFO: Circuit creation time:       0.0635 seconds
[2026-05-22 16:53:34,721] INFO: Transpilation time:          1.7537 seconds
[2026-05-22 16:53:34,722] INFO: Clifford Transpilation time: 0.1264 seconds
[2026-05-22 16:53:34,722] INFO: Clifford Ideal Estimation time:       5.2315 seconds
[2026-05-22 16:53:34,722] INFO: Clifford Noisy Estimation time:       212.5455 seconds
[2026-05-22 16:53:34,722] INFO: Clifford Mitigated Estimation time:   1148.7902 seconds
[2026-05-22 16:53:34,722] INFO: ESTIMATOR PERFORMANCE RUN COMPLETED.
[2026-05-22 16:53:34,745] INFO: writing output file: M3_P12_S111_Frichardson_out/output.json
