[2026-05-22 17:07:34,026] INFO: reading parameters file: 'M4_P6_S111_Frichardson/M4_P6_S111_Frichardson.yaml'
[2026-05-22 17:07:34,036] INFO: Using seed 111
[2026-05-22 17:07:34,036] INFO: Output will be written in M4_P6_S111_Frichardson_out
[2026-05-22 17:07:34,036] INFO: Building backend ibm_marrakesh (AerSimulator)
[2026-05-22 17:07:51,775] INFO: Building SimpleProductionPlanningProblem
[2026-05-22 17:08:00,591] INFO: The problem has 32 logic qubits
[2026-05-22 17:08:00,598] INFO: Building AncillaQAOACircuit with 2 layers
[2026-05-22 17:08:00,621] INFO: Getting virtual circuit metrics
[2026-05-22 17:08:00,626] INFO: Transpiling AncillaQAOACircuit for ibm_marrakesh
[2026-05-22 17:08:01,479] INFO: Getting transpiled circuit metrics
[2026-05-22 17:08:01,536] INFO: Assigning random parameters to the transpiled circuit
[2026-05-22 17:08:01,543] INFO: Preparing Hamiltonian for Estimator
[2026-05-22 17:08:01,543] INFO: Clifford Noise Analysis with MNEAT
[2026-05-22 17:08:03,525] INFO: Virtual QC Metrics:    {'depth': 83, '2q_gates': 494, 'clifford_gates': 56, 'non_clifford_gates': 538, 't_gates': 0, 'total_gates': 594, 'num_active_qubits': 38}
[2026-05-22 17:08:03,525] INFO: Transpiled QC Metrics: {'depth': 2634, '2q_gates': 2965, 'clifford_gates': 10595, 'non_clifford_gates': 663, 't_gates': 6, 'total_gates': 11258, 'num_active_qubits': 38}
[2026-05-22 17:08:03,525] INFO: Clifford QC Metrics:   {'depth': 2634, '2q_gates': 2965, 'clifford_gates': 11258, 'non_clifford_gates': 0, 't_gates': 0, 'total_gates': 11258, 'num_active_qubits': 38}
[2026-05-22 17:08:03,525] INFO: Hamiltonian estimation with MNEAT on Clifford circuit
[2026-05-22 17:08:03,525] INFO: Ideal simulation run
[2026-05-22 17:08:05,491] INFO: Noisy simulation run
[2026-05-22 17:09:51,174] INFO: Mitigation simulation run with technique: zne
[2026-05-22 17:09:51,175] INFO: ZNE factory: richardson, noise_values: [1, 2, 3]
[2026-05-22 17:19:38,430] INFO: Saved ZNE factory plot to M4_P6_S111_Frichardson_out/zne_factory_fit.png
[2026-05-22 17:19:38,430] INFO: Clifford Ideal Estimator Value:       -2299.9208984375
[2026-05-22 17:19:38,430] INFO: Clifford Noisy Estimator Value:       -1132.5341796875
[2026-05-22 17:19:38,430] INFO: Clifford Mitigated Estimator Value:   -1909.2763671875018
[2026-05-22 17:19:38,430] INFO: Error % of Noisy vs Ideal:       50.76%
[2026-05-22 17:19:38,430] INFO: Error % of Mitigated vs Ideal:   16.99%
[2026-05-22 17:19:38,430] INFO: Circuit creation time:       0.0225 seconds
[2026-05-22 17:19:38,430] INFO: Transpilation time:          0.8523 seconds
[2026-05-22 17:19:38,430] INFO: Clifford Transpilation time: 0.0601 seconds
[2026-05-22 17:19:38,430] INFO: Clifford Ideal Estimation time:       1.9655 seconds
[2026-05-22 17:19:38,430] INFO: Clifford Noisy Estimation time:       105.6835 seconds
[2026-05-22 17:19:38,430] INFO: Clifford Mitigated Estimation time:   586.9281 seconds
[2026-05-22 17:19:38,431] INFO: ESTIMATOR PERFORMANCE RUN COMPLETED.
[2026-05-22 17:19:38,463] INFO: writing output file: M4_P6_S111_Frichardson_out/output.json
