[2026-05-22 14:45:57,223] INFO: reading parameters file: 'M2_P8_S555_Frichardson/M2_P8_S555_Frichardson.yaml'
[2026-05-22 14:45:57,228] INFO: Using seed 555
[2026-05-22 14:45:57,228] INFO: Output will be written in M2_P8_S555_Frichardson_out
[2026-05-22 14:45:57,228] INFO: Building backend ibm_marrakesh (AerSimulator)
[2026-05-22 14:46:09,847] INFO: Building SimpleProductionPlanningProblem
[2026-05-22 14:46:17,459] INFO: The problem has 22 logic qubits
[2026-05-22 14:46:17,467] INFO: Building AncillaQAOACircuit with 2 layers
[2026-05-22 14:46:17,484] INFO: Getting virtual circuit metrics
[2026-05-22 14:46:17,487] INFO: Transpiling AncillaQAOACircuit for ibm_marrakesh
[2026-05-22 14:46:17,975] INFO: Getting transpiled circuit metrics
[2026-05-22 14:46:18,004] INFO: Assigning random parameters to the transpiled circuit
[2026-05-22 14:46:18,008] INFO: Preparing Hamiltonian for Estimator
[2026-05-22 14:46:18,008] INFO: Clifford Noise Analysis with MNEAT
[2026-05-22 14:46:19,207] INFO: Virtual QC Metrics:    {'depth': 58, '2q_gates': 292, 'clifford_gates': 46, 'non_clifford_gates': 324, 't_gates': 0, 'total_gates': 370, 'num_active_qubits': 30}
[2026-05-22 14:46:19,207] INFO: Transpiled QC Metrics: {'depth': 1744, '2q_gates': 1620, 'clifford_gates': 5847, 'non_clifford_gates': 381, 't_gates': 0, 'total_gates': 6228, 'num_active_qubits': 30}
[2026-05-22 14:46:19,208] INFO: Clifford QC Metrics:   {'depth': 1744, '2q_gates': 1620, 'clifford_gates': 6228, 'non_clifford_gates': 0, 't_gates': 0, 'total_gates': 6228, 'num_active_qubits': 30}
[2026-05-22 14:46:19,208] INFO: Hamiltonian estimation with MNEAT on Clifford circuit
[2026-05-22 14:46:19,208] INFO: Ideal simulation run
[2026-05-22 14:46:20,026] INFO: Noisy simulation run
[2026-05-22 14:47:19,030] INFO: Mitigation simulation run with technique: zne
[2026-05-22 14:47:19,031] INFO: ZNE factory: richardson, noise_values: [1, 2, 3]
[2026-05-22 14:52:32,831] INFO: Saved ZNE factory plot to M2_P8_S555_Frichardson_out/zne_factory_fit.png
[2026-05-22 14:52:32,832] INFO: Clifford Ideal Estimator Value:       -351.3955078125
[2026-05-22 14:52:32,832] INFO: Clifford Noisy Estimator Value:       -87.1494140625
[2026-05-22 14:52:32,832] INFO: Clifford Mitigated Estimator Value:   -347.7402343750007
[2026-05-22 14:52:32,832] INFO: Error % of Noisy vs Ideal:       75.20%
[2026-05-22 14:52:32,832] INFO: Error % of Mitigated vs Ideal:   1.04%
[2026-05-22 14:52:32,832] INFO: Circuit creation time:       0.0171 seconds
[2026-05-22 14:52:32,832] INFO: Transpilation time:          0.4877 seconds
[2026-05-22 14:52:32,832] INFO: Clifford Transpilation time: 0.0325 seconds
[2026-05-22 14:52:32,832] INFO: Clifford Ideal Estimation time:       0.8181 seconds
[2026-05-22 14:52:32,832] INFO: Clifford Noisy Estimation time:       59.0046 seconds
[2026-05-22 14:52:32,832] INFO: Clifford Mitigated Estimation time:   313.5440 seconds
[2026-05-22 14:52:32,832] INFO: ESTIMATOR PERFORMANCE RUN COMPLETED.
[2026-05-22 14:52:32,858] INFO: writing output file: M2_P8_S555_Frichardson_out/output.json
