[2026-05-22 15:29:37,086] INFO: reading parameters file: 'M3_P6_S222_Frichardson/M3_P6_S222_Frichardson.yaml'
[2026-05-22 15:29:37,091] INFO: Using seed 222
[2026-05-22 15:29:37,091] INFO: Output will be written in M3_P6_S222_Frichardson_out
[2026-05-22 15:29:37,092] INFO: Building backend ibm_marrakesh (AerSimulator)
[2026-05-22 15:29:50,412] INFO: Building SimpleProductionPlanningProblem
[2026-05-22 15:29:55,750] INFO: The problem has 24 logic qubits
[2026-05-22 15:29:55,755] INFO: Building AncillaQAOACircuit with 2 layers
[2026-05-22 15:29:55,772] INFO: Getting virtual circuit metrics
[2026-05-22 15:29:55,776] INFO: Transpiling AncillaQAOACircuit for ibm_marrakesh
[2026-05-22 15:29:56,364] INFO: Getting transpiled circuit metrics
[2026-05-22 15:29:56,398] INFO: Assigning random parameters to the transpiled circuit
[2026-05-22 15:29:56,403] INFO: Preparing Hamiltonian for Estimator
[2026-05-22 15:29:56,403] INFO: Clifford Noise Analysis with MNEAT
[2026-05-22 15:29:58,304] INFO: Virtual QC Metrics:    {'depth': 64, '2q_gates': 312, 'clifford_gates': 42, 'non_clifford_gates': 348, 't_gates': 0, 'total_gates': 390, 'num_active_qubits': 30}
[2026-05-22 15:29:58,304] INFO: Transpiled QC Metrics: {'depth': 1677, '2q_gates': 1725, 'clifford_gates': 6231, 'non_clifford_gates': 418, 't_gates': 7, 'total_gates': 6649, 'num_active_qubits': 32}
[2026-05-22 15:29:58,304] INFO: Clifford QC Metrics:   {'depth': 1677, '2q_gates': 1725, 'clifford_gates': 6649, 'non_clifford_gates': 0, 't_gates': 0, 'total_gates': 6649, 'num_active_qubits': 32}
[2026-05-22 15:29:58,304] INFO: Hamiltonian estimation with MNEAT on Clifford circuit
[2026-05-22 15:29:58,304] INFO: Ideal simulation run
[2026-05-22 15:29:59,169] INFO: Noisy simulation run
[2026-05-22 15:31:01,268] INFO: Mitigation simulation run with technique: zne
[2026-05-22 15:31:01,268] INFO: ZNE factory: richardson, noise_values: [1, 2, 3]
[2026-05-22 15:36:39,526] INFO: Saved ZNE factory plot to M3_P6_S222_Frichardson_out/zne_factory_fit.png
[2026-05-22 15:36:39,527] INFO: Clifford Ideal Estimator Value:       -981.5400390625
[2026-05-22 15:36:39,527] INFO: Clifford Noisy Estimator Value:       -447.935546875
[2026-05-22 15:36:39,527] INFO: Clifford Mitigated Estimator Value:   -781.4697265625003
[2026-05-22 15:36:39,527] INFO: Error % of Noisy vs Ideal:       54.36%
[2026-05-22 15:36:39,527] INFO: Error % of Mitigated vs Ideal:   20.38%
[2026-05-22 15:36:39,527] INFO: Circuit creation time:       0.0168 seconds
[2026-05-22 15:36:39,527] INFO: Transpilation time:          0.5878 seconds
[2026-05-22 15:36:39,527] INFO: Clifford Transpilation time: 0.0385 seconds
[2026-05-22 15:36:39,527] INFO: Clifford Ideal Estimation time:       0.8653 seconds
[2026-05-22 15:36:39,527] INFO: Clifford Noisy Estimation time:       62.0983 seconds
[2026-05-22 15:36:39,527] INFO: Clifford Mitigated Estimation time:   337.9552 seconds
[2026-05-22 15:36:39,527] INFO: ESTIMATOR PERFORMANCE RUN COMPLETED.
[2026-05-22 15:36:39,556] INFO: writing output file: M3_P6_S222_Frichardson_out/output.json
