[2026-05-22 14:41:19,993] INFO: reading parameters file: 'M2_P8_S333_Fadaexp/M2_P8_S333_Fadaexp.yaml'
[2026-05-22 14:41:19,998] INFO: Using seed 333
[2026-05-22 14:41:19,998] INFO: Output will be written in M2_P8_S333_Fadaexp_out
[2026-05-22 14:41:19,998] INFO: Building backend ibm_marrakesh (AerSimulator)
[2026-05-22 14:41:34,451] INFO: Building SimpleProductionPlanningProblem
[2026-05-22 14:41:39,854] INFO: The problem has 22 logic qubits
[2026-05-22 14:41:39,864] INFO: Building AncillaQAOACircuit with 2 layers
[2026-05-22 14:41:39,886] INFO: Getting virtual circuit metrics
[2026-05-22 14:41:39,891] INFO: Transpiling AncillaQAOACircuit for ibm_marrakesh
[2026-05-22 14:41:40,489] INFO: Getting transpiled circuit metrics
[2026-05-22 14:41:40,526] INFO: Assigning random parameters to the transpiled circuit
[2026-05-22 14:41:40,532] INFO: Preparing Hamiltonian for Estimator
[2026-05-22 14:41:40,533] INFO: Clifford Noise Analysis with MNEAT
[2026-05-22 14:41:42,005] INFO: Virtual QC Metrics:    {'depth': 58, '2q_gates': 292, 'clifford_gates': 46, 'non_clifford_gates': 324, 't_gates': 0, 'total_gates': 370, 'num_active_qubits': 30}
[2026-05-22 14:41:42,005] INFO: Transpiled QC Metrics: {'depth': 1933, '2q_gates': 1656, 'clifford_gates': 5900, 'non_clifford_gates': 384, 't_gates': 0, 'total_gates': 6284, 'num_active_qubits': 33}
[2026-05-22 14:41:42,006] INFO: Clifford QC Metrics:   {'depth': 1933, '2q_gates': 1656, 'clifford_gates': 6284, 'non_clifford_gates': 0, 't_gates': 0, 'total_gates': 6284, 'num_active_qubits': 33}
[2026-05-22 14:41:42,006] INFO: Hamiltonian estimation with MNEAT on Clifford circuit
[2026-05-22 14:41:42,006] INFO: Ideal simulation run
[2026-05-22 14:41:43,099] INFO: Noisy simulation run
[2026-05-22 14:42:53,096] INFO: Mitigation simulation run with technique: zne
[2026-05-22 14:42:53,097] INFO: ZNE factory: adaexp, noise_values: [1, 2, 3]
