[2026-03-30 14:51:48,730] INFO: reading parameters file: 'M5_P9_S44444/M5_P9_S44444.yaml'
[2026-03-30 14:51:48,736] INFO: Using seed 44444
[2026-03-30 14:51:48,736] INFO: Output will be written in M5_P9_S44444_out
[2026-03-30 14:51:48,736] INFO: Building backend ibm_torino (AerSimulator)
[2026-03-30 14:52:02,344] INFO: Building SimpleProductionPlanningProblem
[2026-03-30 14:57:02,824] INFO: The problem has 55 logic qubits
[2026-03-30 14:57:02,851] INFO: Building AncillaQAOACircuit with 3 layers
[2026-03-30 14:57:02,916] INFO: Getting virtual circuit metrics
[2026-03-30 14:57:02,950] INFO: Transpiling AncillaQAOACircuit for ibm_torino
[2026-03-30 14:57:06,016] INFO: Getting transpiled circuit metrics
[2026-03-30 14:57:06,637] INFO: Assigning random parameters to the transpiled circuit
[2026-03-30 14:57:06,646] INFO: Preparing Hamiltonian for Estimator
[2026-03-30 14:57:06,647] INFO: Clifford Noise Analysis with NEAT
[2026-03-30 14:57:11,745] INFO: Virtual QC Metrics:    {'depth': 189, '2q_gates': 1743, 'clifford_gates': 100, 'non_clifford_gates': 1866, 't_gates': 0, 'total_gates': 1966, 'num_active_qubits': 64}
[2026-03-30 14:57:11,746] INFO: Transpiled QC Metrics: {'depth': 8907, '2q_gates': 12554, 'clifford_gates': 51628, 'non_clifford_gates': 2778, 't_gates': 10, 'total_gates': 54406, 'num_active_qubits': 67}
[2026-03-30 14:57:11,746] INFO: Clifford QC Metrics:   {'depth': 6242, '2q_gates': 9827, 'clifford_gates': 38819, 'non_clifford_gates': 289, 't_gates': 0, 'total_gates': 39108, 'num_active_qubits': 67}
[2026-03-30 14:57:11,746] INFO: Ideal simulation run on Clifford circuit
[2026-03-30 14:57:20,705] INFO: Noisy simulation run on Clifford circuit
[2026-03-30 14:57:20,705] INFO: Full noise simulation run on Clifford circuit
[2026-03-30 15:03:17,138] INFO: Clifford Ideal Estimator Value:  -17006.12890625
[2026-03-30 15:03:17,139] INFO: Clifford Noisy Estimator Value:  -2735.125
[2026-03-30 15:03:17,139] INFO: Circuit creation time:       0.0649 seconds
[2026-03-30 15:03:17,139] INFO: Transpilation time:          3.0658 seconds
[2026-03-30 15:03:17,139] INFO: Clifford Transpilation time: 3.2805 seconds
[2026-03-30 15:03:17,139] INFO: Clifford Ideal Estimation time:  8.9591 seconds
[2026-03-30 15:03:17,139] INFO: Clifford Noisy Estimation time:  356.4329 seconds
[2026-03-30 15:03:17,139] INFO: ESTIMATOR PERFORMANCE RUN COMPLETED.
[2026-03-30 15:03:17,155] INFO: writing output file: M5_P9_S44444_out/output.json
