[2026-05-22 15:09:52,012] INFO: reading parameters file: 'M2_P12_S333_Fadaexp/M2_P12_S333_Fadaexp.yaml'
[2026-05-22 15:09:52,018] INFO: Using seed 333
[2026-05-22 15:09:52,018] INFO: Output will be written in M2_P12_S333_Fadaexp_out
[2026-05-22 15:09:52,018] INFO: Building backend ibm_marrakesh (AerSimulator)
[2026-05-22 15:10:05,302] INFO: Building SimpleProductionPlanningProblem
[2026-05-22 15:15:05,559] INFO: The problem has 30 logic qubits
[2026-05-22 15:15:05,568] INFO: Building AncillaQAOACircuit with 2 layers
[2026-05-22 15:15:05,595] INFO: Getting virtual circuit metrics
[2026-05-22 15:15:05,601] INFO: Transpiling AncillaQAOACircuit for ibm_marrakesh
[2026-05-22 15:15:06,612] INFO: Getting transpiled circuit metrics
[2026-05-22 15:15:06,676] INFO: Assigning random parameters to the transpiled circuit
[2026-05-22 15:15:06,683] INFO: Preparing Hamiltonian for Estimator
[2026-05-22 15:15:06,684] INFO: Clifford Noise Analysis with MNEAT
[2026-05-22 15:15:08,614] INFO: Virtual QC Metrics:    {'depth': 78, '2q_gates': 528, 'clifford_gates': 66, 'non_clifford_gates': 564, 't_gates': 0, 'total_gates': 630, 'num_active_qubits': 42}
[2026-05-22 15:15:08,614] INFO: Transpiled QC Metrics: {'depth': 2974, '2q_gates': 3346, 'clifford_gates': 11726, 'non_clifford_gates': 636, 't_gates': 0, 'total_gates': 12362, 'num_active_qubits': 44}
[2026-05-22 15:15:08,614] INFO: Clifford QC Metrics:   {'depth': 2974, '2q_gates': 3346, 'clifford_gates': 12362, 'non_clifford_gates': 0, 't_gates': 0, 'total_gates': 12362, 'num_active_qubits': 44}
[2026-05-22 15:15:08,614] INFO: Hamiltonian estimation with MNEAT on Clifford circuit
[2026-05-22 15:15:08,614] INFO: Ideal simulation run
[2026-05-22 15:15:10,819] INFO: Noisy simulation run
[2026-05-22 15:17:08,793] INFO: Mitigation simulation run with technique: zne
[2026-05-22 15:17:08,793] INFO: ZNE factory: adaexp, noise_values: [1, 2, 3]
