[2026-03-30 14:41:24,017] INFO: reading parameters file: 'M5_P5_S44444/M5_P5_S44444.yaml'
[2026-03-30 14:41:24,024] INFO: Using seed 44444
[2026-03-30 14:41:24,025] INFO: Output will be written in M5_P5_S44444_out
[2026-03-30 14:41:24,025] INFO: Building backend ibm_torino (AerSimulator)
[2026-03-30 14:41:37,568] INFO: Building SimpleProductionPlanningProblem
[2026-03-30 14:41:49,359] INFO: The problem has 35 logic qubits
[2026-03-30 14:41:49,372] INFO: Building AncillaQAOACircuit with 3 layers
[2026-03-30 14:41:49,402] INFO: Getting virtual circuit metrics
[2026-03-30 14:41:49,419] INFO: Transpiling AncillaQAOACircuit for ibm_torino
[2026-03-30 14:41:50,641] INFO: Getting transpiled circuit metrics
[2026-03-30 14:41:50,895] INFO: Assigning random parameters to the transpiled circuit
[2026-03-30 14:41:50,898] INFO: Preparing Hamiltonian for Estimator
[2026-03-30 14:41:50,898] INFO: Clifford Noise Analysis with NEAT
[2026-03-30 14:41:53,418] INFO: Virtual QC Metrics:    {'depth': 125, '2q_gates': 825, 'clifford_gates': 60, 'non_clifford_gates': 920, 't_gates': 0, 'total_gates': 980, 'num_active_qubits': 40}
[2026-03-30 14:41:53,418] INFO: Transpiled QC Metrics: {'depth': 4021, '2q_gates': 5033, 'clifford_gates': 20788, 'non_clifford_gates': 1408, 't_gates': 5, 'total_gates': 22196, 'num_active_qubits': 41}
[2026-03-30 14:41:53,418] INFO: Clifford QC Metrics:   {'depth': 2695, '2q_gates': 3714, 'clifford_gates': 14556, 'non_clifford_gates': 89, 't_gates': 2, 'total_gates': 14645, 'num_active_qubits': 41}
[2026-03-30 14:41:53,418] INFO: Ideal simulation run on Clifford circuit
[2026-03-30 14:41:55,674] INFO: Noisy simulation run on Clifford circuit
[2026-03-30 14:41:55,675] INFO: Full noise simulation run on Clifford circuit
[2026-03-30 14:43:57,030] INFO: Clifford Ideal Estimator Value:  -3107.5791015625
[2026-03-30 14:43:57,031] INFO: Clifford Noisy Estimator Value:  -1371.333984375
[2026-03-30 14:43:57,031] INFO: Circuit creation time:       0.0294 seconds
[2026-03-30 14:43:57,031] INFO: Transpilation time:          1.2221 seconds
[2026-03-30 14:43:57,031] INFO: Clifford Transpilation time: 1.0613 seconds
[2026-03-30 14:43:57,031] INFO: Clifford Ideal Estimation time:  2.2560 seconds
[2026-03-30 14:43:57,031] INFO: Clifford Noisy Estimation time:  121.3552 seconds
[2026-03-30 14:43:57,031] INFO: ESTIMATOR PERFORMANCE RUN COMPLETED.
[2026-03-30 14:43:57,050] INFO: writing output file: M5_P5_S44444_out/output.json
