[2026-03-04 17:17:36,348] INFO: reading parameters file: 'G9_I5_S55555/G9_I5_S55555.yaml'
[2026-03-04 17:17:36,353] INFO: Using seed 55555
[2026-03-04 17:17:36,353] INFO: Output will be written in G9_I5_S55555_out
[2026-03-04 17:17:36,353] INFO: Building backend ibm_torino (AerSimulator)
[2026-03-04 17:17:49,462] INFO: Building QGSUncProblem
[2026-03-04 17:21:17,008] INFO: The problem has 45 logic qubits
[2026-03-04 17:21:17,071] INFO: Building AncillaQAOACircuit with 3 layers
[2026-03-04 17:21:17,214] INFO: Getting virtual circuit metrics
[2026-03-04 17:21:17,280] INFO: Transpiling AncillaQAOACircuit for ibm_torino
[2026-03-04 17:21:21,535] INFO: Getting transpiled circuit metrics
[2026-03-04 17:21:22,451] INFO: Assigning random parameters to the transpiled circuit
[2026-03-04 17:21:22,464] INFO: Preparing Hamiltonian for Estimator
[2026-03-04 17:21:22,466] INFO: Clifford Noise Analysis with NEAT
[2026-03-04 17:21:29,341] INFO: Virtual QC Metrics:    {'depth': 231, '2q_gates': 3618, 'clifford_gates': 90, 'non_clifford_gates': 3681, 't_gates': 0, 'total_gates': 3771, 'num_active_qubits': 54}
[2026-03-04 17:21:29,341] INFO: Transpiled QC Metrics: {'depth': 9270, '2q_gates': 17997, 'clifford_gates': 72694, 'non_clifford_gates': 4766, 't_gates': 9, 'total_gates': 77460, 'num_active_qubits': 55}
[2026-03-04 17:21:29,341] INFO: Clifford QC Metrics:   {'depth': 4548, '2q_gates': 10959, 'clifford_gates': 43489, 'non_clifford_gates': 773, 't_gates': 10, 'total_gates': 44262, 'num_active_qubits': 55}
[2026-03-04 17:21:29,341] INFO: Ideal simulation run on Clifford circuit
[2026-03-04 17:21:51,073] INFO: Noisy simulation run on Clifford circuit
[2026-03-04 17:21:51,073] INFO: Full noise simulation run on Clifford circuit
[2026-03-04 17:28:39,030] INFO: Clifford Ideal Estimator Value:  2.22240546869837
[2026-03-04 17:28:39,031] INFO: Clifford Noisy Estimator Value:  3.2103546838998476
[2026-03-04 17:28:39,031] INFO: Circuit creation time:       0.1431 seconds
[2026-03-04 17:28:39,031] INFO: Transpilation time:          4.2544 seconds
[2026-03-04 17:28:39,031] INFO: Clifford Transpilation time: 4.9875 seconds
[2026-03-04 17:28:39,031] INFO: Clifford Ideal Estimation time:  21.7318 seconds
[2026-03-04 17:28:39,031] INFO: Clifford Noisy Estimation time:  407.9568 seconds
[2026-03-04 17:28:39,031] INFO: ESTIMATOR PERFORMANCE RUN COMPLETED.
[2026-03-04 17:28:39,047] INFO: writing output file: G9_I5_S55555_out/output.json
