[2026-03-04 19:52:43,817] INFO: reading parameters file: 'G15_I3_S55555/G15_I3_S55555.yaml'
[2026-03-04 19:52:43,821] INFO: Using seed 55555
[2026-03-04 19:52:43,821] INFO: Output will be written in G15_I3_S55555_out
[2026-03-04 19:52:43,822] INFO: Building backend ibm_torino (AerSimulator)
[2026-03-04 19:52:56,395] INFO: Building QGSUncProblem
[2026-03-04 19:53:45,907] INFO: The problem has 45 logic qubits
[2026-03-04 19:53:45,941] INFO: Building AncillaQAOACircuit with 3 layers
[2026-03-04 19:53:46,008] INFO: Getting virtual circuit metrics
[2026-03-04 19:53:46,042] INFO: Transpiling AncillaQAOACircuit for ibm_torino
[2026-03-04 19:53:49,997] INFO: Getting transpiled circuit metrics
[2026-03-04 19:53:50,448] INFO: Assigning random parameters to the transpiled circuit
[2026-03-04 19:53:50,458] INFO: Preparing Hamiltonian for Estimator
[2026-03-04 19:53:50,460] INFO: Clifford Noise Analysis with NEAT
[2026-03-04 19:53:55,689] INFO: Virtual QC Metrics:    {'depth': 209, '2q_gates': 3330, 'clifford_gates': 90, 'non_clifford_gates': 3405, 't_gates': 0, 'total_gates': 3495, 'num_active_qubits': 60}
[2026-03-04 19:53:55,689] INFO: Transpiled QC Metrics: {'depth': 10205, '2q_gates': 16987, 'clifford_gates': 66774, 'non_clifford_gates': 4563, 't_gates': 19, 'total_gates': 71337, 'num_active_qubits': 60}
[2026-03-04 19:53:55,689] INFO: Clifford QC Metrics:   {'depth': 5295, '2q_gates': 11132, 'clifford_gates': 42409, 'non_clifford_gates': 762, 't_gates': 6, 'total_gates': 43171, 'num_active_qubits': 60}
[2026-03-04 19:53:55,689] INFO: Ideal simulation run on Clifford circuit
[2026-03-04 19:54:10,727] INFO: Noisy simulation run on Clifford circuit
[2026-03-04 19:54:10,728] INFO: Full noise simulation run on Clifford circuit
[2026-03-04 20:01:08,644] INFO: Clifford Ideal Estimator Value:  1.3546250689011998
[2026-03-04 20:01:08,645] INFO: Clifford Noisy Estimator Value:  0.5339083951192427
[2026-03-04 20:01:08,645] INFO: Circuit creation time:       0.0675 seconds
[2026-03-04 20:01:08,645] INFO: Transpilation time:          3.9542 seconds
[2026-03-04 20:01:08,645] INFO: Clifford Transpilation time: 4.0053 seconds
[2026-03-04 20:01:08,645] INFO: Clifford Ideal Estimation time:  15.0381 seconds
[2026-03-04 20:01:08,645] INFO: Clifford Noisy Estimation time:  417.9167 seconds
[2026-03-04 20:01:08,645] INFO: ESTIMATOR PERFORMANCE RUN COMPLETED.
[2026-03-04 20:01:08,663] INFO: writing output file: G15_I3_S55555_out/output.json
