[2026-03-04 16:43:46,753] INFO: reading parameters file: 'G3_I5_S44444/G3_I5_S44444.yaml'
[2026-03-04 16:43:46,760] INFO: Using seed 44444
[2026-03-04 16:43:46,761] INFO: Output will be written in G3_I5_S44444_out
[2026-03-04 16:43:46,761] INFO: Building backend ibm_torino (AerSimulator)
[2026-03-04 16:44:03,354] INFO: Building QGSUncProblem
[2026-03-04 16:44:03,491] INFO: The problem has 15 logic qubits
[2026-03-04 16:44:03,501] INFO: Building AncillaQAOACircuit with 3 layers
[2026-03-04 16:44:03,523] INFO: Getting virtual circuit metrics
[2026-03-04 16:44:03,534] INFO: Transpiling AncillaQAOACircuit for ibm_torino
[2026-03-04 16:44:04,034] INFO: Getting transpiled circuit metrics
[2026-03-04 16:44:04,157] INFO: Assigning random parameters to the transpiled circuit
[2026-03-04 16:44:04,159] INFO: Preparing Hamiltonian for Estimator
[2026-03-04 16:44:04,160] INFO: Clifford Noise Analysis with NEAT
[2026-03-04 16:44:05,980] INFO: Virtual QC Metrics:    {'depth': 111, '2q_gates': 531, 'clifford_gates': 30, 'non_clifford_gates': 552, 't_gates': 0, 'total_gates': 582, 'num_active_qubits': 18}
[2026-03-04 16:44:05,980] INFO: Transpiled QC Metrics: {'depth': 2976, '2q_gates': 2159, 'clifford_gates': 8801, 'non_clifford_gates': 787, 't_gates': 5, 'total_gates': 9588, 'num_active_qubits': 18}
[2026-03-04 16:44:05,980] INFO: Clifford QC Metrics:   {'depth': 1072, '2q_gates': 994, 'clifford_gates': 3991, 'non_clifford_gates': 0, 't_gates': 0, 'total_gates': 3991, 'num_active_qubits': 18}
[2026-03-04 16:44:05,980] INFO: Ideal simulation run on Clifford circuit
[2026-03-04 16:44:06,597] INFO: Noisy simulation run on Clifford circuit
[2026-03-04 16:44:06,597] INFO: Full noise simulation run on Clifford circuit
[2026-03-04 16:44:39,681] INFO: Clifford Ideal Estimator Value:  0.380102492283805
[2026-03-04 16:44:39,681] INFO: Clifford Noisy Estimator Value:  0.24935496689342843
[2026-03-04 16:44:39,681] INFO: Circuit creation time:       0.0220 seconds
[2026-03-04 16:44:39,681] INFO: Transpilation time:          0.4992 seconds
[2026-03-04 16:44:39,681] INFO: Clifford Transpilation time: 0.4112 seconds
[2026-03-04 16:44:39,681] INFO: Clifford Ideal Estimation time:  0.6164 seconds
[2026-03-04 16:44:39,682] INFO: Clifford Noisy Estimation time:  33.0835 seconds
[2026-03-04 16:44:39,682] INFO: ESTIMATOR PERFORMANCE RUN COMPLETED.
[2026-03-04 16:44:39,700] INFO: writing output file: G3_I5_S44444_out/output.json
