[2026-01-13 18:28:18,940] INFO: reading parameters file: 'N_nodes12_N_layers1/N_nodes12_N_layers1.yaml'
[2026-01-13 18:28:18,948] INFO: Using seed 12345
[2026-01-13 18:28:18,948] INFO: Output will be written in N_nodes12_N_layers1_out
[2026-01-13 18:28:18,948] INFO: Building backend ibm_torino (AerSimulator)
[2026-01-13 18:28:32,680] INFO: Building problem MaxCutProblem
[2026-01-13 18:28:32,792] INFO: The problem has 12 logic qubits
[2026-01-13 18:28:32,792] INFO: Building QAOA circuit QAOACircuit with 1 layers
[2026-01-13 18:28:32,910] INFO: Transpiling QAOA circuit QAOACircuit for ibm_torino
[2026-01-13 18:28:34,597] INFO: Clifford Noise Analysis with NEAT
[2026-01-13 18:28:36,309] INFO: Ideal simulation run on Clifford circuit
[2026-01-13 18:28:36,410] INFO: Noisy simulation run on Clifford circuit
[2026-01-13 18:28:38,839] INFO: Pruned noise simulation run on Clifford circuit
[2026-01-13 18:28:39,230] INFO: Virtual QC Metrics:    {'depth': 57, '2q_gates': 86, 'clifford_gates': 86, 'non_clifford_gates': 67, 't_gates': 0, 'total_gates': 153, 'num_active_qubits': 12}
[2026-01-13 18:28:39,230] INFO: Transpiled QC Metrics: {'depth': 721, '2q_gates': 194, 'clifford_gates': 194, 'non_clifford_gates': 1718, 't_gates': 0, 'total_gates': 1912, 'num_active_qubits': 12}
[2026-01-13 18:28:39,231] INFO: Clifford QC Metrics:   {'depth': 320, '2q_gates': 90, 'clifford_gates': 90, 'non_clifford_gates': 794, 't_gates': 0, 'total_gates': 884, 'num_active_qubits': 12}
[2026-01-13 18:28:39,231] INFO: Clifford Ideal Estimator Value:  -0.1396484375
[2026-01-13 18:28:39,231] INFO: Clifford Noisy Estimator Value:  0.0029296875
[2026-01-13 18:28:39,231] INFO: Clifford Pruned Estimator Value: 0.0029296875
[2026-01-13 18:28:39,231] INFO: Circuit creation time:       0.0038 seconds
[2026-01-13 18:28:39,231] INFO: Transpilation time:          0.0779 seconds
[2026-01-13 18:28:39,231] INFO: Clifford Transpilation time: 0.0688 seconds
[2026-01-13 18:28:39,231] INFO: Clifford Ideal Estimation time:  0.1012 seconds
[2026-01-13 18:28:39,231] INFO: Clifford Noisy Estimation time:  2.4286 seconds
[2026-01-13 18:28:39,231] INFO: Clifford Pruned Estimation time: 0.3911 seconds
[2026-01-13 18:28:39,231] INFO: ESTIMATOR PERFORMANCE RUN COMPLETED.
[2026-01-13 18:28:39,237] INFO: writing output file: N_nodes12_N_layers1_out/output.json
