[2026-03-04 16:48:04,926] INFO: reading parameters file: 'G5_I7_S22222/G5_I7_S22222.yaml'
[2026-03-04 16:48:04,931] INFO: Using seed 22222
[2026-03-04 16:48:04,931] INFO: Output will be written in G5_I7_S22222_out
[2026-03-04 16:48:04,932] INFO: Building backend ibm_torino (AerSimulator)
[2026-03-04 16:48:19,345] INFO: Building QGSUncProblem
[2026-03-04 16:48:28,641] INFO: The problem has 35 logic qubits
[2026-03-04 16:48:28,680] INFO: Building AncillaQAOACircuit with 3 layers
[2026-03-04 16:48:28,771] INFO: Getting virtual circuit metrics
[2026-03-04 16:48:28,820] INFO: Transpiling AncillaQAOACircuit for ibm_torino
[2026-03-04 16:48:31,590] INFO: Getting transpiled circuit metrics
[2026-03-04 16:48:32,252] INFO: Assigning random parameters to the transpiled circuit
[2026-03-04 16:48:32,260] INFO: Preparing Hamiltonian for Estimator
[2026-03-04 16:48:32,262] INFO: Clifford Noise Analysis with NEAT
[2026-03-04 16:48:36,957] INFO: Virtual QC Metrics:    {'depth': 215, '2q_gates': 2505, 'clifford_gates': 70, 'non_clifford_gates': 2550, 't_gates': 0, 'total_gates': 2620, 'num_active_qubits': 40}
[2026-03-04 16:48:36,958] INFO: Transpiled QC Metrics: {'depth': 7391, '2q_gates': 12417, 'clifford_gates': 50302, 'non_clifford_gates': 3608, 't_gates': 5, 'total_gates': 53910, 'num_active_qubits': 41}
[2026-03-04 16:48:36,958] INFO: Clifford QC Metrics:   {'depth': 3690, '2q_gates': 7190, 'clifford_gates': 28441, 'non_clifford_gates': 300, 't_gates': 3, 'total_gates': 28741, 'num_active_qubits': 41}
[2026-03-04 16:48:36,958] INFO: Ideal simulation run on Clifford circuit
[2026-03-04 16:48:44,655] INFO: Noisy simulation run on Clifford circuit
[2026-03-04 16:48:44,655] INFO: Full noise simulation run on Clifford circuit
[2026-03-04 16:53:05,760] INFO: Clifford Ideal Estimator Value:  -1.945758736084427
[2026-03-04 16:53:05,761] INFO: Clifford Noisy Estimator Value:  0.1833691906465416
[2026-03-04 16:53:05,761] INFO: Circuit creation time:       0.0913 seconds
[2026-03-04 16:53:05,761] INFO: Transpilation time:          2.7706 seconds
[2026-03-04 16:53:05,761] INFO: Clifford Transpilation time: 3.0343 seconds
[2026-03-04 16:53:05,761] INFO: Clifford Ideal Estimation time:  7.6970 seconds
[2026-03-04 16:53:05,761] INFO: Clifford Noisy Estimation time:  261.1052 seconds
[2026-03-04 16:53:05,761] INFO: ESTIMATOR PERFORMANCE RUN COMPLETED.
[2026-03-04 16:53:05,776] INFO: writing output file: G5_I7_S22222_out/output.json
