[2026-05-22 15:04:00,120] INFO: reading parameters file: 'M2_P12_S222_Flinear/M2_P12_S222_Flinear.yaml'
[2026-05-22 15:04:00,126] INFO: Using seed 222
[2026-05-22 15:04:00,126] INFO: Output will be written in M2_P12_S222_Flinear_out
[2026-05-22 15:04:00,127] INFO: Building backend ibm_marrakesh (AerSimulator)
[2026-05-22 15:04:15,053] INFO: Building SimpleProductionPlanningProblem
[2026-05-22 15:09:15,339] INFO: The problem has 30 logic qubits
[2026-05-22 15:09:15,357] INFO: Building AncillaQAOACircuit with 2 layers
[2026-05-22 15:09:15,408] INFO: Getting virtual circuit metrics
[2026-05-22 15:09:15,416] INFO: Transpiling AncillaQAOACircuit for ibm_marrakesh
[2026-05-22 15:09:16,543] INFO: Getting transpiled circuit metrics
[2026-05-22 15:09:16,651] INFO: Assigning random parameters to the transpiled circuit
[2026-05-22 15:09:16,665] INFO: Preparing Hamiltonian for Estimator
[2026-05-22 15:09:16,666] INFO: Clifford Noise Analysis with MNEAT
[2026-05-22 15:09:19,077] INFO: Virtual QC Metrics:    {'depth': 78, '2q_gates': 528, 'clifford_gates': 66, 'non_clifford_gates': 564, 't_gates': 0, 'total_gates': 630, 'num_active_qubits': 42}
[2026-05-22 15:09:19,077] INFO: Transpiled QC Metrics: {'depth': 2693, '2q_gates': 3349, 'clifford_gates': 11729, 'non_clifford_gates': 701, 't_gates': 2, 'total_gates': 12430, 'num_active_qubits': 44}
[2026-05-22 15:09:19,077] INFO: Clifford QC Metrics:   {'depth': 2693, '2q_gates': 3349, 'clifford_gates': 12430, 'non_clifford_gates': 0, 't_gates': 0, 'total_gates': 12430, 'num_active_qubits': 44}
[2026-05-22 15:09:19,077] INFO: Hamiltonian estimation with MNEAT on Clifford circuit
[2026-05-22 15:09:19,077] INFO: Ideal simulation run
[2026-05-22 15:09:21,314] INFO: Noisy simulation run
[2026-05-22 15:10:39,112] INFO: Mitigation simulation run with technique: zne
[2026-05-22 15:10:39,112] INFO: ZNE factory: linear, noise_values: [1, 2, 3]
[2026-05-22 15:17:34,636] INFO: Saved ZNE factory plot to M2_P12_S222_Flinear_out/zne_factory_fit.png
[2026-05-22 15:17:34,636] INFO: Clifford Ideal Estimator Value:       -621.2529296875
[2026-05-22 15:17:34,636] INFO: Clifford Noisy Estimator Value:       -102.9580078125
[2026-05-22 15:17:34,636] INFO: Clifford Mitigated Estimator Value:   -298.8082682291667
[2026-05-22 15:17:34,636] INFO: Error % of Noisy vs Ideal:       83.43%
[2026-05-22 15:17:34,636] INFO: Error % of Mitigated vs Ideal:   51.90%
[2026-05-22 15:17:34,636] INFO: Circuit creation time:       0.0507 seconds
[2026-05-22 15:17:34,636] INFO: Transpilation time:          1.1268 seconds
[2026-05-22 15:17:34,637] INFO: Clifford Transpilation time: 0.0803 seconds
[2026-05-22 15:17:34,637] INFO: Clifford Ideal Estimation time:       2.2362 seconds
[2026-05-22 15:17:34,637] INFO: Clifford Noisy Estimation time:       77.7980 seconds
[2026-05-22 15:17:34,637] INFO: Clifford Mitigated Estimation time:   415.2276 seconds
[2026-05-22 15:17:34,637] INFO: ESTIMATOR PERFORMANCE RUN COMPLETED.
[2026-05-22 15:17:34,662] INFO: writing output file: M2_P12_S222_Flinear_out/output.json
