[2026-01-13 19:05:25,252] INFO: reading parameters file: 'N_nodes21_N_layers2/N_nodes21_N_layers2.yaml'
[2026-01-13 19:05:25,260] INFO: Using seed 12345
[2026-01-13 19:05:25,260] INFO: Output will be written in N_nodes21_N_layers2_out
[2026-01-13 19:05:25,261] INFO: Building backend ibm_torino (AerSimulator)
[2026-01-13 19:05:38,309] INFO: Building problem MaxCutProblem
[2026-01-13 19:05:40,353] INFO: The problem has 21 logic qubits
[2026-01-13 19:05:40,353] INFO: Building QAOA circuit QAOACircuit with 2 layers
[2026-01-13 19:05:40,972] INFO: Transpiling QAOA circuit QAOACircuit for ibm_torino
[2026-01-13 19:06:41,561] INFO: Clifford Noise Analysis with NEAT
[2026-01-13 19:06:48,835] INFO: Ideal simulation run on Clifford circuit
[2026-01-13 19:06:49,504] INFO: Noisy simulation run on Clifford circuit
[2026-01-13 19:07:12,571] INFO: Pruned noise simulation run on Clifford circuit
[2026-01-13 19:07:17,400] INFO: Virtual QC Metrics:    {'depth': 181, '2q_gates': 628, 'clifford_gates': 628, 'non_clifford_gates': 377, 't_gates': 0, 'total_gates': 1005, 'num_active_qubits': 21}
[2026-01-13 19:07:17,400] INFO: Transpiled QC Metrics: {'depth': 3883, '2q_gates': 1800, 'clifford_gates': 1800, 'non_clifford_gates': 15821, 't_gates': 0, 'total_gates': 17621, 'num_active_qubits': 21}
[2026-01-13 19:07:17,400] INFO: Clifford QC Metrics:   {'depth': 2972, '2q_gates': 1476, 'clifford_gates': 1476, 'non_clifford_gates': 12021, 't_gates': 0, 'total_gates': 13497, 'num_active_qubits': 21}
[2026-01-13 19:07:17,400] INFO: Clifford Ideal Estimator Value:  -0.1982421875
[2026-01-13 19:07:17,400] INFO: Clifford Noisy Estimator Value:  -0.1875
[2026-01-13 19:07:17,401] INFO: Clifford Pruned Estimator Value: -0.1875
[2026-01-13 19:07:17,401] INFO: Circuit creation time:       0.0221 seconds
[2026-01-13 19:07:17,401] INFO: Transpilation time:          0.2886 seconds
[2026-01-13 19:07:17,401] INFO: Clifford Transpilation time: 0.2634 seconds
[2026-01-13 19:07:17,401] INFO: Clifford Ideal Estimation time:  0.6685 seconds
[2026-01-13 19:07:17,401] INFO: Clifford Noisy Estimation time:  23.0669 seconds
[2026-01-13 19:07:17,401] INFO: Clifford Pruned Estimation time: 4.8280 seconds
[2026-01-13 19:07:17,401] INFO: ESTIMATOR PERFORMANCE RUN COMPLETED.
[2026-01-13 19:07:17,419] INFO: writing output file: N_nodes21_N_layers2_out/output.json
