[2026-05-22 18:40:59,840] INFO: reading parameters file: 'M4_P10_S444_Fadaexp/M4_P10_S444_Fadaexp.yaml'
[2026-05-22 18:40:59,847] INFO: Using seed 444
[2026-05-22 18:40:59,847] INFO: Output will be written in M4_P10_S444_Fadaexp_out
[2026-05-22 18:40:59,847] INFO: Building backend ibm_marrakesh (AerSimulator)
[2026-05-22 18:41:15,901] INFO: Building SimpleProductionPlanningProblem
[2026-05-22 18:46:16,336] INFO: The problem has 48 logic qubits
[2026-05-22 18:46:16,360] INFO: Building AncillaQAOACircuit with 2 layers
[2026-05-22 18:46:16,442] INFO: Getting virtual circuit metrics
[2026-05-22 18:46:16,457] INFO: Transpiling AncillaQAOACircuit for ibm_marrakesh
[2026-05-22 18:46:18,569] INFO: Getting transpiled circuit metrics
[2026-05-22 18:46:18,776] INFO: Assigning random parameters to the transpiled circuit
[2026-05-22 18:46:18,801] INFO: Preparing Hamiltonian for Estimator
[2026-05-22 18:46:18,802] INFO: Clifford Noise Analysis with MNEAT
[2026-05-22 18:46:21,287] INFO: Virtual QC Metrics:    {'depth': 119, '2q_gates': 978, 'clifford_gates': 88, 'non_clifford_gates': 1030, 't_gates': 0, 'total_gates': 1118, 'num_active_qubits': 58}
[2026-05-22 18:46:21,287] INFO: Transpiled QC Metrics: {'depth': 4579, '2q_gates': 6729, 'clifford_gates': 23531, 'non_clifford_gates': 1300, 't_gates': 15, 'total_gates': 24831, 'num_active_qubits': 58}
[2026-05-22 18:46:21,287] INFO: Clifford QC Metrics:   {'depth': 4579, '2q_gates': 6729, 'clifford_gates': 24831, 'non_clifford_gates': 0, 't_gates': 0, 'total_gates': 24831, 'num_active_qubits': 58}
[2026-05-22 18:46:21,287] INFO: Hamiltonian estimation with MNEAT on Clifford circuit
[2026-05-22 18:46:21,287] INFO: Ideal simulation run
[2026-05-22 18:46:25,793] INFO: Noisy simulation run
[2026-05-22 18:49:16,750] INFO: Mitigation simulation run with technique: zne
[2026-05-22 18:49:16,751] INFO: ZNE factory: adaexp, noise_values: [1, 2, 3]
[2026-05-22 19:12:03,128] INFO: Saved ZNE factory plot to M4_P10_S444_Fadaexp_out/zne_factory_fit.png
[2026-05-22 19:12:03,129] INFO: Clifford Ideal Estimator Value:       -8464.37890625
[2026-05-22 19:12:03,129] INFO: Clifford Noisy Estimator Value:       -2576.1767578125
[2026-05-22 19:12:03,129] INFO: Clifford Mitigated Estimator Value:   -5144.058883450538
[2026-05-22 19:12:03,129] INFO: Error % of Noisy vs Ideal:       69.56%
[2026-05-22 19:12:03,129] INFO: Error % of Mitigated vs Ideal:   39.23%
[2026-05-22 19:12:03,129] INFO: Circuit creation time:       0.0818 seconds
[2026-05-22 19:12:03,129] INFO: Transpilation time:          2.1115 seconds
[2026-05-22 19:12:03,129] INFO: Clifford Transpilation time: 0.1505 seconds
[2026-05-22 19:12:03,129] INFO: Clifford Ideal Estimation time:       4.5058 seconds
[2026-05-22 19:12:03,129] INFO: Clifford Noisy Estimation time:       170.9575 seconds
[2026-05-22 19:12:03,129] INFO: Clifford Mitigated Estimation time:   1366.0488 seconds
[2026-05-22 19:12:03,129] INFO: ESTIMATOR PERFORMANCE RUN COMPLETED.
[2026-05-22 19:12:03,153] INFO: writing output file: M4_P10_S444_Fadaexp_out/output.json
