[2026-03-02 13:06:43,384] INFO: reading parameters file: 'Groups5_Instruments5_Layers5/Groups5_Instruments5_Layers5.yaml'
[2026-03-02 13:06:43,388] INFO: Using seed 12345
[2026-03-02 13:06:43,388] INFO: Output will be written in Groups5_Instruments5_Layers5_out
[2026-03-02 13:06:43,388] INFO: Building backend ibm_torino (AerSimulator)
[2026-03-02 13:06:54,324] INFO: Building QGSUncProblem
[2026-03-02 13:06:55,013] INFO: The problem has 25 logic qubits
[2026-03-02 13:06:55,024] INFO: Building AncillaQAOACircuit with 5 layers
[2026-03-02 13:06:55,065] INFO: Getting virtual circuit metrics
[2026-03-02 13:06:55,087] INFO: Transpiling AncillaQAOACircuit for ibm_torino
[2026-03-02 13:06:56,723] INFO: Getting transpiled circuit metrics
[2026-03-02 13:06:57,008] INFO: Assigning random parameters to the transpiled circuit
[2026-03-02 13:06:57,013] INFO: Preparing Hamiltonian for Estimator
[2026-03-02 13:06:57,014] INFO: Clifford Noise Analysis with NEAT
[2026-03-02 13:06:59,553] INFO: Virtual QC Metrics:    {'depth': 227, '2q_gates': 2060, 'clifford_gates': 50, 'non_clifford_gates': 2145, 't_gates': 0, 'total_gates': 2195, 'num_active_qubits': 30}
[2026-03-02 13:06:59,553] INFO: Transpiled QC Metrics: {'depth': 7164, '2q_gates': 9990, 'clifford_gates': 39225, 'non_clifford_gates': 3081, 't_gates': 8, 'total_gates': 42306, 'num_active_qubits': 30}
[2026-03-02 13:06:59,553] INFO: Clifford QC Metrics:   {'depth': 3630, '2q_gates': 5878, 'clifford_gates': 22150, 'non_clifford_gates': 256, 't_gates': 8, 'total_gates': 22406, 'num_active_qubits': 30}
[2026-03-02 13:06:59,553] INFO: Ideal simulation run on Clifford circuit
[2026-03-02 13:07:01,415] INFO: Noisy simulation run on Clifford circuit
[2026-03-02 13:07:01,415] INFO: Full noise simulation run on Clifford circuit
[2026-03-02 13:10:23,361] INFO: Clifford Ideal Estimator Value:  0.5202502275070493
[2026-03-02 13:10:23,361] INFO: Clifford Noisy Estimator Value:  -0.04718853080687439
[2026-03-02 13:10:23,361] INFO: Circuit creation time:       0.0409 seconds
[2026-03-02 13:10:23,361] INFO: Transpilation time:          1.6364 seconds
[2026-03-02 13:10:23,361] INFO: Clifford Transpilation time: 1.5210 seconds
[2026-03-02 13:10:23,361] INFO: Clifford Ideal Estimation time:  1.8622 seconds
[2026-03-02 13:10:23,361] INFO: Clifford Noisy Estimation time:  201.9457 seconds
[2026-03-02 13:10:23,362] INFO: ESTIMATOR PERFORMANCE RUN COMPLETED.
[2026-03-02 13:10:23,375] INFO: writing output file: Groups5_Instruments5_Layers5_out/output.json
