[2026-05-22 14:47:44,545] INFO: reading parameters file: 'M2_P10_S111_Flinear/M2_P10_S111_Flinear.yaml'
[2026-05-22 14:47:44,550] INFO: Using seed 111
[2026-05-22 14:47:44,550] INFO: Output will be written in M2_P10_S111_Flinear_out
[2026-05-22 14:47:44,551] INFO: Building backend ibm_marrakesh (AerSimulator)
[2026-05-22 14:47:58,973] INFO: Building SimpleProductionPlanningProblem
[2026-05-22 14:48:53,605] INFO: The problem has 26 logic qubits
[2026-05-22 14:48:53,617] INFO: Building AncillaQAOACircuit with 2 layers
[2026-05-22 14:48:53,650] INFO: Getting virtual circuit metrics
[2026-05-22 14:48:53,657] INFO: Transpiling AncillaQAOACircuit for ibm_marrakesh
[2026-05-22 14:48:54,469] INFO: Getting transpiled circuit metrics
[2026-05-22 14:48:54,540] INFO: Assigning random parameters to the transpiled circuit
[2026-05-22 14:48:54,550] INFO: Preparing Hamiltonian for Estimator
[2026-05-22 14:48:54,551] INFO: Clifford Noise Analysis with MNEAT
[2026-05-22 14:48:56,676] INFO: Virtual QC Metrics:    {'depth': 68, '2q_gates': 402, 'clifford_gates': 56, 'non_clifford_gates': 436, 't_gates': 0, 'total_gates': 492, 'num_active_qubits': 36}
[2026-05-22 14:48:56,677] INFO: Transpiled QC Metrics: {'depth': 2030, '2q_gates': 2356, 'clifford_gates': 8401, 'non_clifford_gates': 537, 't_gates': 0, 'total_gates': 8938, 'num_active_qubits': 41}
[2026-05-22 14:48:56,677] INFO: Clifford QC Metrics:   {'depth': 2030, '2q_gates': 2356, 'clifford_gates': 8938, 'non_clifford_gates': 0, 't_gates': 0, 'total_gates': 8938, 'num_active_qubits': 41}
[2026-05-22 14:48:56,677] INFO: Hamiltonian estimation with MNEAT on Clifford circuit
[2026-05-22 14:48:56,677] INFO: Ideal simulation run
[2026-05-22 14:48:58,302] INFO: Noisy simulation run
[2026-05-22 14:50:18,472] INFO: Mitigation simulation run with technique: zne
[2026-05-22 14:50:18,472] INFO: ZNE factory: linear, noise_values: [1, 2, 3]
[2026-05-22 14:57:37,094] INFO: Saved ZNE factory plot to M2_P10_S111_Flinear_out/zne_factory_fit.png
[2026-05-22 14:57:37,094] INFO: Clifford Ideal Estimator Value:       -495.3544921875
[2026-05-22 14:57:37,094] INFO: Clifford Noisy Estimator Value:       -34.369140625
[2026-05-22 14:57:37,094] INFO: Clifford Mitigated Estimator Value:   -102.47851562499999
[2026-05-22 14:57:37,094] INFO: Error % of Noisy vs Ideal:       93.06%
[2026-05-22 14:57:37,094] INFO: Error % of Mitigated vs Ideal:   79.31%
[2026-05-22 14:57:37,094] INFO: Circuit creation time:       0.0338 seconds
[2026-05-22 14:57:37,094] INFO: Transpilation time:          0.8127 seconds
[2026-05-22 14:57:37,094] INFO: Clifford Transpilation time: 0.5988 seconds
[2026-05-22 14:57:37,094] INFO: Clifford Ideal Estimation time:       1.6257 seconds
[2026-05-22 14:57:37,094] INFO: Clifford Noisy Estimation time:       80.1692 seconds
[2026-05-22 14:57:37,094] INFO: Clifford Mitigated Estimation time:   438.3719 seconds
[2026-05-22 14:57:37,094] INFO: ESTIMATOR PERFORMANCE RUN COMPLETED.
[2026-05-22 14:57:37,119] INFO: writing output file: M2_P10_S111_Flinear_out/output.json
