[2026-03-02 13:10:27,888] INFO: reading parameters file: 'Groups7_Instruments5_Layers3/Groups7_Instruments5_Layers3.yaml'
[2026-03-02 13:10:27,892] INFO: Using seed 12345
[2026-03-02 13:10:27,892] INFO: Output will be written in Groups7_Instruments5_Layers3_out
[2026-03-02 13:10:27,893] INFO: Building backend ibm_torino (AerSimulator)
[2026-03-02 13:10:38,169] INFO: Building QGSUncProblem
[2026-03-02 13:10:59,206] INFO: The problem has 35 logic qubits
[2026-03-02 13:10:59,228] INFO: Building AncillaQAOACircuit with 3 layers
[2026-03-02 13:10:59,275] INFO: Getting virtual circuit metrics
[2026-03-02 13:10:59,321] INFO: Transpiling AncillaQAOACircuit for ibm_torino
[2026-03-02 13:11:01,258] INFO: Getting transpiled circuit metrics
[2026-03-02 13:11:01,579] INFO: Assigning random parameters to the transpiled circuit
[2026-03-02 13:11:01,585] INFO: Preparing Hamiltonian for Estimator
[2026-03-02 13:11:01,586] INFO: Clifford Noise Analysis with NEAT
[2026-03-02 13:11:04,600] INFO: Virtual QC Metrics:    {'depth': 191, '2q_gates': 2289, 'clifford_gates': 70, 'non_clifford_gates': 2338, 't_gates': 0, 'total_gates': 2408, 'num_active_qubits': 42}
[2026-03-02 13:11:04,600] INFO: Transpiled QC Metrics: {'depth': 6418, '2q_gates': 11242, 'clifford_gates': 44377, 'non_clifford_gates': 3324, 't_gates': 9, 'total_gates': 47701, 'num_active_qubits': 46}
[2026-03-02 13:11:04,600] INFO: Clifford QC Metrics:   {'depth': 3546, '2q_gates': 6925, 'clifford_gates': 26187, 'non_clifford_gates': 183, 't_gates': 2, 'total_gates': 26370, 'num_active_qubits': 46}
[2026-03-02 13:11:04,600] INFO: Ideal simulation run on Clifford circuit
[2026-03-02 13:11:09,270] INFO: Noisy simulation run on Clifford circuit
[2026-03-02 13:11:09,270] INFO: Full noise simulation run on Clifford circuit
[2026-03-02 13:15:34,006] INFO: Clifford Ideal Estimator Value:  -1.856735173760692
[2026-03-02 13:15:34,006] INFO: Clifford Noisy Estimator Value:  -1.1743512012459683
[2026-03-02 13:15:34,006] INFO: Circuit creation time:       0.0466 seconds
[2026-03-02 13:15:34,007] INFO: Transpilation time:          1.9375 seconds
[2026-03-02 13:15:34,007] INFO: Clifford Transpilation time: 1.9731 seconds
[2026-03-02 13:15:34,007] INFO: Clifford Ideal Estimation time:  4.6699 seconds
[2026-03-02 13:15:34,007] INFO: Clifford Noisy Estimation time:  264.7359 seconds
[2026-03-02 13:15:34,007] INFO: ESTIMATOR PERFORMANCE RUN COMPLETED.
[2026-03-02 13:15:34,021] INFO: writing output file: Groups7_Instruments5_Layers3_out/output.json
