[2026-03-04 16:53:22,747] INFO: reading parameters file: 'G7_I3_S22222/G7_I3_S22222.yaml'
[2026-03-04 16:53:22,752] INFO: Using seed 22222
[2026-03-04 16:53:22,752] INFO: Output will be written in G7_I3_S22222_out
[2026-03-04 16:53:22,753] INFO: Building backend ibm_torino (AerSimulator)
[2026-03-04 16:53:36,606] INFO: Building QGSUncProblem
[2026-03-04 16:53:36,985] INFO: The problem has 21 logic qubits
[2026-03-04 16:53:37,000] INFO: Building AncillaQAOACircuit with 3 layers
[2026-03-04 16:53:37,031] INFO: Getting virtual circuit metrics
[2026-03-04 16:53:37,047] INFO: Transpiling AncillaQAOACircuit for ibm_torino
[2026-03-04 16:53:37,881] INFO: Getting transpiled circuit metrics
[2026-03-04 16:53:38,069] INFO: Assigning random parameters to the transpiled circuit
[2026-03-04 16:53:38,072] INFO: Preparing Hamiltonian for Estimator
[2026-03-04 16:53:38,073] INFO: Clifford Noise Analysis with NEAT
[2026-03-04 16:53:40,350] INFO: Virtual QC Metrics:    {'depth': 113, '2q_gates': 798, 'clifford_gates': 42, 'non_clifford_gates': 833, 't_gates': 0, 'total_gates': 875, 'num_active_qubits': 28}
[2026-03-04 16:53:40,350] INFO: Transpiled QC Metrics: {'depth': 3495, '2q_gates': 3710, 'clifford_gates': 14750, 'non_clifford_gates': 1092, 't_gates': 10, 'total_gates': 15842, 'num_active_qubits': 31}
[2026-03-04 16:53:40,350] INFO: Clifford QC Metrics:   {'depth': 1603, '2q_gates': 2095, 'clifford_gates': 8312, 'non_clifford_gates': 100, 't_gates': 2, 'total_gates': 8412, 'num_active_qubits': 31}
[2026-03-04 16:53:40,350] INFO: Ideal simulation run on Clifford circuit
[2026-03-04 16:53:41,878] INFO: Noisy simulation run on Clifford circuit
[2026-03-04 16:53:41,878] INFO: Full noise simulation run on Clifford circuit
[2026-03-04 16:54:57,220] INFO: Clifford Ideal Estimator Value:  -0.3620263865437481
[2026-03-04 16:54:57,220] INFO: Clifford Noisy Estimator Value:  -0.13227877490953036
[2026-03-04 16:54:57,221] INFO: Circuit creation time:       0.0311 seconds
[2026-03-04 16:54:57,221] INFO: Transpilation time:          0.8331 seconds
[2026-03-04 16:54:57,221] INFO: Clifford Transpilation time: 0.7915 seconds
[2026-03-04 16:54:57,221] INFO: Clifford Ideal Estimation time:  1.5274 seconds
[2026-03-04 16:54:57,221] INFO: Clifford Noisy Estimation time:  75.3420 seconds
[2026-03-04 16:54:57,221] INFO: ESTIMATOR PERFORMANCE RUN COMPLETED.
[2026-03-04 16:54:57,235] INFO: writing output file: G7_I3_S22222_out/output.json
