[2026-01-13 18:49:02,210] INFO: reading parameters file: 'N_nodes15_N_layers5/N_nodes15_N_layers5.yaml'
[2026-01-13 18:49:02,216] INFO: Using seed 12345
[2026-01-13 18:49:02,216] INFO: Output will be written in N_nodes15_N_layers5_out
[2026-01-13 18:49:02,217] INFO: Building backend ibm_torino (AerSimulator)
[2026-01-13 18:49:15,621] INFO: Building problem MaxCutProblem
[2026-01-13 18:49:15,800] INFO: The problem has 15 logic qubits
[2026-01-13 18:49:15,801] INFO: Building QAOA circuit QAOACircuit with 5 layers
[2026-01-13 18:49:16,782] INFO: Transpiling QAOA circuit QAOACircuit for ibm_torino
[2026-01-13 18:50:46,523] INFO: Clifford Noise Analysis with NEAT
[2026-01-13 18:50:54,206] INFO: Ideal simulation run on Clifford circuit
[2026-01-13 18:50:54,736] INFO: Noisy simulation run on Clifford circuit
[2026-01-13 18:51:20,343] INFO: Pruned noise simulation run on Clifford circuit
[2026-01-13 18:51:25,129] INFO: Virtual QC Metrics:    {'depth': 262, '2q_gates': 720, 'clifford_gates': 720, 'non_clifford_gates': 450, 't_gates': 0, 'total_gates': 1170, 'num_active_qubits': 15}
[2026-01-13 18:51:25,129] INFO: Transpiled QC Metrics: {'depth': 5968, '2q_gates': 2171, 'clifford_gates': 2171, 'non_clifford_gates': 19193, 't_gates': 0, 'total_gates': 21364, 'num_active_qubits': 18}
[2026-01-13 18:51:25,129] INFO: Clifford QC Metrics:   {'depth': 4101, '2q_gates': 1623, 'clifford_gates': 1623, 'non_clifford_gates': 13537, 't_gates': 0, 'total_gates': 15160, 'num_active_qubits': 18}
[2026-01-13 18:51:25,130] INFO: Clifford Ideal Estimator Value:  13.83203125
[2026-01-13 18:51:25,130] INFO: Clifford Noisy Estimator Value:  13.857421875
[2026-01-13 18:51:25,130] INFO: Clifford Pruned Estimator Value: 14.16015625
[2026-01-13 18:51:25,130] INFO: Circuit creation time:       0.0237 seconds
[2026-01-13 18:51:25,130] INFO: Transpilation time:          0.3620 seconds
[2026-01-13 18:51:25,130] INFO: Clifford Transpilation time: 0.4045 seconds
[2026-01-13 18:51:25,130] INFO: Clifford Ideal Estimation time:  0.5297 seconds
[2026-01-13 18:51:25,130] INFO: Clifford Noisy Estimation time:  25.6072 seconds
[2026-01-13 18:51:25,130] INFO: Clifford Pruned Estimation time: 4.7847 seconds
[2026-01-13 18:51:25,131] INFO: ESTIMATOR PERFORMANCE RUN COMPLETED.
[2026-01-13 18:51:25,150] INFO: writing output file: N_nodes15_N_layers5_out/output.json
