[2026-05-22 17:34:55,295] INFO: reading parameters file: 'M4_P8_S111_Flinear/M4_P8_S111_Flinear.yaml'
[2026-05-22 17:34:55,311] INFO: Using seed 111
[2026-05-22 17:34:55,311] INFO: Output will be written in M4_P8_S111_Flinear_out
[2026-05-22 17:34:55,311] INFO: Building backend ibm_marrakesh (AerSimulator)
[2026-05-22 17:35:08,300] INFO: Building SimpleProductionPlanningProblem
[2026-05-22 17:40:08,523] INFO: The problem has 40 logic qubits
[2026-05-22 17:40:08,532] INFO: Building AncillaQAOACircuit with 2 layers
[2026-05-22 17:40:08,567] INFO: Getting virtual circuit metrics
[2026-05-22 17:40:08,574] INFO: Transpiling AncillaQAOACircuit for ibm_marrakesh
[2026-05-22 17:40:09,906] INFO: Getting transpiled circuit metrics
[2026-05-22 17:40:09,995] INFO: Assigning random parameters to the transpiled circuit
[2026-05-22 17:40:10,005] INFO: Preparing Hamiltonian for Estimator
[2026-05-22 17:40:10,006] INFO: Clifford Noise Analysis with MNEAT
[2026-05-22 17:40:12,026] INFO: Virtual QC Metrics:    {'depth': 101, '2q_gates': 720, 'clifford_gates': 72, 'non_clifford_gates': 768, 't_gates': 0, 'total_gates': 840, 'num_active_qubits': 48}
[2026-05-22 17:40:12,026] INFO: Transpiled QC Metrics: {'depth': 3498, '2q_gates': 4733, 'clifford_gates': 16702, 'non_clifford_gates': 927, 't_gates': 10, 'total_gates': 17629, 'num_active_qubits': 50}
[2026-05-22 17:40:12,026] INFO: Clifford QC Metrics:   {'depth': 3498, '2q_gates': 4733, 'clifford_gates': 17629, 'non_clifford_gates': 0, 't_gates': 0, 'total_gates': 17629, 'num_active_qubits': 50}
[2026-05-22 17:40:12,026] INFO: Hamiltonian estimation with MNEAT on Clifford circuit
[2026-05-22 17:40:12,026] INFO: Ideal simulation run
[2026-05-22 17:40:14,999] INFO: Noisy simulation run
[2026-05-22 17:43:10,849] INFO: Mitigation simulation run with technique: zne
[2026-05-22 17:43:10,849] INFO: ZNE factory: linear, noise_values: [1, 2, 3]
[2026-05-22 17:59:02,219] INFO: Saved ZNE factory plot to M4_P8_S111_Flinear_out/zne_factory_fit.png
[2026-05-22 17:59:02,219] INFO: Clifford Ideal Estimator Value:       -5397.595703125
[2026-05-22 17:59:02,220] INFO: Clifford Noisy Estimator Value:       -2184.625
[2026-05-22 17:59:02,220] INFO: Clifford Mitigated Estimator Value:   -3199.442057291666
[2026-05-22 17:59:02,220] INFO: Error % of Noisy vs Ideal:       59.53%
[2026-05-22 17:59:02,220] INFO: Error % of Mitigated vs Ideal:   40.72%
[2026-05-22 17:59:02,220] INFO: Circuit creation time:       0.0345 seconds
[2026-05-22 17:59:02,220] INFO: Transpilation time:          1.3314 seconds
[2026-05-22 17:59:02,220] INFO: Clifford Transpilation time: 0.0926 seconds
[2026-05-22 17:59:02,220] INFO: Clifford Ideal Estimation time:       2.9730 seconds
[2026-05-22 17:59:02,220] INFO: Clifford Noisy Estimation time:       175.8496 seconds
[2026-05-22 17:59:02,220] INFO: Clifford Mitigated Estimation time:   948.9227 seconds
[2026-05-22 17:59:02,220] INFO: ESTIMATOR PERFORMANCE RUN COMPLETED.
[2026-05-22 17:59:02,248] INFO: writing output file: M4_P8_S111_Flinear_out/output.json
