[2026-03-02 14:04:41,871] INFO: reading parameters file: 'Groups3_Instruments7_Layers3/Groups3_Instruments7_Layers3.yaml'
[2026-03-02 14:04:41,878] INFO: Using seed 12345
[2026-03-02 14:04:41,878] INFO: Output will be written in Groups3_Instruments7_Layers3_out
[2026-03-02 14:04:41,879] INFO: Building backend ibm_torino (AerSimulator)
[2026-03-02 14:04:57,114] INFO: Building QGSUncProblem
[2026-03-02 14:04:57,379] INFO: The problem has 21 logic qubits
[2026-03-02 14:04:57,393] INFO: Building AncillaQAOACircuit with 3 layers
[2026-03-02 14:04:57,428] INFO: Getting virtual circuit metrics
[2026-03-02 14:04:57,448] INFO: Transpiling AncillaQAOACircuit for ibm_torino
[2026-03-02 14:04:58,452] INFO: Getting transpiled circuit metrics
[2026-03-02 14:04:58,685] INFO: Assigning random parameters to the transpiled circuit
[2026-03-02 14:04:58,688] INFO: Preparing Hamiltonian for Estimator
[2026-03-02 14:04:58,689] INFO: Clifford Noise Analysis with NEAT
[2026-03-02 14:05:01,168] INFO: Virtual QC Metrics:    {'depth': 159, '2q_gates': 1062, 'clifford_gates': 42, 'non_clifford_gates': 1089, 't_gates': 0, 'total_gates': 1131, 'num_active_qubits': 24}
[2026-03-02 14:05:01,168] INFO: Transpiled QC Metrics: {'depth': 5004, '2q_gates': 4753, 'clifford_gates': 19495, 'non_clifford_gates': 1614, 't_gates': 4, 'total_gates': 21109, 'num_active_qubits': 24}
[2026-03-02 14:05:01,168] INFO: Clifford QC Metrics:   {'depth': 2180, '2q_gates': 2492, 'clifford_gates': 9863, 'non_clifford_gates': 54, 't_gates': 0, 'total_gates': 9917, 'num_active_qubits': 24}
[2026-03-02 14:05:01,168] INFO: Ideal simulation run on Clifford circuit
[2026-03-02 14:05:02,615] INFO: Noisy simulation run on Clifford circuit
[2026-03-02 14:05:02,615] INFO: Full noise simulation run on Clifford circuit
[2026-03-02 14:06:29,999] INFO: Clifford Ideal Estimator Value:  -0.20144437415156796
[2026-03-02 14:06:30,000] INFO: Clifford Noisy Estimator Value:  -0.3661792175795431
[2026-03-02 14:06:30,000] INFO: Circuit creation time:       0.0351 seconds
[2026-03-02 14:06:30,000] INFO: Transpilation time:          1.0037 seconds
[2026-03-02 14:06:30,000] INFO: Clifford Transpilation time: 1.0596 seconds
[2026-03-02 14:06:30,000] INFO: Clifford Ideal Estimation time:  1.4462 seconds
[2026-03-02 14:06:30,000] INFO: Clifford Noisy Estimation time:  87.3842 seconds
[2026-03-02 14:06:30,000] INFO: ESTIMATOR PERFORMANCE RUN COMPLETED.
[2026-03-02 14:06:30,015] INFO: writing output file: Groups3_Instruments7_Layers3_out/output.json
