[2026-01-13 22:07:20,636] INFO: reading parameters file: 'N_nodes33_N_layers1/N_nodes33_N_layers1.yaml'
[2026-01-13 22:07:20,643] INFO: Using seed 12345
[2026-01-13 22:07:20,643] INFO: Output will be written in N_nodes33_N_layers1_out
[2026-01-13 22:07:20,643] INFO: Building backend ibm_torino (AerSimulator)
[2026-01-13 22:07:34,341] INFO: Building problem MaxCutProblem
[2026-01-13 22:11:58,199] INFO: The problem has 33 logic qubits
[2026-01-13 22:11:58,200] INFO: Building QAOA circuit QAOACircuit with 1 layers
[2026-01-13 22:11:58,832] INFO: Transpiling QAOA circuit QAOACircuit for ibm_torino
[2026-01-13 22:13:41,970] INFO: Clifford Noise Analysis with NEAT
[2026-01-13 22:13:49,234] INFO: Ideal simulation run on Clifford circuit
[2026-01-13 22:13:50,535] INFO: Noisy simulation run on Clifford circuit
[2026-01-13 22:14:14,431] INFO: Pruned noise simulation run on Clifford circuit
[2026-01-13 22:14:21,416] INFO: Virtual QC Metrics:    {'depth': 189, '2q_gates': 774, 'clifford_gates': 774, 'non_clifford_gates': 453, 't_gates': 0, 'total_gates': 1227, 'num_active_qubits': 33}
[2026-01-13 22:14:21,417] INFO: Transpiled QC Metrics: {'depth': 3760, '2q_gates': 2299, 'clifford_gates': 2299, 'non_clifford_gates': 20300, 't_gates': 0, 'total_gates': 22599, 'num_active_qubits': 33}
[2026-01-13 22:14:21,417] INFO: Clifford QC Metrics:   {'depth': 1740, '2q_gates': 1389, 'clifford_gates': 1389, 'non_clifford_gates': 12097, 't_gates': 0, 'total_gates': 13486, 'num_active_qubits': 33}
[2026-01-13 22:14:21,417] INFO: Clifford Ideal Estimator Value:  -0.009765625
[2026-01-13 22:14:21,417] INFO: Clifford Noisy Estimator Value:  0.0712890625
[2026-01-13 22:14:21,417] INFO: Clifford Pruned Estimator Value: 0.0712890625
[2026-01-13 22:14:21,417] INFO: Circuit creation time:       0.0188 seconds
[2026-01-13 22:14:21,418] INFO: Transpilation time:          0.3921 seconds
[2026-01-13 22:14:21,418] INFO: Clifford Transpilation time: 0.5013 seconds
[2026-01-13 22:14:21,418] INFO: Clifford Ideal Estimation time:  1.3006 seconds
[2026-01-13 22:14:21,418] INFO: Clifford Noisy Estimation time:  23.8962 seconds
[2026-01-13 22:14:21,418] INFO: Clifford Pruned Estimation time: 6.9831 seconds
[2026-01-13 22:14:21,418] INFO: ESTIMATOR PERFORMANCE RUN COMPLETED.
[2026-01-13 22:14:21,441] INFO: writing output file: N_nodes33_N_layers1_out/output.json
