[2026-03-04 18:57:51,331] INFO: reading parameters file: 'G15_I5_S33333/G15_I5_S33333.yaml'
[2026-03-04 18:57:51,343] INFO: Using seed 33333
[2026-03-04 18:57:51,344] INFO: Output will be written in G15_I5_S33333_out
[2026-03-04 18:57:51,344] INFO: Building backend ibm_torino (AerSimulator)
[2026-03-04 18:58:00,768] INFO: Building QGSUncProblem
[2026-03-04 19:03:02,979] INFO: The problem has 75 logic qubits
[2026-03-04 19:03:03,078] INFO: Building AncillaQAOACircuit with 3 layers
[2026-03-04 19:03:03,290] INFO: Getting virtual circuit metrics
[2026-03-04 19:03:03,388] INFO: Transpiling AncillaQAOACircuit for ibm_torino
[2026-03-04 19:03:12,392] INFO: Getting transpiled circuit metrics
[2026-03-04 19:03:13,739] INFO: Assigning random parameters to the transpiled circuit
[2026-03-04 19:03:13,771] INFO: Preparing Hamiltonian for Estimator
[2026-03-04 19:03:13,774] INFO: Clifford Noise Analysis with NEAT
[2026-03-04 19:03:26,634] INFO: Virtual QC Metrics:    {'depth': 351, '2q_gates': 9405, 'clifford_gates': 150, 'non_clifford_gates': 9510, 't_gates': 0, 'total_gates': 9660, 'num_active_qubits': 90}
[2026-03-04 19:03:26,635] INFO: Transpiled QC Metrics: {'depth': 16338, '2q_gates': 44907, 'clifford_gates': 178184, 'non_clifford_gates': 14014, 't_gates': 20, 'total_gates': 192198, 'num_active_qubits': 97}
[2026-03-04 19:03:26,635] INFO: Clifford QC Metrics:   {'depth': 9628, '2q_gates': 31087, 'clifford_gates': 122171, 'non_clifford_gates': 1559, 't_gates': 12, 'total_gates': 123730, 'num_active_qubits': 97}
[2026-03-04 19:03:26,635] INFO: Ideal simulation run on Clifford circuit
[2026-03-04 19:04:16,680] INFO: Noisy simulation run on Clifford circuit
[2026-03-04 19:04:16,680] INFO: Full noise simulation run on Clifford circuit
[2026-03-04 19:27:06,891] INFO: Clifford Ideal Estimator Value:  3.6145309760866677
[2026-03-04 19:27:06,891] INFO: Clifford Noisy Estimator Value:  0.02419900548448327
[2026-03-04 19:27:06,891] INFO: Circuit creation time:       0.2111 seconds
[2026-03-04 19:27:06,891] INFO: Transpilation time:          9.0040 seconds
[2026-03-04 19:27:06,892] INFO: Clifford Transpilation time: 11.3430 seconds
[2026-03-04 19:27:06,892] INFO: Clifford Ideal Estimation time:  50.0450 seconds
[2026-03-04 19:27:06,892] INFO: Clifford Noisy Estimation time:  1370.2110 seconds
[2026-03-04 19:27:06,892] INFO: ESTIMATOR PERFORMANCE RUN COMPLETED.
[2026-03-04 19:27:06,899] INFO: writing output file: G15_I5_S33333_out/output.json
