[2026-05-22 15:44:25,876] INFO: reading parameters file: 'M3_P8_S333_Frichardson/M3_P8_S333_Frichardson.yaml'
[2026-05-22 15:44:25,880] INFO: Using seed 333
[2026-05-22 15:44:25,880] INFO: Output will be written in M3_P8_S333_Frichardson_out
[2026-05-22 15:44:25,880] INFO: Building backend ibm_marrakesh (AerSimulator)
[2026-05-22 15:44:39,689] INFO: Building SimpleProductionPlanningProblem
[2026-05-22 15:45:08,995] INFO: The problem has 30 logic qubits
[2026-05-22 15:45:09,006] INFO: Building AncillaQAOACircuit with 2 layers
[2026-05-22 15:45:09,041] INFO: Getting virtual circuit metrics
[2026-05-22 15:45:09,048] INFO: Transpiling AncillaQAOACircuit for ibm_marrakesh
[2026-05-22 15:45:10,007] INFO: Getting transpiled circuit metrics
[2026-05-22 15:45:10,094] INFO: Assigning random parameters to the transpiled circuit
[2026-05-22 15:45:10,106] INFO: Preparing Hamiltonian for Estimator
[2026-05-22 15:45:10,107] INFO: Clifford Noise Analysis with MNEAT
[2026-05-22 15:45:12,278] INFO: Virtual QC Metrics:    {'depth': 78, '2q_gates': 462, 'clifford_gates': 54, 'non_clifford_gates': 502, 't_gates': 0, 'total_gates': 556, 'num_active_qubits': 38}
[2026-05-22 15:45:12,279] INFO: Transpiled QC Metrics: {'depth': 2466, '2q_gates': 2916, 'clifford_gates': 10270, 'non_clifford_gates': 602, 't_gates': 10, 'total_gates': 10872, 'num_active_qubits': 43}
[2026-05-22 15:45:12,279] INFO: Clifford QC Metrics:   {'depth': 2466, '2q_gates': 2916, 'clifford_gates': 10872, 'non_clifford_gates': 0, 't_gates': 0, 'total_gates': 10872, 'num_active_qubits': 43}
[2026-05-22 15:45:12,279] INFO: Hamiltonian estimation with MNEAT on Clifford circuit
[2026-05-22 15:45:12,279] INFO: Ideal simulation run
[2026-05-22 15:45:14,110] INFO: Noisy simulation run
[2026-05-22 15:46:52,964] INFO: Mitigation simulation run with technique: zne
[2026-05-22 15:46:52,964] INFO: ZNE factory: richardson, noise_values: [1, 2, 3]
[2026-05-22 15:55:59,935] INFO: Saved ZNE factory plot to M3_P8_S333_Frichardson_out/zne_factory_fit.png
[2026-05-22 15:55:59,936] INFO: Clifford Ideal Estimator Value:       -1536.3642578125
[2026-05-22 15:55:59,936] INFO: Clifford Noisy Estimator Value:       -603.7373046875
[2026-05-22 15:55:59,936] INFO: Clifford Mitigated Estimator Value:   -1463.1328125000023
[2026-05-22 15:55:59,936] INFO: Error % of Noisy vs Ideal:       60.70%
[2026-05-22 15:55:59,936] INFO: Error % of Mitigated vs Ideal:   4.77%
[2026-05-22 15:55:59,936] INFO: Circuit creation time:       0.0350 seconds
[2026-05-22 15:55:59,936] INFO: Transpilation time:          0.9583 seconds
[2026-05-22 15:55:59,936] INFO: Clifford Transpilation time: 0.6091 seconds
[2026-05-22 15:55:59,936] INFO: Clifford Ideal Estimation time:       1.8310 seconds
[2026-05-22 15:55:59,936] INFO: Clifford Noisy Estimation time:       98.8538 seconds
[2026-05-22 15:55:59,936] INFO: Clifford Mitigated Estimation time:   546.7193 seconds
[2026-05-22 15:55:59,936] INFO: ESTIMATOR PERFORMANCE RUN COMPLETED.
[2026-05-22 15:55:59,962] INFO: writing output file: M3_P8_S333_Frichardson_out/output.json
