[2026-03-30 15:26:47,254] INFO: reading parameters file: 'M9_P7_S11111/M9_P7_S11111.yaml'
[2026-03-30 15:26:47,259] INFO: Using seed 11111
[2026-03-30 15:26:47,260] INFO: Output will be written in M9_P7_S11111_out
[2026-03-30 15:26:47,260] INFO: Building backend ibm_torino (AerSimulator)
[2026-03-30 15:26:59,005] INFO: Building SimpleProductionPlanningProblem
[2026-03-30 15:26:59,711] INFO: The problem has 63 logic qubits
[2026-03-30 15:26:59,743] INFO: Building AncillaQAOACircuit with 3 layers
[2026-03-30 15:26:59,831] INFO: Getting virtual circuit metrics
[2026-03-30 15:26:59,883] INFO: Transpiling AncillaQAOACircuit for ibm_torino
[2026-03-30 15:27:03,134] INFO: Getting transpiled circuit metrics
[2026-03-30 15:27:03,819] INFO: Assigning random parameters to the transpiled circuit
[2026-03-30 15:27:03,829] INFO: Preparing Hamiltonian for Estimator
[2026-03-30 15:27:03,831] INFO: Clifford Noise Analysis with NEAT
[2026-03-30 15:27:09,107] INFO: Virtual QC Metrics:    {'depth': 266, '2q_gates': 3003, 'clifford_gates': 126, 'non_clifford_gates': 3080, 't_gates': 0, 'total_gates': 3206, 'num_active_qubits': 70}
[2026-03-30 15:27:09,107] INFO: Transpiled QC Metrics: {'depth': 9944, '2q_gates': 16428, 'clifford_gates': 68520, 'non_clifford_gates': 5023, 't_gates': 8, 'total_gates': 73543, 'num_active_qubits': 75}
[2026-03-30 15:27:09,107] INFO: Clifford QC Metrics:   {'depth': 6545, '2q_gates': 9092, 'clifford_gates': 36109, 'non_clifford_gates': 190, 't_gates': 19, 'total_gates': 36299, 'num_active_qubits': 75}
[2026-03-30 15:27:09,107] INFO: Ideal simulation run on Clifford circuit
[2026-03-30 15:27:15,756] INFO: Noisy simulation run on Clifford circuit
[2026-03-30 15:27:15,756] INFO: Full noise simulation run on Clifford circuit
[2026-03-30 15:30:05,078] INFO: Clifford Ideal Estimator Value:  -6498023.1162109375
[2026-03-30 15:30:05,078] INFO: Clifford Noisy Estimator Value:  -1291965.833984375
[2026-03-30 15:30:05,078] INFO: Circuit creation time:       0.0883 seconds
[2026-03-30 15:30:05,078] INFO: Transpilation time:          3.2505 seconds
[2026-03-30 15:30:05,078] INFO: Clifford Transpilation time: 3.6852 seconds
[2026-03-30 15:30:05,078] INFO: Clifford Ideal Estimation time:  6.6487 seconds
[2026-03-30 15:30:05,078] INFO: Clifford Noisy Estimation time:  169.3217 seconds
[2026-03-30 15:30:05,079] INFO: ESTIMATOR PERFORMANCE RUN COMPLETED.
[2026-03-30 15:30:05,091] INFO: writing output file: M9_P7_S11111_out/output.json
