[2026-05-22 14:28:48,969] INFO: reading parameters file: 'M2_P6_S111_Fadaexp/M2_P6_S111_Fadaexp.yaml'
[2026-05-22 14:28:48,976] INFO: Using seed 111
[2026-05-22 14:28:48,976] INFO: Output will be written in M2_P6_S111_Fadaexp_out
[2026-05-22 14:28:48,976] INFO: Building backend ibm_marrakesh (AerSimulator)
[2026-05-22 14:29:01,995] INFO: Building SimpleProductionPlanningProblem
[2026-05-22 14:29:03,099] INFO: The problem has 18 logic qubits
[2026-05-22 14:29:03,104] INFO: Building AncillaQAOACircuit with 2 layers
[2026-05-22 14:29:03,116] INFO: Getting virtual circuit metrics
[2026-05-22 14:29:03,118] INFO: Transpiling AncillaQAOACircuit for ibm_marrakesh
[2026-05-22 14:29:03,483] INFO: Getting transpiled circuit metrics
[2026-05-22 14:29:03,503] INFO: Assigning random parameters to the transpiled circuit
[2026-05-22 14:29:03,506] INFO: Preparing Hamiltonian for Estimator
[2026-05-22 14:29:03,506] INFO: Clifford Noise Analysis with MNEAT
[2026-05-22 14:29:04,714] INFO: Virtual QC Metrics:    {'depth': 48, '2q_gates': 198, 'clifford_gates': 36, 'non_clifford_gates': 228, 't_gates': 0, 'total_gates': 264, 'num_active_qubits': 24}
[2026-05-22 14:29:04,714] INFO: Transpiled QC Metrics: {'depth': 1046, '2q_gates': 1046, 'clifford_gates': 3778, 'non_clifford_gates': 261, 't_gates': 0, 'total_gates': 4039, 'num_active_qubits': 24}
[2026-05-22 14:29:04,714] INFO: Clifford QC Metrics:   {'depth': 1046, '2q_gates': 1046, 'clifford_gates': 4039, 'non_clifford_gates': 0, 't_gates': 0, 'total_gates': 4039, 'num_active_qubits': 24}
[2026-05-22 14:29:04,714] INFO: Hamiltonian estimation with MNEAT on Clifford circuit
[2026-05-22 14:29:04,714] INFO: Ideal simulation run
[2026-05-22 14:29:05,203] INFO: Noisy simulation run
[2026-05-22 14:29:42,476] INFO: Mitigation simulation run with technique: zne
[2026-05-22 14:29:42,476] INFO: ZNE factory: adaexp, noise_values: [1, 2, 3]
[2026-05-22 14:34:41,905] INFO: Saved ZNE factory plot to M2_P6_S111_Fadaexp_out/zne_factory_fit.png
[2026-05-22 14:34:41,905] INFO: Clifford Ideal Estimator Value:       -217.376953125
[2026-05-22 14:34:41,905] INFO: Clifford Noisy Estimator Value:       -60.8330078125
[2026-05-22 14:34:41,905] INFO: Clifford Mitigated Estimator Value:   -120.98604774639612
[2026-05-22 14:34:41,905] INFO: Error % of Noisy vs Ideal:       72.01%
[2026-05-22 14:34:41,905] INFO: Error % of Mitigated vs Ideal:   44.34%
[2026-05-22 14:34:41,905] INFO: Circuit creation time:       0.0117 seconds
[2026-05-22 14:34:41,905] INFO: Transpilation time:          0.3643 seconds
[2026-05-22 14:34:41,905] INFO: Clifford Transpilation time: 0.0208 seconds
[2026-05-22 14:34:41,905] INFO: Clifford Ideal Estimation time:       0.4886 seconds
[2026-05-22 14:34:41,905] INFO: Clifford Noisy Estimation time:       37.2728 seconds
[2026-05-22 14:34:41,905] INFO: Clifford Mitigated Estimation time:   299.1639 seconds
[2026-05-22 14:34:41,905] INFO: ESTIMATOR PERFORMANCE RUN COMPLETED.
[2026-05-22 14:34:41,930] INFO: writing output file: M2_P6_S111_Fadaexp_out/output.json
