[2026-03-04 18:41:56,836] INFO: reading parameters file: 'G13_I5_S33333/G13_I5_S33333.yaml'
[2026-03-04 18:41:56,843] INFO: Using seed 33333
[2026-03-04 18:41:56,843] INFO: Output will be written in G13_I5_S33333_out
[2026-03-04 18:41:56,843] INFO: Building backend ibm_torino (AerSimulator)
[2026-03-04 18:42:09,152] INFO: Building QGSUncProblem
[2026-03-04 18:47:11,516] INFO: The problem has 65 logic qubits
[2026-03-04 18:47:11,645] INFO: Building AncillaQAOACircuit with 3 layers
[2026-03-04 18:47:11,912] INFO: Getting virtual circuit metrics
[2026-03-04 18:47:12,024] INFO: Transpiling AncillaQAOACircuit for ibm_torino
[2026-03-04 18:47:19,111] INFO: Getting transpiled circuit metrics
[2026-03-04 18:47:20,536] INFO: Assigning random parameters to the transpiled circuit
[2026-03-04 18:47:20,560] INFO: Preparing Hamiltonian for Estimator
[2026-03-04 18:47:20,564] INFO: Clifford Noise Analysis with NEAT
[2026-03-04 18:47:31,207] INFO: Virtual QC Metrics:    {'depth': 311, '2q_gates': 7176, 'clifford_gates': 130, 'non_clifford_gates': 7267, 't_gates': 0, 'total_gates': 7397, 'num_active_qubits': 78}
[2026-03-04 18:47:31,207] INFO: Transpiled QC Metrics: {'depth': 18463, '2q_gates': 36437, 'clifford_gates': 145724, 'non_clifford_gates': 9827, 't_gates': 16, 'total_gates': 155551, 'num_active_qubits': 80}
[2026-03-04 18:47:31,208] INFO: Clifford QC Metrics:   {'depth': 9917, '2q_gates': 23789, 'clifford_gates': 95230, 'non_clifford_gates': 854, 't_gates': 16, 'total_gates': 96084, 'num_active_qubits': 80}
[2026-03-04 18:47:31,208] INFO: Ideal simulation run on Clifford circuit
[2026-03-04 18:47:59,431] INFO: Noisy simulation run on Clifford circuit
[2026-03-04 18:47:59,431] INFO: Full noise simulation run on Clifford circuit
[2026-03-04 18:55:28,821] INFO: Clifford Ideal Estimator Value:  1.7975386338233545
[2026-03-04 18:55:28,822] INFO: Clifford Noisy Estimator Value:  -0.2657492611113222
[2026-03-04 18:55:28,822] INFO: Circuit creation time:       0.2669 seconds
[2026-03-04 18:55:28,822] INFO: Transpilation time:          7.0867 seconds
[2026-03-04 18:55:28,822] INFO: Clifford Transpilation time: 8.5328 seconds
[2026-03-04 18:55:28,822] INFO: Clifford Ideal Estimation time:  28.2233 seconds
[2026-03-04 18:55:28,822] INFO: Clifford Noisy Estimation time:  449.3899 seconds
[2026-03-04 18:55:28,822] INFO: ESTIMATOR PERFORMANCE RUN COMPLETED.
[2026-03-04 18:55:28,834] INFO: writing output file: G13_I5_S33333_out/output.json
