[2026-05-22 14:37:59,861] INFO: reading parameters file: 'M2_P8_S222_Fadaexp/M2_P8_S222_Fadaexp.yaml'
[2026-05-22 14:37:59,866] INFO: Using seed 222
[2026-05-22 14:37:59,866] INFO: Output will be written in M2_P8_S222_Fadaexp_out
[2026-05-22 14:37:59,866] INFO: Building backend ibm_marrakesh (AerSimulator)
[2026-05-22 14:38:14,423] INFO: Building SimpleProductionPlanningProblem
[2026-05-22 14:38:18,008] INFO: The problem has 22 logic qubits
[2026-05-22 14:38:18,016] INFO: Building AncillaQAOACircuit with 2 layers
[2026-05-22 14:38:18,037] INFO: Getting virtual circuit metrics
[2026-05-22 14:38:18,042] INFO: Transpiling AncillaQAOACircuit for ibm_marrakesh
[2026-05-22 14:38:18,609] INFO: Getting transpiled circuit metrics
[2026-05-22 14:38:18,656] INFO: Assigning random parameters to the transpiled circuit
[2026-05-22 14:38:18,663] INFO: Preparing Hamiltonian for Estimator
[2026-05-22 14:38:18,663] INFO: Clifford Noise Analysis with MNEAT
[2026-05-22 14:38:20,080] INFO: Virtual QC Metrics:    {'depth': 58, '2q_gates': 292, 'clifford_gates': 46, 'non_clifford_gates': 324, 't_gates': 0, 'total_gates': 370, 'num_active_qubits': 30}
[2026-05-22 14:38:20,080] INFO: Transpiled QC Metrics: {'depth': 1574, '2q_gates': 1699, 'clifford_gates': 6049, 'non_clifford_gates': 389, 't_gates': 0, 'total_gates': 6438, 'num_active_qubits': 35}
[2026-05-22 14:38:20,080] INFO: Clifford QC Metrics:   {'depth': 1574, '2q_gates': 1699, 'clifford_gates': 6438, 'non_clifford_gates': 0, 't_gates': 0, 'total_gates': 6438, 'num_active_qubits': 35}
[2026-05-22 14:38:20,080] INFO: Hamiltonian estimation with MNEAT on Clifford circuit
[2026-05-22 14:38:20,080] INFO: Ideal simulation run
[2026-05-22 14:38:21,065] INFO: Noisy simulation run
[2026-05-22 14:39:19,287] INFO: Mitigation simulation run with technique: zne
[2026-05-22 14:39:19,287] INFO: ZNE factory: adaexp, noise_values: [1, 2, 3]
[2026-05-22 14:47:38,576] INFO: Saved ZNE factory plot to M2_P8_S222_Fadaexp_out/zne_factory_fit.png
[2026-05-22 14:47:38,576] INFO: Clifford Ideal Estimator Value:       -413.7109375
[2026-05-22 14:47:38,576] INFO: Clifford Noisy Estimator Value:       -55.8779296875
[2026-05-22 14:47:38,576] INFO: Clifford Mitigated Estimator Value:   -199.1799814933496
[2026-05-22 14:47:38,576] INFO: Error % of Noisy vs Ideal:       86.49%
[2026-05-22 14:47:38,576] INFO: Error % of Mitigated vs Ideal:   51.86%
[2026-05-22 14:47:38,576] INFO: Circuit creation time:       0.0216 seconds
[2026-05-22 14:47:38,576] INFO: Transpilation time:          0.5673 seconds
[2026-05-22 14:47:38,576] INFO: Clifford Transpilation time: 0.0390 seconds
[2026-05-22 14:47:38,576] INFO: Clifford Ideal Estimation time:       0.9845 seconds
[2026-05-22 14:47:38,576] INFO: Clifford Noisy Estimation time:       58.2221 seconds
[2026-05-22 14:47:38,576] INFO: Clifford Mitigated Estimation time:   499.0414 seconds
[2026-05-22 14:47:38,576] INFO: ESTIMATOR PERFORMANCE RUN COMPLETED.
[2026-05-22 14:47:38,602] INFO: writing output file: M2_P8_S222_Fadaexp_out/output.json
