[2026-01-14 10:15:53,094] INFO: reading parameters file: 'N_nodes12_N_layers2/N_nodes12_N_layers2.yaml'
[2026-01-14 10:15:53,096] INFO: Using seed 12345
[2026-01-14 10:15:53,096] INFO: Output will be written in N_nodes12_N_layers2_out
[2026-01-14 10:15:53,096] INFO: Building backend ibm_torino (AerSimulator)
[2026-01-14 10:15:59,870] INFO: Building MaxCutProblem
[2026-01-14 10:15:59,942] INFO: The problem has 12 logic qubits
[2026-01-14 10:15:59,943] INFO: Building QAOACircuit with 2 layers
[2026-01-14 10:15:59,976] INFO: Transpiling QAOACircuit for ibm_torino
[2026-01-14 10:16:01,297] INFO: Preparing Hamiltonian for Estimator
[2026-01-14 10:16:01,297] INFO: Building pruned noise model
[2026-01-14 10:16:01,324] INFO: Clifford Noise Analysis with NEAT
[2026-01-14 10:16:02,143] INFO: Ideal simulation run on Clifford circuit
[2026-01-14 10:16:02,236] INFO: Noisy simulation run on Clifford circuit
[2026-01-14 10:16:04,628] INFO: Pruned noise simulation run on Clifford circuit
[2026-01-14 10:16:05,001] INFO: Virtual QC Metrics:    {'depth': 91, '2q_gates': 172, 'clifford_gates': 172, 'non_clifford_gates': 122, 't_gates': 0, 'total_gates': 294, 'num_active_qubits': 12}
[2026-01-14 10:16:05,001] INFO: Transpiled QC Metrics: {'depth': 1563, '2q_gates': 456, 'clifford_gates': 456, 'non_clifford_gates': 3991, 't_gates': 0, 'total_gates': 4447, 'num_active_qubits': 12}
[2026-01-14 10:16:05,001] INFO: Clifford QC Metrics:   {'depth': 973, '2q_gates': 364, 'clifford_gates': 364, 'non_clifford_gates': 2828, 't_gates': 0, 'total_gates': 3192, 'num_active_qubits': 12}
[2026-01-14 10:16:05,001] INFO: Clifford Ideal Estimator Value:  -0.17578125
[2026-01-14 10:16:05,001] INFO: Clifford Noisy Estimator Value:  -0.150390625
[2026-01-14 10:16:05,001] INFO: Clifford Pruned Estimator Value: -0.150390625
[2026-01-14 10:16:05,001] INFO: Circuit creation time:       0.0024 seconds
[2026-01-14 10:16:05,001] INFO: Transpilation time:          0.0443 seconds
[2026-01-14 10:16:05,001] INFO: Clifford Transpilation time: 0.0299 seconds
[2026-01-14 10:16:05,001] INFO: Clifford Ideal Estimation time:  0.0933 seconds
[2026-01-14 10:16:05,001] INFO: Clifford Noisy Estimation time:  2.3918 seconds
[2026-01-14 10:16:05,001] INFO: Clifford Pruned Estimation time: 0.3726 seconds
[2026-01-14 10:16:05,001] INFO: ESTIMATOR PERFORMANCE RUN COMPLETED.
[2026-01-14 10:16:05,005] INFO: writing output file: N_nodes12_N_layers2_out/output.json
