[2026-05-22 18:01:05,199] INFO: reading parameters file: 'M4_P8_S444_Fadaexp/M4_P8_S444_Fadaexp.yaml'
[2026-05-22 18:01:05,247] INFO: Using seed 444
[2026-05-22 18:01:05,249] INFO: Output will be written in M4_P8_S444_Fadaexp_out
[2026-05-22 18:01:05,249] INFO: Building backend ibm_marrakesh (AerSimulator)
[2026-05-22 18:01:32,077] INFO: Building SimpleProductionPlanningProblem
[2026-05-22 18:06:32,518] INFO: The problem has 40 logic qubits
[2026-05-22 18:06:32,528] INFO: Building AncillaQAOACircuit with 2 layers
[2026-05-22 18:06:32,563] INFO: Getting virtual circuit metrics
[2026-05-22 18:06:32,571] INFO: Transpiling AncillaQAOACircuit for ibm_marrakesh
[2026-05-22 18:06:34,568] INFO: Getting transpiled circuit metrics
[2026-05-22 18:06:34,662] INFO: Assigning random parameters to the transpiled circuit
[2026-05-22 18:06:34,672] INFO: Preparing Hamiltonian for Estimator
[2026-05-22 18:06:34,673] INFO: Clifford Noise Analysis with MNEAT
[2026-05-22 18:06:36,721] INFO: Virtual QC Metrics:    {'depth': 101, '2q_gates': 720, 'clifford_gates': 72, 'non_clifford_gates': 768, 't_gates': 0, 'total_gates': 840, 'num_active_qubits': 48}
[2026-05-22 18:06:36,721] INFO: Transpiled QC Metrics: {'depth': 3411, '2q_gates': 4634, 'clifford_gates': 16352, 'non_clifford_gates': 933, 't_gates': 9, 'total_gates': 17285, 'num_active_qubits': 50}
[2026-05-22 18:06:36,721] INFO: Clifford QC Metrics:   {'depth': 3411, '2q_gates': 4634, 'clifford_gates': 17285, 'non_clifford_gates': 0, 't_gates': 0, 'total_gates': 17285, 'num_active_qubits': 50}
[2026-05-22 18:06:36,721] INFO: Hamiltonian estimation with MNEAT on Clifford circuit
[2026-05-22 18:06:36,721] INFO: Ideal simulation run
[2026-05-22 18:06:39,672] INFO: Noisy simulation run
[2026-05-22 18:09:29,361] INFO: Mitigation simulation run with technique: zne
[2026-05-22 18:09:29,361] INFO: ZNE factory: adaexp, noise_values: [1, 2, 3]
[2026-05-22 18:33:34,666] INFO: Saved ZNE factory plot to M4_P8_S444_Fadaexp_out/zne_factory_fit.png
[2026-05-22 18:33:34,666] INFO: Clifford Ideal Estimator Value:       -4476.9638671875
[2026-05-22 18:33:34,666] INFO: Clifford Noisy Estimator Value:       -2109.943359375
[2026-05-22 18:33:34,667] INFO: Clifford Mitigated Estimator Value:   -5149.073878578527
[2026-05-22 18:33:34,667] INFO: Error % of Noisy vs Ideal:       52.87%
[2026-05-22 18:33:34,667] INFO: Error % of Mitigated vs Ideal:   15.01%
[2026-05-22 18:33:34,667] INFO: Circuit creation time:       0.0352 seconds
[2026-05-22 18:33:34,667] INFO: Transpilation time:          1.9965 seconds
[2026-05-22 18:33:34,667] INFO: Clifford Transpilation time: 0.0910 seconds
[2026-05-22 18:33:34,667] INFO: Clifford Ideal Estimation time:       2.9505 seconds
[2026-05-22 18:33:34,667] INFO: Clifford Noisy Estimation time:       169.6888 seconds
[2026-05-22 18:33:34,667] INFO: Clifford Mitigated Estimation time:   1445.0366 seconds
[2026-05-22 18:33:34,667] INFO: ESTIMATOR PERFORMANCE RUN COMPLETED.
[2026-05-22 18:33:34,696] INFO: writing output file: M4_P8_S444_Fadaexp_out/output.json
