[2026-05-22 14:50:13,614] INFO: reading parameters file: 'M2_P10_S222_Flinear/M2_P10_S222_Flinear.yaml'
[2026-05-22 14:50:13,618] INFO: Using seed 222
[2026-05-22 14:50:13,619] INFO: Output will be written in M2_P10_S222_Flinear_out
[2026-05-22 14:50:13,619] INFO: Building backend ibm_marrakesh (AerSimulator)
[2026-05-22 14:50:27,998] INFO: Building SimpleProductionPlanningProblem
[2026-05-22 14:52:49,276] INFO: The problem has 26 logic qubits
[2026-05-22 14:52:49,286] INFO: Building AncillaQAOACircuit with 2 layers
[2026-05-22 14:52:49,312] INFO: Getting virtual circuit metrics
[2026-05-22 14:52:49,317] INFO: Transpiling AncillaQAOACircuit for ibm_marrakesh
[2026-05-22 14:52:50,139] INFO: Getting transpiled circuit metrics
[2026-05-22 14:52:50,194] INFO: Assigning random parameters to the transpiled circuit
[2026-05-22 14:52:50,201] INFO: Preparing Hamiltonian for Estimator
[2026-05-22 14:52:50,202] INFO: Clifford Noise Analysis with MNEAT
[2026-05-22 14:52:52,311] INFO: Virtual QC Metrics:    {'depth': 68, '2q_gates': 402, 'clifford_gates': 56, 'non_clifford_gates': 436, 't_gates': 0, 'total_gates': 492, 'num_active_qubits': 36}
[2026-05-22 14:52:52,311] INFO: Transpiled QC Metrics: {'depth': 2212, '2q_gates': 2455, 'clifford_gates': 8634, 'non_clifford_gates': 486, 't_gates': 0, 'total_gates': 9120, 'num_active_qubits': 37}
[2026-05-22 14:52:52,311] INFO: Clifford QC Metrics:   {'depth': 2212, '2q_gates': 2455, 'clifford_gates': 9120, 'non_clifford_gates': 0, 't_gates': 0, 'total_gates': 9120, 'num_active_qubits': 37}
[2026-05-22 14:52:52,311] INFO: Hamiltonian estimation with MNEAT on Clifford circuit
[2026-05-22 14:52:52,311] INFO: Ideal simulation run
[2026-05-22 14:52:53,993] INFO: Noisy simulation run
[2026-05-22 14:54:36,598] INFO: Mitigation simulation run with technique: zne
[2026-05-22 14:54:36,598] INFO: ZNE factory: linear, noise_values: [1, 2, 3]
[2026-05-22 15:03:45,386] INFO: Saved ZNE factory plot to M2_P10_S222_Flinear_out/zne_factory_fit.png
[2026-05-22 15:03:45,386] INFO: Clifford Ideal Estimator Value:       -576.6826171875
[2026-05-22 15:03:45,386] INFO: Clifford Noisy Estimator Value:       -30.435546875
[2026-05-22 15:03:45,386] INFO: Clifford Mitigated Estimator Value:   -49.72591145833333
[2026-05-22 15:03:45,386] INFO: Error % of Noisy vs Ideal:       94.72%
[2026-05-22 15:03:45,386] INFO: Error % of Mitigated vs Ideal:   91.38%
[2026-05-22 15:03:45,386] INFO: Circuit creation time:       0.0259 seconds
[2026-05-22 15:03:45,386] INFO: Transpilation time:          0.8214 seconds
[2026-05-22 15:03:45,386] INFO: Clifford Transpilation time: 0.7098 seconds
[2026-05-22 15:03:45,386] INFO: Clifford Ideal Estimation time:       1.6815 seconds
[2026-05-22 15:03:45,386] INFO: Clifford Noisy Estimation time:       102.6046 seconds
[2026-05-22 15:03:45,386] INFO: Clifford Mitigated Estimation time:   548.5717 seconds
[2026-05-22 15:03:45,386] INFO: ESTIMATOR PERFORMANCE RUN COMPLETED.
[2026-05-22 15:03:45,414] INFO: writing output file: M2_P10_S222_Flinear_out/output.json
