[2026-05-22 16:17:08,189] INFO: reading parameters file: 'M3_P10_S444_Fadaexp/M3_P10_S444_Fadaexp.yaml'
[2026-05-22 16:17:08,195] INFO: Using seed 444
[2026-05-22 16:17:08,195] INFO: Output will be written in M3_P10_S444_Fadaexp_out
[2026-05-22 16:17:08,195] INFO: Building backend ibm_marrakesh (AerSimulator)
[2026-05-22 16:17:23,856] INFO: Building SimpleProductionPlanningProblem
[2026-05-22 16:22:24,160] INFO: The problem has 39 logic qubits
[2026-05-22 16:22:24,180] INFO: Building AncillaQAOACircuit with 2 layers
[2026-05-22 16:22:24,246] INFO: Getting virtual circuit metrics
[2026-05-22 16:22:24,258] INFO: Transpiling AncillaQAOACircuit for ibm_marrakesh
[2026-05-22 16:22:25,814] INFO: Getting transpiled circuit metrics
[2026-05-22 16:22:25,973] INFO: Assigning random parameters to the transpiled circuit
[2026-05-22 16:22:25,992] INFO: Preparing Hamiltonian for Estimator
[2026-05-22 16:22:25,993] INFO: Clifford Noise Analysis with MNEAT
[2026-05-22 16:22:28,427] INFO: Virtual QC Metrics:    {'depth': 94, '2q_gates': 708, 'clifford_gates': 69, 'non_clifford_gates': 764, 't_gates': 0, 'total_gates': 833, 'num_active_qubits': 49}
[2026-05-22 16:22:28,427] INFO: Transpiled QC Metrics: {'depth': 3516, '2q_gates': 4827, 'clifford_gates': 16892, 'non_clifford_gates': 948, 't_gates': 12, 'total_gates': 17840, 'num_active_qubits': 52}
[2026-05-22 16:22:28,427] INFO: Clifford QC Metrics:   {'depth': 3516, '2q_gates': 4827, 'clifford_gates': 17840, 'non_clifford_gates': 0, 't_gates': 0, 'total_gates': 17840, 'num_active_qubits': 52}
[2026-05-22 16:22:28,427] INFO: Hamiltonian estimation with MNEAT on Clifford circuit
[2026-05-22 16:22:28,427] INFO: Ideal simulation run
[2026-05-22 16:22:31,485] INFO: Noisy simulation run
[2026-05-22 16:24:13,964] INFO: Mitigation simulation run with technique: zne
[2026-05-22 16:24:13,964] INFO: ZNE factory: adaexp, noise_values: [1, 2, 3]
[2026-05-22 16:40:15,235] INFO: Saved ZNE factory plot to M3_P10_S444_Fadaexp_out/zne_factory_fit.png
[2026-05-22 16:40:15,235] INFO: Clifford Ideal Estimator Value:       -1855.693359375
[2026-05-22 16:40:15,235] INFO: Clifford Noisy Estimator Value:       -531.3349609375
[2026-05-22 16:40:15,236] INFO: Clifford Mitigated Estimator Value:   -852.3420553717157
[2026-05-22 16:40:15,236] INFO: Error % of Noisy vs Ideal:       71.37%
[2026-05-22 16:40:15,236] INFO: Error % of Mitigated vs Ideal:   54.07%
[2026-05-22 16:40:15,236] INFO: Circuit creation time:       0.0660 seconds
[2026-05-22 16:40:15,236] INFO: Transpilation time:          1.5566 seconds
[2026-05-22 16:40:15,236] INFO: Clifford Transpilation time: 0.1131 seconds
[2026-05-22 16:40:15,236] INFO: Clifford Ideal Estimation time:       3.0576 seconds
[2026-05-22 16:40:15,236] INFO: Clifford Noisy Estimation time:       102.4789 seconds
[2026-05-22 16:40:15,236] INFO: Clifford Mitigated Estimation time:   960.9558 seconds
[2026-05-22 16:40:15,236] INFO: ESTIMATOR PERFORMANCE RUN COMPLETED.
[2026-05-22 16:40:15,260] INFO: writing output file: M3_P10_S444_Fadaexp_out/output.json
