[2026-05-22 15:14:56,948] INFO: reading parameters file: 'M2_P12_S444_Frichardson/M2_P12_S444_Frichardson.yaml'
[2026-05-22 15:14:56,952] INFO: Using seed 444
[2026-05-22 15:14:56,952] INFO: Output will be written in M2_P12_S444_Frichardson_out
[2026-05-22 15:14:56,952] INFO: Building backend ibm_marrakesh (AerSimulator)
[2026-05-22 15:15:09,934] INFO: Building SimpleProductionPlanningProblem
[2026-05-22 15:20:10,093] INFO: The problem has 30 logic qubits
[2026-05-22 15:20:10,102] INFO: Building AncillaQAOACircuit with 2 layers
[2026-05-22 15:20:10,132] INFO: Getting virtual circuit metrics
[2026-05-22 15:20:10,138] INFO: Transpiling AncillaQAOACircuit for ibm_marrakesh
[2026-05-22 15:20:11,100] INFO: Getting transpiled circuit metrics
[2026-05-22 15:20:11,164] INFO: Assigning random parameters to the transpiled circuit
[2026-05-22 15:20:11,171] INFO: Preparing Hamiltonian for Estimator
[2026-05-22 15:20:11,172] INFO: Clifford Noise Analysis with MNEAT
[2026-05-22 15:20:13,168] INFO: Virtual QC Metrics:    {'depth': 78, '2q_gates': 528, 'clifford_gates': 66, 'non_clifford_gates': 564, 't_gates': 0, 'total_gates': 630, 'num_active_qubits': 42}
[2026-05-22 15:20:13,168] INFO: Transpiled QC Metrics: {'depth': 2948, '2q_gates': 3300, 'clifford_gates': 11589, 'non_clifford_gates': 639, 't_gates': 0, 'total_gates': 12228, 'num_active_qubits': 43}
[2026-05-22 15:20:13,168] INFO: Clifford QC Metrics:   {'depth': 2948, '2q_gates': 3300, 'clifford_gates': 12228, 'non_clifford_gates': 0, 't_gates': 0, 'total_gates': 12228, 'num_active_qubits': 43}
[2026-05-22 15:20:13,169] INFO: Hamiltonian estimation with MNEAT on Clifford circuit
[2026-05-22 15:20:13,169] INFO: Ideal simulation run
[2026-05-22 15:20:15,326] INFO: Noisy simulation run
[2026-05-22 15:22:13,255] INFO: Mitigation simulation run with technique: zne
[2026-05-22 15:22:13,255] INFO: ZNE factory: richardson, noise_values: [1, 2, 3]
[2026-05-22 15:33:02,399] INFO: Saved ZNE factory plot to M2_P12_S444_Frichardson_out/zne_factory_fit.png
[2026-05-22 15:33:02,399] INFO: Clifford Ideal Estimator Value:       -699.3291015625
[2026-05-22 15:33:02,399] INFO: Clifford Noisy Estimator Value:       -23.66796875
[2026-05-22 15:33:02,399] INFO: Clifford Mitigated Estimator Value:   -402.11035156250153
[2026-05-22 15:33:02,399] INFO: Error % of Noisy vs Ideal:       96.62%
[2026-05-22 15:33:02,399] INFO: Error % of Mitigated vs Ideal:   42.50%
[2026-05-22 15:33:02,399] INFO: Circuit creation time:       0.0298 seconds
[2026-05-22 15:33:02,400] INFO: Transpilation time:          0.9621 seconds
[2026-05-22 15:33:02,400] INFO: Clifford Transpilation time: 0.0659 seconds
[2026-05-22 15:33:02,400] INFO: Clifford Ideal Estimation time:       2.1572 seconds
[2026-05-22 15:33:02,400] INFO: Clifford Noisy Estimation time:       117.9289 seconds
[2026-05-22 15:33:02,400] INFO: Clifford Mitigated Estimation time:   648.8902 seconds
[2026-05-22 15:33:02,400] INFO: ESTIMATOR PERFORMANCE RUN COMPLETED.
[2026-05-22 15:33:02,429] INFO: writing output file: M2_P12_S444_Frichardson_out/output.json
