[2026-05-22 14:28:47,075] INFO: reading parameters file: 'M2_P6_S222_Fadaexp/M2_P6_S222_Fadaexp.yaml'
[2026-05-22 14:28:47,080] INFO: Using seed 222
[2026-05-22 14:28:47,080] INFO: Output will be written in M2_P6_S222_Fadaexp_out
[2026-05-22 14:28:47,080] INFO: Building backend ibm_marrakesh (AerSimulator)
[2026-05-22 14:29:01,308] INFO: Building SimpleProductionPlanningProblem
[2026-05-22 14:29:01,515] INFO: The problem has 18 logic qubits
[2026-05-22 14:29:01,520] INFO: Building AncillaQAOACircuit with 2 layers
[2026-05-22 14:29:01,535] INFO: Getting virtual circuit metrics
[2026-05-22 14:29:01,538] INFO: Transpiling AncillaQAOACircuit for ibm_marrakesh
[2026-05-22 14:29:01,941] INFO: Getting transpiled circuit metrics
[2026-05-22 14:29:01,973] INFO: Assigning random parameters to the transpiled circuit
[2026-05-22 14:29:01,978] INFO: Preparing Hamiltonian for Estimator
[2026-05-22 14:29:01,978] INFO: Clifford Noise Analysis with MNEAT
[2026-05-22 14:29:03,435] INFO: Virtual QC Metrics:    {'depth': 48, '2q_gates': 198, 'clifford_gates': 36, 'non_clifford_gates': 228, 't_gates': 0, 'total_gates': 264, 'num_active_qubits': 24}
[2026-05-22 14:29:03,435] INFO: Transpiled QC Metrics: {'depth': 1223, '2q_gates': 1090, 'clifford_gates': 3968, 'non_clifford_gates': 269, 't_gates': 0, 'total_gates': 4237, 'num_active_qubits': 24}
[2026-05-22 14:29:03,435] INFO: Clifford QC Metrics:   {'depth': 1223, '2q_gates': 1090, 'clifford_gates': 4237, 'non_clifford_gates': 0, 't_gates': 0, 'total_gates': 4237, 'num_active_qubits': 24}
[2026-05-22 14:29:03,435] INFO: Hamiltonian estimation with MNEAT on Clifford circuit
[2026-05-22 14:29:03,435] INFO: Ideal simulation run
[2026-05-22 14:29:03,956] INFO: Noisy simulation run
[2026-05-22 14:29:40,923] INFO: Mitigation simulation run with technique: zne
[2026-05-22 14:29:40,923] INFO: ZNE factory: adaexp, noise_values: [1, 2, 3]
