[2026-03-04 18:35:53,002] INFO: reading parameters file: 'G13_I3_S33333/G13_I3_S33333.yaml'
[2026-03-04 18:35:53,015] INFO: Using seed 33333
[2026-03-04 18:35:53,015] INFO: Output will be written in G13_I3_S33333_out
[2026-03-04 18:35:53,016] INFO: Building backend ibm_torino (AerSimulator)
[2026-03-04 18:36:06,950] INFO: Building QGSUncProblem
[2026-03-04 18:36:45,017] INFO: The problem has 39 logic qubits
[2026-03-04 18:36:45,067] INFO: Building AncillaQAOACircuit with 3 layers
[2026-03-04 18:36:45,168] INFO: Getting virtual circuit metrics
[2026-03-04 18:36:45,214] INFO: Transpiling AncillaQAOACircuit for ibm_torino
[2026-03-04 18:36:47,764] INFO: Getting transpiled circuit metrics
[2026-03-04 18:36:48,346] INFO: Assigning random parameters to the transpiled circuit
[2026-03-04 18:36:48,356] INFO: Preparing Hamiltonian for Estimator
[2026-03-04 18:36:48,358] INFO: Clifford Noise Analysis with NEAT
[2026-03-04 18:36:53,073] INFO: Virtual QC Metrics:    {'depth': 185, '2q_gates': 2535, 'clifford_gates': 78, 'non_clifford_gates': 2600, 't_gates': 0, 'total_gates': 2678, 'num_active_qubits': 52}
[2026-03-04 18:36:53,073] INFO: Transpiled QC Metrics: {'depth': 6723, '2q_gates': 12261, 'clifford_gates': 48716, 'non_clifford_gates': 3336, 't_gates': 14, 'total_gates': 52052, 'num_active_qubits': 52}
[2026-03-04 18:36:53,073] INFO: Clifford QC Metrics:   {'depth': 3390, '2q_gates': 7624, 'clifford_gates': 30623, 'non_clifford_gates': 374, 't_gates': 4, 'total_gates': 30997, 'num_active_qubits': 52}
[2026-03-04 18:36:53,073] INFO: Ideal simulation run on Clifford circuit
[2026-03-04 18:37:04,492] INFO: Noisy simulation run on Clifford circuit
[2026-03-04 18:37:04,492] INFO: Full noise simulation run on Clifford circuit
[2026-03-04 18:41:48,827] INFO: Clifford Ideal Estimator Value:  -1.450049898218564
[2026-03-04 18:41:48,827] INFO: Clifford Noisy Estimator Value:  0.09757131577751212
[2026-03-04 18:41:48,827] INFO: Circuit creation time:       0.1015 seconds
[2026-03-04 18:41:48,828] INFO: Transpilation time:          2.5499 seconds
[2026-03-04 18:41:48,828] INFO: Clifford Transpilation time: 2.9997 seconds
[2026-03-04 18:41:48,828] INFO: Clifford Ideal Estimation time:  11.4182 seconds
[2026-03-04 18:41:48,828] INFO: Clifford Noisy Estimation time:  284.3346 seconds
[2026-03-04 18:41:48,828] INFO: ESTIMATOR PERFORMANCE RUN COMPLETED.
[2026-03-04 18:41:48,843] INFO: writing output file: G13_I3_S33333_out/output.json
