[2026-01-14 10:15:26,655] INFO: reading parameters file: 'N_nodes9_N_layers5/N_nodes9_N_layers5.yaml'
[2026-01-14 10:15:26,657] INFO: Using seed 12345
[2026-01-14 10:15:26,657] INFO: Output will be written in N_nodes9_N_layers5_out
[2026-01-14 10:15:26,657] INFO: Building backend ibm_torino (AerSimulator)
[2026-01-14 10:15:32,807] INFO: Building MaxCutProblem
[2026-01-14 10:15:32,825] INFO: The problem has 9 logic qubits
[2026-01-14 10:15:32,826] INFO: Building QAOACircuit with 5 layers
[2026-01-14 10:15:32,875] INFO: Transpiling QAOACircuit for ibm_torino
[2026-01-14 10:15:35,455] INFO: Preparing Hamiltonian for Estimator
[2026-01-14 10:15:35,455] INFO: Building pruned noise model
[2026-01-14 10:15:35,474] INFO: Clifford Noise Analysis with NEAT
[2026-01-14 10:15:36,309] INFO: Ideal simulation run on Clifford circuit
[2026-01-14 10:15:36,401] INFO: Noisy simulation run on Clifford circuit
[2026-01-14 10:15:38,978] INFO: Pruned noise simulation run on Clifford circuit
[2026-01-14 10:15:39,366] INFO: Virtual QC Metrics:    {'depth': 142, '2q_gates': 250, 'clifford_gates': 250, 'non_clifford_gates': 179, 't_gates': 0, 'total_gates': 429, 'num_active_qubits': 9}
[2026-01-14 10:15:39,366] INFO: Transpiled QC Metrics: {'depth': 2602, '2q_gates': 629, 'clifford_gates': 629, 'non_clifford_gates': 5574, 't_gates': 0, 'total_gates': 6203, 'num_active_qubits': 9}
[2026-01-14 10:15:39,366] INFO: Clifford QC Metrics:   {'depth': 1556, '2q_gates': 394, 'clifford_gates': 394, 'non_clifford_gates': 3181, 't_gates': 0, 'total_gates': 3575, 'num_active_qubits': 9}
[2026-01-14 10:15:39,366] INFO: Clifford Ideal Estimator Value:  0.001953125
[2026-01-14 10:15:39,366] INFO: Clifford Noisy Estimator Value:  0.041015625
[2026-01-14 10:15:39,366] INFO: Clifford Pruned Estimator Value: 0.041015625
[2026-01-14 10:15:39,366] INFO: Circuit creation time:       0.0018 seconds
[2026-01-14 10:15:39,366] INFO: Transpilation time:          0.0520 seconds
[2026-01-14 10:15:39,366] INFO: Clifford Transpilation time: 0.0331 seconds
[2026-01-14 10:15:39,366] INFO: Clifford Ideal Estimation time:  0.0920 seconds
[2026-01-14 10:15:39,366] INFO: Clifford Noisy Estimation time:  2.5767 seconds
[2026-01-14 10:15:39,366] INFO: Clifford Pruned Estimation time: 0.3879 seconds
[2026-01-14 10:15:39,366] INFO: ESTIMATOR PERFORMANCE RUN COMPLETED.
[2026-01-14 10:15:39,370] INFO: writing output file: N_nodes9_N_layers5_out/output.json
