[2026-03-30 14:56:29,177] INFO: reading parameters file: 'M7_P3_S55555/M7_P3_S55555.yaml'
[2026-03-30 14:56:29,184] INFO: Using seed 55555
[2026-03-30 14:56:29,184] INFO: Output will be written in M7_P3_S55555_out
[2026-03-30 14:56:29,185] INFO: Building backend ibm_torino (AerSimulator)
[2026-03-30 14:56:41,825] INFO: Building SimpleProductionPlanningProblem
[2026-03-30 14:56:41,962] INFO: The problem has 21 logic qubits
[2026-03-30 14:56:41,969] INFO: Building AncillaQAOACircuit with 3 layers
[2026-03-30 14:56:41,988] INFO: Getting virtual circuit metrics
[2026-03-30 14:56:42,001] INFO: Transpiling AncillaQAOACircuit for ibm_torino
[2026-03-30 14:56:42,488] INFO: Getting transpiled circuit metrics
[2026-03-30 14:56:42,615] INFO: Assigning random parameters to the transpiled circuit
[2026-03-30 14:56:42,617] INFO: Preparing Hamiltonian for Estimator
[2026-03-30 14:56:42,618] INFO: Clifford Noise Analysis with NEAT
[2026-03-30 14:56:44,551] INFO: Virtual QC Metrics:    {'depth': 120, '2q_gates': 684, 'clifford_gates': 42, 'non_clifford_gates': 711, 't_gates': 0, 'total_gates': 753, 'num_active_qubits': 24}
[2026-03-30 14:56:44,551] INFO: Transpiled QC Metrics: {'depth': 2139, '2q_gates': 2535, 'clifford_gates': 10725, 'non_clifford_gates': 1210, 't_gates': 4, 'total_gates': 11935, 'num_active_qubits': 27}
[2026-03-30 14:56:44,551] INFO: Clifford QC Metrics:   {'depth': 1028, '2q_gates': 1277, 'clifford_gates': 5024, 'non_clifford_gates': 24, 't_gates': 4, 'total_gates': 5048, 'num_active_qubits': 27}
[2026-03-30 14:56:44,551] INFO: Ideal simulation run on Clifford circuit
[2026-03-30 14:56:45,088] INFO: Noisy simulation run on Clifford circuit
[2026-03-30 14:56:45,088] INFO: Full noise simulation run on Clifford circuit
[2026-03-30 14:57:08,052] INFO: Clifford Ideal Estimator Value:  -59119.6259765625
[2026-03-30 14:57:08,053] INFO: Clifford Noisy Estimator Value:  -45223.3740234375
[2026-03-30 14:57:08,053] INFO: Circuit creation time:       0.0196 seconds
[2026-03-30 14:57:08,053] INFO: Transpilation time:          0.4869 seconds
[2026-03-30 14:57:08,053] INFO: Clifford Transpilation time: 0.4459 seconds
[2026-03-30 14:57:08,053] INFO: Clifford Ideal Estimation time:  0.5368 seconds
[2026-03-30 14:57:08,053] INFO: Clifford Noisy Estimation time:  22.9638 seconds
[2026-03-30 14:57:08,053] INFO: ESTIMATOR PERFORMANCE RUN COMPLETED.
[2026-03-30 14:57:08,064] INFO: writing output file: M7_P3_S55555_out/output.json
