[2026-05-22 16:55:28,673] INFO: reading parameters file: 'M3_P12_S444_Fadaexp/M3_P12_S444_Fadaexp.yaml'
[2026-05-22 16:55:28,679] INFO: Using seed 444
[2026-05-22 16:55:28,680] INFO: Output will be written in M3_P12_S444_Fadaexp_out
[2026-05-22 16:55:28,680] INFO: Building backend ibm_marrakesh (AerSimulator)
[2026-05-22 16:55:42,211] INFO: Building SimpleProductionPlanningProblem
[2026-05-22 17:00:42,457] INFO: The problem has 45 logic qubits
[2026-05-22 17:00:42,469] INFO: Building AncillaQAOACircuit with 2 layers
[2026-05-22 17:00:42,512] INFO: Getting virtual circuit metrics
[2026-05-22 17:00:42,520] INFO: Transpiling AncillaQAOACircuit for ibm_marrakesh
[2026-05-22 17:00:44,160] INFO: Getting transpiled circuit metrics
[2026-05-22 17:00:44,263] INFO: Assigning random parameters to the transpiled circuit
[2026-05-22 17:00:44,274] INFO: Preparing Hamiltonian for Estimator
[2026-05-22 17:00:44,275] INFO: Clifford Noise Analysis with MNEAT
[2026-05-22 17:00:46,167] INFO: Virtual QC Metrics:    {'depth': 108, '2q_gates': 918, 'clifford_gates': 81, 'non_clifford_gates': 978, 't_gates': 0, 'total_gates': 1059, 'num_active_qubits': 57}
[2026-05-22 17:00:46,167] INFO: Transpiled QC Metrics: {'depth': 4215, '2q_gates': 6408, 'clifford_gates': 22231, 'non_clifford_gates': 1189, 't_gates': 16, 'total_gates': 23420, 'num_active_qubits': 61}
[2026-05-22 17:00:46,167] INFO: Clifford QC Metrics:   {'depth': 4215, '2q_gates': 6408, 'clifford_gates': 23420, 'non_clifford_gates': 0, 't_gates': 0, 'total_gates': 23420, 'num_active_qubits': 61}
[2026-05-22 17:00:46,167] INFO: Hamiltonian estimation with MNEAT on Clifford circuit
[2026-05-22 17:00:46,167] INFO: Ideal simulation run
[2026-05-22 17:00:51,481] INFO: Noisy simulation run
[2026-05-22 17:04:43,198] INFO: Mitigation simulation run with technique: zne
[2026-05-22 17:04:43,199] INFO: ZNE factory: adaexp, noise_values: [1, 2, 3]
