[2026-05-22 15:08:05,397] INFO: reading parameters file: 'M2_P12_S333_Flinear/M2_P12_S333_Flinear.yaml'
[2026-05-22 15:08:05,401] INFO: Using seed 333
[2026-05-22 15:08:05,401] INFO: Output will be written in M2_P12_S333_Flinear_out
[2026-05-22 15:08:05,402] INFO: Building backend ibm_marrakesh (AerSimulator)
[2026-05-22 15:08:19,292] INFO: Building SimpleProductionPlanningProblem
[2026-05-22 15:13:19,529] INFO: The problem has 30 logic qubits
[2026-05-22 15:13:19,538] INFO: Building AncillaQAOACircuit with 2 layers
[2026-05-22 15:13:19,567] INFO: Getting virtual circuit metrics
[2026-05-22 15:13:19,573] INFO: Transpiling AncillaQAOACircuit for ibm_marrakesh
[2026-05-22 15:13:20,570] INFO: Getting transpiled circuit metrics
[2026-05-22 15:13:20,633] INFO: Assigning random parameters to the transpiled circuit
[2026-05-22 15:13:20,641] INFO: Preparing Hamiltonian for Estimator
[2026-05-22 15:13:20,642] INFO: Clifford Noise Analysis with MNEAT
[2026-05-22 15:13:22,632] INFO: Virtual QC Metrics:    {'depth': 78, '2q_gates': 528, 'clifford_gates': 66, 'non_clifford_gates': 564, 't_gates': 0, 'total_gates': 630, 'num_active_qubits': 42}
[2026-05-22 15:13:22,632] INFO: Transpiled QC Metrics: {'depth': 2974, '2q_gates': 3346, 'clifford_gates': 11726, 'non_clifford_gates': 636, 't_gates': 0, 'total_gates': 12362, 'num_active_qubits': 44}
[2026-05-22 15:13:22,632] INFO: Clifford QC Metrics:   {'depth': 2974, '2q_gates': 3346, 'clifford_gates': 12362, 'non_clifford_gates': 0, 't_gates': 0, 'total_gates': 12362, 'num_active_qubits': 44}
[2026-05-22 15:13:22,632] INFO: Hamiltonian estimation with MNEAT on Clifford circuit
[2026-05-22 15:13:22,633] INFO: Ideal simulation run
[2026-05-22 15:13:24,848] INFO: Noisy simulation run
[2026-05-22 15:15:27,817] INFO: Mitigation simulation run with technique: zne
[2026-05-22 15:15:27,817] INFO: ZNE factory: linear, noise_values: [1, 2, 3]
[2026-05-22 15:26:35,857] INFO: Saved ZNE factory plot to M2_P12_S333_Flinear_out/zne_factory_fit.png
[2026-05-22 15:26:35,857] INFO: Clifford Ideal Estimator Value:       -815.15625
[2026-05-22 15:26:35,857] INFO: Clifford Noisy Estimator Value:       -233.65625
[2026-05-22 15:26:35,857] INFO: Clifford Mitigated Estimator Value:   -247.23014322916674
[2026-05-22 15:26:35,857] INFO: Error % of Noisy vs Ideal:       71.34%
[2026-05-22 15:26:35,857] INFO: Error % of Mitigated vs Ideal:   69.67%
[2026-05-22 15:26:35,857] INFO: Circuit creation time:       0.0288 seconds
[2026-05-22 15:26:35,857] INFO: Transpilation time:          0.9975 seconds
[2026-05-22 15:26:35,857] INFO: Clifford Transpilation time: 0.0659 seconds
[2026-05-22 15:26:35,857] INFO: Clifford Ideal Estimation time:       2.2157 seconds
[2026-05-22 15:26:35,857] INFO: Clifford Noisy Estimation time:       122.9682 seconds
[2026-05-22 15:26:35,857] INFO: Clifford Mitigated Estimation time:   667.7861 seconds
[2026-05-22 15:26:35,857] INFO: ESTIMATOR PERFORMANCE RUN COMPLETED.
[2026-05-22 15:26:35,886] INFO: writing output file: M2_P12_S333_Flinear_out/output.json
