[2026-05-22 17:47:14,870] INFO: reading parameters file: 'M4_P8_S333_Fadaexp/M4_P8_S333_Fadaexp.yaml'
[2026-05-22 17:47:14,874] INFO: Using seed 333
[2026-05-22 17:47:14,874] INFO: Output will be written in M4_P8_S333_Fadaexp_out
[2026-05-22 17:47:14,875] INFO: Building backend ibm_marrakesh (AerSimulator)
[2026-05-22 17:47:29,556] INFO: Building SimpleProductionPlanningProblem
[2026-05-22 17:52:29,868] INFO: The problem has 40 logic qubits
[2026-05-22 17:52:29,884] INFO: Building AncillaQAOACircuit with 2 layers
[2026-05-22 17:52:29,936] INFO: Getting virtual circuit metrics
[2026-05-22 17:52:29,947] INFO: Transpiling AncillaQAOACircuit for ibm_marrakesh
[2026-05-22 17:52:31,597] INFO: Getting transpiled circuit metrics
[2026-05-22 17:52:31,698] INFO: Assigning random parameters to the transpiled circuit
[2026-05-22 17:52:31,715] INFO: Preparing Hamiltonian for Estimator
[2026-05-22 17:52:31,716] INFO: Clifford Noise Analysis with MNEAT
[2026-05-22 17:52:33,998] INFO: Virtual QC Metrics:    {'depth': 101, '2q_gates': 720, 'clifford_gates': 72, 'non_clifford_gates': 768, 't_gates': 0, 'total_gates': 840, 'num_active_qubits': 48}
[2026-05-22 17:52:33,998] INFO: Transpiled QC Metrics: {'depth': 3160, '2q_gates': 4781, 'clifford_gates': 16811, 'non_clifford_gates': 935, 't_gates': 11, 'total_gates': 17746, 'num_active_qubits': 51}
[2026-05-22 17:52:33,998] INFO: Clifford QC Metrics:   {'depth': 3160, '2q_gates': 4781, 'clifford_gates': 17746, 'non_clifford_gates': 0, 't_gates': 0, 'total_gates': 17746, 'num_active_qubits': 51}
[2026-05-22 17:52:33,998] INFO: Hamiltonian estimation with MNEAT on Clifford circuit
[2026-05-22 17:52:33,998] INFO: Ideal simulation run
[2026-05-22 17:52:37,322] INFO: Noisy simulation run
[2026-05-22 17:55:22,573] INFO: Mitigation simulation run with technique: zne
[2026-05-22 17:55:22,573] INFO: ZNE factory: adaexp, noise_values: [1, 2, 3]
[2026-05-22 18:17:40,419] INFO: Saved ZNE factory plot to M4_P8_S333_Fadaexp_out/zne_factory_fit.png
[2026-05-22 18:17:40,419] INFO: Clifford Ideal Estimator Value:       -5590.037109375
[2026-05-22 18:17:40,419] INFO: Clifford Noisy Estimator Value:       -2101.2802734375
[2026-05-22 18:17:40,420] INFO: Clifford Mitigated Estimator Value:   -5464.59668995783
[2026-05-22 18:17:40,420] INFO: Error % of Noisy vs Ideal:       62.41%
[2026-05-22 18:17:40,420] INFO: Error % of Mitigated vs Ideal:   2.24%
[2026-05-22 18:17:40,420] INFO: Circuit creation time:       0.0523 seconds
[2026-05-22 18:17:40,420] INFO: Transpilation time:          1.6498 seconds
[2026-05-22 18:17:40,420] INFO: Clifford Transpilation time: 0.1072 seconds
[2026-05-22 18:17:40,420] INFO: Clifford Ideal Estimation time:       3.3234 seconds
[2026-05-22 18:17:40,420] INFO: Clifford Noisy Estimation time:       165.2507 seconds
[2026-05-22 18:17:40,420] INFO: Clifford Mitigated Estimation time:   1337.5860 seconds
[2026-05-22 18:17:40,420] INFO: ESTIMATOR PERFORMANCE RUN COMPLETED.
[2026-05-22 18:17:40,446] INFO: writing output file: M4_P8_S333_Fadaexp_out/output.json
