[2026-05-22 17:16:35,373] INFO: reading parameters file: 'M4_P6_S222_Frichardson/M4_P6_S222_Frichardson.yaml'
[2026-05-22 17:16:35,378] INFO: Using seed 222
[2026-05-22 17:16:35,378] INFO: Output will be written in M4_P6_S222_Frichardson_out
[2026-05-22 17:16:35,379] INFO: Building backend ibm_marrakesh (AerSimulator)
[2026-05-22 17:16:49,107] INFO: Building SimpleProductionPlanningProblem
[2026-05-22 17:16:58,406] INFO: The problem has 32 logic qubits
[2026-05-22 17:16:58,415] INFO: Building AncillaQAOACircuit with 2 layers
[2026-05-22 17:16:58,438] INFO: Getting virtual circuit metrics
[2026-05-22 17:16:58,443] INFO: Transpiling AncillaQAOACircuit for ibm_marrakesh
[2026-05-22 17:16:59,349] INFO: Getting transpiled circuit metrics
[2026-05-22 17:16:59,409] INFO: Assigning random parameters to the transpiled circuit
[2026-05-22 17:16:59,416] INFO: Preparing Hamiltonian for Estimator
[2026-05-22 17:16:59,417] INFO: Clifford Noise Analysis with MNEAT
[2026-05-22 17:17:01,372] INFO: Virtual QC Metrics:    {'depth': 83, '2q_gates': 494, 'clifford_gates': 56, 'non_clifford_gates': 538, 't_gates': 0, 'total_gates': 594, 'num_active_qubits': 38}
[2026-05-22 17:17:01,372] INFO: Transpiled QC Metrics: {'depth': 2544, '2q_gates': 3011, 'clifford_gates': 10750, 'non_clifford_gates': 656, 't_gates': 9, 'total_gates': 11406, 'num_active_qubits': 43}
[2026-05-22 17:17:01,372] INFO: Clifford QC Metrics:   {'depth': 2544, '2q_gates': 3011, 'clifford_gates': 11406, 'non_clifford_gates': 0, 't_gates': 0, 'total_gates': 11406, 'num_active_qubits': 43}
[2026-05-22 17:17:01,372] INFO: Hamiltonian estimation with MNEAT on Clifford circuit
[2026-05-22 17:17:01,372] INFO: Ideal simulation run
[2026-05-22 17:17:03,076] INFO: Noisy simulation run
[2026-05-22 17:18:54,504] INFO: Mitigation simulation run with technique: zne
[2026-05-22 17:18:54,505] INFO: ZNE factory: richardson, noise_values: [1, 2, 3]
[2026-05-22 17:28:53,354] INFO: Saved ZNE factory plot to M4_P6_S222_Frichardson_out/zne_factory_fit.png
[2026-05-22 17:28:53,355] INFO: Clifford Ideal Estimator Value:       -2210.71484375
[2026-05-22 17:28:53,355] INFO: Clifford Noisy Estimator Value:       -1112.5078125
[2026-05-22 17:28:53,355] INFO: Clifford Mitigated Estimator Value:   -1664.1464843750011
[2026-05-22 17:28:53,355] INFO: Error % of Noisy vs Ideal:       49.68%
[2026-05-22 17:28:53,355] INFO: Error % of Mitigated vs Ideal:   24.72%
[2026-05-22 17:28:53,355] INFO: Circuit creation time:       0.0230 seconds
[2026-05-22 17:28:53,355] INFO: Transpilation time:          0.9055 seconds
[2026-05-22 17:28:53,355] INFO: Clifford Transpilation time: 0.6365 seconds
[2026-05-22 17:28:53,355] INFO: Clifford Ideal Estimation time:       1.7033 seconds
[2026-05-22 17:28:53,355] INFO: Clifford Noisy Estimation time:       111.4285 seconds
[2026-05-22 17:28:53,355] INFO: Clifford Mitigated Estimation time:   598.5799 seconds
[2026-05-22 17:28:53,355] INFO: ESTIMATOR PERFORMANCE RUN COMPLETED.
[2026-05-22 17:28:53,384] INFO: writing output file: M4_P6_S222_Frichardson_out/output.json
