[2026-03-04 16:43:49,051] INFO: reading parameters file: 'G3_I5_S11111/G3_I5_S11111.yaml'
[2026-03-04 16:43:49,056] INFO: Using seed 11111
[2026-03-04 16:43:49,056] INFO: Output will be written in G3_I5_S11111_out
[2026-03-04 16:43:49,057] INFO: Building backend ibm_torino (AerSimulator)
[2026-03-04 16:44:00,248] INFO: Building QGSUncProblem
[2026-03-04 16:44:00,455] INFO: The problem has 15 logic qubits
[2026-03-04 16:44:00,459] INFO: Building AncillaQAOACircuit with 3 layers
[2026-03-04 16:44:00,469] INFO: Getting virtual circuit metrics
[2026-03-04 16:44:00,476] INFO: Transpiling AncillaQAOACircuit for ibm_torino
[2026-03-04 16:44:00,897] INFO: Getting transpiled circuit metrics
[2026-03-04 16:44:00,951] INFO: Assigning random parameters to the transpiled circuit
[2026-03-04 16:44:00,952] INFO: Preparing Hamiltonian for Estimator
[2026-03-04 16:44:00,952] INFO: Clifford Noise Analysis with NEAT
[2026-03-04 16:44:02,258] INFO: Virtual QC Metrics:    {'depth': 111, '2q_gates': 531, 'clifford_gates': 30, 'non_clifford_gates': 552, 't_gates': 0, 'total_gates': 582, 'num_active_qubits': 18}
[2026-03-04 16:44:02,258] INFO: Transpiled QC Metrics: {'depth': 2799, '2q_gates': 2219, 'clifford_gates': 8977, 'non_clifford_gates': 808, 't_gates': 4, 'total_gates': 9785, 'num_active_qubits': 18}
[2026-03-04 16:44:02,258] INFO: Clifford QC Metrics:   {'depth': 1288, '2q_gates': 1209, 'clifford_gates': 4520, 'non_clifford_gates': 36, 't_gates': 0, 'total_gates': 4556, 'num_active_qubits': 18}
[2026-03-04 16:44:02,258] INFO: Ideal simulation run on Clifford circuit
[2026-03-04 16:44:03,032] INFO: Noisy simulation run on Clifford circuit
[2026-03-04 16:44:03,032] INFO: Full noise simulation run on Clifford circuit
[2026-03-04 16:44:43,924] INFO: Clifford Ideal Estimator Value:  -0.07702332885504046
[2026-03-04 16:44:43,925] INFO: Clifford Noisy Estimator Value:  -0.07702332885504046
[2026-03-04 16:44:43,925] INFO: Circuit creation time:       0.0095 seconds
[2026-03-04 16:44:43,925] INFO: Transpilation time:          0.4206 seconds
[2026-03-04 16:44:43,925] INFO: Clifford Transpilation time: 0.3922 seconds
[2026-03-04 16:44:43,925] INFO: Clifford Ideal Estimation time:  0.7731 seconds
[2026-03-04 16:44:43,925] INFO: Clifford Noisy Estimation time:  40.8921 seconds
[2026-03-04 16:44:43,925] INFO: ESTIMATOR PERFORMANCE RUN COMPLETED.
[2026-03-04 16:44:43,943] INFO: writing output file: G3_I5_S11111_out/output.json
