[2026-03-04 18:58:06,351] INFO: reading parameters file: 'G13_I7_S22222/G13_I7_S22222.yaml'
[2026-03-04 18:58:06,357] INFO: Using seed 22222
[2026-03-04 18:58:06,358] INFO: Output will be written in G13_I7_S22222_out
[2026-03-04 18:58:06,358] INFO: Building backend ibm_torino (AerSimulator)
[2026-03-04 18:58:23,087] INFO: Building QGSUncProblem
[2026-03-04 19:03:29,741] INFO: The problem has 91 logic qubits
[2026-03-04 19:03:30,006] INFO: Building AncillaQAOACircuit with 3 layers
[2026-03-04 19:03:30,585] INFO: Getting virtual circuit metrics
[2026-03-04 19:03:30,841] INFO: Transpiling AncillaQAOACircuit for ibm_torino
[2026-03-04 19:03:50,496] INFO: Getting transpiled circuit metrics
[2026-03-04 19:03:54,178] INFO: Assigning random parameters to the transpiled circuit
[2026-03-04 19:03:54,245] INFO: Preparing Hamiltonian for Estimator
[2026-03-04 19:03:54,255] INFO: Clifford Noise Analysis with NEAT
[2026-03-04 19:04:23,963] INFO: Virtual QC Metrics:    {'depth': 439, '2q_gates': 14157, 'clifford_gates': 182, 'non_clifford_gates': 14274, 't_gates': 0, 'total_gates': 14456, 'num_active_qubits': 104}
[2026-03-04 19:04:23,963] INFO: Transpiled QC Metrics: {'depth': 32558, '2q_gates': 75281, 'clifford_gates': 300114, 'non_clifford_gates': 20238, 't_gates': 15, 'total_gates': 320352, 'num_active_qubits': 104}
[2026-03-04 19:04:23,963] INFO: Clifford QC Metrics:   {'depth': 18947, '2q_gates': 51789, 'clifford_gates': 206396, 'non_clifford_gates': 1894, 't_gates': 31, 'total_gates': 208290, 'num_active_qubits': 104}
[2026-03-04 19:04:23,963] INFO: Ideal simulation run on Clifford circuit
[2026-03-04 19:07:09,463] INFO: Noisy simulation run on Clifford circuit
[2026-03-04 19:07:09,463] INFO: Full noise simulation run on Clifford circuit
[2026-03-04 19:40:30,836] INFO: Clifford Ideal Estimator Value:  6.0102780083337635
[2026-03-04 19:40:30,836] INFO: Clifford Noisy Estimator Value:  -0.27176148431427294
[2026-03-04 19:40:30,836] INFO: Circuit creation time:       0.5790 seconds
[2026-03-04 19:40:30,836] INFO: Transpilation time:          19.6545 seconds
[2026-03-04 19:40:30,836] INFO: Clifford Transpilation time: 25.7190 seconds
[2026-03-04 19:40:30,836] INFO: Clifford Ideal Estimation time:  165.4991 seconds
[2026-03-04 19:40:30,837] INFO: Clifford Noisy Estimation time:  2001.3727 seconds
[2026-03-04 19:40:30,837] INFO: ESTIMATOR PERFORMANCE RUN COMPLETED.
[2026-03-04 19:40:30,852] INFO: writing output file: G13_I7_S22222_out/output.json
