[2026-03-04 17:03:17,205] INFO: reading parameters file: 'G7_I9_S22222/G7_I9_S22222.yaml'
[2026-03-04 17:03:17,210] INFO: Using seed 22222
[2026-03-04 17:03:17,211] INFO: Output will be written in G7_I9_S22222_out
[2026-03-04 17:03:17,211] INFO: Building backend ibm_torino (AerSimulator)
[2026-03-04 17:03:31,411] INFO: Building QGSUncProblem
[2026-03-04 17:08:33,735] INFO: The problem has 63 logic qubits
[2026-03-04 17:08:33,856] INFO: Building AncillaQAOACircuit with 3 layers
[2026-03-04 17:08:34,130] INFO: Getting virtual circuit metrics
[2026-03-04 17:08:34,267] INFO: Transpiling AncillaQAOACircuit for ibm_torino
[2026-03-04 17:08:43,998] INFO: Getting transpiled circuit metrics
[2026-03-04 17:08:45,945] INFO: Assigning random parameters to the transpiled circuit
[2026-03-04 17:08:45,977] INFO: Preparing Hamiltonian for Estimator
[2026-03-04 17:08:45,980] INFO: Clifford Noise Analysis with NEAT
[2026-03-04 17:08:59,699] INFO: Virtual QC Metrics:    {'depth': 351, '2q_gates': 7539, 'clifford_gates': 126, 'non_clifford_gates': 7616, 't_gates': 0, 'total_gates': 7742, 'num_active_qubits': 70}
[2026-03-04 17:08:59,699] INFO: Transpiled QC Metrics: {'depth': 17805, '2q_gates': 38846, 'clifford_gates': 156331, 'non_clifford_gates': 11182, 't_gates': 9, 'total_gates': 167513, 'num_active_qubits': 73}
[2026-03-04 17:08:59,699] INFO: Clifford QC Metrics:   {'depth': 10704, '2q_gates': 25997, 'clifford_gates': 103434, 'non_clifford_gates': 970, 't_gates': 13, 'total_gates': 104404, 'num_active_qubits': 73}
[2026-03-04 17:08:59,699] INFO: Ideal simulation run on Clifford circuit
[2026-03-04 17:09:42,689] INFO: Noisy simulation run on Clifford circuit
[2026-03-04 17:09:42,689] INFO: Full noise simulation run on Clifford circuit
[2026-03-04 17:25:51,134] INFO: Clifford Ideal Estimator Value:  5.290982799206817
[2026-03-04 17:25:51,134] INFO: Clifford Noisy Estimator Value:  -0.4382372070730633
[2026-03-04 17:25:51,134] INFO: Circuit creation time:       0.2738 seconds
[2026-03-04 17:25:51,134] INFO: Transpilation time:          9.7303 seconds
[2026-03-04 17:25:51,134] INFO: Clifford Transpilation time: 11.1627 seconds
[2026-03-04 17:25:51,134] INFO: Clifford Ideal Estimation time:  42.9894 seconds
[2026-03-04 17:25:51,134] INFO: Clifford Noisy Estimation time:  968.4445 seconds
[2026-03-04 17:25:51,135] INFO: ESTIMATOR PERFORMANCE RUN COMPLETED.
[2026-03-04 17:25:51,149] INFO: writing output file: G7_I9_S22222_out/output.json
