[2026-05-22 15:37:47,122] INFO: reading parameters file: 'M3_P6_S555_Flinear/M3_P6_S555_Flinear.yaml'
[2026-05-22 15:37:47,128] INFO: Using seed 555
[2026-05-22 15:37:47,128] INFO: Output will be written in M3_P6_S555_Flinear_out
[2026-05-22 15:37:47,128] INFO: Building backend ibm_marrakesh (AerSimulator)
[2026-05-22 15:38:02,143] INFO: Building SimpleProductionPlanningProblem
[2026-05-22 15:38:03,673] INFO: The problem has 24 logic qubits
[2026-05-22 15:38:03,680] INFO: Building AncillaQAOACircuit with 2 layers
[2026-05-22 15:38:03,708] INFO: Getting virtual circuit metrics
[2026-05-22 15:38:03,713] INFO: Transpiling AncillaQAOACircuit for ibm_marrakesh
[2026-05-22 15:38:04,382] INFO: Getting transpiled circuit metrics
[2026-05-22 15:38:04,442] INFO: Assigning random parameters to the transpiled circuit
[2026-05-22 15:38:04,452] INFO: Preparing Hamiltonian for Estimator
[2026-05-22 15:38:04,452] INFO: Clifford Noise Analysis with MNEAT
[2026-05-22 15:38:06,339] INFO: Virtual QC Metrics:    {'depth': 64, '2q_gates': 312, 'clifford_gates': 42, 'non_clifford_gates': 348, 't_gates': 0, 'total_gates': 390, 'num_active_qubits': 30}
[2026-05-22 15:38:06,340] INFO: Transpiled QC Metrics: {'depth': 1746, '2q_gates': 1747, 'clifford_gates': 6333, 'non_clifford_gates': 424, 't_gates': 10, 'total_gates': 6757, 'num_active_qubits': 31}
[2026-05-22 15:38:06,340] INFO: Clifford QC Metrics:   {'depth': 1746, '2q_gates': 1747, 'clifford_gates': 6757, 'non_clifford_gates': 0, 't_gates': 0, 'total_gates': 6757, 'num_active_qubits': 31}
[2026-05-22 15:38:06,340] INFO: Hamiltonian estimation with MNEAT on Clifford circuit
[2026-05-22 15:38:06,340] INFO: Ideal simulation run
[2026-05-22 15:38:07,321] INFO: Noisy simulation run
[2026-05-22 15:38:53,603] INFO: Mitigation simulation run with technique: zne
[2026-05-22 15:38:53,604] INFO: ZNE factory: linear, noise_values: [1, 2, 3]
[2026-05-22 15:42:25,938] INFO: Saved ZNE factory plot to M3_P6_S555_Flinear_out/zne_factory_fit.png
[2026-05-22 15:42:25,938] INFO: Clifford Ideal Estimator Value:       -920.5986328125
[2026-05-22 15:42:25,938] INFO: Clifford Noisy Estimator Value:       -458.1572265625
[2026-05-22 15:42:25,938] INFO: Clifford Mitigated Estimator Value:   -596.8268229166669
[2026-05-22 15:42:25,938] INFO: Error % of Noisy vs Ideal:       50.23%
[2026-05-22 15:42:25,938] INFO: Error % of Mitigated vs Ideal:   35.17%
[2026-05-22 15:42:25,938] INFO: Circuit creation time:       0.0271 seconds
[2026-05-22 15:42:25,938] INFO: Transpilation time:          0.6690 seconds
[2026-05-22 15:42:25,938] INFO: Clifford Transpilation time: 0.0472 seconds
[2026-05-22 15:42:25,938] INFO: Clifford Ideal Estimation time:       0.9817 seconds
[2026-05-22 15:42:25,938] INFO: Clifford Noisy Estimation time:       46.2817 seconds
[2026-05-22 15:42:25,938] INFO: Clifford Mitigated Estimation time:   211.8669 seconds
[2026-05-22 15:42:25,938] INFO: ESTIMATOR PERFORMANCE RUN COMPLETED.
[2026-05-22 15:42:25,963] INFO: writing output file: M3_P6_S555_Flinear_out/output.json
