[2026-03-04 16:43:49,051] INFO: reading parameters file: 'G3_I3_S33333/G3_I3_S33333.yaml'
[2026-03-04 16:43:49,055] INFO: Using seed 33333
[2026-03-04 16:43:49,056] INFO: Output will be written in G3_I3_S33333_out
[2026-03-04 16:43:49,056] INFO: Building backend ibm_torino (AerSimulator)
[2026-03-04 16:44:03,574] INFO: Building QGSUncProblem
[2026-03-04 16:44:03,623] INFO: The problem has 9 logic qubits
[2026-03-04 16:44:03,627] INFO: Building AncillaQAOACircuit with 3 layers
[2026-03-04 16:44:03,633] INFO: Getting virtual circuit metrics
[2026-03-04 16:44:03,635] INFO: Transpiling AncillaQAOACircuit for ibm_torino
[2026-03-04 16:44:03,809] INFO: Getting transpiled circuit metrics
[2026-03-04 16:44:03,829] INFO: Assigning random parameters to the transpiled circuit
[2026-03-04 16:44:03,830] INFO: Preparing Hamiltonian for Estimator
[2026-03-04 16:44:03,830] INFO: Clifford Noise Analysis with NEAT
[2026-03-04 16:44:04,934] INFO: Virtual QC Metrics:    {'depth': 65, '2q_gates': 180, 'clifford_gates': 18, 'non_clifford_gates': 195, 't_gates': 0, 'total_gates': 213, 'num_active_qubits': 12}
[2026-03-04 16:44:04,935] INFO: Transpiled QC Metrics: {'depth': 824, '2q_gates': 650, 'clifford_gates': 2699, 'non_clifford_gates': 299, 't_gates': 4, 'total_gates': 2998, 'num_active_qubits': 12}
[2026-03-04 16:44:04,935] INFO: Clifford QC Metrics:   {'depth': 317, '2q_gates': 364, 'clifford_gates': 1264, 'non_clifford_gates': 10, 't_gates': 0, 'total_gates': 1274, 'num_active_qubits': 12}
[2026-03-04 16:44:04,935] INFO: Ideal simulation run on Clifford circuit
[2026-03-04 16:44:05,094] INFO: Noisy simulation run on Clifford circuit
[2026-03-04 16:44:05,094] INFO: Full noise simulation run on Clifford circuit
[2026-03-04 16:44:17,812] INFO: Clifford Ideal Estimator Value:  -0.11741827690445902
[2026-03-04 16:44:17,812] INFO: Clifford Noisy Estimator Value:  -0.12065298871703278
[2026-03-04 16:44:17,812] INFO: Circuit creation time:       0.0056 seconds
[2026-03-04 16:44:17,812] INFO: Transpilation time:          0.1734 seconds
[2026-03-04 16:44:17,812] INFO: Clifford Transpilation time: 0.1188 seconds
[2026-03-04 16:44:17,812] INFO: Clifford Ideal Estimation time:  0.1591 seconds
[2026-03-04 16:44:17,812] INFO: Clifford Noisy Estimation time:  12.7175 seconds
[2026-03-04 16:44:17,812] INFO: ESTIMATOR PERFORMANCE RUN COMPLETED.
[2026-03-04 16:44:17,830] INFO: writing output file: G3_I3_S33333_out/output.json
