[2026-05-22 17:14:44,439] INFO: reading parameters file: 'M4_P6_S222_Flinear/M4_P6_S222_Flinear.yaml'
[2026-05-22 17:14:44,444] INFO: Using seed 222
[2026-05-22 17:14:44,445] INFO: Output will be written in M4_P6_S222_Flinear_out
[2026-05-22 17:14:44,445] INFO: Building backend ibm_marrakesh (AerSimulator)
[2026-05-22 17:15:05,720] INFO: Building SimpleProductionPlanningProblem
[2026-05-22 17:15:12,671] INFO: The problem has 32 logic qubits
[2026-05-22 17:15:12,679] INFO: Building AncillaQAOACircuit with 2 layers
[2026-05-22 17:15:12,703] INFO: Getting virtual circuit metrics
[2026-05-22 17:15:12,709] INFO: Transpiling AncillaQAOACircuit for ibm_marrakesh
[2026-05-22 17:15:13,611] INFO: Getting transpiled circuit metrics
[2026-05-22 17:15:13,669] INFO: Assigning random parameters to the transpiled circuit
[2026-05-22 17:15:13,676] INFO: Preparing Hamiltonian for Estimator
[2026-05-22 17:15:13,677] INFO: Clifford Noise Analysis with MNEAT
[2026-05-22 17:15:15,648] INFO: Virtual QC Metrics:    {'depth': 83, '2q_gates': 494, 'clifford_gates': 56, 'non_clifford_gates': 538, 't_gates': 0, 'total_gates': 594, 'num_active_qubits': 38}
[2026-05-22 17:15:15,648] INFO: Transpiled QC Metrics: {'depth': 2544, '2q_gates': 3011, 'clifford_gates': 10750, 'non_clifford_gates': 656, 't_gates': 9, 'total_gates': 11406, 'num_active_qubits': 43}
[2026-05-22 17:15:15,648] INFO: Clifford QC Metrics:   {'depth': 2544, '2q_gates': 3011, 'clifford_gates': 11406, 'non_clifford_gates': 0, 't_gates': 0, 'total_gates': 11406, 'num_active_qubits': 43}
[2026-05-22 17:15:15,648] INFO: Hamiltonian estimation with MNEAT on Clifford circuit
[2026-05-22 17:15:15,648] INFO: Ideal simulation run
[2026-05-22 17:15:17,368] INFO: Noisy simulation run
[2026-05-22 17:17:10,153] INFO: Mitigation simulation run with technique: zne
[2026-05-22 17:17:10,153] INFO: ZNE factory: linear, noise_values: [1, 2, 3]
[2026-05-22 17:27:24,303] INFO: Saved ZNE factory plot to M4_P6_S222_Flinear_out/zne_factory_fit.png
[2026-05-22 17:27:24,303] INFO: Clifford Ideal Estimator Value:       -2210.71484375
[2026-05-22 17:27:24,303] INFO: Clifford Noisy Estimator Value:       -1112.5078125
[2026-05-22 17:27:24,303] INFO: Clifford Mitigated Estimator Value:   -1455.1259765625005
[2026-05-22 17:27:24,303] INFO: Error % of Noisy vs Ideal:       49.68%
[2026-05-22 17:27:24,303] INFO: Error % of Mitigated vs Ideal:   34.18%
[2026-05-22 17:27:24,303] INFO: Circuit creation time:       0.0241 seconds
[2026-05-22 17:27:24,303] INFO: Transpilation time:          0.9022 seconds
[2026-05-22 17:27:24,303] INFO: Clifford Transpilation time: 0.0603 seconds
[2026-05-22 17:27:24,303] INFO: Clifford Ideal Estimation time:       1.7198 seconds
[2026-05-22 17:27:24,303] INFO: Clifford Noisy Estimation time:       112.7843 seconds
[2026-05-22 17:27:24,303] INFO: Clifford Mitigated Estimation time:   613.8768 seconds
[2026-05-22 17:27:24,303] INFO: ESTIMATOR PERFORMANCE RUN COMPLETED.
[2026-05-22 17:27:24,331] INFO: writing output file: M4_P6_S222_Flinear_out/output.json
