[2026-05-22 16:43:39,787] INFO: reading parameters file: 'M3_P12_S444_Flinear/M3_P12_S444_Flinear.yaml'
[2026-05-22 16:43:39,791] INFO: Using seed 444
[2026-05-22 16:43:39,791] INFO: Output will be written in M3_P12_S444_Flinear_out
[2026-05-22 16:43:39,791] INFO: Building backend ibm_marrakesh (AerSimulator)
[2026-05-22 16:44:05,920] INFO: Building SimpleProductionPlanningProblem
[2026-05-22 16:49:06,221] INFO: The problem has 45 logic qubits
[2026-05-22 16:49:06,234] INFO: Building AncillaQAOACircuit with 2 layers
[2026-05-22 16:49:06,282] INFO: Getting virtual circuit metrics
[2026-05-22 16:49:06,291] INFO: Transpiling AncillaQAOACircuit for ibm_marrakesh
[2026-05-22 16:49:08,023] INFO: Getting transpiled circuit metrics
[2026-05-22 16:49:08,141] INFO: Assigning random parameters to the transpiled circuit
[2026-05-22 16:49:08,153] INFO: Preparing Hamiltonian for Estimator
[2026-05-22 16:49:08,154] INFO: Clifford Noise Analysis with MNEAT
[2026-05-22 16:49:10,233] INFO: Virtual QC Metrics:    {'depth': 108, '2q_gates': 918, 'clifford_gates': 81, 'non_clifford_gates': 978, 't_gates': 0, 'total_gates': 1059, 'num_active_qubits': 57}
[2026-05-22 16:49:10,234] INFO: Transpiled QC Metrics: {'depth': 4215, '2q_gates': 6408, 'clifford_gates': 22231, 'non_clifford_gates': 1189, 't_gates': 16, 'total_gates': 23420, 'num_active_qubits': 61}
[2026-05-22 16:49:10,234] INFO: Clifford QC Metrics:   {'depth': 4215, '2q_gates': 6408, 'clifford_gates': 23420, 'non_clifford_gates': 0, 't_gates': 0, 'total_gates': 23420, 'num_active_qubits': 61}
[2026-05-22 16:49:10,234] INFO: Hamiltonian estimation with MNEAT on Clifford circuit
[2026-05-22 16:49:10,234] INFO: Ideal simulation run
[2026-05-22 16:49:15,683] INFO: Noisy simulation run
[2026-05-22 16:53:13,017] INFO: Mitigation simulation run with technique: zne
[2026-05-22 16:53:13,017] INFO: ZNE factory: linear, noise_values: [1, 2, 3]
[2026-05-22 17:14:36,808] INFO: Saved ZNE factory plot to M3_P12_S444_Flinear_out/zne_factory_fit.png
[2026-05-22 17:14:36,808] INFO: Clifford Ideal Estimator Value:       -4748.353515625
[2026-05-22 17:14:36,808] INFO: Clifford Noisy Estimator Value:       -1197.8310546875
[2026-05-22 17:14:36,808] INFO: Clifford Mitigated Estimator Value:   -1601.4514973958326
[2026-05-22 17:14:36,808] INFO: Error % of Noisy vs Ideal:       74.77%
[2026-05-22 17:14:36,808] INFO: Error % of Mitigated vs Ideal:   66.27%
[2026-05-22 17:14:36,809] INFO: Circuit creation time:       0.0470 seconds
[2026-05-22 17:14:36,809] INFO: Transpilation time:          1.7323 seconds
[2026-05-22 17:14:36,809] INFO: Clifford Transpilation time: 0.1197 seconds
[2026-05-22 17:14:36,809] INFO: Clifford Ideal Estimation time:       5.4488 seconds
[2026-05-22 17:14:36,809] INFO: Clifford Noisy Estimation time:       237.3340 seconds
[2026-05-22 17:14:36,809] INFO: Clifford Mitigated Estimation time:   1283.5108 seconds
[2026-05-22 17:14:36,809] INFO: ESTIMATOR PERFORMANCE RUN COMPLETED.
[2026-05-22 17:14:36,838] INFO: writing output file: M3_P12_S444_Flinear_out/output.json
