[2026-03-04 15:46:26,064] INFO: reading parameters file: 'G5_I3_S33333/G5_I3_S33333.yaml'
[2026-03-04 15:46:26,068] INFO: Using seed 33333
[2026-03-04 15:46:26,069] INFO: Output will be written in G5_I3_S33333_out
[2026-03-04 15:46:26,069] INFO: Building backend ibm_torino (AerSimulator)
[2026-03-04 15:46:35,786] INFO: Building QGSUncProblem
[2026-03-04 15:46:35,891] INFO: The problem has 15 logic qubits
[2026-03-04 15:46:35,895] INFO: Building AncillaQAOACircuit with 3 layers
[2026-03-04 15:46:35,905] INFO: Getting virtual circuit metrics
[2026-03-04 15:46:35,911] INFO: Transpiling AncillaQAOACircuit for ibm_torino
[2026-03-04 15:46:36,269] INFO: Getting transpiled circuit metrics
[2026-03-04 15:46:36,320] INFO: Assigning random parameters to the transpiled circuit
[2026-03-04 15:46:36,321] INFO: Preparing Hamiltonian for Estimator
[2026-03-04 15:46:36,321] INFO: Clifford Noise Analysis with NEAT
[2026-03-04 15:46:37,459] INFO: Virtual QC Metrics:    {'depth': 89, '2q_gates': 435, 'clifford_gates': 30, 'non_clifford_gates': 460, 't_gates': 0, 'total_gates': 490, 'num_active_qubits': 20}
[2026-03-04 15:46:37,459] INFO: Transpiled QC Metrics: {'depth': 1668, '2q_gates': 1665, 'clifford_gates': 6853, 'non_clifford_gates': 715, 't_gates': 8, 'total_gates': 7568, 'num_active_qubits': 20}
[2026-03-04 15:46:37,459] INFO: Clifford QC Metrics:   {'depth': 705, '2q_gates': 993, 'clifford_gates': 3963, 'non_clifford_gates': 64, 't_gates': 0, 'total_gates': 4027, 'num_active_qubits': 20}
[2026-03-04 15:46:37,459] INFO: Ideal simulation run on Clifford circuit
[2026-03-04 15:46:37,869] INFO: Noisy simulation run on Clifford circuit
[2026-03-04 15:46:37,870] INFO: Full noise simulation run on Clifford circuit
[2026-03-04 15:47:20,002] INFO: Clifford Ideal Estimator Value:  -0.5508031889546955
[2026-03-04 15:47:20,002] INFO: Clifford Noisy Estimator Value:  -0.2541678980762599
[2026-03-04 15:47:20,002] INFO: Circuit creation time:       0.0098 seconds
[2026-03-04 15:47:20,002] INFO: Transpilation time:          0.3580 seconds
[2026-03-04 15:47:20,002] INFO: Clifford Transpilation time: 0.2647 seconds
[2026-03-04 15:47:20,002] INFO: Clifford Ideal Estimation time:  0.4106 seconds
[2026-03-04 15:47:20,002] INFO: Clifford Noisy Estimation time:  42.1322 seconds
[2026-03-04 15:47:20,002] INFO: ESTIMATOR PERFORMANCE RUN COMPLETED.
[2026-03-04 15:47:20,010] INFO: writing output file: G5_I3_S33333_out/output.json
