[2026-05-22 17:21:19,205] INFO: reading parameters file: 'M4_P6_S222_Fadaexp/M4_P6_S222_Fadaexp.yaml'
[2026-05-22 17:21:19,210] INFO: Using seed 222
[2026-05-22 17:21:19,211] INFO: Output will be written in M4_P6_S222_Fadaexp_out
[2026-05-22 17:21:19,211] INFO: Building backend ibm_marrakesh (AerSimulator)
[2026-05-22 17:21:50,404] INFO: Building SimpleProductionPlanningProblem
[2026-05-22 17:21:58,453] INFO: The problem has 32 logic qubits
[2026-05-22 17:21:58,460] INFO: Building AncillaQAOACircuit with 2 layers
[2026-05-22 17:21:58,484] INFO: Getting virtual circuit metrics
[2026-05-22 17:21:58,490] INFO: Transpiling AncillaQAOACircuit for ibm_marrakesh
[2026-05-22 17:21:59,476] INFO: Getting transpiled circuit metrics
[2026-05-22 17:21:59,544] INFO: Assigning random parameters to the transpiled circuit
[2026-05-22 17:21:59,552] INFO: Preparing Hamiltonian for Estimator
[2026-05-22 17:21:59,552] INFO: Clifford Noise Analysis with MNEAT
[2026-05-22 17:22:01,714] INFO: Virtual QC Metrics:    {'depth': 83, '2q_gates': 494, 'clifford_gates': 56, 'non_clifford_gates': 538, 't_gates': 0, 'total_gates': 594, 'num_active_qubits': 38}
[2026-05-22 17:22:01,714] INFO: Transpiled QC Metrics: {'depth': 2544, '2q_gates': 3011, 'clifford_gates': 10750, 'non_clifford_gates': 656, 't_gates': 9, 'total_gates': 11406, 'num_active_qubits': 43}
[2026-05-22 17:22:01,714] INFO: Clifford QC Metrics:   {'depth': 2544, '2q_gates': 3011, 'clifford_gates': 11406, 'non_clifford_gates': 0, 't_gates': 0, 'total_gates': 11406, 'num_active_qubits': 43}
[2026-05-22 17:22:01,714] INFO: Hamiltonian estimation with MNEAT on Clifford circuit
[2026-05-22 17:22:01,714] INFO: Ideal simulation run
[2026-05-22 17:22:03,595] INFO: Noisy simulation run
[2026-05-22 17:23:51,476] INFO: Mitigation simulation run with technique: zne
[2026-05-22 17:23:51,477] INFO: ZNE factory: adaexp, noise_values: [1, 2, 3]
[2026-05-22 17:40:37,986] INFO: Saved ZNE factory plot to M4_P6_S222_Fadaexp_out/zne_factory_fit.png
[2026-05-22 17:40:37,987] INFO: Clifford Ideal Estimator Value:       -2210.71484375
[2026-05-22 17:40:37,987] INFO: Clifford Noisy Estimator Value:       -1112.5078125
[2026-05-22 17:40:37,987] INFO: Clifford Mitigated Estimator Value:   -1971.061230252507
[2026-05-22 17:40:37,987] INFO: Error % of Noisy vs Ideal:       49.68%
[2026-05-22 17:40:37,987] INFO: Error % of Mitigated vs Ideal:   10.84%
[2026-05-22 17:40:37,987] INFO: Circuit creation time:       0.0243 seconds
[2026-05-22 17:40:37,987] INFO: Transpilation time:          0.9862 seconds
[2026-05-22 17:40:37,987] INFO: Clifford Transpilation time: 0.7284 seconds
[2026-05-22 17:40:37,987] INFO: Clifford Ideal Estimation time:       1.8807 seconds
[2026-05-22 17:40:37,987] INFO: Clifford Noisy Estimation time:       107.8815 seconds
[2026-05-22 17:40:37,987] INFO: Clifford Mitigated Estimation time:   1006.2364 seconds
[2026-05-22 17:40:37,987] INFO: ESTIMATOR PERFORMANCE RUN COMPLETED.
[2026-05-22 17:40:38,017] INFO: writing output file: M4_P6_S222_Fadaexp_out/output.json
