[2026-05-22 16:53:43,945] INFO: reading parameters file: 'M3_P12_S444_Frichardson/M3_P12_S444_Frichardson.yaml'
[2026-05-22 16:53:43,949] INFO: Using seed 444
[2026-05-22 16:53:43,950] INFO: Output will be written in M3_P12_S444_Frichardson_out
[2026-05-22 16:53:43,950] INFO: Building backend ibm_marrakesh (AerSimulator)
[2026-05-22 16:54:04,444] INFO: Building SimpleProductionPlanningProblem
[2026-05-22 16:59:04,763] INFO: The problem has 45 logic qubits
[2026-05-22 16:59:04,782] INFO: Building AncillaQAOACircuit with 2 layers
[2026-05-22 16:59:04,845] INFO: Getting virtual circuit metrics
[2026-05-22 16:59:04,858] INFO: Transpiling AncillaQAOACircuit for ibm_marrakesh
[2026-05-22 16:59:06,651] INFO: Getting transpiled circuit metrics
[2026-05-22 16:59:06,820] INFO: Assigning random parameters to the transpiled circuit
[2026-05-22 16:59:06,840] INFO: Preparing Hamiltonian for Estimator
[2026-05-22 16:59:06,841] INFO: Clifford Noise Analysis with MNEAT
[2026-05-22 16:59:08,936] INFO: Virtual QC Metrics:    {'depth': 108, '2q_gates': 918, 'clifford_gates': 81, 'non_clifford_gates': 978, 't_gates': 0, 'total_gates': 1059, 'num_active_qubits': 57}
[2026-05-22 16:59:08,936] INFO: Transpiled QC Metrics: {'depth': 4221, '2q_gates': 6408, 'clifford_gates': 22235, 'non_clifford_gates': 1246, 't_gates': 16, 'total_gates': 23481, 'num_active_qubits': 61}
[2026-05-22 16:59:08,936] INFO: Clifford QC Metrics:   {'depth': 4221, '2q_gates': 6408, 'clifford_gates': 23481, 'non_clifford_gates': 0, 't_gates': 0, 'total_gates': 23481, 'num_active_qubits': 61}
[2026-05-22 16:59:08,936] INFO: Hamiltonian estimation with MNEAT on Clifford circuit
[2026-05-22 16:59:08,936] INFO: Ideal simulation run
[2026-05-22 16:59:14,280] INFO: Noisy simulation run
[2026-05-22 17:02:47,709] INFO: Mitigation simulation run with technique: zne
[2026-05-22 17:02:47,709] INFO: ZNE factory: richardson, noise_values: [1, 2, 3]
[2026-05-22 17:22:12,341] INFO: Saved ZNE factory plot to M3_P12_S444_Frichardson_out/zne_factory_fit.png
[2026-05-22 17:22:12,341] INFO: Clifford Ideal Estimator Value:       -3564.5
[2026-05-22 17:22:12,341] INFO: Clifford Noisy Estimator Value:       -1143.5576171875
[2026-05-22 17:22:12,341] INFO: Clifford Mitigated Estimator Value:   -3626.461914062507
[2026-05-22 17:22:12,341] INFO: Error % of Noisy vs Ideal:       67.92%
[2026-05-22 17:22:12,341] INFO: Error % of Mitigated vs Ideal:   1.74%
[2026-05-22 17:22:12,341] INFO: Circuit creation time:       0.0630 seconds
[2026-05-22 17:22:12,341] INFO: Transpilation time:          1.7929 seconds
[2026-05-22 17:22:12,341] INFO: Clifford Transpilation time: 0.1257 seconds
[2026-05-22 17:22:12,342] INFO: Clifford Ideal Estimation time:       5.3441 seconds
[2026-05-22 17:22:12,342] INFO: Clifford Noisy Estimation time:       213.4283 seconds
[2026-05-22 17:22:12,342] INFO: Clifford Mitigated Estimation time:   1164.3537 seconds
[2026-05-22 17:22:12,342] INFO: ESTIMATOR PERFORMANCE RUN COMPLETED.
[2026-05-22 17:22:12,365] INFO: writing output file: M3_P12_S444_Frichardson_out/output.json
