[2026-03-30 12:59:48,329] INFO: reading parameters file: 'M7_P5_S44444/M7_P5_S44444.yaml'
[2026-03-30 12:59:48,333] INFO: Using seed 44444
[2026-03-30 12:59:48,333] INFO: Output will be written in M7_P5_S44444_out
[2026-03-30 12:59:48,333] INFO: Building backend ibm_torino (AerSimulator)
[2026-03-30 12:59:58,299] INFO: Building SimpleProductionPlanningProblem
[2026-03-30 12:59:58,470] INFO: The problem has 35 logic qubits
[2026-03-30 12:59:58,477] INFO: Building AncillaQAOACircuit with 3 layers
[2026-03-30 12:59:58,498] INFO: Getting virtual circuit metrics
[2026-03-30 12:59:58,513] INFO: Transpiling AncillaQAOACircuit for ibm_torino
[2026-03-30 12:59:59,586] INFO: Getting transpiled circuit metrics
[2026-03-30 12:59:59,759] INFO: Assigning random parameters to the transpiled circuit
[2026-03-30 12:59:59,762] INFO: Preparing Hamiltonian for Estimator
[2026-03-30 12:59:59,763] INFO: Clifford Noise Analysis with NEAT
[2026-03-30 13:00:01,684] INFO: Virtual QC Metrics:    {'depth': 164, '2q_gates': 1245, 'clifford_gates': 70, 'non_clifford_gates': 1290, 't_gates': 0, 'total_gates': 1360, 'num_active_qubits': 40}
[2026-03-30 13:00:01,684] INFO: Transpiled QC Metrics: {'depth': 4408, '2q_gates': 5985, 'clifford_gates': 24323, 'non_clifford_gates': 2091, 't_gates': 6, 'total_gates': 26414, 'num_active_qubits': 40}
[2026-03-30 13:00:01,684] INFO: Clifford QC Metrics:   {'depth': 2696, '2q_gates': 3433, 'clifford_gates': 12646, 'non_clifford_gates': 169, 't_gates': 3, 'total_gates': 12815, 'num_active_qubits': 40}
[2026-03-30 13:00:01,684] INFO: Ideal simulation run on Clifford circuit
[2026-03-30 13:00:03,557] INFO: Noisy simulation run on Clifford circuit
[2026-03-30 13:00:03,557] INFO: Full noise simulation run on Clifford circuit
[2026-03-30 13:02:41,178] INFO: Clifford Ideal Estimator Value:  -478731.9931640625
[2026-03-30 13:02:41,179] INFO: Clifford Noisy Estimator Value:  -414337.6064453125
[2026-03-30 13:02:41,179] INFO: Circuit creation time:       0.0214 seconds
[2026-03-30 13:02:41,179] INFO: Transpilation time:          1.0727 seconds
[2026-03-30 13:02:41,179] INFO: Clifford Transpilation time: 0.9651 seconds
[2026-03-30 13:02:41,179] INFO: Clifford Ideal Estimation time:  1.8729 seconds
[2026-03-30 13:02:41,179] INFO: Clifford Noisy Estimation time:  157.6213 seconds
[2026-03-30 13:02:41,179] INFO: ESTIMATOR PERFORMANCE RUN COMPLETED.
[2026-03-30 13:02:41,191] INFO: writing output file: M7_P5_S44444_out/output.json
