[2026-05-22 17:33:30,746] INFO: reading parameters file: 'M4_P6_S555_Fadaexp/M4_P6_S555_Fadaexp.yaml'
[2026-05-22 17:33:30,751] INFO: Using seed 555
[2026-05-22 17:33:30,751] INFO: Output will be written in M4_P6_S555_Fadaexp_out
[2026-05-22 17:33:30,752] INFO: Building backend ibm_marrakesh (AerSimulator)
[2026-05-22 17:33:45,198] INFO: Building SimpleProductionPlanningProblem
[2026-05-22 17:33:51,186] INFO: The problem has 32 logic qubits
[2026-05-22 17:33:51,196] INFO: Building AncillaQAOACircuit with 2 layers
[2026-05-22 17:33:51,231] INFO: Getting virtual circuit metrics
[2026-05-22 17:33:51,239] INFO: Transpiling AncillaQAOACircuit for ibm_marrakesh
[2026-05-22 17:33:52,255] INFO: Getting transpiled circuit metrics
[2026-05-22 17:33:52,342] INFO: Assigning random parameters to the transpiled circuit
[2026-05-22 17:33:52,355] INFO: Preparing Hamiltonian for Estimator
[2026-05-22 17:33:52,356] INFO: Clifford Noise Analysis with MNEAT
[2026-05-22 17:33:54,475] INFO: Virtual QC Metrics:    {'depth': 83, '2q_gates': 494, 'clifford_gates': 56, 'non_clifford_gates': 538, 't_gates': 0, 'total_gates': 594, 'num_active_qubits': 38}
[2026-05-22 17:33:54,475] INFO: Transpiled QC Metrics: {'depth': 2564, '2q_gates': 2996, 'clifford_gates': 10699, 'non_clifford_gates': 665, 't_gates': 7, 'total_gates': 11364, 'num_active_qubits': 43}
[2026-05-22 17:33:54,475] INFO: Clifford QC Metrics:   {'depth': 2564, '2q_gates': 2996, 'clifford_gates': 11364, 'non_clifford_gates': 0, 't_gates': 0, 'total_gates': 11364, 'num_active_qubits': 43}
[2026-05-22 17:33:54,475] INFO: Hamiltonian estimation with MNEAT on Clifford circuit
[2026-05-22 17:33:54,475] INFO: Ideal simulation run
[2026-05-22 17:33:56,283] INFO: Noisy simulation run
[2026-05-22 17:35:40,994] INFO: Mitigation simulation run with technique: zne
[2026-05-22 17:35:40,995] INFO: ZNE factory: adaexp, noise_values: [1, 2, 3]
[2026-05-22 17:50:30,074] INFO: Saved ZNE factory plot to M4_P6_S555_Fadaexp_out/zne_factory_fit.png
[2026-05-22 17:50:30,074] INFO: Clifford Ideal Estimator Value:       -2978.6201171875
[2026-05-22 17:50:30,074] INFO: Clifford Noisy Estimator Value:       -1538.6630859375
[2026-05-22 17:50:30,074] INFO: Clifford Mitigated Estimator Value:   -3416.1489847295134
[2026-05-22 17:50:30,074] INFO: Error % of Noisy vs Ideal:       48.34%
[2026-05-22 17:50:30,074] INFO: Error % of Mitigated vs Ideal:   14.69%
[2026-05-22 17:50:30,074] INFO: Circuit creation time:       0.0355 seconds
[2026-05-22 17:50:30,074] INFO: Transpilation time:          1.0160 seconds
[2026-05-22 17:50:30,075] INFO: Clifford Transpilation time: 0.5930 seconds
[2026-05-22 17:50:30,075] INFO: Clifford Ideal Estimation time:       1.8086 seconds
[2026-05-22 17:50:30,075] INFO: Clifford Noisy Estimation time:       104.7107 seconds
[2026-05-22 17:50:30,075] INFO: Clifford Mitigated Estimation time:   887.8087 seconds
[2026-05-22 17:50:30,075] INFO: ESTIMATOR PERFORMANCE RUN COMPLETED.
[2026-05-22 17:50:30,101] INFO: writing output file: M4_P6_S555_Fadaexp_out/output.json
