[2026-05-22 15:50:48,197] INFO: reading parameters file: 'M3_P8_S444_Frichardson/M3_P8_S444_Frichardson.yaml'
[2026-05-22 15:50:48,201] INFO: Using seed 444
[2026-05-22 15:50:48,201] INFO: Output will be written in M3_P8_S444_Frichardson_out
[2026-05-22 15:50:48,201] INFO: Building backend ibm_marrakesh (AerSimulator)
[2026-05-22 15:51:00,912] INFO: Building SimpleProductionPlanningProblem
[2026-05-22 15:51:28,706] INFO: The problem has 30 logic qubits
[2026-05-22 15:51:28,719] INFO: Building AncillaQAOACircuit with 2 layers
[2026-05-22 15:51:28,762] INFO: Getting virtual circuit metrics
[2026-05-22 15:51:28,769] INFO: Transpiling AncillaQAOACircuit for ibm_marrakesh
[2026-05-22 15:51:29,592] INFO: Getting transpiled circuit metrics
[2026-05-22 15:51:29,643] INFO: Assigning random parameters to the transpiled circuit
[2026-05-22 15:51:29,649] INFO: Preparing Hamiltonian for Estimator
[2026-05-22 15:51:29,650] INFO: Clifford Noise Analysis with MNEAT
[2026-05-22 15:51:31,527] INFO: Virtual QC Metrics:    {'depth': 78, '2q_gates': 462, 'clifford_gates': 54, 'non_clifford_gates': 502, 't_gates': 0, 'total_gates': 556, 'num_active_qubits': 38}
[2026-05-22 15:51:31,527] INFO: Transpiled QC Metrics: {'depth': 2514, '2q_gates': 2922, 'clifford_gates': 10315, 'non_clifford_gates': 600, 't_gates': 10, 'total_gates': 10915, 'num_active_qubits': 38}
[2026-05-22 15:51:31,527] INFO: Clifford QC Metrics:   {'depth': 2514, '2q_gates': 2922, 'clifford_gates': 10915, 'non_clifford_gates': 0, 't_gates': 0, 'total_gates': 10915, 'num_active_qubits': 38}
[2026-05-22 15:51:31,527] INFO: Hamiltonian estimation with MNEAT on Clifford circuit
[2026-05-22 15:51:31,527] INFO: Ideal simulation run
[2026-05-22 15:51:33,111] INFO: Noisy simulation run
[2026-05-22 15:53:25,273] INFO: Mitigation simulation run with technique: zne
[2026-05-22 15:53:25,274] INFO: ZNE factory: richardson, noise_values: [1, 2, 3]
[2026-05-22 16:03:30,059] INFO: Saved ZNE factory plot to M3_P8_S444_Frichardson_out/zne_factory_fit.png
[2026-05-22 16:03:30,059] INFO: Clifford Ideal Estimator Value:       -1276.6474609375
[2026-05-22 16:03:30,059] INFO: Clifford Noisy Estimator Value:       -747.6171875
[2026-05-22 16:03:30,059] INFO: Clifford Mitigated Estimator Value:   -1845.1230468750025
[2026-05-22 16:03:30,059] INFO: Error % of Noisy vs Ideal:       41.44%
[2026-05-22 16:03:30,059] INFO: Error % of Mitigated vs Ideal:   44.53%
[2026-05-22 16:03:30,059] INFO: Circuit creation time:       0.0429 seconds
[2026-05-22 16:03:30,059] INFO: Transpilation time:          0.8230 seconds
[2026-05-22 16:03:30,059] INFO: Clifford Transpilation time: 0.6610 seconds
[2026-05-22 16:03:30,059] INFO: Clifford Ideal Estimation time:       1.5842 seconds
[2026-05-22 16:03:30,059] INFO: Clifford Noisy Estimation time:       112.1616 seconds
[2026-05-22 16:03:30,059] INFO: Clifford Mitigated Estimation time:   604.5542 seconds
[2026-05-22 16:03:30,059] INFO: ESTIMATOR PERFORMANCE RUN COMPLETED.
[2026-05-22 16:03:30,087] INFO: writing output file: M3_P8_S444_Frichardson_out/output.json
