[2026-03-04 17:25:56,969] INFO: reading parameters file: 'G9_I7_S55555/G9_I7_S55555.yaml'
[2026-03-04 17:25:56,974] INFO: Using seed 55555
[2026-03-04 17:25:56,974] INFO: Output will be written in G9_I7_S55555_out
[2026-03-04 17:25:56,974] INFO: Building backend ibm_torino (AerSimulator)
[2026-03-04 17:26:13,665] INFO: Building QGSUncProblem
[2026-03-04 17:31:16,009] INFO: The problem has 63 logic qubits
[2026-03-04 17:31:16,133] INFO: Building AncillaQAOACircuit with 3 layers
[2026-03-04 17:31:16,407] INFO: Getting virtual circuit metrics
[2026-03-04 17:31:16,538] INFO: Transpiling AncillaQAOACircuit for ibm_torino
[2026-03-04 17:31:25,952] INFO: Getting transpiled circuit metrics
[2026-03-04 17:31:27,767] INFO: Assigning random parameters to the transpiled circuit
[2026-03-04 17:31:27,798] INFO: Preparing Hamiltonian for Estimator
[2026-03-04 17:31:27,801] INFO: Clifford Noise Analysis with NEAT
[2026-03-04 17:31:41,039] INFO: Virtual QC Metrics:    {'depth': 327, '2q_gates': 7155, 'clifford_gates': 126, 'non_clifford_gates': 7236, 't_gates': 0, 'total_gates': 7362, 'num_active_qubits': 72}
[2026-03-04 17:31:41,040] INFO: Transpiled QC Metrics: {'depth': 17232, '2q_gates': 36300, 'clifford_gates': 144481, 'non_clifford_gates': 10180, 't_gates': 10, 'total_gates': 154661, 'num_active_qubits': 73}
[2026-03-04 17:31:41,040] INFO: Clifford QC Metrics:   {'depth': 9637, '2q_gates': 23413, 'clifford_gates': 92761, 'non_clifford_gates': 1366, 't_gates': 24, 'total_gates': 94127, 'num_active_qubits': 73}
[2026-03-04 17:31:41,040] INFO: Ideal simulation run on Clifford circuit
[2026-03-04 17:32:23,398] INFO: Noisy simulation run on Clifford circuit
[2026-03-04 17:32:23,398] INFO: Full noise simulation run on Clifford circuit
[2026-03-04 17:46:49,920] INFO: Clifford Ideal Estimator Value:  5.210847357727497
[2026-03-04 17:46:49,920] INFO: Clifford Noisy Estimator Value:  0.010181346939312828
[2026-03-04 17:46:49,920] INFO: Circuit creation time:       0.2746 seconds
[2026-03-04 17:46:49,920] INFO: Transpilation time:          9.4142 seconds
[2026-03-04 17:46:49,920] INFO: Clifford Transpilation time: 10.7609 seconds
[2026-03-04 17:46:49,920] INFO: Clifford Ideal Estimation time:  42.3581 seconds
[2026-03-04 17:46:49,920] INFO: Clifford Noisy Estimation time:  866.5209 seconds
[2026-03-04 17:46:49,920] INFO: ESTIMATOR PERFORMANCE RUN COMPLETED.
[2026-03-04 17:46:49,935] INFO: writing output file: G9_I7_S55555_out/output.json
