[2026-01-13 18:27:52,036] INFO: reading parameters file: 'N_nodes9_N_layers2/N_nodes9_N_layers2.yaml'
[2026-01-13 18:27:52,044] INFO: Using seed 12345
[2026-01-13 18:27:52,045] INFO: Output will be written in N_nodes9_N_layers2_out
[2026-01-13 18:27:52,045] INFO: Building backend ibm_torino (AerSimulator)
[2026-01-13 18:28:05,318] INFO: Building problem MaxCutProblem
[2026-01-13 18:28:05,386] INFO: The problem has 9 logic qubits
[2026-01-13 18:28:05,386] INFO: Building QAOA circuit QAOACircuit with 2 layers
[2026-01-13 18:28:05,586] INFO: Transpiling QAOA circuit QAOACircuit for ibm_torino
[2026-01-13 18:28:07,961] INFO: Clifford Noise Analysis with NEAT
[2026-01-13 18:28:09,896] INFO: Ideal simulation run on Clifford circuit
[2026-01-13 18:28:10,040] INFO: Noisy simulation run on Clifford circuit
[2026-01-13 18:28:13,398] INFO: Pruned noise simulation run on Clifford circuit
[2026-01-13 18:28:13,823] INFO: Virtual QC Metrics:    {'depth': 67, '2q_gates': 100, 'clifford_gates': 100, 'non_clifford_gates': 77, 't_gates': 0, 'total_gates': 177, 'num_active_qubits': 9}
[2026-01-13 18:28:13,824] INFO: Transpiled QC Metrics: {'depth': 932, '2q_gates': 231, 'clifford_gates': 231, 'non_clifford_gates': 2075, 't_gates': 0, 'total_gates': 2306, 'num_active_qubits': 9}
[2026-01-13 18:28:13,824] INFO: Clifford QC Metrics:   {'depth': 597, '2q_gates': 169, 'clifford_gates': 169, 'non_clifford_gates': 1387, 't_gates': 0, 'total_gates': 1556, 'num_active_qubits': 9}
[2026-01-13 18:28:13,824] INFO: Clifford Ideal Estimator Value:  -0.0732421875
[2026-01-13 18:28:13,824] INFO: Clifford Noisy Estimator Value:  0.146484375
[2026-01-13 18:28:13,824] INFO: Clifford Pruned Estimator Value: 0.146484375
[2026-01-13 18:28:13,824] INFO: Circuit creation time:       0.0040 seconds
[2026-01-13 18:28:13,824] INFO: Transpilation time:          0.0966 seconds
[2026-01-13 18:28:13,824] INFO: Clifford Transpilation time: 0.0557 seconds
[2026-01-13 18:28:13,824] INFO: Clifford Ideal Estimation time:  0.1442 seconds
[2026-01-13 18:28:13,824] INFO: Clifford Noisy Estimation time:  3.3573 seconds
[2026-01-13 18:28:13,824] INFO: Clifford Pruned Estimation time: 0.4254 seconds
[2026-01-13 18:28:13,824] INFO: ESTIMATOR PERFORMANCE RUN COMPLETED.
[2026-01-13 18:28:13,828] INFO: writing output file: N_nodes9_N_layers2_out/output.json
