[2026-05-22 16:25:21,373] INFO: reading parameters file: 'M3_P12_S111_Flinear/M3_P12_S111_Flinear.yaml'
[2026-05-22 16:25:21,379] INFO: Using seed 111
[2026-05-22 16:25:21,380] INFO: Output will be written in M3_P12_S111_Flinear_out
[2026-05-22 16:25:21,380] INFO: Building backend ibm_marrakesh (AerSimulator)
[2026-05-22 16:25:35,657] INFO: Building SimpleProductionPlanningProblem
[2026-05-22 16:30:36,005] INFO: The problem has 45 logic qubits
[2026-05-22 16:30:36,019] INFO: Building AncillaQAOACircuit with 2 layers
[2026-05-22 16:30:36,066] INFO: Getting virtual circuit metrics
[2026-05-22 16:30:36,075] INFO: Transpiling AncillaQAOACircuit for ibm_marrakesh
[2026-05-22 16:30:37,842] INFO: Getting transpiled circuit metrics
[2026-05-22 16:30:37,962] INFO: Assigning random parameters to the transpiled circuit
[2026-05-22 16:30:37,974] INFO: Preparing Hamiltonian for Estimator
[2026-05-22 16:30:37,975] INFO: Clifford Noise Analysis with MNEAT
[2026-05-22 16:30:40,049] INFO: Virtual QC Metrics:    {'depth': 108, '2q_gates': 918, 'clifford_gates': 81, 'non_clifford_gates': 978, 't_gates': 0, 'total_gates': 1059, 'num_active_qubits': 57}
[2026-05-22 16:30:40,049] INFO: Transpiled QC Metrics: {'depth': 4230, '2q_gates': 6385, 'clifford_gates': 22298, 'non_clifford_gates': 1191, 't_gates': 15, 'total_gates': 23489, 'num_active_qubits': 60}
[2026-05-22 16:30:40,049] INFO: Clifford QC Metrics:   {'depth': 4230, '2q_gates': 6385, 'clifford_gates': 23489, 'non_clifford_gates': 0, 't_gates': 0, 'total_gates': 23489, 'num_active_qubits': 60}
[2026-05-22 16:30:40,049] INFO: Hamiltonian estimation with MNEAT on Clifford circuit
[2026-05-22 16:30:40,049] INFO: Ideal simulation run
[2026-05-22 16:30:45,432] INFO: Noisy simulation run
[2026-05-22 16:34:38,425] INFO: Mitigation simulation run with technique: zne
[2026-05-22 16:34:38,425] INFO: ZNE factory: linear, noise_values: [1, 2, 3]
[2026-05-22 16:55:19,049] INFO: Saved ZNE factory plot to M3_P12_S111_Flinear_out/zne_factory_fit.png
[2026-05-22 16:55:19,049] INFO: Clifford Ideal Estimator Value:       -4138.5322265625
[2026-05-22 16:55:19,049] INFO: Clifford Noisy Estimator Value:       -744.4921875
[2026-05-22 16:55:19,049] INFO: Clifford Mitigated Estimator Value:   -1185.2177734375002
[2026-05-22 16:55:19,049] INFO: Error % of Noisy vs Ideal:       82.01%
[2026-05-22 16:55:19,049] INFO: Error % of Mitigated vs Ideal:   71.36%
[2026-05-22 16:55:19,049] INFO: Circuit creation time:       0.0467 seconds
[2026-05-22 16:55:19,049] INFO: Transpilation time:          1.7668 seconds
[2026-05-22 16:55:19,049] INFO: Clifford Transpilation time: 0.1237 seconds
[2026-05-22 16:55:19,049] INFO: Clifford Ideal Estimation time:       5.3830 seconds
[2026-05-22 16:55:19,049] INFO: Clifford Noisy Estimation time:       232.9925 seconds
[2026-05-22 16:55:19,049] INFO: Clifford Mitigated Estimation time:   1240.3298 seconds
[2026-05-22 16:55:19,049] INFO: ESTIMATOR PERFORMANCE RUN COMPLETED.
[2026-05-22 16:55:19,078] INFO: writing output file: M3_P12_S111_Flinear_out/output.json
