[2026-05-22 14:56:28,514] INFO: reading parameters file: 'M2_P10_S444_Flinear/M2_P10_S444_Flinear.yaml'
[2026-05-22 14:56:28,519] INFO: Using seed 444
[2026-05-22 14:56:28,519] INFO: Output will be written in M2_P10_S444_Flinear_out
[2026-05-22 14:56:28,520] INFO: Building backend ibm_marrakesh (AerSimulator)
[2026-05-22 14:56:42,680] INFO: Building SimpleProductionPlanningProblem
[2026-05-22 14:58:08,711] INFO: The problem has 26 logic qubits
[2026-05-22 14:58:08,719] INFO: Building AncillaQAOACircuit with 2 layers
[2026-05-22 14:58:08,742] INFO: Getting virtual circuit metrics
[2026-05-22 14:58:08,746] INFO: Transpiling AncillaQAOACircuit for ibm_marrakesh
[2026-05-22 14:58:09,521] INFO: Getting transpiled circuit metrics
[2026-05-22 14:58:09,568] INFO: Assigning random parameters to the transpiled circuit
[2026-05-22 14:58:09,575] INFO: Preparing Hamiltonian for Estimator
[2026-05-22 14:58:09,576] INFO: Clifford Noise Analysis with MNEAT
[2026-05-22 14:58:11,548] INFO: Virtual QC Metrics:    {'depth': 68, '2q_gates': 402, 'clifford_gates': 56, 'non_clifford_gates': 436, 't_gates': 0, 'total_gates': 492, 'num_active_qubits': 36}
[2026-05-22 14:58:11,548] INFO: Transpiled QC Metrics: {'depth': 2374, '2q_gates': 2495, 'clifford_gates': 8800, 'non_clifford_gates': 490, 't_gates': 0, 'total_gates': 9290, 'num_active_qubits': 38}
[2026-05-22 14:58:11,548] INFO: Clifford QC Metrics:   {'depth': 2374, '2q_gates': 2495, 'clifford_gates': 9290, 'non_clifford_gates': 0, 't_gates': 0, 'total_gates': 9290, 'num_active_qubits': 38}
[2026-05-22 14:58:11,548] INFO: Hamiltonian estimation with MNEAT on Clifford circuit
[2026-05-22 14:58:11,548] INFO: Ideal simulation run
[2026-05-22 14:58:13,013] INFO: Noisy simulation run
[2026-05-22 14:59:43,184] INFO: Mitigation simulation run with technique: zne
[2026-05-22 14:59:43,185] INFO: ZNE factory: linear, noise_values: [1, 2, 3]
[2026-05-22 15:07:57,357] INFO: Saved ZNE factory plot to M2_P10_S444_Flinear_out/zne_factory_fit.png
[2026-05-22 15:07:57,357] INFO: Clifford Ideal Estimator Value:       -526.474609375
[2026-05-22 15:07:57,358] INFO: Clifford Noisy Estimator Value:       -155.158203125
[2026-05-22 15:07:57,358] INFO: Clifford Mitigated Estimator Value:   -260.9384765625001
[2026-05-22 15:07:57,358] INFO: Error % of Noisy vs Ideal:       70.53%
[2026-05-22 15:07:57,358] INFO: Error % of Mitigated vs Ideal:   50.44%
[2026-05-22 15:07:57,358] INFO: Circuit creation time:       0.0230 seconds
[2026-05-22 15:07:57,358] INFO: Transpilation time:          0.7743 seconds
[2026-05-22 15:07:57,358] INFO: Clifford Transpilation time: 0.0499 seconds
[2026-05-22 15:07:57,358] INFO: Clifford Ideal Estimation time:       1.4647 seconds
[2026-05-22 15:07:57,358] INFO: Clifford Noisy Estimation time:       90.1712 seconds
[2026-05-22 15:07:57,358] INFO: Clifford Mitigated Estimation time:   493.9180 seconds
[2026-05-22 15:07:57,358] INFO: ESTIMATOR PERFORMANCE RUN COMPLETED.
[2026-05-22 15:07:57,387] INFO: writing output file: M2_P10_S444_Flinear_out/output.json
