[2026-05-22 19:13:34,697] INFO: reading parameters file: 'M4_P12_S333_Frichardson/M4_P12_S333_Frichardson.yaml'
[2026-05-22 19:13:34,710] INFO: Using seed 333
[2026-05-22 19:13:34,710] INFO: Output will be written in M4_P12_S333_Frichardson_out
[2026-05-22 19:13:34,710] INFO: Building backend ibm_marrakesh (AerSimulator)
[2026-05-22 19:13:48,097] INFO: Building SimpleProductionPlanningProblem
[2026-05-22 19:18:48,448] INFO: The problem has 60 logic qubits
[2026-05-22 19:18:48,466] INFO: Building AncillaQAOACircuit with 2 layers
[2026-05-22 19:18:48,526] INFO: Getting virtual circuit metrics
[2026-05-22 19:18:48,539] INFO: Transpiling AncillaQAOACircuit for ibm_marrakesh
[2026-05-22 19:18:51,070] INFO: Getting transpiled circuit metrics
[2026-05-22 19:18:51,244] INFO: Assigning random parameters to the transpiled circuit
[2026-05-22 19:18:51,260] INFO: Preparing Hamiltonian for Estimator
[2026-05-22 19:18:51,262] INFO: Clifford Noise Analysis with MNEAT
[2026-05-22 19:18:53,304] INFO: Virtual QC Metrics:    {'depth': 139, '2q_gates': 1380, 'clifford_gates': 108, 'non_clifford_gates': 1452, 't_gates': 0, 'total_gates': 1560, 'num_active_qubits': 72}
[2026-05-22 19:18:53,304] INFO: Transpiled QC Metrics: {'depth': 6195, '2q_gates': 10149, 'clifford_gates': 35234, 'non_clifford_gates': 1767, 't_gates': 12, 'total_gates': 37001, 'num_active_qubits': 76}
[2026-05-22 19:18:53,304] INFO: Clifford QC Metrics:   {'depth': 6195, '2q_gates': 10149, 'clifford_gates': 37001, 'non_clifford_gates': 0, 't_gates': 0, 'total_gates': 37001, 'num_active_qubits': 76}
[2026-05-22 19:18:53,304] INFO: Hamiltonian estimation with MNEAT on Clifford circuit
[2026-05-22 19:18:53,304] INFO: Ideal simulation run
[2026-05-22 19:19:04,636] INFO: Noisy simulation run
[2026-05-22 19:25:47,835] INFO: Mitigation simulation run with technique: zne
[2026-05-22 19:25:47,835] INFO: ZNE factory: richardson, noise_values: [1, 2, 3]
[2026-05-22 20:01:04,239] INFO: Saved ZNE factory plot to M4_P12_S333_Frichardson_out/zne_factory_fit.png
[2026-05-22 20:01:04,239] INFO: Clifford Ideal Estimator Value:       -13380.7275390625
[2026-05-22 20:01:04,239] INFO: Clifford Noisy Estimator Value:       -2848.4228515625
[2026-05-22 20:01:04,239] INFO: Clifford Mitigated Estimator Value:   -6508.22753906251
[2026-05-22 20:01:04,239] INFO: Error % of Noisy vs Ideal:       78.71%
[2026-05-22 20:01:04,239] INFO: Error % of Mitigated vs Ideal:   51.36%
[2026-05-22 20:01:04,239] INFO: Circuit creation time:       0.0604 seconds
[2026-05-22 20:01:04,239] INFO: Transpilation time:          2.5308 seconds
[2026-05-22 20:01:04,239] INFO: Clifford Transpilation time: 0.1728 seconds
[2026-05-22 20:01:04,239] INFO: Clifford Ideal Estimation time:       11.3324 seconds
[2026-05-22 20:01:04,239] INFO: Clifford Noisy Estimation time:       403.1984 seconds
[2026-05-22 20:01:04,239] INFO: Clifford Mitigated Estimation time:   2116.1345 seconds
[2026-05-22 20:01:04,239] INFO: ESTIMATOR PERFORMANCE RUN COMPLETED.
[2026-05-22 20:01:04,265] INFO: writing output file: M4_P12_S333_Frichardson_out/output.json
