[2026-05-22 17:22:21,498] INFO: reading parameters file: 'M4_P6_S333_Fadaexp/M4_P6_S333_Fadaexp.yaml'
[2026-05-22 17:22:21,503] INFO: Using seed 333
[2026-05-22 17:22:21,504] INFO: Output will be written in M4_P6_S333_Fadaexp_out
[2026-05-22 17:22:21,504] INFO: Building backend ibm_marrakesh (AerSimulator)
[2026-05-22 17:22:36,899] INFO: Building SimpleProductionPlanningProblem
[2026-05-22 17:22:43,223] INFO: The problem has 32 logic qubits
[2026-05-22 17:22:43,236] INFO: Building AncillaQAOACircuit with 2 layers
[2026-05-22 17:22:43,269] INFO: Getting virtual circuit metrics
[2026-05-22 17:22:43,276] INFO: Transpiling AncillaQAOACircuit for ibm_marrakesh
[2026-05-22 17:22:44,191] INFO: Getting transpiled circuit metrics
[2026-05-22 17:22:44,274] INFO: Assigning random parameters to the transpiled circuit
[2026-05-22 17:22:44,286] INFO: Preparing Hamiltonian for Estimator
[2026-05-22 17:22:44,287] INFO: Clifford Noise Analysis with MNEAT
[2026-05-22 17:22:46,281] INFO: Virtual QC Metrics:    {'depth': 83, '2q_gates': 494, 'clifford_gates': 56, 'non_clifford_gates': 538, 't_gates': 0, 'total_gates': 594, 'num_active_qubits': 38}
[2026-05-22 17:22:46,281] INFO: Transpiled QC Metrics: {'depth': 2419, '2q_gates': 3039, 'clifford_gates': 10846, 'non_clifford_gates': 637, 't_gates': 7, 'total_gates': 11483, 'num_active_qubits': 44}
[2026-05-22 17:22:46,281] INFO: Clifford QC Metrics:   {'depth': 2419, '2q_gates': 3039, 'clifford_gates': 11483, 'non_clifford_gates': 0, 't_gates': 0, 'total_gates': 11483, 'num_active_qubits': 44}
[2026-05-22 17:22:46,281] INFO: Hamiltonian estimation with MNEAT on Clifford circuit
[2026-05-22 17:22:46,281] INFO: Ideal simulation run
[2026-05-22 17:22:48,041] INFO: Noisy simulation run
[2026-05-22 17:24:29,715] INFO: Mitigation simulation run with technique: zne
[2026-05-22 17:24:29,715] INFO: ZNE factory: adaexp, noise_values: [1, 2, 3]
[2026-05-22 17:39:48,745] INFO: Saved ZNE factory plot to M4_P6_S333_Fadaexp_out/zne_factory_fit.png
[2026-05-22 17:39:48,745] INFO: Clifford Ideal Estimator Value:       -3378.1396484375
[2026-05-22 17:39:48,745] INFO: Clifford Noisy Estimator Value:       -1459.1689453125
[2026-05-22 17:39:48,745] INFO: Clifford Mitigated Estimator Value:   -2828.8816178768557
[2026-05-22 17:39:48,745] INFO: Error % of Noisy vs Ideal:       56.81%
[2026-05-22 17:39:48,745] INFO: Error % of Mitigated vs Ideal:   16.26%
[2026-05-22 17:39:48,745] INFO: Circuit creation time:       0.0332 seconds
[2026-05-22 17:39:48,745] INFO: Transpilation time:          0.9148 seconds
[2026-05-22 17:39:48,745] INFO: Clifford Transpilation time: 0.5709 seconds
[2026-05-22 17:39:48,745] INFO: Clifford Ideal Estimation time:       1.7596 seconds
[2026-05-22 17:39:48,745] INFO: Clifford Noisy Estimation time:       101.6742 seconds
[2026-05-22 17:39:48,745] INFO: Clifford Mitigated Estimation time:   918.6383 seconds
[2026-05-22 17:39:48,745] INFO: ESTIMATOR PERFORMANCE RUN COMPLETED.
[2026-05-22 17:39:48,768] INFO: writing output file: M4_P6_S333_Fadaexp_out/output.json
