[2026-05-22 16:59:42,308] INFO: reading parameters file: 'M3_P12_S555_Flinear/M3_P12_S555_Flinear.yaml'
[2026-05-22 16:59:42,313] INFO: Using seed 555
[2026-05-22 16:59:42,313] INFO: Output will be written in M3_P12_S555_Flinear_out
[2026-05-22 16:59:42,314] INFO: Building backend ibm_marrakesh (AerSimulator)
[2026-05-22 17:00:04,934] INFO: Building SimpleProductionPlanningProblem
[2026-05-22 17:05:05,270] INFO: The problem has 45 logic qubits
[2026-05-22 17:05:05,292] INFO: Building AncillaQAOACircuit with 2 layers
[2026-05-22 17:05:05,360] INFO: Getting virtual circuit metrics
[2026-05-22 17:05:05,373] INFO: Transpiling AncillaQAOACircuit for ibm_marrakesh
[2026-05-22 17:05:07,280] INFO: Getting transpiled circuit metrics
[2026-05-22 17:05:07,456] INFO: Assigning random parameters to the transpiled circuit
[2026-05-22 17:05:07,478] INFO: Preparing Hamiltonian for Estimator
[2026-05-22 17:05:07,479] INFO: Clifford Noise Analysis with MNEAT
[2026-05-22 17:05:09,740] INFO: Virtual QC Metrics:    {'depth': 108, '2q_gates': 918, 'clifford_gates': 81, 'non_clifford_gates': 978, 't_gates': 0, 'total_gates': 1059, 'num_active_qubits': 57}
[2026-05-22 17:05:09,740] INFO: Transpiled QC Metrics: {'depth': 4407, '2q_gates': 6488, 'clifford_gates': 22469, 'non_clifford_gates': 1235, 't_gates': 16, 'total_gates': 23704, 'num_active_qubits': 63}
[2026-05-22 17:05:09,740] INFO: Clifford QC Metrics:   {'depth': 4407, '2q_gates': 6488, 'clifford_gates': 23704, 'non_clifford_gates': 0, 't_gates': 0, 'total_gates': 23704, 'num_active_qubits': 63}
[2026-05-22 17:05:09,741] INFO: Hamiltonian estimation with MNEAT on Clifford circuit
[2026-05-22 17:05:09,741] INFO: Ideal simulation run
[2026-05-22 17:05:15,678] INFO: Noisy simulation run
[2026-05-22 17:08:58,402] INFO: Mitigation simulation run with technique: zne
[2026-05-22 17:08:58,402] INFO: ZNE factory: linear, noise_values: [1, 2, 3]
[2026-05-22 17:29:16,425] INFO: Saved ZNE factory plot to M3_P12_S555_Flinear_out/zne_factory_fit.png
[2026-05-22 17:29:16,425] INFO: Clifford Ideal Estimator Value:       -4317.2802734375
[2026-05-22 17:29:16,425] INFO: Clifford Noisy Estimator Value:       -965.4873046875
[2026-05-22 17:29:16,425] INFO: Clifford Mitigated Estimator Value:   -1274.1572265625002
[2026-05-22 17:29:16,425] INFO: Error % of Noisy vs Ideal:       77.64%
[2026-05-22 17:29:16,425] INFO: Error % of Mitigated vs Ideal:   70.49%
[2026-05-22 17:29:16,425] INFO: Circuit creation time:       0.0683 seconds
[2026-05-22 17:29:16,425] INFO: Transpilation time:          1.9069 seconds
[2026-05-22 17:29:16,425] INFO: Clifford Transpilation time: 0.1391 seconds
[2026-05-22 17:29:16,425] INFO: Clifford Ideal Estimation time:       5.9373 seconds
[2026-05-22 17:29:16,425] INFO: Clifford Noisy Estimation time:       222.7239 seconds
[2026-05-22 17:29:16,425] INFO: Clifford Mitigated Estimation time:   1217.7794 seconds
[2026-05-22 17:29:16,425] INFO: ESTIMATOR PERFORMANCE RUN COMPLETED.
[2026-05-22 17:29:16,452] INFO: writing output file: M3_P12_S555_Flinear_out/output.json
