[2026-03-02 14:06:34,319] INFO: reading parameters file: 'Groups5_Instruments5_Layers3/Groups5_Instruments5_Layers3.yaml'
[2026-03-02 14:06:34,324] INFO: Using seed 12345
[2026-03-02 14:06:34,324] INFO: Output will be written in Groups5_Instruments5_Layers3_out
[2026-03-02 14:06:34,325] INFO: Building backend ibm_torino (AerSimulator)
[2026-03-02 14:06:50,132] INFO: Building QGSUncProblem
[2026-03-02 14:06:51,426] INFO: The problem has 25 logic qubits
[2026-03-02 14:06:51,446] INFO: Building AncillaQAOACircuit with 3 layers
[2026-03-02 14:06:51,491] INFO: Getting virtual circuit metrics
[2026-03-02 14:06:51,517] INFO: Transpiling AncillaQAOACircuit for ibm_torino
[2026-03-02 14:06:52,815] INFO: Getting transpiled circuit metrics
[2026-03-02 14:06:53,115] INFO: Assigning random parameters to the transpiled circuit
[2026-03-02 14:06:53,119] INFO: Preparing Hamiltonian for Estimator
[2026-03-02 14:06:53,120] INFO: Clifford Noise Analysis with NEAT
[2026-03-02 14:06:55,864] INFO: Virtual QC Metrics:    {'depth': 151, '2q_gates': 1260, 'clifford_gates': 50, 'non_clifford_gates': 1295, 't_gates': 0, 'total_gates': 1345, 'num_active_qubits': 30}
[2026-03-02 14:06:55,864] INFO: Transpiled QC Metrics: {'depth': 4534, '2q_gates': 5840, 'clifford_gates': 23852, 'non_clifford_gates': 1759, 't_gates': 6, 'total_gates': 25611, 'num_active_qubits': 30}
[2026-03-02 14:06:55,864] INFO: Clifford QC Metrics:   {'depth': 2364, '2q_gates': 3383, 'clifford_gates': 13508, 'non_clifford_gates': 79, 't_gates': 4, 'total_gates': 13587, 'num_active_qubits': 30}
[2026-03-02 14:06:55,864] INFO: Ideal simulation run on Clifford circuit
[2026-03-02 14:06:58,017] INFO: Noisy simulation run on Clifford circuit
[2026-03-02 14:06:58,017] INFO: Full noise simulation run on Clifford circuit
[2026-03-02 14:08:57,992] INFO: Clifford Ideal Estimator Value:  0.7294572066452163
[2026-03-02 14:08:57,992] INFO: Clifford Noisy Estimator Value:  0.28594098087204056
[2026-03-02 14:08:57,992] INFO: Circuit creation time:       0.0453 seconds
[2026-03-02 14:08:57,992] INFO: Transpilation time:          1.2975 seconds
[2026-03-02 14:08:57,992] INFO: Clifford Transpilation time: 1.1939 seconds
[2026-03-02 14:08:57,992] INFO: Clifford Ideal Estimation time:  2.1526 seconds
[2026-03-02 14:08:57,992] INFO: Clifford Noisy Estimation time:  119.9743 seconds
[2026-03-02 14:08:57,992] INFO: ESTIMATOR PERFORMANCE RUN COMPLETED.
[2026-03-02 14:08:58,005] INFO: writing output file: Groups5_Instruments5_Layers3_out/output.json
