[2026-05-22 15:40:15,535] INFO: reading parameters file: 'M3_P6_S555_Fadaexp/M3_P6_S555_Fadaexp.yaml'
[2026-05-22 15:40:15,538] INFO: Using seed 555
[2026-05-22 15:40:15,539] INFO: Output will be written in M3_P6_S555_Fadaexp_out
[2026-05-22 15:40:15,539] INFO: Building backend ibm_marrakesh (AerSimulator)
[2026-05-22 15:40:28,023] INFO: Building SimpleProductionPlanningProblem
[2026-05-22 15:40:31,828] INFO: The problem has 24 logic qubits
[2026-05-22 15:40:31,836] INFO: Building AncillaQAOACircuit with 2 layers
[2026-05-22 15:40:31,863] INFO: Getting virtual circuit metrics
[2026-05-22 15:40:31,870] INFO: Transpiling AncillaQAOACircuit for ibm_marrakesh
[2026-05-22 15:40:32,434] INFO: Getting transpiled circuit metrics
[2026-05-22 15:40:32,467] INFO: Assigning random parameters to the transpiled circuit
[2026-05-22 15:40:32,472] INFO: Preparing Hamiltonian for Estimator
[2026-05-22 15:40:32,473] INFO: Clifford Noise Analysis with MNEAT
[2026-05-22 15:40:33,728] INFO: Virtual QC Metrics:    {'depth': 64, '2q_gates': 312, 'clifford_gates': 42, 'non_clifford_gates': 348, 't_gates': 0, 'total_gates': 390, 'num_active_qubits': 30}
[2026-05-22 15:40:33,728] INFO: Transpiled QC Metrics: {'depth': 1747, '2q_gates': 1747, 'clifford_gates': 6328, 'non_clifford_gates': 424, 't_gates': 10, 'total_gates': 6752, 'num_active_qubits': 31}
[2026-05-22 15:40:33,729] INFO: Clifford QC Metrics:   {'depth': 1747, '2q_gates': 1747, 'clifford_gates': 6752, 'non_clifford_gates': 0, 't_gates': 0, 'total_gates': 6752, 'num_active_qubits': 31}
[2026-05-22 15:40:33,729] INFO: Hamiltonian estimation with MNEAT on Clifford circuit
[2026-05-22 15:40:33,729] INFO: Ideal simulation run
[2026-05-22 15:40:34,599] INFO: Noisy simulation run
[2026-05-22 15:41:42,475] INFO: Mitigation simulation run with technique: zne
[2026-05-22 15:41:42,475] INFO: ZNE factory: adaexp, noise_values: [1, 2, 3]
[2026-05-22 15:50:40,867] INFO: Saved ZNE factory plot to M3_P6_S555_Fadaexp_out/zne_factory_fit.png
[2026-05-22 15:50:40,867] INFO: Clifford Ideal Estimator Value:       -1086.3876953125
[2026-05-22 15:50:40,867] INFO: Clifford Noisy Estimator Value:       -608.900390625
[2026-05-22 15:50:40,867] INFO: Clifford Mitigated Estimator Value:   -1706.5490330102018
[2026-05-22 15:50:40,867] INFO: Error % of Noisy vs Ideal:       43.95%
[2026-05-22 15:50:40,867] INFO: Error % of Mitigated vs Ideal:   57.08%
[2026-05-22 15:50:40,867] INFO: Circuit creation time:       0.0264 seconds
[2026-05-22 15:50:40,867] INFO: Transpilation time:          0.5639 seconds
[2026-05-22 15:50:40,867] INFO: Clifford Transpilation time: 0.0365 seconds
[2026-05-22 15:50:40,867] INFO: Clifford Ideal Estimation time:       0.8707 seconds
[2026-05-22 15:50:40,867] INFO: Clifford Noisy Estimation time:       67.8755 seconds
[2026-05-22 15:50:40,867] INFO: Clifford Mitigated Estimation time:   538.1360 seconds
[2026-05-22 15:50:40,867] INFO: ESTIMATOR PERFORMANCE RUN COMPLETED.
[2026-05-22 15:50:40,894] INFO: writing output file: M3_P6_S555_Fadaexp_out/output.json
