[2026-03-30 13:17:11,143] INFO: reading parameters file: 'M7_P9_S55555/M7_P9_S55555.yaml'
[2026-03-30 13:17:11,147] INFO: Using seed 55555
[2026-03-30 13:17:11,147] INFO: Output will be written in M7_P9_S55555_out
[2026-03-30 13:17:11,148] INFO: Building backend ibm_torino (AerSimulator)
[2026-03-30 13:17:21,355] INFO: Building SimpleProductionPlanningProblem
[2026-03-30 13:22:21,816] INFO: The problem has 77 logic qubits
[2026-03-30 13:22:21,841] INFO: Building AncillaQAOACircuit with 3 layers
[2026-03-30 13:22:21,902] INFO: Getting virtual circuit metrics
[2026-03-30 13:22:21,936] INFO: Transpiling AncillaQAOACircuit for ibm_torino
[2026-03-30 13:22:26,005] INFO: Getting transpiled circuit metrics
[2026-03-30 13:22:26,566] INFO: Assigning random parameters to the transpiled circuit
[2026-03-30 13:22:26,574] INFO: Preparing Hamiltonian for Estimator
[2026-03-30 13:22:26,576] INFO: Clifford Noise Analysis with NEAT
[2026-03-30 13:22:33,254] INFO: Virtual QC Metrics:    {'depth': 259, '2q_gates': 3018, 'clifford_gates': 140, 'non_clifford_gates': 3183, 't_gates': 0, 'total_gates': 3323, 'num_active_qubits': 86}
[2026-03-30 13:22:33,255] INFO: Transpiled QC Metrics: {'depth': 11880, '2q_gates': 22507, 'clifford_gates': 85490, 'non_clifford_gates': 5031, 't_gates': 16, 'total_gates': 90521, 'num_active_qubits': 86}
[2026-03-30 13:22:33,255] INFO: Clifford QC Metrics:   {'depth': 7676, '2q_gates': 15748, 'clifford_gates': 58039, 'non_clifford_gates': 22, 't_gates': 0, 'total_gates': 58061, 'num_active_qubits': 86}
[2026-03-30 13:22:33,255] INFO: Ideal simulation run on Clifford circuit
[2026-03-30 13:22:44,204] INFO: Noisy simulation run on Clifford circuit
[2026-03-30 13:22:44,204] INFO: Full noise simulation run on Clifford circuit
[2026-03-30 13:35:56,325] INFO: Clifford Ideal Estimator Value:  -49520.369140625
[2026-03-30 13:35:56,325] INFO: Clifford Noisy Estimator Value:  -2785.5888671875
[2026-03-30 13:35:56,325] INFO: Circuit creation time:       0.0610 seconds
[2026-03-30 13:35:56,325] INFO: Transpilation time:          4.0687 seconds
[2026-03-30 13:35:56,325] INFO: Clifford Transpilation time: 5.4292 seconds
[2026-03-30 13:35:56,325] INFO: Clifford Ideal Estimation time:  10.9488 seconds
[2026-03-30 13:35:56,325] INFO: Clifford Noisy Estimation time:  792.1206 seconds
[2026-03-30 13:35:56,325] INFO: ESTIMATOR PERFORMANCE RUN COMPLETED.
[2026-03-30 13:35:56,337] INFO: writing output file: M7_P9_S55555_out/output.json
