[2026-03-04 18:55:36,126] INFO: reading parameters file: 'G13_I5_S55555/G13_I5_S55555.yaml'
[2026-03-04 18:55:36,132] INFO: Using seed 55555
[2026-03-04 18:55:36,133] INFO: Output will be written in G13_I5_S55555_out
[2026-03-04 18:55:36,133] INFO: Building backend ibm_torino (AerSimulator)
[2026-03-04 18:55:50,305] INFO: Building QGSUncProblem
[2026-03-04 19:00:52,582] INFO: The problem has 65 logic qubits
[2026-03-04 19:00:52,708] INFO: Building AncillaQAOACircuit with 3 layers
[2026-03-04 19:00:52,974] INFO: Getting virtual circuit metrics
[2026-03-04 19:00:53,086] INFO: Transpiling AncillaQAOACircuit for ibm_torino
[2026-03-04 19:01:00,269] INFO: Getting transpiled circuit metrics
[2026-03-04 19:01:01,724] INFO: Assigning random parameters to the transpiled circuit
[2026-03-04 19:01:01,752] INFO: Preparing Hamiltonian for Estimator
[2026-03-04 19:01:01,755] INFO: Clifford Noise Analysis with NEAT
[2026-03-04 19:01:13,154] INFO: Virtual QC Metrics:    {'depth': 311, '2q_gates': 7176, 'clifford_gates': 130, 'non_clifford_gates': 7267, 't_gates': 0, 'total_gates': 7397, 'num_active_qubits': 78}
[2026-03-04 19:01:13,155] INFO: Transpiled QC Metrics: {'depth': 15169, '2q_gates': 37064, 'clifford_gates': 147114, 'non_clifford_gates': 9490, 't_gates': 16, 'total_gates': 156604, 'num_active_qubits': 85}
[2026-03-04 19:01:13,155] INFO: Clifford QC Metrics:   {'depth': 8715, '2q_gates': 24154, 'clifford_gates': 96206, 'non_clifford_gates': 1549, 't_gates': 35, 'total_gates': 97755, 'num_active_qubits': 85}
[2026-03-04 19:01:13,155] INFO: Ideal simulation run on Clifford circuit
[2026-03-04 19:01:42,822] INFO: Noisy simulation run on Clifford circuit
[2026-03-04 19:01:42,823] INFO: Full noise simulation run on Clifford circuit
[2026-03-04 19:09:16,597] INFO: Clifford Ideal Estimator Value:  4.012878337298619
[2026-03-04 19:09:16,597] INFO: Clifford Noisy Estimator Value:  0.10193667111972901
[2026-03-04 19:09:16,597] INFO: Circuit creation time:       0.2658 seconds
[2026-03-04 19:09:16,597] INFO: Transpilation time:          7.1823 seconds
[2026-03-04 19:09:16,597] INFO: Clifford Transpilation time: 9.2226 seconds
[2026-03-04 19:09:16,597] INFO: Clifford Ideal Estimation time:  29.6675 seconds
[2026-03-04 19:09:16,598] INFO: Clifford Noisy Estimation time:  453.7742 seconds
[2026-03-04 19:09:16,598] INFO: ESTIMATOR PERFORMANCE RUN COMPLETED.
[2026-03-04 19:09:16,613] INFO: writing output file: G13_I5_S55555_out/output.json
