[2026-03-04 17:24:39,330] INFO: reading parameters file: 'G9_I7_S44444/G9_I7_S44444.yaml'
[2026-03-04 17:24:39,335] INFO: Using seed 44444
[2026-03-04 17:24:39,336] INFO: Output will be written in G9_I7_S44444_out
[2026-03-04 17:24:39,336] INFO: Building backend ibm_torino (AerSimulator)
[2026-03-04 17:24:53,562] INFO: Building QGSUncProblem
[2026-03-04 17:29:54,961] INFO: The problem has 63 logic qubits
[2026-03-04 17:29:55,024] INFO: Building AncillaQAOACircuit with 3 layers
[2026-03-04 17:29:55,166] INFO: Getting virtual circuit metrics
[2026-03-04 17:29:55,240] INFO: Transpiling AncillaQAOACircuit for ibm_torino
[2026-03-04 17:30:04,479] INFO: Getting transpiled circuit metrics
[2026-03-04 17:30:05,477] INFO: Assigning random parameters to the transpiled circuit
[2026-03-04 17:30:05,503] INFO: Preparing Hamiltonian for Estimator
[2026-03-04 17:30:05,506] INFO: Clifford Noise Analysis with NEAT
[2026-03-04 17:30:17,010] INFO: Virtual QC Metrics:    {'depth': 327, '2q_gates': 7155, 'clifford_gates': 126, 'non_clifford_gates': 7236, 't_gates': 0, 'total_gates': 7362, 'num_active_qubits': 72}
[2026-03-04 17:30:17,010] INFO: Transpiled QC Metrics: {'depth': 16999, '2q_gates': 36902, 'clifford_gates': 144630, 'non_clifford_gates': 10663, 't_gates': 13, 'total_gates': 155293, 'num_active_qubits': 73}
[2026-03-04 17:30:17,010] INFO: Clifford QC Metrics:   {'depth': 8887, '2q_gates': 23405, 'clifford_gates': 88603, 'non_clifford_gates': 6, 't_gates': 0, 'total_gates': 88609, 'num_active_qubits': 73}
[2026-03-04 17:30:17,010] INFO: Ideal simulation run on Clifford circuit
[2026-03-04 17:30:57,143] INFO: Noisy simulation run on Clifford circuit
[2026-03-04 17:30:57,143] INFO: Full noise simulation run on Clifford circuit
[2026-03-04 17:45:35,782] INFO: Clifford Ideal Estimator Value:  2.8850781422024543
[2026-03-04 17:45:35,783] INFO: Clifford Noisy Estimator Value:  0.16469233763016133
[2026-03-04 17:45:35,783] INFO: Circuit creation time:       0.1419 seconds
[2026-03-04 17:45:35,783] INFO: Transpilation time:          9.2389 seconds
[2026-03-04 17:45:35,783] INFO: Clifford Transpilation time: 9.9720 seconds
[2026-03-04 17:45:35,783] INFO: Clifford Ideal Estimation time:  40.1325 seconds
[2026-03-04 17:45:35,783] INFO: Clifford Noisy Estimation time:  878.6388 seconds
[2026-03-04 17:45:35,783] INFO: ESTIMATOR PERFORMANCE RUN COMPLETED.
[2026-03-04 17:45:35,800] INFO: writing output file: G9_I7_S44444_out/output.json
