[2026-03-04 17:05:13,873] INFO: reading parameters file: 'G7_I9_S55555/G7_I9_S55555.yaml'
[2026-03-04 17:05:13,879] INFO: Using seed 55555
[2026-03-04 17:05:13,879] INFO: Output will be written in G7_I9_S55555_out
[2026-03-04 17:05:13,879] INFO: Building backend ibm_torino (AerSimulator)
[2026-03-04 17:05:27,858] INFO: Building QGSUncProblem
[2026-03-04 17:08:07,414] INFO: The problem has 63 logic qubits
[2026-03-04 17:08:07,533] INFO: Building AncillaQAOACircuit with 3 layers
[2026-03-04 17:08:07,794] INFO: Getting virtual circuit metrics
[2026-03-04 17:08:07,914] INFO: Transpiling AncillaQAOACircuit for ibm_torino
[2026-03-04 17:08:15,167] INFO: Getting transpiled circuit metrics
[2026-03-04 17:08:16,704] INFO: Assigning random parameters to the transpiled circuit
[2026-03-04 17:08:16,729] INFO: Preparing Hamiltonian for Estimator
[2026-03-04 17:08:16,732] INFO: Clifford Noise Analysis with NEAT
[2026-03-04 17:08:27,309] INFO: Virtual QC Metrics:    {'depth': 351, '2q_gates': 7539, 'clifford_gates': 126, 'non_clifford_gates': 7616, 't_gates': 0, 'total_gates': 7742, 'num_active_qubits': 70}
[2026-03-04 17:08:27,309] INFO: Transpiled QC Metrics: {'depth': 19295, '2q_gates': 38864, 'clifford_gates': 156301, 'non_clifford_gates': 10946, 't_gates': 7, 'total_gates': 167247, 'num_active_qubits': 76}
[2026-03-04 17:08:27,309] INFO: Clifford QC Metrics:   {'depth': 10599, '2q_gates': 25332, 'clifford_gates': 100543, 'non_clifford_gates': 1440, 't_gates': 30, 'total_gates': 101983, 'num_active_qubits': 76}
[2026-03-04 17:08:27,309] INFO: Ideal simulation run on Clifford circuit
[2026-03-04 17:08:56,757] INFO: Noisy simulation run on Clifford circuit
[2026-03-04 17:08:56,757] INFO: Full noise simulation run on Clifford circuit
[2026-03-04 17:17:00,483] INFO: Clifford Ideal Estimator Value:  6.6013297984266615
[2026-03-04 17:17:00,484] INFO: Clifford Noisy Estimator Value:  3.244604644161622
[2026-03-04 17:17:00,484] INFO: Circuit creation time:       0.2610 seconds
[2026-03-04 17:17:00,484] INFO: Transpilation time:          7.2527 seconds
[2026-03-04 17:17:00,484] INFO: Clifford Transpilation time: 8.4403 seconds
[2026-03-04 17:17:00,484] INFO: Clifford Ideal Estimation time:  29.4476 seconds
[2026-03-04 17:17:00,484] INFO: Clifford Noisy Estimation time:  483.7258 seconds
[2026-03-04 17:17:00,484] INFO: ESTIMATOR PERFORMANCE RUN COMPLETED.
[2026-03-04 17:17:00,495] INFO: writing output file: G7_I9_S55555_out/output.json
