[2026-03-04 18:05:30,605] INFO: reading parameters file: 'G11_I7_S44444/G11_I7_S44444.yaml'
[2026-03-04 18:05:30,619] INFO: Using seed 44444
[2026-03-04 18:05:30,619] INFO: Output will be written in G11_I7_S44444_out
[2026-03-04 18:05:30,620] INFO: Building backend ibm_torino (AerSimulator)
[2026-03-04 18:05:41,194] INFO: Building QGSUncProblem
[2026-03-04 18:10:43,219] INFO: The problem has 77 logic qubits
[2026-03-04 18:10:43,311] INFO: Building AncillaQAOACircuit with 3 layers
[2026-03-04 18:10:43,519] INFO: Getting virtual circuit metrics
[2026-03-04 18:10:43,622] INFO: Transpiling AncillaQAOACircuit for ibm_torino
[2026-03-04 18:10:56,992] INFO: Getting transpiled circuit metrics
[2026-03-04 18:10:58,418] INFO: Assigning random parameters to the transpiled circuit
[2026-03-04 18:10:58,454] INFO: Preparing Hamiltonian for Estimator
[2026-03-04 18:10:58,460] INFO: Clifford Noise Analysis with NEAT
[2026-03-04 18:11:14,924] INFO: Virtual QC Metrics:    {'depth': 383, '2q_gates': 10362, 'clifford_gates': 154, 'non_clifford_gates': 10461, 't_gates': 0, 'total_gates': 10615, 'num_active_qubits': 88}
[2026-03-04 18:11:14,925] INFO: Transpiled QC Metrics: {'depth': 21430, '2q_gates': 52869, 'clifford_gates': 207335, 'non_clifford_gates': 15238, 't_gates': 18, 'total_gates': 222573, 'num_active_qubits': 93}
[2026-03-04 18:11:14,925] INFO: Clifford QC Metrics:   {'depth': 11019, '2q_gates': 33550, 'clifford_gates': 128729, 'non_clifford_gates': 20, 't_gates': 0, 'total_gates': 128749, 'num_active_qubits': 93}
[2026-03-04 18:11:14,925] INFO: Ideal simulation run on Clifford circuit
[2026-03-04 18:13:12,022] INFO: Noisy simulation run on Clifford circuit
[2026-03-04 18:13:12,022] INFO: Full noise simulation run on Clifford circuit
[2026-03-04 18:34:58,955] INFO: Clifford Ideal Estimator Value:  0.7881549722143955
[2026-03-04 18:34:58,955] INFO: Clifford Noisy Estimator Value:  -0.7046067263856752
[2026-03-04 18:34:58,955] INFO: Circuit creation time:       0.2078 seconds
[2026-03-04 18:34:58,955] INFO: Transpilation time:          13.3697 seconds
[2026-03-04 18:34:58,955] INFO: Clifford Transpilation time: 14.7079 seconds
[2026-03-04 18:34:58,955] INFO: Clifford Ideal Estimation time:  117.0972 seconds
[2026-03-04 18:34:58,955] INFO: Clifford Noisy Estimation time:  1306.9321 seconds
[2026-03-04 18:34:58,956] INFO: ESTIMATOR PERFORMANCE RUN COMPLETED.
[2026-03-04 18:34:58,976] INFO: writing output file: G11_I7_S44444_out/output.json
