[2026-03-04 15:43:44,850] INFO: reading parameters file: 'G3_I3_S22222/G3_I3_S22222.yaml'
[2026-03-04 15:43:44,853] INFO: Using seed 22222
[2026-03-04 15:43:44,854] INFO: Output will be written in G3_I3_S22222_out
[2026-03-04 15:43:44,854] INFO: Building backend ibm_torino (AerSimulator)
[2026-03-04 15:43:59,489] INFO: Building QGSUncProblem
[2026-03-04 15:43:59,534] INFO: The problem has 9 logic qubits
[2026-03-04 15:43:59,537] INFO: Building AncillaQAOACircuit with 3 layers
[2026-03-04 15:43:59,541] INFO: Getting virtual circuit metrics
[2026-03-04 15:43:59,544] INFO: Transpiling AncillaQAOACircuit for ibm_torino
[2026-03-04 15:43:59,683] INFO: Getting transpiled circuit metrics
[2026-03-04 15:43:59,704] INFO: Assigning random parameters to the transpiled circuit
[2026-03-04 15:43:59,704] INFO: Preparing Hamiltonian for Estimator
[2026-03-04 15:43:59,705] INFO: Clifford Noise Analysis with NEAT
[2026-03-04 15:44:00,663] INFO: Virtual QC Metrics:    {'depth': 65, '2q_gates': 180, 'clifford_gates': 18, 'non_clifford_gates': 195, 't_gates': 0, 'total_gates': 213, 'num_active_qubits': 12}
[2026-03-04 15:44:00,663] INFO: Transpiled QC Metrics: {'depth': 832, '2q_gates': 639, 'clifford_gates': 2636, 'non_clifford_gates': 300, 't_gates': 5, 'total_gates': 2936, 'num_active_qubits': 12}
[2026-03-04 15:44:00,663] INFO: Clifford QC Metrics:   {'depth': 329, '2q_gates': 362, 'clifford_gates': 1307, 'non_clifford_gates': 17, 't_gates': 0, 'total_gates': 1324, 'num_active_qubits': 12}
[2026-03-04 15:44:00,663] INFO: Ideal simulation run on Clifford circuit
[2026-03-04 15:44:00,840] INFO: Noisy simulation run on Clifford circuit
[2026-03-04 15:44:00,840] INFO: Full noise simulation run on Clifford circuit
[2026-03-04 15:44:17,329] INFO: Clifford Ideal Estimator Value:  -0.11032520332705134
[2026-03-04 15:44:17,330] INFO: Clifford Noisy Estimator Value:  -0.11032520332705134
[2026-03-04 15:44:17,330] INFO: Circuit creation time:       0.0044 seconds
[2026-03-04 15:44:17,330] INFO: Transpilation time:          0.1397 seconds
[2026-03-04 15:44:17,330] INFO: Clifford Transpilation time: 0.0934 seconds
[2026-03-04 15:44:17,330] INFO: Clifford Ideal Estimation time:  0.1767 seconds
[2026-03-04 15:44:17,330] INFO: Clifford Noisy Estimation time:  16.4888 seconds
[2026-03-04 15:44:17,330] INFO: ESTIMATOR PERFORMANCE RUN COMPLETED.
[2026-03-04 15:44:17,338] INFO: writing output file: G3_I3_S22222_out/output.json
