[2026-03-30 14:36:16,700] INFO: reading parameters file: 'M5_P3_S44444/M5_P3_S44444.yaml'
[2026-03-30 14:36:16,705] INFO: Using seed 44444
[2026-03-30 14:36:16,705] INFO: Output will be written in M5_P3_S44444_out
[2026-03-30 14:36:16,705] INFO: Building backend ibm_torino (AerSimulator)
[2026-03-30 14:36:30,871] INFO: Building SimpleProductionPlanningProblem
[2026-03-30 14:36:30,967] INFO: The problem has 15 logic qubits
[2026-03-30 14:36:30,971] INFO: Building AncillaQAOACircuit with 3 layers
[2026-03-30 14:36:30,983] INFO: Getting virtual circuit metrics
[2026-03-30 14:36:30,991] INFO: Transpiling AncillaQAOACircuit for ibm_torino
[2026-03-30 14:36:31,298] INFO: Getting transpiled circuit metrics
[2026-03-30 14:36:31,367] INFO: Assigning random parameters to the transpiled circuit
[2026-03-30 14:36:31,369] INFO: Preparing Hamiltonian for Estimator
[2026-03-30 14:36:31,370] INFO: Clifford Noise Analysis with NEAT
[2026-03-30 14:36:33,425] INFO: Virtual QC Metrics:    {'depth': 86, '2q_gates': 351, 'clifford_gates': 30, 'non_clifford_gates': 372, 't_gates': 0, 'total_gates': 402, 'num_active_qubits': 18}
[2026-03-30 14:36:33,425] INFO: Transpiled QC Metrics: {'depth': 1166, '2q_gates': 1150, 'clifford_gates': 4938, 'non_clifford_gates': 628, 't_gates': 3, 'total_gates': 5566, 'num_active_qubits': 18}
[2026-03-30 14:36:33,426] INFO: Clifford QC Metrics:   {'depth': 380, '2q_gates': 438, 'clifford_gates': 1742, 'non_clifford_gates': 4, 't_gates': 0, 'total_gates': 1746, 'num_active_qubits': 18}
[2026-03-30 14:36:33,426] INFO: Ideal simulation run on Clifford circuit
[2026-03-30 14:36:33,758] INFO: Noisy simulation run on Clifford circuit
[2026-03-30 14:36:33,758] INFO: Full noise simulation run on Clifford circuit
[2026-03-30 14:36:49,807] INFO: Clifford Ideal Estimator Value:  -11081.80859375
[2026-03-30 14:36:49,808] INFO: Clifford Noisy Estimator Value:  -10458.73828125
[2026-03-30 14:36:49,808] INFO: Circuit creation time:       0.0122 seconds
[2026-03-30 14:36:49,808] INFO: Transpilation time:          0.3065 seconds
[2026-03-30 14:36:49,808] INFO: Clifford Transpilation time: 0.6240 seconds
[2026-03-30 14:36:49,808] INFO: Clifford Ideal Estimation time:  0.3320 seconds
[2026-03-30 14:36:49,808] INFO: Clifford Noisy Estimation time:  16.0490 seconds
[2026-03-30 14:36:49,808] INFO: ESTIMATOR PERFORMANCE RUN COMPLETED.
[2026-03-30 14:36:49,823] INFO: writing output file: M5_P3_S44444_out/output.json
