[2026-03-04 18:57:01,557] INFO: reading parameters file: 'G13_I7_S11111/G13_I7_S11111.yaml'
[2026-03-04 18:57:01,564] INFO: Using seed 11111
[2026-03-04 18:57:01,565] INFO: Output will be written in G13_I7_S11111_out
[2026-03-04 18:57:01,565] INFO: Building backend ibm_torino (AerSimulator)
[2026-03-04 18:57:20,123] INFO: Building QGSUncProblem
[2026-03-04 19:02:26,353] INFO: The problem has 91 logic qubits
[2026-03-04 19:02:26,611] INFO: Building AncillaQAOACircuit with 3 layers
[2026-03-04 19:02:27,144] INFO: Getting virtual circuit metrics
[2026-03-04 19:02:27,379] INFO: Transpiling AncillaQAOACircuit for ibm_torino
[2026-03-04 19:02:45,344] INFO: Getting transpiled circuit metrics
[2026-03-04 19:02:48,704] INFO: Assigning random parameters to the transpiled circuit
[2026-03-04 19:02:48,759] INFO: Preparing Hamiltonian for Estimator
[2026-03-04 19:02:48,767] INFO: Clifford Noise Analysis with NEAT
[2026-03-04 19:03:13,635] INFO: Virtual QC Metrics:    {'depth': 439, '2q_gates': 14157, 'clifford_gates': 182, 'non_clifford_gates': 14274, 't_gates': 0, 'total_gates': 14456, 'num_active_qubits': 104}
[2026-03-04 19:03:13,636] INFO: Transpiled QC Metrics: {'depth': 28573, '2q_gates': 71000, 'clifford_gates': 284506, 'non_clifford_gates': 19649, 't_gates': 18, 'total_gates': 304155, 'num_active_qubits': 110}
[2026-03-04 19:03:13,636] INFO: Clifford QC Metrics:   {'depth': 15703, '2q_gates': 48593, 'clifford_gates': 194968, 'non_clifford_gates': 1189, 't_gates': 11, 'total_gates': 196157, 'num_active_qubits': 110}
[2026-03-04 19:03:13,636] INFO: Ideal simulation run on Clifford circuit
[2026-03-04 19:05:59,408] INFO: Noisy simulation run on Clifford circuit
[2026-03-04 19:05:59,409] INFO: Full noise simulation run on Clifford circuit
[2026-03-04 19:35:45,490] INFO: Clifford Ideal Estimator Value:  -1.5965307212474498
[2026-03-04 19:35:45,491] INFO: Clifford Noisy Estimator Value:  0.561095468639465
[2026-03-04 19:35:45,491] INFO: Circuit creation time:       0.5326 seconds
[2026-03-04 19:35:45,491] INFO: Transpilation time:          17.9649 seconds
[2026-03-04 19:35:45,491] INFO: Clifford Transpilation time: 21.2133 seconds
[2026-03-04 19:35:45,491] INFO: Clifford Ideal Estimation time:  165.7721 seconds
[2026-03-04 19:35:45,491] INFO: Clifford Noisy Estimation time:  1786.0813 seconds
[2026-03-04 19:35:45,491] INFO: ESTIMATOR PERFORMANCE RUN COMPLETED.
[2026-03-04 19:35:45,510] INFO: writing output file: G13_I7_S11111_out/output.json
