[2026-05-22 15:03:47,755] INFO: reading parameters file: 'M2_P12_S111_Frichardson/M2_P12_S111_Frichardson.yaml'
[2026-05-22 15:03:47,760] INFO: Using seed 111
[2026-05-22 15:03:47,760] INFO: Output will be written in M2_P12_S111_Frichardson_out
[2026-05-22 15:03:47,761] INFO: Building backend ibm_marrakesh (AerSimulator)
[2026-05-22 15:04:01,818] INFO: Building SimpleProductionPlanningProblem
[2026-05-22 15:09:02,082] INFO: The problem has 30 logic qubits
[2026-05-22 15:09:02,096] INFO: Building AncillaQAOACircuit with 2 layers
[2026-05-22 15:09:02,135] INFO: Getting virtual circuit metrics
[2026-05-22 15:09:02,142] INFO: Transpiling AncillaQAOACircuit for ibm_marrakesh
[2026-05-22 15:09:03,144] INFO: Getting transpiled circuit metrics
[2026-05-22 15:09:03,233] INFO: Assigning random parameters to the transpiled circuit
[2026-05-22 15:09:03,244] INFO: Preparing Hamiltonian for Estimator
[2026-05-22 15:09:03,245] INFO: Clifford Noise Analysis with MNEAT
[2026-05-22 15:09:05,258] INFO: Virtual QC Metrics:    {'depth': 78, '2q_gates': 528, 'clifford_gates': 66, 'non_clifford_gates': 564, 't_gates': 0, 'total_gates': 630, 'num_active_qubits': 42}
[2026-05-22 15:09:05,258] INFO: Transpiled QC Metrics: {'depth': 2673, '2q_gates': 3355, 'clifford_gates': 11696, 'non_clifford_gates': 670, 't_gates': 0, 'total_gates': 12366, 'num_active_qubits': 45}
[2026-05-22 15:09:05,258] INFO: Clifford QC Metrics:   {'depth': 2673, '2q_gates': 3355, 'clifford_gates': 12366, 'non_clifford_gates': 0, 't_gates': 0, 'total_gates': 12366, 'num_active_qubits': 45}
[2026-05-22 15:09:05,258] INFO: Hamiltonian estimation with MNEAT on Clifford circuit
[2026-05-22 15:09:05,258] INFO: Ideal simulation run
[2026-05-22 15:09:07,529] INFO: Noisy simulation run
[2026-05-22 15:10:56,985] INFO: Mitigation simulation run with technique: zne
[2026-05-22 15:10:56,985] INFO: ZNE factory: richardson, noise_values: [1, 2, 3]
[2026-05-22 15:21:02,125] INFO: Saved ZNE factory plot to M2_P12_S111_Frichardson_out/zne_factory_fit.png
[2026-05-22 15:21:02,125] INFO: Clifford Ideal Estimator Value:       -549.01171875
[2026-05-22 15:21:02,125] INFO: Clifford Noisy Estimator Value:       -162.306640625
[2026-05-22 15:21:02,125] INFO: Clifford Mitigated Estimator Value:   -747.9414062500018
[2026-05-22 15:21:02,125] INFO: Error % of Noisy vs Ideal:       70.44%
[2026-05-22 15:21:02,125] INFO: Error % of Mitigated vs Ideal:   36.23%
[2026-05-22 15:21:02,125] INFO: Circuit creation time:       0.0388 seconds
[2026-05-22 15:21:02,125] INFO: Transpilation time:          1.0014 seconds
[2026-05-22 15:21:02,125] INFO: Clifford Transpilation time: 0.0696 seconds
[2026-05-22 15:21:02,125] INFO: Clifford Ideal Estimation time:       2.2702 seconds
[2026-05-22 15:21:02,125] INFO: Clifford Noisy Estimation time:       109.4563 seconds
[2026-05-22 15:21:02,125] INFO: Clifford Mitigated Estimation time:   604.8651 seconds
[2026-05-22 15:21:02,125] INFO: ESTIMATOR PERFORMANCE RUN COMPLETED.
[2026-05-22 15:21:02,148] INFO: writing output file: M2_P12_S111_Frichardson_out/output.json
