[2026-03-04 16:59:03,834] INFO: reading parameters file: 'G7_I7_S11111/G7_I7_S11111.yaml'
[2026-03-04 16:59:03,841] INFO: Using seed 11111
[2026-03-04 16:59:03,841] INFO: Output will be written in G7_I7_S11111_out
[2026-03-04 16:59:03,841] INFO: Building backend ibm_torino (AerSimulator)
[2026-03-04 16:59:20,102] INFO: Building QGSUncProblem
[2026-03-04 17:00:12,533] INFO: The problem has 49 logic qubits
[2026-03-04 17:00:12,603] INFO: Building AncillaQAOACircuit with 3 layers
[2026-03-04 17:00:12,755] INFO: Getting virtual circuit metrics
[2026-03-04 17:00:12,828] INFO: Transpiling AncillaQAOACircuit for ibm_torino
[2026-03-04 17:00:17,052] INFO: Getting transpiled circuit metrics
[2026-03-04 17:00:17,964] INFO: Assigning random parameters to the transpiled circuit
[2026-03-04 17:00:17,980] INFO: Preparing Hamiltonian for Estimator
[2026-03-04 17:00:17,982] INFO: Clifford Noise Analysis with NEAT
[2026-03-04 17:00:24,962] INFO: Virtual QC Metrics:    {'depth': 271, '2q_gates': 4536, 'clifford_gates': 98, 'non_clifford_gates': 4599, 't_gates': 0, 'total_gates': 4697, 'num_active_qubits': 56}
[2026-03-04 17:00:24,962] INFO: Transpiled QC Metrics: {'depth': 12721, '2q_gates': 22812, 'clifford_gates': 91680, 'non_clifford_gates': 6555, 't_gates': 8, 'total_gates': 98235, 'num_active_qubits': 56}
[2026-03-04 17:00:24,962] INFO: Clifford QC Metrics:   {'depth': 6518, '2q_gates': 14583, 'clifford_gates': 58128, 'non_clifford_gates': 317, 't_gates': 7, 'total_gates': 58445, 'num_active_qubits': 56}
[2026-03-04 17:00:24,962] INFO: Ideal simulation run on Clifford circuit
[2026-03-04 17:00:33,919] INFO: Noisy simulation run on Clifford circuit
[2026-03-04 17:00:33,919] INFO: Full noise simulation run on Clifford circuit
[2026-03-04 17:05:06,825] INFO: Clifford Ideal Estimator Value:  1.0015412108473527
[2026-03-04 17:05:06,826] INFO: Clifford Noisy Estimator Value:  -0.043937233542219886
[2026-03-04 17:05:06,826] INFO: Circuit creation time:       0.1522 seconds
[2026-03-04 17:05:06,826] INFO: Transpilation time:          4.2240 seconds
[2026-03-04 17:05:06,826] INFO: Clifford Transpilation time: 5.1835 seconds
[2026-03-04 17:05:06,826] INFO: Clifford Ideal Estimation time:  8.9563 seconds
[2026-03-04 17:05:06,826] INFO: Clifford Noisy Estimation time:  272.9064 seconds
[2026-03-04 17:05:06,826] INFO: ESTIMATOR PERFORMANCE RUN COMPLETED.
[2026-03-04 17:05:06,838] INFO: writing output file: G7_I7_S11111_out/output.json
