[2026-03-04 20:28:21,864] INFO: reading parameters file: 'G15_I7_S55555/G15_I7_S55555.yaml'
[2026-03-04 20:28:21,887] INFO: Using seed 55555
[2026-03-04 20:28:21,887] INFO: Output will be written in G15_I7_S55555_out
[2026-03-04 20:28:21,887] INFO: Building backend ibm_torino (AerSimulator)
[2026-03-04 20:28:36,881] INFO: Building QGSUncProblem
[2026-03-04 20:33:49,789] INFO: The problem has 105 logic qubits
[2026-03-04 20:33:50,119] INFO: Building AncillaQAOACircuit with 3 layers
[2026-03-04 20:33:50,842] INFO: Getting virtual circuit metrics
[2026-03-04 20:33:51,141] INFO: Transpiling AncillaQAOACircuit for ibm_torino
[2026-03-04 20:34:10,531] INFO: Getting transpiled circuit metrics
[2026-03-04 20:34:14,382] INFO: Assigning random parameters to the transpiled circuit
[2026-03-04 20:34:14,450] INFO: Preparing Hamiltonian for Estimator
[2026-03-04 20:34:14,461] INFO: Clifford Noise Analysis with NEAT
[2026-03-04 20:34:44,321] INFO: Virtual QC Metrics:    {'depth': 495, '2q_gates': 18540, 'clifford_gates': 210, 'non_clifford_gates': 18675, 't_gates': 0, 'total_gates': 18885, 'num_active_qubits': 120}
[2026-03-04 20:34:44,321] INFO: Transpiled QC Metrics: {'depth': 36323, '2q_gates': 96707, 'clifford_gates': 385491, 'non_clifford_gates': 26285, 't_gates': 18, 'total_gates': 411776, 'num_active_qubits': 121}
[2026-03-04 20:34:44,321] INFO: Clifford QC Metrics:   {'depth': 22280, '2q_gates': 68989, 'clifford_gates': 277313, 'non_clifford_gates': 4012, 't_gates': 99, 'total_gates': 281325, 'num_active_qubits': 121}
[2026-03-04 20:34:44,321] INFO: Ideal simulation run on Clifford circuit
[2026-03-04 20:37:01,396] INFO: Noisy simulation run on Clifford circuit
[2026-03-04 20:37:01,397] INFO: Full noise simulation run on Clifford circuit
[2026-03-04 21:00:12,811] INFO: Clifford Ideal Estimator Value:  5.024526595505375
[2026-03-04 21:00:12,811] INFO: Clifford Noisy Estimator Value:  0.18767750321521104
[2026-03-04 21:00:12,811] INFO: Circuit creation time:       0.7228 seconds
[2026-03-04 21:00:12,811] INFO: Transpilation time:          19.3906 seconds
[2026-03-04 21:00:12,811] INFO: Clifford Transpilation time: 25.9824 seconds
[2026-03-04 21:00:12,811] INFO: Clifford Ideal Estimation time:  137.0752 seconds
[2026-03-04 21:00:12,811] INFO: Clifford Noisy Estimation time:  1391.4142 seconds
[2026-03-04 21:00:12,812] INFO: ESTIMATOR PERFORMANCE RUN COMPLETED.
[2026-03-04 21:00:12,822] INFO: writing output file: G15_I7_S55555_out/output.json
