[2026-03-04 16:56:33,361] INFO: reading parameters file: 'G7_I5_S11111/G7_I5_S11111.yaml'
[2026-03-04 16:56:33,367] INFO: Using seed 11111
[2026-03-04 16:56:33,367] INFO: Output will be written in G7_I5_S11111_out
[2026-03-04 16:56:33,368] INFO: Building backend ibm_torino (AerSimulator)
[2026-03-04 16:56:45,529] INFO: Building QGSUncProblem
[2026-03-04 16:56:53,242] INFO: The problem has 35 logic qubits
[2026-03-04 16:56:53,278] INFO: Building AncillaQAOACircuit with 3 layers
[2026-03-04 16:56:53,356] INFO: Getting virtual circuit metrics
[2026-03-04 16:56:53,393] INFO: Transpiling AncillaQAOACircuit for ibm_torino
[2026-03-04 16:56:55,383] INFO: Getting transpiled circuit metrics
[2026-03-04 16:56:55,826] INFO: Assigning random parameters to the transpiled circuit
[2026-03-04 16:56:55,833] INFO: Preparing Hamiltonian for Estimator
[2026-03-04 16:56:55,835] INFO: Clifford Noise Analysis with NEAT
[2026-03-04 16:56:59,271] INFO: Virtual QC Metrics:    {'depth': 191, '2q_gates': 2289, 'clifford_gates': 70, 'non_clifford_gates': 2338, 't_gates': 0, 'total_gates': 2408, 'num_active_qubits': 42}
[2026-03-04 16:56:59,271] INFO: Transpiled QC Metrics: {'depth': 7149, '2q_gates': 11231, 'clifford_gates': 44631, 'non_clifford_gates': 3157, 't_gates': 7, 'total_gates': 47788, 'num_active_qubits': 42}
[2026-03-04 16:56:59,271] INFO: Clifford QC Metrics:   {'depth': 3577, '2q_gates': 6542, 'clifford_gates': 25995, 'non_clifford_gates': 158, 't_gates': 5, 'total_gates': 26153, 'num_active_qubits': 42}
[2026-03-04 16:56:59,271] INFO: Ideal simulation run on Clifford circuit
[2026-03-04 16:57:02,766] INFO: Noisy simulation run on Clifford circuit
[2026-03-04 16:57:02,767] INFO: Full noise simulation run on Clifford circuit
[2026-03-04 16:58:56,503] INFO: Clifford Ideal Estimator Value:  1.0221829015236972
[2026-03-04 16:58:56,503] INFO: Clifford Noisy Estimator Value:  0.2555083855259368
[2026-03-04 16:58:56,503] INFO: Circuit creation time:       0.0778 seconds
[2026-03-04 16:58:56,503] INFO: Transpilation time:          1.9898 seconds
[2026-03-04 16:58:56,503] INFO: Clifford Transpilation time: 1.9193 seconds
[2026-03-04 16:58:56,503] INFO: Clifford Ideal Estimation time:  3.4950 seconds
[2026-03-04 16:58:56,504] INFO: Clifford Noisy Estimation time:  113.7363 seconds
[2026-03-04 16:58:56,504] INFO: ESTIMATOR PERFORMANCE RUN COMPLETED.
[2026-03-04 16:58:56,515] INFO: writing output file: G7_I5_S11111_out/output.json
