[2026-05-22 18:09:00,875] INFO: reading parameters file: 'M4_P10_S111_Flinear/M4_P10_S111_Flinear.yaml'
[2026-05-22 18:09:00,884] INFO: Using seed 111
[2026-05-22 18:09:00,884] INFO: Output will be written in M4_P10_S111_Flinear_out
[2026-05-22 18:09:00,885] INFO: Building backend ibm_marrakesh (AerSimulator)
[2026-05-22 18:09:15,988] INFO: Building SimpleProductionPlanningProblem
[2026-05-22 18:14:16,279] INFO: The problem has 48 logic qubits
[2026-05-22 18:14:16,293] INFO: Building AncillaQAOACircuit with 2 layers
[2026-05-22 18:14:16,340] INFO: Getting virtual circuit metrics
[2026-05-22 18:14:16,350] INFO: Transpiling AncillaQAOACircuit for ibm_marrakesh
[2026-05-22 18:14:18,191] INFO: Getting transpiled circuit metrics
[2026-05-22 18:14:18,318] INFO: Assigning random parameters to the transpiled circuit
[2026-05-22 18:14:18,331] INFO: Preparing Hamiltonian for Estimator
[2026-05-22 18:14:18,332] INFO: Clifford Noise Analysis with MNEAT
[2026-05-22 18:14:20,487] INFO: Virtual QC Metrics:    {'depth': 119, '2q_gates': 978, 'clifford_gates': 88, 'non_clifford_gates': 1030, 't_gates': 0, 'total_gates': 1118, 'num_active_qubits': 58}
[2026-05-22 18:14:20,487] INFO: Transpiled QC Metrics: {'depth': 4591, '2q_gates': 6728, 'clifford_gates': 23535, 'non_clifford_gates': 1259, 't_gates': 10, 'total_gates': 24794, 'num_active_qubits': 60}
[2026-05-22 18:14:20,487] INFO: Clifford QC Metrics:   {'depth': 4591, '2q_gates': 6728, 'clifford_gates': 24794, 'non_clifford_gates': 0, 't_gates': 0, 'total_gates': 24794, 'num_active_qubits': 60}
[2026-05-22 18:14:20,487] INFO: Hamiltonian estimation with MNEAT on Clifford circuit
[2026-05-22 18:14:20,487] INFO: Ideal simulation run
[2026-05-22 18:14:26,497] INFO: Noisy simulation run
[2026-05-22 18:18:37,817] INFO: Mitigation simulation run with technique: zne
[2026-05-22 18:18:37,818] INFO: ZNE factory: linear, noise_values: [1, 2, 3]
[2026-05-22 18:41:11,827] INFO: Saved ZNE factory plot to M4_P10_S111_Flinear_out/zne_factory_fit.png
[2026-05-22 18:41:11,827] INFO: Clifford Ideal Estimator Value:       -9492.3134765625
[2026-05-22 18:41:11,827] INFO: Clifford Noisy Estimator Value:       -2569.1728515625
[2026-05-22 18:41:11,827] INFO: Clifford Mitigated Estimator Value:   -3305.0947265624995
[2026-05-22 18:41:11,827] INFO: Error % of Noisy vs Ideal:       72.93%
[2026-05-22 18:41:11,827] INFO: Error % of Mitigated vs Ideal:   65.18%
[2026-05-22 18:41:11,827] INFO: Circuit creation time:       0.0471 seconds
[2026-05-22 18:41:11,827] INFO: Transpilation time:          1.8412 seconds
[2026-05-22 18:41:11,827] INFO: Clifford Transpilation time: 0.1274 seconds
[2026-05-22 18:41:11,827] INFO: Clifford Ideal Estimation time:       6.0100 seconds
[2026-05-22 18:41:11,827] INFO: Clifford Noisy Estimation time:       251.3193 seconds
[2026-05-22 18:41:11,827] INFO: Clifford Mitigated Estimation time:   1353.7246 seconds
[2026-05-22 18:41:11,827] INFO: ESTIMATOR PERFORMANCE RUN COMPLETED.
[2026-05-22 18:41:11,857] INFO: writing output file: M4_P10_S111_Flinear_out/output.json
