[2026-01-13 18:38:53,384] INFO: reading parameters file: 'N_nodes9_N_layers1/N_nodes9_N_layers1.yaml'
[2026-01-13 18:38:53,390] INFO: Using seed 12345
[2026-01-13 18:38:53,391] INFO: Output will be written in N_nodes9_N_layers1_out
[2026-01-13 18:38:53,391] INFO: Building backend ibm_torino (AerSimulator)
[2026-01-13 18:39:06,011] INFO: Building problem MaxCutProblem
[2026-01-13 18:39:06,082] INFO: The problem has 9 logic qubits
[2026-01-13 18:39:06,082] INFO: Building QAOA circuit QAOACircuit with 1 layers
[2026-01-13 18:39:06,163] INFO: Transpiling QAOA circuit QAOACircuit for ibm_torino
[2026-01-13 18:39:06,917] INFO: Clifford Noise Analysis with NEAT
[2026-01-13 18:39:08,549] INFO: Ideal simulation run on Clifford circuit
[2026-01-13 18:39:08,634] INFO: Noisy simulation run on Clifford circuit
[2026-01-13 18:39:10,097] INFO: Pruned noise simulation run on Clifford circuit
[2026-01-13 18:39:10,288] INFO: Virtual QC Metrics:    {'depth': 42, '2q_gates': 50, 'clifford_gates': 50, 'non_clifford_gates': 43, 't_gates': 0, 'total_gates': 93, 'num_active_qubits': 9}
[2026-01-13 18:39:10,288] INFO: Transpiled QC Metrics: {'depth': 399, '2q_gates': 90, 'clifford_gates': 90, 'non_clifford_gates': 788, 't_gates': 0, 'total_gates': 878, 'num_active_qubits': 9}
[2026-01-13 18:39:10,288] INFO: Clifford QC Metrics:   {'depth': 175, '2q_gates': 42, 'clifford_gates': 42, 'non_clifford_gates': 363, 't_gates': 0, 'total_gates': 405, 'num_active_qubits': 9}
[2026-01-13 18:39:10,288] INFO: Clifford Ideal Estimator Value:  4.96484375
[2026-01-13 18:39:10,288] INFO: Clifford Noisy Estimator Value:  5.0068359375
[2026-01-13 18:39:10,288] INFO: Clifford Pruned Estimator Value: 4.8525390625
[2026-01-13 18:39:10,288] INFO: Circuit creation time:       0.0035 seconds
[2026-01-13 18:39:10,288] INFO: Transpilation time:          0.0636 seconds
[2026-01-13 18:39:10,289] INFO: Clifford Transpilation time: 0.0495 seconds
[2026-01-13 18:39:10,289] INFO: Clifford Ideal Estimation time:  0.0853 seconds
[2026-01-13 18:39:10,289] INFO: Clifford Noisy Estimation time:  1.4625 seconds
[2026-01-13 18:39:10,289] INFO: Clifford Pruned Estimation time: 0.1906 seconds
[2026-01-13 18:39:10,289] INFO: ESTIMATOR PERFORMANCE RUN COMPLETED.
[2026-01-13 18:39:10,294] INFO: writing output file: N_nodes9_N_layers1_out/output.json
