[2026-03-04 17:52:00,870] INFO: reading parameters file: 'G11_I5_S44444/G11_I5_S44444.yaml'
[2026-03-04 17:52:00,886] INFO: Using seed 44444
[2026-03-04 17:52:00,887] INFO: Output will be written in G11_I5_S44444_out
[2026-03-04 17:52:00,887] INFO: Building backend ibm_torino (AerSimulator)
[2026-03-04 17:52:15,160] INFO: Building QGSUncProblem
[2026-03-04 17:57:16,778] INFO: The problem has 55 logic qubits
[2026-03-04 17:57:16,918] INFO: Building AncillaQAOACircuit with 3 layers
[2026-03-04 17:57:17,115] INFO: Getting virtual circuit metrics
[2026-03-04 17:57:17,203] INFO: Transpiling AncillaQAOACircuit for ibm_torino
[2026-03-04 17:57:23,157] INFO: Getting transpiled circuit metrics
[2026-03-04 17:57:24,369] INFO: Assigning random parameters to the transpiled circuit
[2026-03-04 17:57:24,385] INFO: Preparing Hamiltonian for Estimator
[2026-03-04 17:57:24,387] INFO: Clifford Noise Analysis with NEAT
[2026-03-04 17:57:33,604] INFO: Virtual QC Metrics:    {'depth': 271, '2q_gates': 5247, 'clifford_gates': 110, 'non_clifford_gates': 5324, 't_gates': 0, 'total_gates': 5434, 'num_active_qubits': 66}
[2026-03-04 17:57:33,604] INFO: Transpiled QC Metrics: {'depth': 12915, '2q_gates': 26713, 'clifford_gates': 105818, 'non_clifford_gates': 7131, 't_gates': 14, 'total_gates': 112949, 'num_active_qubits': 71}
[2026-03-04 17:57:33,604] INFO: Clifford QC Metrics:   {'depth': 6705, '2q_gates': 16710, 'clifford_gates': 66487, 'non_clifford_gates': 8, 't_gates': 0, 'total_gates': 66495, 'num_active_qubits': 71}
[2026-03-04 17:57:33,604] INFO: Ideal simulation run on Clifford circuit
[2026-03-04 17:58:02,155] INFO: Noisy simulation run on Clifford circuit
[2026-03-04 17:58:02,156] INFO: Full noise simulation run on Clifford circuit
[2026-03-04 18:07:44,790] INFO: Clifford Ideal Estimator Value:  -1.8708984365176176
[2026-03-04 18:07:44,791] INFO: Clifford Noisy Estimator Value:  0.08671730055611501
[2026-03-04 18:07:44,791] INFO: Circuit creation time:       0.1967 seconds
[2026-03-04 18:07:44,791] INFO: Transpilation time:          5.9542 seconds
[2026-03-04 18:07:44,791] INFO: Clifford Transpilation time: 7.2586 seconds
[2026-03-04 18:07:44,791] INFO: Clifford Ideal Estimation time:  28.5510 seconds
[2026-03-04 18:07:44,791] INFO: Clifford Noisy Estimation time:  582.6343 seconds
[2026-03-04 18:07:44,791] INFO: ESTIMATOR PERFORMANCE RUN COMPLETED.
[2026-03-04 18:07:44,810] INFO: writing output file: G11_I5_S44444_out/output.json
