[2026-05-22 15:07:50,907] INFO: reading parameters file: 'M2_P12_S222_Fadaexp/M2_P12_S222_Fadaexp.yaml'
[2026-05-22 15:07:50,911] INFO: Using seed 222
[2026-05-22 15:07:50,911] INFO: Output will be written in M2_P12_S222_Fadaexp_out
[2026-05-22 15:07:50,912] INFO: Building backend ibm_marrakesh (AerSimulator)
[2026-05-22 15:08:05,511] INFO: Building SimpleProductionPlanningProblem
[2026-05-22 15:13:05,824] INFO: The problem has 30 logic qubits
[2026-05-22 15:13:05,838] INFO: Building AncillaQAOACircuit with 2 layers
[2026-05-22 15:13:05,880] INFO: Getting virtual circuit metrics
[2026-05-22 15:13:05,888] INFO: Transpiling AncillaQAOACircuit for ibm_marrakesh
[2026-05-22 15:13:06,962] INFO: Getting transpiled circuit metrics
[2026-05-22 15:13:07,060] INFO: Assigning random parameters to the transpiled circuit
[2026-05-22 15:13:07,074] INFO: Preparing Hamiltonian for Estimator
[2026-05-22 15:13:07,074] INFO: Clifford Noise Analysis with MNEAT
[2026-05-22 15:13:09,230] INFO: Virtual QC Metrics:    {'depth': 78, '2q_gates': 528, 'clifford_gates': 66, 'non_clifford_gates': 564, 't_gates': 0, 'total_gates': 630, 'num_active_qubits': 42}
[2026-05-22 15:13:09,230] INFO: Transpiled QC Metrics: {'depth': 2693, '2q_gates': 3349, 'clifford_gates': 11729, 'non_clifford_gates': 701, 't_gates': 2, 'total_gates': 12430, 'num_active_qubits': 44}
[2026-05-22 15:13:09,230] INFO: Clifford QC Metrics:   {'depth': 2693, '2q_gates': 3349, 'clifford_gates': 12430, 'non_clifford_gates': 0, 't_gates': 0, 'total_gates': 12430, 'num_active_qubits': 44}
[2026-05-22 15:13:09,231] INFO: Hamiltonian estimation with MNEAT on Clifford circuit
[2026-05-22 15:13:09,231] INFO: Ideal simulation run
[2026-05-22 15:13:11,571] INFO: Noisy simulation run
[2026-05-22 15:15:04,767] INFO: Mitigation simulation run with technique: zne
[2026-05-22 15:15:04,768] INFO: ZNE factory: adaexp, noise_values: [1, 2, 3]
[2026-05-22 15:29:07,257] INFO: Saved ZNE factory plot to M2_P12_S222_Fadaexp_out/zne_factory_fit.png
[2026-05-22 15:29:07,257] INFO: Clifford Ideal Estimator Value:       -621.2529296875
[2026-05-22 15:29:07,257] INFO: Clifford Noisy Estimator Value:       -102.9580078125
[2026-05-22 15:29:07,258] INFO: Clifford Mitigated Estimator Value:   -52.69064719233549
[2026-05-22 15:29:07,258] INFO: Error % of Noisy vs Ideal:       83.43%
[2026-05-22 15:29:07,258] INFO: Error % of Mitigated vs Ideal:   91.52%
[2026-05-22 15:29:07,258] INFO: Circuit creation time:       0.0418 seconds
[2026-05-22 15:29:07,258] INFO: Transpilation time:          1.0743 seconds
[2026-05-22 15:29:07,258] INFO: Clifford Transpilation time: 0.0759 seconds
[2026-05-22 15:29:07,258] INFO: Clifford Ideal Estimation time:       2.3400 seconds
[2026-05-22 15:29:07,258] INFO: Clifford Noisy Estimation time:       113.1964 seconds
[2026-05-22 15:29:07,258] INFO: Clifford Mitigated Estimation time:   842.2036 seconds
[2026-05-22 15:29:07,258] INFO: ESTIMATOR PERFORMANCE RUN COMPLETED.
[2026-05-22 15:29:07,284] INFO: writing output file: M2_P12_S222_Fadaexp_out/output.json
