[2026-03-04 17:14:35,484] INFO: reading parameters file: 'G9_I3_S44444/G9_I3_S44444.yaml'
[2026-03-04 17:14:35,488] INFO: Using seed 44444
[2026-03-04 17:14:35,488] INFO: Output will be written in G9_I3_S44444_out
[2026-03-04 17:14:35,489] INFO: Building backend ibm_torino (AerSimulator)
[2026-03-04 17:14:49,930] INFO: Building QGSUncProblem
[2026-03-04 17:14:52,038] INFO: The problem has 27 logic qubits
[2026-03-04 17:14:52,053] INFO: Building AncillaQAOACircuit with 3 layers
[2026-03-04 17:14:52,080] INFO: Getting virtual circuit metrics
[2026-03-04 17:14:52,095] INFO: Transpiling AncillaQAOACircuit for ibm_torino
[2026-03-04 17:14:53,442] INFO: Getting transpiled circuit metrics
[2026-03-04 17:14:53,616] INFO: Assigning random parameters to the transpiled circuit
[2026-03-04 17:14:53,621] INFO: Preparing Hamiltonian for Estimator
[2026-03-04 17:14:53,622] INFO: Clifford Noise Analysis with NEAT
[2026-03-04 17:14:55,976] INFO: Virtual QC Metrics:    {'depth': 137, '2q_gates': 1269, 'clifford_gates': 54, 'non_clifford_gates': 1314, 't_gates': 0, 'total_gates': 1368, 'num_active_qubits': 36}
[2026-03-04 17:14:55,976] INFO: Transpiled QC Metrics: {'depth': 4912, '2q_gates': 6267, 'clifford_gates': 24460, 'non_clifford_gates': 1757, 't_gates': 10, 'total_gates': 26217, 'num_active_qubits': 36}
[2026-03-04 17:14:55,976] INFO: Clifford QC Metrics:   {'depth': 2157, '2q_gates': 3588, 'clifford_gates': 13580, 'non_clifford_gates': 0, 't_gates': 0, 'total_gates': 13580, 'num_active_qubits': 36}
[2026-03-04 17:14:55,976] INFO: Ideal simulation run on Clifford circuit
[2026-03-04 17:14:58,643] INFO: Noisy simulation run on Clifford circuit
[2026-03-04 17:14:58,644] INFO: Full noise simulation run on Clifford circuit
[2026-03-04 17:17:11,098] INFO: Clifford Ideal Estimator Value:  -0.2852172031803737
[2026-03-04 17:17:11,099] INFO: Clifford Noisy Estimator Value:  -0.10178268671177369
[2026-03-04 17:17:11,099] INFO: Circuit creation time:       0.0271 seconds
[2026-03-04 17:17:11,099] INFO: Transpilation time:          1.3474 seconds
[2026-03-04 17:17:11,099] INFO: Clifford Transpilation time: 1.2567 seconds
[2026-03-04 17:17:11,099] INFO: Clifford Ideal Estimation time:  2.6669 seconds
[2026-03-04 17:17:11,099] INFO: Clifford Noisy Estimation time:  132.4548 seconds
[2026-03-04 17:17:11,099] INFO: ESTIMATOR PERFORMANCE RUN COMPLETED.
[2026-03-04 17:17:11,119] INFO: writing output file: G9_I3_S44444_out/output.json
