[2026-03-30 14:43:11,684] INFO: reading parameters file: 'M5_P7_S44444/M5_P7_S44444.yaml'
[2026-03-30 14:43:11,690] INFO: Using seed 44444
[2026-03-30 14:43:11,690] INFO: Output will be written in M5_P7_S44444_out
[2026-03-30 14:43:11,690] INFO: Building backend ibm_torino (AerSimulator)
[2026-03-30 14:43:24,600] INFO: Building SimpleProductionPlanningProblem
[2026-03-30 14:44:50,779] INFO: The problem has 45 logic qubits
[2026-03-30 14:44:50,801] INFO: Building AncillaQAOACircuit with 3 layers
[2026-03-30 14:44:50,847] INFO: Getting virtual circuit metrics
[2026-03-30 14:44:50,873] INFO: Transpiling AncillaQAOACircuit for ibm_torino
[2026-03-30 14:44:52,565] INFO: Getting transpiled circuit metrics
[2026-03-30 14:44:52,957] INFO: Assigning random parameters to the transpiled circuit
[2026-03-30 14:44:52,962] INFO: Preparing Hamiltonian for Estimator
[2026-03-30 14:44:52,964] INFO: Clifford Noise Analysis with NEAT
[2026-03-30 14:44:56,130] INFO: Virtual QC Metrics:    {'depth': 157, '2q_gates': 1254, 'clifford_gates': 80, 'non_clifford_gates': 1363, 't_gates': 0, 'total_gates': 1443, 'num_active_qubits': 52}
[2026-03-30 14:44:56,130] INFO: Transpiled QC Metrics: {'depth': 6657, '2q_gates': 8585, 'clifford_gates': 35291, 'non_clifford_gates': 1995, 't_gates': 8, 'total_gates': 37286, 'num_active_qubits': 52}
[2026-03-30 14:44:56,130] INFO: Clifford QC Metrics:   {'depth': 4440, '2q_gates': 6456, 'clifford_gates': 25467, 'non_clifford_gates': 148, 't_gates': 2, 'total_gates': 25615, 'num_active_qubits': 52}
[2026-03-30 14:44:56,130] INFO: Ideal simulation run on Clifford circuit
[2026-03-30 14:44:58,952] INFO: Noisy simulation run on Clifford circuit
[2026-03-30 14:44:58,952] INFO: Full noise simulation run on Clifford circuit
[2026-03-30 14:47:12,308] INFO: Clifford Ideal Estimator Value:  -5826.5205078125
[2026-03-30 14:47:12,309] INFO: Clifford Noisy Estimator Value:  -1751.232421875
[2026-03-30 14:47:12,309] INFO: Circuit creation time:       0.0461 seconds
[2026-03-30 14:47:12,309] INFO: Transpilation time:          1.6923 seconds
[2026-03-30 14:47:12,309] INFO: Clifford Transpilation time: 1.6395 seconds
[2026-03-30 14:47:12,309] INFO: Clifford Ideal Estimation time:  2.8214 seconds
[2026-03-30 14:47:12,309] INFO: Clifford Noisy Estimation time:  133.3563 seconds
[2026-03-30 14:47:12,309] INFO: ESTIMATOR PERFORMANCE RUN COMPLETED.
[2026-03-30 14:47:12,322] INFO: writing output file: M5_P7_S44444_out/output.json
