[2026-03-04 15:44:20,399] INFO: reading parameters file: 'G3_I7_S33333/G3_I7_S33333.yaml'
[2026-03-04 15:44:20,412] INFO: Using seed 33333
[2026-03-04 15:44:20,412] INFO: Output will be written in G3_I7_S33333_out
[2026-03-04 15:44:20,413] INFO: Building backend ibm_torino (AerSimulator)
[2026-03-04 15:44:31,172] INFO: Building QGSUncProblem
[2026-03-04 15:44:31,475] INFO: The problem has 21 logic qubits
[2026-03-04 15:44:31,483] INFO: Building AncillaQAOACircuit with 3 layers
[2026-03-04 15:44:31,502] INFO: Getting virtual circuit metrics
[2026-03-04 15:44:31,515] INFO: Transpiling AncillaQAOACircuit for ibm_torino
[2026-03-04 15:44:32,368] INFO: Getting transpiled circuit metrics
[2026-03-04 15:44:32,511] INFO: Assigning random parameters to the transpiled circuit
[2026-03-04 15:44:32,513] INFO: Preparing Hamiltonian for Estimator
[2026-03-04 15:44:32,514] INFO: Clifford Noise Analysis with NEAT
[2026-03-04 15:44:34,155] INFO: Virtual QC Metrics:    {'depth': 159, '2q_gates': 1062, 'clifford_gates': 42, 'non_clifford_gates': 1089, 't_gates': 0, 'total_gates': 1131, 'num_active_qubits': 24}
[2026-03-04 15:44:34,155] INFO: Transpiled QC Metrics: {'depth': 4579, '2q_gates': 4736, 'clifford_gates': 19201, 'non_clifford_gates': 1668, 't_gates': 5, 'total_gates': 20869, 'num_active_qubits': 24}
[2026-03-04 15:44:34,155] INFO: Clifford QC Metrics:   {'depth': 2060, '2q_gates': 2561, 'clifford_gates': 9683, 'non_clifford_gates': 71, 't_gates': 0, 'total_gates': 9754, 'num_active_qubits': 24}
[2026-03-04 15:44:34,155] INFO: Ideal simulation run on Clifford circuit
[2026-03-04 15:44:35,005] INFO: Noisy simulation run on Clifford circuit
[2026-03-04 15:44:35,005] INFO: Full noise simulation run on Clifford circuit
[2026-03-04 15:46:21,936] INFO: Clifford Ideal Estimator Value:  -0.6369453809932772
[2026-03-04 15:46:21,936] INFO: Clifford Noisy Estimator Value:  -0.2788933282616418
[2026-03-04 15:46:21,936] INFO: Circuit creation time:       0.0195 seconds
[2026-03-04 15:46:21,937] INFO: Transpilation time:          0.8537 seconds
[2026-03-04 15:46:21,937] INFO: Clifford Transpilation time: 0.7276 seconds
[2026-03-04 15:46:21,937] INFO: Clifford Ideal Estimation time:  0.8496 seconds
[2026-03-04 15:46:21,937] INFO: Clifford Noisy Estimation time:  106.9313 seconds
[2026-03-04 15:46:21,937] INFO: ESTIMATOR PERFORMANCE RUN COMPLETED.
[2026-03-04 15:46:21,944] INFO: writing output file: G3_I7_S33333_out/output.json
