[2026-05-22 16:35:53,256] INFO: reading parameters file: 'M3_P12_S222_Fadaexp/M3_P12_S222_Fadaexp.yaml'
[2026-05-22 16:35:53,260] INFO: Using seed 222
[2026-05-22 16:35:53,261] INFO: Output will be written in M3_P12_S222_Fadaexp_out
[2026-05-22 16:35:53,261] INFO: Building backend ibm_marrakesh (AerSimulator)
[2026-05-22 16:36:06,522] INFO: Building SimpleProductionPlanningProblem
[2026-05-22 16:41:06,799] INFO: The problem has 45 logic qubits
[2026-05-22 16:41:06,813] INFO: Building AncillaQAOACircuit with 2 layers
[2026-05-22 16:41:06,859] INFO: Getting virtual circuit metrics
[2026-05-22 16:41:06,868] INFO: Transpiling AncillaQAOACircuit for ibm_marrakesh
[2026-05-22 16:41:08,581] INFO: Getting transpiled circuit metrics
[2026-05-22 16:41:08,700] INFO: Assigning random parameters to the transpiled circuit
[2026-05-22 16:41:08,712] INFO: Preparing Hamiltonian for Estimator
[2026-05-22 16:41:08,713] INFO: Clifford Noise Analysis with MNEAT
[2026-05-22 16:41:10,764] INFO: Virtual QC Metrics:    {'depth': 108, '2q_gates': 918, 'clifford_gates': 81, 'non_clifford_gates': 978, 't_gates': 0, 'total_gates': 1059, 'num_active_qubits': 57}
[2026-05-22 16:41:10,764] INFO: Transpiled QC Metrics: {'depth': 4619, '2q_gates': 6466, 'clifford_gates': 22436, 'non_clifford_gates': 1195, 't_gates': 13, 'total_gates': 23631, 'num_active_qubits': 61}
[2026-05-22 16:41:10,764] INFO: Clifford QC Metrics:   {'depth': 4619, '2q_gates': 6466, 'clifford_gates': 23631, 'non_clifford_gates': 0, 't_gates': 0, 'total_gates': 23631, 'num_active_qubits': 61}
[2026-05-22 16:41:10,764] INFO: Hamiltonian estimation with MNEAT on Clifford circuit
[2026-05-22 16:41:10,764] INFO: Ideal simulation run
[2026-05-22 16:41:16,180] INFO: Noisy simulation run
[2026-05-22 16:45:10,807] INFO: Mitigation simulation run with technique: zne
[2026-05-22 16:45:10,808] INFO: ZNE factory: adaexp, noise_values: [1, 2, 3]
[2026-05-22 17:16:27,635] INFO: Saved ZNE factory plot to M3_P12_S222_Fadaexp_out/zne_factory_fit.png
[2026-05-22 17:16:27,635] INFO: Clifford Ideal Estimator Value:       -4759.6318359375
[2026-05-22 17:16:27,635] INFO: Clifford Noisy Estimator Value:       -1347.22265625
[2026-05-22 17:16:27,635] INFO: Clifford Mitigated Estimator Value:   -5195.389045407697
[2026-05-22 17:16:27,635] INFO: Error % of Noisy vs Ideal:       71.69%
[2026-05-22 17:16:27,635] INFO: Error % of Mitigated vs Ideal:   9.16%
[2026-05-22 17:16:27,635] INFO: Circuit creation time:       0.0458 seconds
[2026-05-22 17:16:27,635] INFO: Transpilation time:          1.7127 seconds
[2026-05-22 17:16:27,635] INFO: Clifford Transpilation time: 0.1217 seconds
[2026-05-22 17:16:27,635] INFO: Clifford Ideal Estimation time:       5.4159 seconds
[2026-05-22 17:16:27,635] INFO: Clifford Noisy Estimation time:       234.6273 seconds
[2026-05-22 17:16:27,635] INFO: Clifford Mitigated Estimation time:   1876.5785 seconds
[2026-05-22 17:16:27,635] INFO: ESTIMATOR PERFORMANCE RUN COMPLETED.
[2026-05-22 17:16:27,664] INFO: writing output file: M3_P12_S222_Fadaexp_out/output.json
