[2026-01-13 23:41:15,527] INFO: reading parameters file: 'N_nodes36_N_layers2/N_nodes36_N_layers2.yaml'
[2026-01-13 23:41:15,535] INFO: Using seed 12345
[2026-01-13 23:41:15,535] INFO: Output will be written in N_nodes36_N_layers2_out
[2026-01-13 23:41:15,536] INFO: Building backend ibm_torino (AerSimulator)
[2026-01-13 23:41:29,753] INFO: Building problem MaxCutProblem
[2026-01-13 23:46:30,440] INFO: The problem has 36 logic qubits
[2026-01-13 23:46:30,441] INFO: Building QAOA circuit QAOACircuit with 2 layers
[2026-01-13 23:46:32,849] INFO: Transpiling QAOA circuit QAOACircuit for ibm_torino
[2026-01-14 00:02:03,643] INFO: Clifford Noise Analysis with NEAT
[2026-01-14 00:02:24,602] INFO: Ideal simulation run on Clifford circuit
[2026-01-14 00:02:26,655] INFO: Noisy simulation run on Clifford circuit
[2026-01-14 00:03:42,779] INFO: Pruned noise simulation run on Clifford circuit
[2026-01-14 00:04:06,474] INFO: Virtual QC Metrics:    {'depth': 313, '2q_gates': 1864, 'clifford_gates': 1864, 'non_clifford_gates': 1040, 't_gates': 0, 'total_gates': 2904, 'num_active_qubits': 36}
[2026-01-14 00:04:06,475] INFO: Transpiled QC Metrics: {'depth': 10073, '2q_gates': 6005, 'clifford_gates': 6005, 'non_clifford_gates': 52781, 't_gates': 0, 'total_gates': 58786, 'num_active_qubits': 36}
[2026-01-14 00:04:06,475] INFO: Clifford QC Metrics:   {'depth': 7509, '2q_gates': 5031, 'clifford_gates': 5031, 'non_clifford_gates': 40999, 't_gates': 0, 'total_gates': 46030, 'num_active_qubits': 36}
[2026-01-14 00:04:06,475] INFO: Clifford Ideal Estimator Value:  -0.130859375
[2026-01-14 00:04:06,475] INFO: Clifford Noisy Estimator Value:  -0.017578125
[2026-01-14 00:04:06,475] INFO: Clifford Pruned Estimator Value: -0.017578125
[2026-01-14 00:04:06,475] INFO: Circuit creation time:       0.0544 seconds
[2026-01-14 00:04:06,475] INFO: Transpilation time:          0.8509 seconds
[2026-01-14 00:04:06,475] INFO: Clifford Transpilation time: 0.8223 seconds
[2026-01-14 00:04:06,475] INFO: Clifford Ideal Estimation time:  2.0526 seconds
[2026-01-14 00:04:06,475] INFO: Clifford Noisy Estimation time:  76.1242 seconds
[2026-01-14 00:04:06,475] INFO: Clifford Pruned Estimation time: 23.6937 seconds
[2026-01-14 00:04:06,476] INFO: ESTIMATOR PERFORMANCE RUN COMPLETED.
[2026-01-14 00:04:06,499] INFO: writing output file: N_nodes36_N_layers2_out/output.json
