[2026-03-30 15:21:28,469] INFO: reading parameters file: 'M9_P3_S55555/M9_P3_S55555.yaml'
[2026-03-30 15:21:28,474] INFO: Using seed 55555
[2026-03-30 15:21:28,474] INFO: Output will be written in M9_P3_S55555_out
[2026-03-30 15:21:28,475] INFO: Building backend ibm_torino (AerSimulator)
[2026-03-30 15:21:42,140] INFO: Building SimpleProductionPlanningProblem
[2026-03-30 15:21:42,357] INFO: The problem has 27 logic qubits
[2026-03-30 15:21:42,368] INFO: Building AncillaQAOACircuit with 3 layers
[2026-03-30 15:21:42,401] INFO: Getting virtual circuit metrics
[2026-03-30 15:21:42,423] INFO: Transpiling AncillaQAOACircuit for ibm_torino
[2026-03-30 15:21:43,517] INFO: Getting transpiled circuit metrics
[2026-03-30 15:21:43,769] INFO: Assigning random parameters to the transpiled circuit
[2026-03-30 15:21:43,773] INFO: Preparing Hamiltonian for Estimator
[2026-03-30 15:21:43,774] INFO: Clifford Noise Analysis with NEAT
[2026-03-30 15:21:46,265] INFO: Virtual QC Metrics:    {'depth': 154, '2q_gates': 1125, 'clifford_gates': 54, 'non_clifford_gates': 1158, 't_gates': 0, 'total_gates': 1212, 'num_active_qubits': 30}
[2026-03-30 15:21:46,266] INFO: Transpiled QC Metrics: {'depth': 2968, '2q_gates': 4657, 'clifford_gates': 19731, 'non_clifford_gates': 1975, 't_gates': 4, 'total_gates': 21706, 'num_active_qubits': 30}
[2026-03-30 15:21:46,266] INFO: Clifford QC Metrics:   {'depth': 1107, '2q_gates': 1952, 'clifford_gates': 7729, 'non_clifford_gates': 48, 't_gates': 4, 'total_gates': 7777, 'num_active_qubits': 30}
[2026-03-30 15:21:46,266] INFO: Ideal simulation run on Clifford circuit
[2026-03-30 15:21:47,431] INFO: Noisy simulation run on Clifford circuit
[2026-03-30 15:21:47,431] INFO: Full noise simulation run on Clifford circuit
[2026-03-30 15:22:57,828] INFO: Clifford Ideal Estimator Value:  -183695.1552734375
[2026-03-30 15:22:57,829] INFO: Clifford Noisy Estimator Value:  -139832.0146484375
[2026-03-30 15:22:57,829] INFO: Circuit creation time:       0.0329 seconds
[2026-03-30 15:22:57,829] INFO: Transpilation time:          1.0941 seconds
[2026-03-30 15:22:57,829] INFO: Clifford Transpilation time: 0.9738 seconds
[2026-03-30 15:22:57,829] INFO: Clifford Ideal Estimation time:  1.1647 seconds
[2026-03-30 15:22:57,829] INFO: Clifford Noisy Estimation time:  70.3971 seconds
[2026-03-30 15:22:57,829] INFO: ESTIMATOR PERFORMANCE RUN COMPLETED.
[2026-03-30 15:22:57,843] INFO: writing output file: M9_P3_S55555_out/output.json
