[2026-03-30 15:22:25,352] INFO: reading parameters file: 'M9_P5_S11111/M9_P5_S11111.yaml'
[2026-03-30 15:22:25,358] INFO: Using seed 11111
[2026-03-30 15:22:25,358] INFO: Output will be written in M9_P5_S11111_out
[2026-03-30 15:22:25,359] INFO: Building backend ibm_torino (AerSimulator)
[2026-03-30 15:22:38,306] INFO: Building SimpleProductionPlanningProblem
[2026-03-30 15:22:38,703] INFO: The problem has 45 logic qubits
[2026-03-30 15:22:38,721] INFO: Building AncillaQAOACircuit with 3 layers
[2026-03-30 15:22:38,775] INFO: Getting virtual circuit metrics
[2026-03-30 15:22:38,811] INFO: Transpiling AncillaQAOACircuit for ibm_torino
[2026-03-30 15:22:40,693] INFO: Getting transpiled circuit metrics
[2026-03-30 15:22:41,155] INFO: Assigning random parameters to the transpiled circuit
[2026-03-30 15:22:41,161] INFO: Preparing Hamiltonian for Estimator
[2026-03-30 15:22:41,162] INFO: Clifford Noise Analysis with NEAT
[2026-03-30 15:22:44,359] INFO: Virtual QC Metrics:    {'depth': 210, '2q_gates': 2010, 'clifford_gates': 90, 'non_clifford_gates': 2065, 't_gates': 0, 'total_gates': 2155, 'num_active_qubits': 50}
[2026-03-30 15:22:44,359] INFO: Transpiled QC Metrics: {'depth': 6010, '2q_gates': 9871, 'clifford_gates': 40986, 'non_clifford_gates': 3422, 't_gates': 6, 'total_gates': 44408, 'num_active_qubits': 55}
[2026-03-30 15:22:44,359] INFO: Clifford QC Metrics:   {'depth': 3238, '2q_gates': 5492, 'clifford_gates': 21493, 'non_clifford_gates': 209, 't_gates': 3, 'total_gates': 21702, 'num_active_qubits': 55}
[2026-03-30 15:22:44,359] INFO: Ideal simulation run on Clifford circuit
[2026-03-30 15:22:47,097] INFO: Noisy simulation run on Clifford circuit
[2026-03-30 15:22:47,097] INFO: Full noise simulation run on Clifford circuit
[2026-03-30 15:24:25,146] INFO: Clifford Ideal Estimator Value:  -1624098.591796875
[2026-03-30 15:24:25,147] INFO: Clifford Noisy Estimator Value:  -572375.837890625
[2026-03-30 15:24:25,147] INFO: Circuit creation time:       0.0541 seconds
[2026-03-30 15:24:25,147] INFO: Transpilation time:          1.8821 seconds
[2026-03-30 15:24:25,147] INFO: Clifford Transpilation time: 1.7073 seconds
[2026-03-30 15:24:25,147] INFO: Clifford Ideal Estimation time:  2.7372 seconds
[2026-03-30 15:24:25,147] INFO: Clifford Noisy Estimation time:  98.0495 seconds
[2026-03-30 15:24:25,147] INFO: ESTIMATOR PERFORMANCE RUN COMPLETED.
[2026-03-30 15:24:25,158] INFO: writing output file: M9_P5_S11111_out/output.json
