[2026-03-04 16:17:05,550] INFO: reading parameters file: 'G9_I5_S33333/G9_I5_S33333.yaml'
[2026-03-04 16:17:05,554] INFO: Using seed 33333
[2026-03-04 16:17:05,554] INFO: Output will be written in G9_I5_S33333_out
[2026-03-04 16:17:05,555] INFO: Building backend ibm_torino (AerSimulator)
[2026-03-04 16:17:18,270] INFO: Building QGSUncProblem
[2026-03-04 16:19:47,171] INFO: The problem has 45 logic qubits
[2026-03-04 16:19:47,206] INFO: Building AncillaQAOACircuit with 3 layers
[2026-03-04 16:19:47,280] INFO: Getting virtual circuit metrics
[2026-03-04 16:19:47,317] INFO: Transpiling AncillaQAOACircuit for ibm_torino
[2026-03-04 16:19:50,472] INFO: Getting transpiled circuit metrics
[2026-03-04 16:19:50,971] INFO: Assigning random parameters to the transpiled circuit
[2026-03-04 16:19:50,979] INFO: Preparing Hamiltonian for Estimator
[2026-03-04 16:19:50,980] INFO: Clifford Noise Analysis with NEAT
[2026-03-04 16:19:55,780] INFO: Virtual QC Metrics:    {'depth': 231, '2q_gates': 3618, 'clifford_gates': 90, 'non_clifford_gates': 3681, 't_gates': 0, 'total_gates': 3771, 'num_active_qubits': 54}
[2026-03-04 16:19:55,780] INFO: Transpiled QC Metrics: {'depth': 10009, '2q_gates': 18001, 'clifford_gates': 70234, 'non_clifford_gates': 5132, 't_gates': 15, 'total_gates': 75366, 'num_active_qubits': 54}
[2026-03-04 16:19:55,780] INFO: Clifford QC Metrics:   {'depth': 5169, '2q_gates': 10805, 'clifford_gates': 41401, 'non_clifford_gates': 423, 't_gates': 2, 'total_gates': 41824, 'num_active_qubits': 54}
[2026-03-04 16:19:55,781] INFO: Ideal simulation run on Clifford circuit
[2026-03-04 16:20:06,711] INFO: Noisy simulation run on Clifford circuit
[2026-03-04 16:20:06,711] INFO: Full noise simulation run on Clifford circuit
[2026-03-04 16:27:45,853] INFO: Clifford Ideal Estimator Value:  1.8360321070215273
[2026-03-04 16:27:45,853] INFO: Clifford Noisy Estimator Value:  -0.046645741383649096
[2026-03-04 16:27:45,853] INFO: Circuit creation time:       0.0741 seconds
[2026-03-04 16:27:45,853] INFO: Transpilation time:          3.1552 seconds
[2026-03-04 16:27:45,853] INFO: Clifford Transpilation time: 3.6773 seconds
[2026-03-04 16:27:45,854] INFO: Clifford Ideal Estimation time:  10.9305 seconds
[2026-03-04 16:27:45,854] INFO: Clifford Noisy Estimation time:  459.1417 seconds
[2026-03-04 16:27:45,854] INFO: ESTIMATOR PERFORMANCE RUN COMPLETED.
[2026-03-04 16:27:45,862] INFO: writing output file: G9_I5_S33333_out/output.json
