[2026-05-22 15:29:14,478] INFO: reading parameters file: 'M3_P6_S222_Flinear/M3_P6_S222_Flinear.yaml'
[2026-05-22 15:29:14,482] INFO: Using seed 222
[2026-05-22 15:29:14,482] INFO: Output will be written in M3_P6_S222_Flinear_out
[2026-05-22 15:29:14,483] INFO: Building backend ibm_marrakesh (AerSimulator)
[2026-05-22 15:29:28,038] INFO: Building SimpleProductionPlanningProblem
[2026-05-22 15:29:31,688] INFO: The problem has 24 logic qubits
[2026-05-22 15:29:31,695] INFO: Building AncillaQAOACircuit with 2 layers
[2026-05-22 15:29:31,719] INFO: Getting virtual circuit metrics
[2026-05-22 15:29:31,724] INFO: Transpiling AncillaQAOACircuit for ibm_marrakesh
[2026-05-22 15:29:32,371] INFO: Getting transpiled circuit metrics
[2026-05-22 15:29:32,424] INFO: Assigning random parameters to the transpiled circuit
[2026-05-22 15:29:32,432] INFO: Preparing Hamiltonian for Estimator
[2026-05-22 15:29:32,432] INFO: Clifford Noise Analysis with MNEAT
[2026-05-22 15:29:33,962] INFO: Virtual QC Metrics:    {'depth': 64, '2q_gates': 312, 'clifford_gates': 42, 'non_clifford_gates': 348, 't_gates': 0, 'total_gates': 390, 'num_active_qubits': 30}
[2026-05-22 15:29:33,962] INFO: Transpiled QC Metrics: {'depth': 1670, '2q_gates': 1725, 'clifford_gates': 6224, 'non_clifford_gates': 425, 't_gates': 8, 'total_gates': 6649, 'num_active_qubits': 32}
[2026-05-22 15:29:33,962] INFO: Clifford QC Metrics:   {'depth': 1670, '2q_gates': 1725, 'clifford_gates': 6649, 'non_clifford_gates': 0, 't_gates': 0, 'total_gates': 6649, 'num_active_qubits': 32}
[2026-05-22 15:29:33,963] INFO: Hamiltonian estimation with MNEAT on Clifford circuit
[2026-05-22 15:29:33,963] INFO: Ideal simulation run
[2026-05-22 15:29:34,888] INFO: Noisy simulation run
[2026-05-22 15:30:34,553] INFO: Mitigation simulation run with technique: zne
[2026-05-22 15:30:34,553] INFO: ZNE factory: linear, noise_values: [1, 2, 3]
[2026-05-22 15:35:57,366] INFO: Saved ZNE factory plot to M3_P6_S222_Flinear_out/zne_factory_fit.png
[2026-05-22 15:35:57,367] INFO: Clifford Ideal Estimator Value:       -526.9423828125
[2026-05-22 15:35:57,367] INFO: Clifford Noisy Estimator Value:       -198.1630859375
[2026-05-22 15:35:57,367] INFO: Clifford Mitigated Estimator Value:   -276.98763020833337
[2026-05-22 15:35:57,367] INFO: Error % of Noisy vs Ideal:       62.39%
[2026-05-22 15:35:57,367] INFO: Error % of Mitigated vs Ideal:   47.43%
[2026-05-22 15:35:57,367] INFO: Circuit creation time:       0.0233 seconds
[2026-05-22 15:35:57,367] INFO: Transpilation time:          0.6464 seconds
[2026-05-22 15:35:57,367] INFO: Clifford Transpilation time: 0.0422 seconds
[2026-05-22 15:35:57,367] INFO: Clifford Ideal Estimation time:       0.9254 seconds
[2026-05-22 15:35:57,367] INFO: Clifford Noisy Estimation time:       59.6645 seconds
[2026-05-22 15:35:57,367] INFO: Clifford Mitigated Estimation time:   322.5754 seconds
[2026-05-22 15:35:57,367] INFO: ESTIMATOR PERFORMANCE RUN COMPLETED.
[2026-05-22 15:35:57,393] INFO: writing output file: M3_P6_S222_Flinear_out/output.json
