[2026-05-22 17:40:46,918] INFO: reading parameters file: 'M4_P8_S222_Fadaexp/M4_P8_S222_Fadaexp.yaml'
[2026-05-22 17:40:46,923] INFO: Using seed 222
[2026-05-22 17:40:46,923] INFO: Output will be written in M4_P8_S222_Fadaexp_out
[2026-05-22 17:40:46,924] INFO: Building backend ibm_marrakesh (AerSimulator)
[2026-05-22 17:41:00,574] INFO: Building SimpleProductionPlanningProblem
[2026-05-22 17:46:00,750] INFO: The problem has 40 logic qubits
[2026-05-22 17:46:00,759] INFO: Building AncillaQAOACircuit with 2 layers
[2026-05-22 17:46:00,794] INFO: Getting virtual circuit metrics
[2026-05-22 17:46:00,802] INFO: Transpiling AncillaQAOACircuit for ibm_marrakesh
[2026-05-22 17:46:02,132] INFO: Getting transpiled circuit metrics
[2026-05-22 17:46:02,219] INFO: Assigning random parameters to the transpiled circuit
[2026-05-22 17:46:02,229] INFO: Preparing Hamiltonian for Estimator
[2026-05-22 17:46:02,230] INFO: Clifford Noise Analysis with MNEAT
[2026-05-22 17:46:04,284] INFO: Virtual QC Metrics:    {'depth': 101, '2q_gates': 720, 'clifford_gates': 72, 'non_clifford_gates': 768, 't_gates': 0, 'total_gates': 840, 'num_active_qubits': 48}
[2026-05-22 17:46:04,284] INFO: Transpiled QC Metrics: {'depth': 3410, '2q_gates': 4740, 'clifford_gates': 16570, 'non_clifford_gates': 890, 't_gates': 9, 'total_gates': 17460, 'num_active_qubits': 50}
[2026-05-22 17:46:04,284] INFO: Clifford QC Metrics:   {'depth': 3410, '2q_gates': 4740, 'clifford_gates': 17460, 'non_clifford_gates': 0, 't_gates': 0, 'total_gates': 17460, 'num_active_qubits': 50}
[2026-05-22 17:46:04,284] INFO: Hamiltonian estimation with MNEAT on Clifford circuit
[2026-05-22 17:46:04,284] INFO: Ideal simulation run
[2026-05-22 17:46:07,443] INFO: Noisy simulation run
[2026-05-22 17:49:02,858] INFO: Mitigation simulation run with technique: zne
[2026-05-22 17:49:02,859] INFO: ZNE factory: adaexp, noise_values: [1, 2, 3]
[2026-05-22 18:13:28,182] INFO: Saved ZNE factory plot to M4_P8_S222_Fadaexp_out/zne_factory_fit.png
[2026-05-22 18:13:28,182] INFO: Clifford Ideal Estimator Value:       -5043.232421875
[2026-05-22 18:13:28,182] INFO: Clifford Noisy Estimator Value:       -2399.9638671875
[2026-05-22 18:13:28,182] INFO: Clifford Mitigated Estimator Value:   -5437.771151594736
[2026-05-22 18:13:28,182] INFO: Error % of Noisy vs Ideal:       52.41%
[2026-05-22 18:13:28,182] INFO: Error % of Mitigated vs Ideal:   7.82%
[2026-05-22 18:13:28,182] INFO: Circuit creation time:       0.0346 seconds
[2026-05-22 18:13:28,182] INFO: Transpilation time:          1.3297 seconds
[2026-05-22 18:13:28,183] INFO: Clifford Transpilation time: 0.0910 seconds
[2026-05-22 18:13:28,183] INFO: Clifford Ideal Estimation time:       3.1584 seconds
[2026-05-22 18:13:28,183] INFO: Clifford Noisy Estimation time:       175.4154 seconds
[2026-05-22 18:13:28,183] INFO: Clifford Mitigated Estimation time:   1465.0647 seconds
[2026-05-22 18:13:28,183] INFO: ESTIMATOR PERFORMANCE RUN COMPLETED.
[2026-05-22 18:13:28,213] INFO: writing output file: M4_P8_S222_Fadaexp_out/output.json
