[2026-03-30 14:40:12,187] INFO: reading parameters file: 'M5_P5_S33333/M5_P5_S33333.yaml'
[2026-03-30 14:40:12,193] INFO: Using seed 33333
[2026-03-30 14:40:12,193] INFO: Output will be written in M5_P5_S33333_out
[2026-03-30 14:40:12,193] INFO: Building backend ibm_torino (AerSimulator)
[2026-03-30 14:40:26,636] INFO: Building SimpleProductionPlanningProblem
[2026-03-30 14:40:40,185] INFO: The problem has 35 logic qubits
[2026-03-30 14:40:40,198] INFO: Building AncillaQAOACircuit with 3 layers
[2026-03-30 14:40:40,230] INFO: Getting virtual circuit metrics
[2026-03-30 14:40:40,248] INFO: Transpiling AncillaQAOACircuit for ibm_torino
[2026-03-30 14:40:41,478] INFO: Getting transpiled circuit metrics
[2026-03-30 14:40:41,748] INFO: Assigning random parameters to the transpiled circuit
[2026-03-30 14:40:41,752] INFO: Preparing Hamiltonian for Estimator
[2026-03-30 14:40:41,753] INFO: Clifford Noise Analysis with NEAT
[2026-03-30 14:40:44,578] INFO: Virtual QC Metrics:    {'depth': 125, '2q_gates': 825, 'clifford_gates': 60, 'non_clifford_gates': 920, 't_gates': 0, 'total_gates': 980, 'num_active_qubits': 40}
[2026-03-30 14:40:44,578] INFO: Transpiled QC Metrics: {'depth': 4510, '2q_gates': 5133, 'clifford_gates': 21163, 'non_clifford_gates': 1417, 't_gates': 8, 'total_gates': 22580, 'num_active_qubits': 43}
[2026-03-30 14:40:44,578] INFO: Clifford QC Metrics:   {'depth': 2472, '2q_gates': 3410, 'clifford_gates': 13599, 'non_clifford_gates': 12, 't_gates': 0, 'total_gates': 13611, 'num_active_qubits': 43}
[2026-03-30 14:40:44,578] INFO: Ideal simulation run on Clifford circuit
[2026-03-30 14:40:46,753] INFO: Noisy simulation run on Clifford circuit
[2026-03-30 14:40:46,753] INFO: Full noise simulation run on Clifford circuit
[2026-03-30 14:42:47,429] INFO: Clifford Ideal Estimator Value:  -3295.9384765625
[2026-03-30 14:42:47,429] INFO: Clifford Noisy Estimator Value:  -1528.6376953125
[2026-03-30 14:42:47,429] INFO: Circuit creation time:       0.0316 seconds
[2026-03-30 14:42:47,429] INFO: Transpilation time:          1.2297 seconds
[2026-03-30 14:42:47,429] INFO: Clifford Transpilation time: 1.2558 seconds
[2026-03-30 14:42:47,430] INFO: Clifford Ideal Estimation time:  2.1748 seconds
[2026-03-30 14:42:47,430] INFO: Clifford Noisy Estimation time:  120.6753 seconds
[2026-03-30 14:42:47,430] INFO: ESTIMATOR PERFORMANCE RUN COMPLETED.
[2026-03-30 14:42:47,444] INFO: writing output file: M5_P5_S33333_out/output.json
