[2026-03-04 18:07:18,364] INFO: reading parameters file: 'G11_I9_S11111/G11_I9_S11111.yaml'
[2026-03-04 18:07:18,378] INFO: Using seed 11111
[2026-03-04 18:07:18,379] INFO: Output will be written in G11_I9_S11111_out
[2026-03-04 18:07:18,379] INFO: Building backend ibm_torino (AerSimulator)
[2026-03-04 18:07:31,440] INFO: Building QGSUncProblem
[2026-03-04 18:12:41,144] INFO: The problem has 99 logic qubits
[2026-03-04 18:12:41,433] INFO: Building AncillaQAOACircuit with 3 layers
[2026-03-04 18:12:42,083] INFO: Getting virtual circuit metrics
[2026-03-04 18:12:42,363] INFO: Transpiling AncillaQAOACircuit for ibm_torino
[2026-03-04 18:13:00,408] INFO: Getting transpiled circuit metrics
[2026-03-04 18:13:04,031] INFO: Assigning random parameters to the transpiled circuit
[2026-03-04 18:13:04,092] INFO: Preparing Hamiltonian for Estimator
[2026-03-04 18:13:04,101] INFO: Clifford Noise Analysis with NEAT
[2026-03-04 18:13:38,064] INFO: Virtual QC Metrics:    {'depth': 495, '2q_gates': 17193, 'clifford_gates': 198, 'non_clifford_gates': 17314, 't_gates': 0, 'total_gates': 17512, 'num_active_qubits': 110}
[2026-03-04 18:13:38,064] INFO: Transpiled QC Metrics: {'depth': 35146, '2q_gates': 91101, 'clifford_gates': 367946, 'non_clifford_gates': 24463, 't_gates': 13, 'total_gates': 392409, 'num_active_qubits': 114}
[2026-03-04 18:13:38,064] INFO: Clifford QC Metrics:   {'depth': 19019, '2q_gates': 61133, 'clifford_gates': 245188, 'non_clifford_gates': 1493, 't_gates': 21, 'total_gates': 246681, 'num_active_qubits': 114}
[2026-03-04 18:13:38,064] INFO: Ideal simulation run on Clifford circuit
[2026-03-04 18:15:24,098] INFO: Noisy simulation run on Clifford circuit
[2026-03-04 18:15:24,099] INFO: Full noise simulation run on Clifford circuit
[2026-03-04 18:35:16,123] INFO: Clifford Ideal Estimator Value:  -7.038955583448905
[2026-03-04 18:35:16,123] INFO: Clifford Noisy Estimator Value:  -0.47767372473528985
[2026-03-04 18:35:16,123] INFO: Circuit creation time:       0.6503 seconds
[2026-03-04 18:35:16,123] INFO: Transpilation time:          18.0449 seconds
[2026-03-04 18:35:16,123] INFO: Clifford Transpilation time: 30.2783 seconds
[2026-03-04 18:35:16,123] INFO: Clifford Ideal Estimation time:  106.0339 seconds
[2026-03-04 18:35:16,123] INFO: Clifford Noisy Estimation time:  1192.0239 seconds
[2026-03-04 18:35:16,123] INFO: ESTIMATOR PERFORMANCE RUN COMPLETED.
[2026-03-04 18:35:16,134] INFO: writing output file: G11_I9_S11111_out/output.json
