[2026-05-22 14:28:47,075] INFO: reading parameters file: 'M2_P6_S333_Frichardson/M2_P6_S333_Frichardson.yaml'
[2026-05-22 14:28:47,081] INFO: Using seed 333
[2026-05-22 14:28:47,081] INFO: Output will be written in M2_P6_S333_Frichardson_out
[2026-05-22 14:28:47,081] INFO: Building backend ibm_marrakesh (AerSimulator)
[2026-05-22 14:29:02,487] INFO: Building SimpleProductionPlanningProblem
[2026-05-22 14:29:03,280] INFO: The problem has 18 logic qubits
[2026-05-22 14:29:03,284] INFO: Building AncillaQAOACircuit with 2 layers
[2026-05-22 14:29:03,300] INFO: Getting virtual circuit metrics
[2026-05-22 14:29:03,303] INFO: Transpiling AncillaQAOACircuit for ibm_marrakesh
[2026-05-22 14:29:03,714] INFO: Getting transpiled circuit metrics
[2026-05-22 14:29:03,734] INFO: Assigning random parameters to the transpiled circuit
[2026-05-22 14:29:03,739] INFO: Preparing Hamiltonian for Estimator
[2026-05-22 14:29:03,740] INFO: Clifford Noise Analysis with MNEAT
[2026-05-22 14:29:05,144] INFO: Virtual QC Metrics:    {'depth': 48, '2q_gates': 198, 'clifford_gates': 36, 'non_clifford_gates': 228, 't_gates': 0, 'total_gates': 264, 'num_active_qubits': 24}
[2026-05-22 14:29:05,144] INFO: Transpiled QC Metrics: {'depth': 1136, '2q_gates': 973, 'clifford_gates': 3592, 'non_clifford_gates': 279, 't_gates': 0, 'total_gates': 3871, 'num_active_qubits': 24}
[2026-05-22 14:29:05,144] INFO: Clifford QC Metrics:   {'depth': 1136, '2q_gates': 973, 'clifford_gates': 3871, 'non_clifford_gates': 0, 't_gates': 0, 'total_gates': 3871, 'num_active_qubits': 24}
[2026-05-22 14:29:05,144] INFO: Hamiltonian estimation with MNEAT on Clifford circuit
[2026-05-22 14:29:05,144] INFO: Ideal simulation run
[2026-05-22 14:29:05,646] INFO: Noisy simulation run
[2026-05-22 14:29:37,812] INFO: Mitigation simulation run with technique: zne
[2026-05-22 14:29:37,813] INFO: ZNE factory: richardson, noise_values: [1, 2, 3]
[2026-05-22 14:32:35,204] INFO: Saved ZNE factory plot to M2_P6_S333_Frichardson_out/zne_factory_fit.png
[2026-05-22 14:32:35,204] INFO: Clifford Ideal Estimator Value:       -235.8544921875
[2026-05-22 14:32:35,204] INFO: Clifford Noisy Estimator Value:       -98.0751953125
[2026-05-22 14:32:35,204] INFO: Clifford Mitigated Estimator Value:   -119.9843749999999
[2026-05-22 14:32:35,204] INFO: Error % of Noisy vs Ideal:       58.42%
[2026-05-22 14:32:35,204] INFO: Error % of Mitigated vs Ideal:   49.13%
[2026-05-22 14:32:35,204] INFO: Circuit creation time:       0.0152 seconds
[2026-05-22 14:32:35,204] INFO: Transpilation time:          0.4110 seconds
[2026-05-22 14:32:35,204] INFO: Clifford Transpilation time: 0.0255 seconds
[2026-05-22 14:32:35,204] INFO: Clifford Ideal Estimation time:       0.5022 seconds
[2026-05-22 14:32:35,204] INFO: Clifford Noisy Estimation time:       32.1660 seconds
[2026-05-22 14:32:35,205] INFO: Clifford Mitigated Estimation time:   177.1054 seconds
[2026-05-22 14:32:35,205] INFO: ESTIMATOR PERFORMANCE RUN COMPLETED.
[2026-05-22 14:32:35,226] INFO: writing output file: M2_P6_S333_Frichardson_out/output.json
