[2026-05-22 19:05:54,935] INFO: reading parameters file: 'M4_P12_S222_Fadaexp/M4_P12_S222_Fadaexp.yaml'
[2026-05-22 19:05:54,951] INFO: Using seed 222
[2026-05-22 19:05:54,951] INFO: Output will be written in M4_P12_S222_Fadaexp_out
[2026-05-22 19:05:54,952] INFO: Building backend ibm_marrakesh (AerSimulator)
[2026-05-22 19:06:08,324] INFO: Building SimpleProductionPlanningProblem
[2026-05-22 19:11:08,765] INFO: The problem has 60 logic qubits
[2026-05-22 19:11:08,786] INFO: Building AncillaQAOACircuit with 2 layers
[2026-05-22 19:11:08,858] INFO: Getting virtual circuit metrics
[2026-05-22 19:11:08,871] INFO: Transpiling AncillaQAOACircuit for ibm_marrakesh
[2026-05-22 19:11:11,553] INFO: Getting transpiled circuit metrics
[2026-05-22 19:11:11,743] INFO: Assigning random parameters to the transpiled circuit
[2026-05-22 19:11:11,761] INFO: Preparing Hamiltonian for Estimator
[2026-05-22 19:11:11,762] INFO: Clifford Noise Analysis with MNEAT
[2026-05-22 19:11:14,036] INFO: Virtual QC Metrics:    {'depth': 139, '2q_gates': 1380, 'clifford_gates': 108, 'non_clifford_gates': 1452, 't_gates': 0, 'total_gates': 1560, 'num_active_qubits': 72}
[2026-05-22 19:11:14,036] INFO: Transpiled QC Metrics: {'depth': 6349, '2q_gates': 10397, 'clifford_gates': 35797, 'non_clifford_gates': 1718, 't_gates': 14, 'total_gates': 37515, 'num_active_qubits': 73}
[2026-05-22 19:11:14,036] INFO: Clifford QC Metrics:   {'depth': 6349, '2q_gates': 10397, 'clifford_gates': 37515, 'non_clifford_gates': 0, 't_gates': 0, 'total_gates': 37515, 'num_active_qubits': 73}
[2026-05-22 19:11:14,036] INFO: Hamiltonian estimation with MNEAT on Clifford circuit
[2026-05-22 19:11:14,036] INFO: Ideal simulation run
[2026-05-22 19:11:24,237] INFO: Noisy simulation run
[2026-05-22 19:17:49,710] INFO: Mitigation simulation run with technique: zne
[2026-05-22 19:17:49,710] INFO: ZNE factory: adaexp, noise_values: [1, 2, 3]
