[2026-05-22 16:59:57,108] INFO: reading parameters file: 'M3_P12_S555_Frichardson/M3_P12_S555_Frichardson.yaml'
[2026-05-22 16:59:57,113] INFO: Using seed 555
[2026-05-22 16:59:57,113] INFO: Output will be written in M3_P12_S555_Frichardson_out
[2026-05-22 16:59:57,114] INFO: Building backend ibm_marrakesh (AerSimulator)
[2026-05-22 17:00:15,088] INFO: Building SimpleProductionPlanningProblem
[2026-05-22 17:05:15,434] INFO: The problem has 45 logic qubits
[2026-05-22 17:05:15,448] INFO: Building AncillaQAOACircuit with 2 layers
[2026-05-22 17:05:15,495] INFO: Getting virtual circuit metrics
[2026-05-22 17:05:15,504] INFO: Transpiling AncillaQAOACircuit for ibm_marrakesh
[2026-05-22 17:05:17,400] INFO: Getting transpiled circuit metrics
[2026-05-22 17:05:17,517] INFO: Assigning random parameters to the transpiled circuit
[2026-05-22 17:05:17,529] INFO: Preparing Hamiltonian for Estimator
[2026-05-22 17:05:17,530] INFO: Clifford Noise Analysis with MNEAT
[2026-05-22 17:05:19,701] INFO: Virtual QC Metrics:    {'depth': 108, '2q_gates': 918, 'clifford_gates': 81, 'non_clifford_gates': 978, 't_gates': 0, 'total_gates': 1059, 'num_active_qubits': 57}
[2026-05-22 17:05:19,701] INFO: Transpiled QC Metrics: {'depth': 4406, '2q_gates': 6488, 'clifford_gates': 22478, 'non_clifford_gates': 1169, 't_gates': 17, 'total_gates': 23647, 'num_active_qubits': 63}
[2026-05-22 17:05:19,701] INFO: Clifford QC Metrics:   {'depth': 4406, '2q_gates': 6488, 'clifford_gates': 23647, 'non_clifford_gates': 0, 't_gates': 0, 'total_gates': 23647, 'num_active_qubits': 63}
[2026-05-22 17:05:19,701] INFO: Hamiltonian estimation with MNEAT on Clifford circuit
[2026-05-22 17:05:19,701] INFO: Ideal simulation run
[2026-05-22 17:05:25,727] INFO: Noisy simulation run
[2026-05-22 17:09:29,960] INFO: Mitigation simulation run with technique: zne
[2026-05-22 17:09:29,961] INFO: ZNE factory: richardson, noise_values: [1, 2, 3]
[2026-05-22 17:30:53,351] INFO: Saved ZNE factory plot to M3_P12_S555_Frichardson_out/zne_factory_fit.png
[2026-05-22 17:30:53,351] INFO: Clifford Ideal Estimator Value:       -5438.5771484375
[2026-05-22 17:30:53,351] INFO: Clifford Noisy Estimator Value:       -669.0390625
[2026-05-22 17:30:53,351] INFO: Clifford Mitigated Estimator Value:   -1473.7490234375016
[2026-05-22 17:30:53,351] INFO: Error % of Noisy vs Ideal:       87.70%
[2026-05-22 17:30:53,351] INFO: Error % of Mitigated vs Ideal:   72.90%
[2026-05-22 17:30:53,351] INFO: Circuit creation time:       0.0469 seconds
[2026-05-22 17:30:53,351] INFO: Transpilation time:          1.8951 seconds
[2026-05-22 17:30:53,351] INFO: Clifford Transpilation time: 0.1212 seconds
[2026-05-22 17:30:53,351] INFO: Clifford Ideal Estimation time:       6.0250 seconds
[2026-05-22 17:30:53,351] INFO: Clifford Noisy Estimation time:       244.2334 seconds
[2026-05-22 17:30:53,351] INFO: Clifford Mitigated Estimation time:   1283.1333 seconds
[2026-05-22 17:30:53,351] INFO: ESTIMATOR PERFORMANCE RUN COMPLETED.
[2026-05-22 17:30:53,381] INFO: writing output file: M3_P12_S555_Frichardson_out/output.json
