[2026-05-22 18:11:34,881] INFO: reading parameters file: 'M4_P10_S222_Flinear/M4_P10_S222_Flinear.yaml'
[2026-05-22 18:11:34,908] INFO: Using seed 222
[2026-05-22 18:11:34,908] INFO: Output will be written in M4_P10_S222_Flinear_out
[2026-05-22 18:11:34,908] INFO: Building backend ibm_marrakesh (AerSimulator)
[2026-05-22 18:11:47,511] INFO: Building SimpleProductionPlanningProblem
[2026-05-22 18:16:47,789] INFO: The problem has 48 logic qubits
[2026-05-22 18:16:47,801] INFO: Building AncillaQAOACircuit with 2 layers
[2026-05-22 18:16:47,843] INFO: Getting virtual circuit metrics
[2026-05-22 18:16:47,853] INFO: Transpiling AncillaQAOACircuit for ibm_marrakesh
[2026-05-22 18:16:49,548] INFO: Getting transpiled circuit metrics
[2026-05-22 18:16:49,657] INFO: Assigning random parameters to the transpiled circuit
[2026-05-22 18:16:49,669] INFO: Preparing Hamiltonian for Estimator
[2026-05-22 18:16:49,669] INFO: Clifford Noise Analysis with MNEAT
[2026-05-22 18:16:51,563] INFO: Virtual QC Metrics:    {'depth': 119, '2q_gates': 978, 'clifford_gates': 88, 'non_clifford_gates': 1030, 't_gates': 0, 'total_gates': 1118, 'num_active_qubits': 58}
[2026-05-22 18:16:51,563] INFO: Transpiled QC Metrics: {'depth': 4574, '2q_gates': 6762, 'clifford_gates': 23706, 'non_clifford_gates': 1255, 't_gates': 11, 'total_gates': 24961, 'num_active_qubits': 69}
[2026-05-22 18:16:51,563] INFO: Clifford QC Metrics:   {'depth': 4574, '2q_gates': 6762, 'clifford_gates': 24961, 'non_clifford_gates': 0, 't_gates': 0, 'total_gates': 24961, 'num_active_qubits': 69}
[2026-05-22 18:16:51,563] INFO: Hamiltonian estimation with MNEAT on Clifford circuit
[2026-05-22 18:16:51,563] INFO: Ideal simulation run
[2026-05-22 18:16:57,744] INFO: Noisy simulation run
[2026-05-22 18:21:07,395] INFO: Mitigation simulation run with technique: zne
[2026-05-22 18:21:07,395] INFO: ZNE factory: linear, noise_values: [1, 2, 3]
[2026-05-22 18:43:22,076] INFO: Saved ZNE factory plot to M4_P10_S222_Flinear_out/zne_factory_fit.png
[2026-05-22 18:43:22,076] INFO: Clifford Ideal Estimator Value:       -9223.556640625
[2026-05-22 18:43:22,076] INFO: Clifford Noisy Estimator Value:       -3301.025390625
[2026-05-22 18:43:22,076] INFO: Clifford Mitigated Estimator Value:   -4336.641601562499
[2026-05-22 18:43:22,076] INFO: Error % of Noisy vs Ideal:       64.21%
[2026-05-22 18:43:22,076] INFO: Error % of Mitigated vs Ideal:   52.98%
[2026-05-22 18:43:22,076] INFO: Circuit creation time:       0.0417 seconds
[2026-05-22 18:43:22,076] INFO: Transpilation time:          1.6952 seconds
[2026-05-22 18:43:22,076] INFO: Clifford Transpilation time: 0.1122 seconds
[2026-05-22 18:43:22,076] INFO: Clifford Ideal Estimation time:       6.1806 seconds
[2026-05-22 18:43:22,076] INFO: Clifford Noisy Estimation time:       249.6507 seconds
[2026-05-22 18:43:22,077] INFO: Clifford Mitigated Estimation time:   1334.4000 seconds
[2026-05-22 18:43:22,077] INFO: ESTIMATOR PERFORMANCE RUN COMPLETED.
[2026-05-22 18:43:22,106] INFO: writing output file: M4_P10_S222_Flinear_out/output.json
