[2026-05-22 18:01:17,951] INFO: reading parameters file: 'M4_P8_S555_Flinear/M4_P8_S555_Flinear.yaml'
[2026-05-22 18:01:17,992] INFO: Using seed 555
[2026-05-22 18:01:18,027] INFO: Output will be written in M4_P8_S555_Flinear_out
[2026-05-22 18:01:18,027] INFO: Building backend ibm_marrakesh (AerSimulator)
[2026-05-22 18:01:36,267] INFO: Building SimpleProductionPlanningProblem
[2026-05-22 18:06:36,629] INFO: The problem has 40 logic qubits
[2026-05-22 18:06:36,638] INFO: Building AncillaQAOACircuit with 2 layers
[2026-05-22 18:06:36,672] INFO: Getting virtual circuit metrics
[2026-05-22 18:06:36,679] INFO: Transpiling AncillaQAOACircuit for ibm_marrakesh
[2026-05-22 18:06:38,948] INFO: Getting transpiled circuit metrics
[2026-05-22 18:06:39,031] INFO: Assigning random parameters to the transpiled circuit
[2026-05-22 18:06:39,039] INFO: Preparing Hamiltonian for Estimator
[2026-05-22 18:06:39,040] INFO: Clifford Noise Analysis with MNEAT
[2026-05-22 18:06:40,948] INFO: Virtual QC Metrics:    {'depth': 101, '2q_gates': 720, 'clifford_gates': 72, 'non_clifford_gates': 768, 't_gates': 0, 'total_gates': 840, 'num_active_qubits': 48}
[2026-05-22 18:06:40,948] INFO: Transpiled QC Metrics: {'depth': 3323, '2q_gates': 4674, 'clifford_gates': 16595, 'non_clifford_gates': 942, 't_gates': 9, 'total_gates': 17537, 'num_active_qubits': 51}
[2026-05-22 18:06:40,948] INFO: Clifford QC Metrics:   {'depth': 3323, '2q_gates': 4674, 'clifford_gates': 17537, 'non_clifford_gates': 0, 't_gates': 0, 'total_gates': 17537, 'num_active_qubits': 51}
[2026-05-22 18:06:40,948] INFO: Hamiltonian estimation with MNEAT on Clifford circuit
[2026-05-22 18:06:40,948] INFO: Ideal simulation run
[2026-05-22 18:06:44,087] INFO: Noisy simulation run
[2026-05-22 18:09:46,280] INFO: Mitigation simulation run with technique: zne
[2026-05-22 18:09:46,280] INFO: ZNE factory: linear, noise_values: [1, 2, 3]
[2026-05-22 18:26:06,690] INFO: Saved ZNE factory plot to M4_P8_S555_Flinear_out/zne_factory_fit.png
[2026-05-22 18:26:06,690] INFO: Clifford Ideal Estimator Value:       -4691.38671875
[2026-05-22 18:26:06,690] INFO: Clifford Noisy Estimator Value:       -2390.0205078125
[2026-05-22 18:26:06,690] INFO: Clifford Mitigated Estimator Value:   -3359.66796875
[2026-05-22 18:26:06,690] INFO: Error % of Noisy vs Ideal:       49.06%
[2026-05-22 18:26:06,690] INFO: Error % of Mitigated vs Ideal:   28.39%
[2026-05-22 18:26:06,691] INFO: Circuit creation time:       0.0334 seconds
[2026-05-22 18:26:06,691] INFO: Transpilation time:          2.2691 seconds
[2026-05-22 18:26:06,691] INFO: Clifford Transpilation time: 0.0854 seconds
[2026-05-22 18:26:06,691] INFO: Clifford Ideal Estimation time:       3.1390 seconds
[2026-05-22 18:26:06,691] INFO: Clifford Noisy Estimation time:       182.1927 seconds
[2026-05-22 18:26:06,691] INFO: Clifford Mitigated Estimation time:   980.1899 seconds
[2026-05-22 18:26:06,691] INFO: ESTIMATOR PERFORMANCE RUN COMPLETED.
[2026-05-22 18:26:06,717] INFO: writing output file: M4_P8_S555_Flinear_out/output.json
