[2026-05-22 15:28:29,830] INFO: reading parameters file: 'M3_P6_S111_Fadaexp/M3_P6_S111_Fadaexp.yaml'
[2026-05-22 15:28:29,835] INFO: Using seed 111
[2026-05-22 15:28:29,835] INFO: Output will be written in M3_P6_S111_Fadaexp_out
[2026-05-22 15:28:29,836] INFO: Building backend ibm_marrakesh (AerSimulator)
[2026-05-22 15:28:44,803] INFO: Building SimpleProductionPlanningProblem
[2026-05-22 15:28:48,445] INFO: The problem has 24 logic qubits
[2026-05-22 15:28:48,450] INFO: Building AncillaQAOACircuit with 2 layers
[2026-05-22 15:28:48,467] INFO: Getting virtual circuit metrics
[2026-05-22 15:28:48,471] INFO: Transpiling AncillaQAOACircuit for ibm_marrakesh
[2026-05-22 15:28:49,060] INFO: Getting transpiled circuit metrics
[2026-05-22 15:28:49,096] INFO: Assigning random parameters to the transpiled circuit
[2026-05-22 15:28:49,101] INFO: Preparing Hamiltonian for Estimator
[2026-05-22 15:28:49,102] INFO: Clifford Noise Analysis with MNEAT
[2026-05-22 15:28:50,499] INFO: Virtual QC Metrics:    {'depth': 64, '2q_gates': 312, 'clifford_gates': 42, 'non_clifford_gates': 348, 't_gates': 0, 'total_gates': 390, 'num_active_qubits': 30}
[2026-05-22 15:28:50,499] INFO: Transpiled QC Metrics: {'depth': 1657, '2q_gates': 1821, 'clifford_gates': 6526, 'non_clifford_gates': 402, 't_gates': 8, 'total_gates': 6928, 'num_active_qubits': 32}
[2026-05-22 15:28:50,499] INFO: Clifford QC Metrics:   {'depth': 1657, '2q_gates': 1821, 'clifford_gates': 6928, 'non_clifford_gates': 0, 't_gates': 0, 'total_gates': 6928, 'num_active_qubits': 32}
[2026-05-22 15:28:50,499] INFO: Hamiltonian estimation with MNEAT on Clifford circuit
[2026-05-22 15:28:50,499] INFO: Ideal simulation run
[2026-05-22 15:28:51,716] INFO: Noisy simulation run
[2026-05-22 15:29:59,255] INFO: Mitigation simulation run with technique: zne
[2026-05-22 15:29:59,256] INFO: ZNE factory: adaexp, noise_values: [1, 2, 3]
