[2026-05-22 17:01:52,933] INFO: reading parameters file: 'M4_P6_S111_Flinear/M4_P6_S111_Flinear.yaml'
[2026-05-22 17:01:52,940] INFO: Using seed 111
[2026-05-22 17:01:52,940] INFO: Output will be written in M4_P6_S111_Flinear_out
[2026-05-22 17:01:52,941] INFO: Building backend ibm_marrakesh (AerSimulator)
[2026-05-22 17:02:20,861] INFO: Building SimpleProductionPlanningProblem
[2026-05-22 17:02:24,203] INFO: The problem has 32 logic qubits
[2026-05-22 17:02:24,215] INFO: Building AncillaQAOACircuit with 2 layers
[2026-05-22 17:02:24,258] INFO: Getting virtual circuit metrics
[2026-05-22 17:02:24,267] INFO: Transpiling AncillaQAOACircuit for ibm_marrakesh
[2026-05-22 17:02:25,463] INFO: Getting transpiled circuit metrics
[2026-05-22 17:02:25,533] INFO: Assigning random parameters to the transpiled circuit
[2026-05-22 17:02:25,548] INFO: Preparing Hamiltonian for Estimator
[2026-05-22 17:02:25,549] INFO: Clifford Noise Analysis with MNEAT
[2026-05-22 17:02:27,951] INFO: Virtual QC Metrics:    {'depth': 83, '2q_gates': 494, 'clifford_gates': 56, 'non_clifford_gates': 538, 't_gates': 0, 'total_gates': 594, 'num_active_qubits': 38}
[2026-05-22 17:02:27,951] INFO: Transpiled QC Metrics: {'depth': 2646, '2q_gates': 2965, 'clifford_gates': 10630, 'non_clifford_gates': 666, 't_gates': 7, 'total_gates': 11296, 'num_active_qubits': 38}
[2026-05-22 17:02:27,951] INFO: Clifford QC Metrics:   {'depth': 2646, '2q_gates': 2965, 'clifford_gates': 11296, 'non_clifford_gates': 0, 't_gates': 0, 'total_gates': 11296, 'num_active_qubits': 38}
[2026-05-22 17:02:27,951] INFO: Hamiltonian estimation with MNEAT on Clifford circuit
[2026-05-22 17:02:27,951] INFO: Ideal simulation run
[2026-05-22 17:02:29,646] INFO: Noisy simulation run
[2026-05-22 17:03:42,665] INFO: Mitigation simulation run with technique: zne
[2026-05-22 17:03:42,665] INFO: ZNE factory: linear, noise_values: [1, 2, 3]
[2026-05-22 17:10:00,387] INFO: Saved ZNE factory plot to M4_P6_S111_Flinear_out/zne_factory_fit.png
[2026-05-22 17:10:00,387] INFO: Clifford Ideal Estimator Value:       -2022.1455078125
[2026-05-22 17:10:00,387] INFO: Clifford Noisy Estimator Value:       -1055.4765625
[2026-05-22 17:10:00,387] INFO: Clifford Mitigated Estimator Value:   -1383.3245442708342
[2026-05-22 17:10:00,387] INFO: Error % of Noisy vs Ideal:       47.80%
[2026-05-22 17:10:00,387] INFO: Error % of Mitigated vs Ideal:   31.59%
[2026-05-22 17:10:00,387] INFO: Circuit creation time:       0.0428 seconds
[2026-05-22 17:10:00,387] INFO: Transpilation time:          1.1962 seconds
[2026-05-22 17:10:00,387] INFO: Clifford Transpilation time: 0.0718 seconds
[2026-05-22 17:10:00,387] INFO: Clifford Ideal Estimation time:       1.6955 seconds
[2026-05-22 17:10:00,388] INFO: Clifford Noisy Estimation time:       73.0185 seconds
[2026-05-22 17:10:00,388] INFO: Clifford Mitigated Estimation time:   377.3009 seconds
[2026-05-22 17:10:00,388] INFO: ESTIMATOR PERFORMANCE RUN COMPLETED.
[2026-05-22 17:10:00,413] INFO: writing output file: M4_P6_S111_Flinear_out/output.json
