[2026-05-22 15:21:53,006] INFO: reading parameters file: 'M2_P12_S555_Frichardson/M2_P12_S555_Frichardson.yaml'
[2026-05-22 15:21:53,012] INFO: Using seed 555
[2026-05-22 15:21:53,012] INFO: Output will be written in M2_P12_S555_Frichardson_out
[2026-05-22 15:21:53,012] INFO: Building backend ibm_marrakesh (AerSimulator)
[2026-05-22 15:22:06,836] INFO: Building SimpleProductionPlanningProblem
[2026-05-22 15:27:07,096] INFO: The problem has 30 logic qubits
[2026-05-22 15:27:07,106] INFO: Building AncillaQAOACircuit with 2 layers
[2026-05-22 15:27:07,135] INFO: Getting virtual circuit metrics
[2026-05-22 15:27:07,141] INFO: Transpiling AncillaQAOACircuit for ibm_marrakesh
[2026-05-22 15:27:08,140] INFO: Getting transpiled circuit metrics
[2026-05-22 15:27:08,205] INFO: Assigning random parameters to the transpiled circuit
[2026-05-22 15:27:08,212] INFO: Preparing Hamiltonian for Estimator
[2026-05-22 15:27:08,213] INFO: Clifford Noise Analysis with MNEAT
[2026-05-22 15:27:10,224] INFO: Virtual QC Metrics:    {'depth': 78, '2q_gates': 528, 'clifford_gates': 66, 'non_clifford_gates': 564, 't_gates': 0, 'total_gates': 630, 'num_active_qubits': 42}
[2026-05-22 15:27:10,224] INFO: Transpiled QC Metrics: {'depth': 2881, '2q_gates': 3412, 'clifford_gates': 11960, 'non_clifford_gates': 659, 't_gates': 0, 'total_gates': 12619, 'num_active_qubits': 48}
[2026-05-22 15:27:10,224] INFO: Clifford QC Metrics:   {'depth': 2881, '2q_gates': 3412, 'clifford_gates': 12619, 'non_clifford_gates': 0, 't_gates': 0, 'total_gates': 12619, 'num_active_qubits': 48}
[2026-05-22 15:27:10,224] INFO: Hamiltonian estimation with MNEAT on Clifford circuit
[2026-05-22 15:27:10,224] INFO: Ideal simulation run
[2026-05-22 15:27:12,657] INFO: Noisy simulation run
[2026-05-22 15:29:18,094] INFO: Mitigation simulation run with technique: zne
[2026-05-22 15:29:18,094] INFO: ZNE factory: richardson, noise_values: [1, 2, 3]
[2026-05-22 15:40:40,090] INFO: Saved ZNE factory plot to M2_P12_S555_Frichardson_out/zne_factory_fit.png
[2026-05-22 15:40:40,091] INFO: Clifford Ideal Estimator Value:       -806.18359375
[2026-05-22 15:40:40,091] INFO: Clifford Noisy Estimator Value:       -220.8623046875
[2026-05-22 15:40:40,091] INFO: Clifford Mitigated Estimator Value:   -920.152343750002
[2026-05-22 15:40:40,091] INFO: Error % of Noisy vs Ideal:       72.60%
[2026-05-22 15:40:40,091] INFO: Error % of Mitigated vs Ideal:   14.14%
[2026-05-22 15:40:40,091] INFO: Circuit creation time:       0.0295 seconds
[2026-05-22 15:40:40,091] INFO: Transpilation time:          0.9993 seconds
[2026-05-22 15:40:40,091] INFO: Clifford Transpilation time: 0.0665 seconds
[2026-05-22 15:40:40,091] INFO: Clifford Ideal Estimation time:       2.4324 seconds
[2026-05-22 15:40:40,091] INFO: Clifford Noisy Estimation time:       125.4368 seconds
[2026-05-22 15:40:40,091] INFO: Clifford Mitigated Estimation time:   681.7101 seconds
[2026-05-22 15:40:40,091] INFO: ESTIMATOR PERFORMANCE RUN COMPLETED.
[2026-05-22 15:40:40,119] INFO: writing output file: M2_P12_S555_Frichardson_out/output.json
