[2026-05-22 15:31:47,649] INFO: reading parameters file: 'M3_P6_S222_Fadaexp/M3_P6_S222_Fadaexp.yaml'
[2026-05-22 15:31:47,653] INFO: Using seed 222
[2026-05-22 15:31:47,653] INFO: Output will be written in M3_P6_S222_Fadaexp_out
[2026-05-22 15:31:47,654] INFO: Building backend ibm_marrakesh (AerSimulator)
[2026-05-22 15:32:01,866] INFO: Building SimpleProductionPlanningProblem
[2026-05-22 15:32:04,792] INFO: The problem has 24 logic qubits
[2026-05-22 15:32:04,799] INFO: Building AncillaQAOACircuit with 2 layers
[2026-05-22 15:32:04,822] INFO: Getting virtual circuit metrics
[2026-05-22 15:32:04,828] INFO: Transpiling AncillaQAOACircuit for ibm_marrakesh
[2026-05-22 15:32:05,474] INFO: Getting transpiled circuit metrics
[2026-05-22 15:32:05,527] INFO: Assigning random parameters to the transpiled circuit
[2026-05-22 15:32:05,536] INFO: Preparing Hamiltonian for Estimator
[2026-05-22 15:32:05,536] INFO: Clifford Noise Analysis with MNEAT
[2026-05-22 15:32:07,089] INFO: Virtual QC Metrics:    {'depth': 64, '2q_gates': 312, 'clifford_gates': 42, 'non_clifford_gates': 348, 't_gates': 0, 'total_gates': 390, 'num_active_qubits': 30}
[2026-05-22 15:32:07,089] INFO: Transpiled QC Metrics: {'depth': 1670, '2q_gates': 1725, 'clifford_gates': 6224, 'non_clifford_gates': 425, 't_gates': 8, 'total_gates': 6649, 'num_active_qubits': 32}
[2026-05-22 15:32:07,089] INFO: Clifford QC Metrics:   {'depth': 1670, '2q_gates': 1725, 'clifford_gates': 6649, 'non_clifford_gates': 0, 't_gates': 0, 'total_gates': 6649, 'num_active_qubits': 32}
[2026-05-22 15:32:07,089] INFO: Hamiltonian estimation with MNEAT on Clifford circuit
[2026-05-22 15:32:07,089] INFO: Ideal simulation run
[2026-05-22 15:32:08,017] INFO: Noisy simulation run
[2026-05-22 15:33:07,358] INFO: Mitigation simulation run with technique: zne
[2026-05-22 15:33:07,358] INFO: ZNE factory: adaexp, noise_values: [1, 2, 3]
[2026-05-22 15:44:19,541] INFO: Saved ZNE factory plot to M3_P6_S222_Fadaexp_out/zne_factory_fit.png
[2026-05-22 15:44:19,542] INFO: Clifford Ideal Estimator Value:       -526.9423828125
[2026-05-22 15:44:19,542] INFO: Clifford Noisy Estimator Value:       -198.1630859375
[2026-05-22 15:44:19,542] INFO: Clifford Mitigated Estimator Value:   -314.71047874280833
[2026-05-22 15:44:19,542] INFO: Error % of Noisy vs Ideal:       62.39%
[2026-05-22 15:44:19,542] INFO: Error % of Mitigated vs Ideal:   40.28%
[2026-05-22 15:44:19,542] INFO: Circuit creation time:       0.0233 seconds
[2026-05-22 15:44:19,542] INFO: Transpilation time:          0.6465 seconds
[2026-05-22 15:44:19,542] INFO: Clifford Transpilation time: 0.0422 seconds
[2026-05-22 15:44:19,542] INFO: Clifford Ideal Estimation time:       0.9274 seconds
[2026-05-22 15:44:19,542] INFO: Clifford Noisy Estimation time:       59.3407 seconds
[2026-05-22 15:44:19,542] INFO: Clifford Mitigated Estimation time:   671.8113 seconds
[2026-05-22 15:44:19,542] INFO: ESTIMATOR PERFORMANCE RUN COMPLETED.
[2026-05-22 15:44:19,567] INFO: writing output file: M3_P6_S222_Fadaexp_out/output.json
