[2026-05-22 15:32:37,974] INFO: reading parameters file: 'M3_P6_S333_Flinear/M3_P6_S333_Flinear.yaml'
[2026-05-22 15:32:37,978] INFO: Using seed 333
[2026-05-22 15:32:37,978] INFO: Output will be written in M3_P6_S333_Flinear_out
[2026-05-22 15:32:37,979] INFO: Building backend ibm_marrakesh (AerSimulator)
[2026-05-22 15:32:50,133] INFO: Building SimpleProductionPlanningProblem
[2026-05-22 15:32:54,055] INFO: The problem has 24 logic qubits
[2026-05-22 15:32:54,061] INFO: Building AncillaQAOACircuit with 2 layers
[2026-05-22 15:32:54,077] INFO: Getting virtual circuit metrics
[2026-05-22 15:32:54,081] INFO: Transpiling AncillaQAOACircuit for ibm_marrakesh
[2026-05-22 15:32:54,631] INFO: Getting transpiled circuit metrics
[2026-05-22 15:32:54,662] INFO: Assigning random parameters to the transpiled circuit
[2026-05-22 15:32:54,667] INFO: Preparing Hamiltonian for Estimator
[2026-05-22 15:32:54,668] INFO: Clifford Noise Analysis with MNEAT
[2026-05-22 15:32:55,909] INFO: Virtual QC Metrics:    {'depth': 64, '2q_gates': 312, 'clifford_gates': 42, 'non_clifford_gates': 348, 't_gates': 0, 'total_gates': 390, 'num_active_qubits': 30}
[2026-05-22 15:32:55,909] INFO: Transpiled QC Metrics: {'depth': 1580, '2q_gates': 1750, 'clifford_gates': 6249, 'non_clifford_gates': 405, 't_gates': 8, 'total_gates': 6654, 'num_active_qubits': 32}
[2026-05-22 15:32:55,909] INFO: Clifford QC Metrics:   {'depth': 1580, '2q_gates': 1750, 'clifford_gates': 6654, 'non_clifford_gates': 0, 't_gates': 0, 'total_gates': 6654, 'num_active_qubits': 32}
[2026-05-22 15:32:55,909] INFO: Hamiltonian estimation with MNEAT on Clifford circuit
[2026-05-22 15:32:55,909] INFO: Ideal simulation run
[2026-05-22 15:32:56,791] INFO: Noisy simulation run
[2026-05-22 15:34:05,059] INFO: Mitigation simulation run with technique: zne
[2026-05-22 15:34:05,060] INFO: ZNE factory: linear, noise_values: [1, 2, 3]
[2026-05-22 15:40:08,313] INFO: Saved ZNE factory plot to M3_P6_S333_Flinear_out/zne_factory_fit.png
[2026-05-22 15:40:08,313] INFO: Clifford Ideal Estimator Value:       -830.4775390625
[2026-05-22 15:40:08,314] INFO: Clifford Noisy Estimator Value:       -443.8642578125
[2026-05-22 15:40:08,314] INFO: Clifford Mitigated Estimator Value:   -575.8951822916666
[2026-05-22 15:40:08,314] INFO: Error % of Noisy vs Ideal:       46.55%
[2026-05-22 15:40:08,314] INFO: Error % of Mitigated vs Ideal:   30.65%
[2026-05-22 15:40:08,314] INFO: Circuit creation time:       0.0160 seconds
[2026-05-22 15:40:08,314] INFO: Transpilation time:          0.5502 seconds
[2026-05-22 15:40:08,314] INFO: Clifford Transpilation time: 0.0350 seconds
[2026-05-22 15:40:08,314] INFO: Clifford Ideal Estimation time:       0.8815 seconds
[2026-05-22 15:40:08,314] INFO: Clifford Noisy Estimation time:       68.2682 seconds
[2026-05-22 15:40:08,314] INFO: Clifford Mitigated Estimation time:   363.0421 seconds
[2026-05-22 15:40:08,314] INFO: ESTIMATOR PERFORMANCE RUN COMPLETED.
[2026-05-22 15:40:08,340] INFO: writing output file: M3_P6_S333_Flinear_out/output.json
