[2026-05-22 15:40:29,407] INFO: reading parameters file: 'M3_P8_S111_Flinear/M3_P8_S111_Flinear.yaml'
[2026-05-22 15:40:29,412] INFO: Using seed 111
[2026-05-22 15:40:29,412] INFO: Output will be written in M3_P8_S111_Flinear_out
[2026-05-22 15:40:29,413] INFO: Building backend ibm_marrakesh (AerSimulator)
[2026-05-22 15:40:42,337] INFO: Building SimpleProductionPlanningProblem
[2026-05-22 15:41:18,553] INFO: The problem has 30 logic qubits
[2026-05-22 15:41:18,562] INFO: Building AncillaQAOACircuit with 2 layers
[2026-05-22 15:41:18,588] INFO: Getting virtual circuit metrics
[2026-05-22 15:41:18,593] INFO: Transpiling AncillaQAOACircuit for ibm_marrakesh
[2026-05-22 15:41:19,442] INFO: Getting transpiled circuit metrics
[2026-05-22 15:41:19,501] INFO: Assigning random parameters to the transpiled circuit
[2026-05-22 15:41:19,507] INFO: Preparing Hamiltonian for Estimator
[2026-05-22 15:41:19,508] INFO: Clifford Noise Analysis with MNEAT
[2026-05-22 15:41:21,485] INFO: Virtual QC Metrics:    {'depth': 78, '2q_gates': 462, 'clifford_gates': 54, 'non_clifford_gates': 502, 't_gates': 0, 'total_gates': 556, 'num_active_qubits': 38}
[2026-05-22 15:41:21,485] INFO: Transpiled QC Metrics: {'depth': 2226, '2q_gates': 2836, 'clifford_gates': 10043, 'non_clifford_gates': 614, 't_gates': 10, 'total_gates': 10657, 'num_active_qubits': 40}
[2026-05-22 15:41:21,485] INFO: Clifford QC Metrics:   {'depth': 2226, '2q_gates': 2836, 'clifford_gates': 10657, 'non_clifford_gates': 0, 't_gates': 0, 'total_gates': 10657, 'num_active_qubits': 40}
[2026-05-22 15:41:21,485] INFO: Hamiltonian estimation with MNEAT on Clifford circuit
[2026-05-22 15:41:21,485] INFO: Ideal simulation run
[2026-05-22 15:41:23,125] INFO: Noisy simulation run
[2026-05-22 15:43:05,254] INFO: Mitigation simulation run with technique: zne
[2026-05-22 15:43:05,255] INFO: ZNE factory: linear, noise_values: [1, 2, 3]
[2026-05-22 15:52:24,278] INFO: Saved ZNE factory plot to M3_P8_S111_Flinear_out/zne_factory_fit.png
[2026-05-22 15:52:24,278] INFO: Clifford Ideal Estimator Value:       -1307.576171875
[2026-05-22 15:52:24,278] INFO: Clifford Noisy Estimator Value:       -654.9619140625
[2026-05-22 15:52:24,278] INFO: Clifford Mitigated Estimator Value:   -994.6897786458335
[2026-05-22 15:52:24,278] INFO: Error % of Noisy vs Ideal:       49.91%
[2026-05-22 15:52:24,279] INFO: Error % of Mitigated vs Ideal:   23.93%
[2026-05-22 15:52:24,279] INFO: Circuit creation time:       0.0263 seconds
[2026-05-22 15:52:24,279] INFO: Transpilation time:          0.8484 seconds
[2026-05-22 15:52:24,279] INFO: Clifford Transpilation time: 0.6309 seconds
[2026-05-22 15:52:24,279] INFO: Clifford Ideal Estimation time:       1.6399 seconds
[2026-05-22 15:52:24,279] INFO: Clifford Noisy Estimation time:       102.1290 seconds
[2026-05-22 15:52:24,279] INFO: Clifford Mitigated Estimation time:   558.7815 seconds
[2026-05-22 15:52:24,279] INFO: ESTIMATOR PERFORMANCE RUN COMPLETED.
[2026-05-22 15:52:24,308] INFO: writing output file: M3_P8_S111_Flinear_out/output.json
