[2026-05-22 18:13:51,718] INFO: reading parameters file: 'M4_P10_S222_Fadaexp/M4_P10_S222_Fadaexp.yaml'
[2026-05-22 18:13:51,723] INFO: Using seed 222
[2026-05-22 18:13:51,723] INFO: Output will be written in M4_P10_S222_Fadaexp_out
[2026-05-22 18:13:51,724] INFO: Building backend ibm_marrakesh (AerSimulator)
[2026-05-22 18:14:05,066] INFO: Building SimpleProductionPlanningProblem
[2026-05-22 18:19:05,398] INFO: The problem has 48 logic qubits
[2026-05-22 18:19:05,420] INFO: Building AncillaQAOACircuit with 2 layers
[2026-05-22 18:19:05,489] INFO: Getting virtual circuit metrics
[2026-05-22 18:19:05,503] INFO: Transpiling AncillaQAOACircuit for ibm_marrakesh
[2026-05-22 18:19:07,812] INFO: Getting transpiled circuit metrics
[2026-05-22 18:19:07,949] INFO: Assigning random parameters to the transpiled circuit
[2026-05-22 18:19:07,972] INFO: Preparing Hamiltonian for Estimator
[2026-05-22 18:19:07,973] INFO: Clifford Noise Analysis with MNEAT
[2026-05-22 18:19:10,296] INFO: Virtual QC Metrics:    {'depth': 119, '2q_gates': 978, 'clifford_gates': 88, 'non_clifford_gates': 1030, 't_gates': 0, 'total_gates': 1118, 'num_active_qubits': 58}
[2026-05-22 18:19:10,296] INFO: Transpiled QC Metrics: {'depth': 4576, '2q_gates': 6762, 'clifford_gates': 23764, 'non_clifford_gates': 1311, 't_gates': 12, 'total_gates': 25075, 'num_active_qubits': 69}
[2026-05-22 18:19:10,296] INFO: Clifford QC Metrics:   {'depth': 4576, '2q_gates': 6762, 'clifford_gates': 25075, 'non_clifford_gates': 0, 't_gates': 0, 'total_gates': 25075, 'num_active_qubits': 69}
[2026-05-22 18:19:10,296] INFO: Hamiltonian estimation with MNEAT on Clifford circuit
[2026-05-22 18:19:10,296] INFO: Ideal simulation run
[2026-05-22 18:19:16,943] INFO: Noisy simulation run
[2026-05-22 18:23:11,211] INFO: Mitigation simulation run with technique: zne
[2026-05-22 18:23:11,211] INFO: ZNE factory: adaexp, noise_values: [1, 2, 3]
[2026-05-22 18:55:06,333] INFO: Saved ZNE factory plot to M4_P10_S222_Fadaexp_out/zne_factory_fit.png
[2026-05-22 18:55:06,334] INFO: Clifford Ideal Estimator Value:       -8716.97265625
[2026-05-22 18:55:06,334] INFO: Clifford Noisy Estimator Value:       -3318.2900390625
[2026-05-22 18:55:06,334] INFO: Clifford Mitigated Estimator Value:   -13384.37143445644
[2026-05-22 18:55:06,334] INFO: Error % of Noisy vs Ideal:       61.93%
[2026-05-22 18:55:06,334] INFO: Error % of Mitigated vs Ideal:   53.54%
[2026-05-22 18:55:06,334] INFO: Circuit creation time:       0.0690 seconds
[2026-05-22 18:55:06,334] INFO: Transpilation time:          2.3087 seconds
[2026-05-22 18:55:06,334] INFO: Clifford Transpilation time: 0.1483 seconds
[2026-05-22 18:55:06,334] INFO: Clifford Ideal Estimation time:       6.6461 seconds
[2026-05-22 18:55:06,334] INFO: Clifford Noisy Estimation time:       234.2683 seconds
[2026-05-22 18:55:06,334] INFO: Clifford Mitigated Estimation time:   1914.8251 seconds
[2026-05-22 18:55:06,334] INFO: ESTIMATOR PERFORMANCE RUN COMPLETED.
[2026-05-22 18:55:06,360] INFO: writing output file: M4_P10_S222_Fadaexp_out/output.json
