[2026-03-04 18:48:28,547] INFO: reading parameters file: 'G15_I3_S33333/G15_I3_S33333.yaml'
[2026-03-04 18:48:28,551] INFO: Using seed 33333
[2026-03-04 18:48:28,551] INFO: Output will be written in G15_I3_S33333_out
[2026-03-04 18:48:28,551] INFO: Building backend ibm_torino (AerSimulator)
[2026-03-04 18:48:41,068] INFO: Building QGSUncProblem
[2026-03-04 18:50:00,063] INFO: The problem has 45 logic qubits
[2026-03-04 18:50:00,100] INFO: Building AncillaQAOACircuit with 3 layers
[2026-03-04 18:50:00,173] INFO: Getting virtual circuit metrics
[2026-03-04 18:50:00,208] INFO: Transpiling AncillaQAOACircuit for ibm_torino
[2026-03-04 18:50:03,265] INFO: Getting transpiled circuit metrics
[2026-03-04 18:50:03,751] INFO: Assigning random parameters to the transpiled circuit
[2026-03-04 18:50:03,759] INFO: Preparing Hamiltonian for Estimator
[2026-03-04 18:50:03,760] INFO: Clifford Noise Analysis with NEAT
[2026-03-04 18:50:08,402] INFO: Virtual QC Metrics:    {'depth': 209, '2q_gates': 3330, 'clifford_gates': 90, 'non_clifford_gates': 3405, 't_gates': 0, 'total_gates': 3495, 'num_active_qubits': 60}
[2026-03-04 18:50:08,402] INFO: Transpiled QC Metrics: {'depth': 9180, '2q_gates': 17466, 'clifford_gates': 68477, 'non_clifford_gates': 4537, 't_gates': 24, 'total_gates': 73014, 'num_active_qubits': 64}
[2026-03-04 18:50:08,402] INFO: Clifford QC Metrics:   {'depth': 4687, '2q_gates': 10759, 'clifford_gates': 41319, 'non_clifford_gates': 392, 't_gates': 6, 'total_gates': 41711, 'num_active_qubits': 64}
[2026-03-04 18:50:08,402] INFO: Ideal simulation run on Clifford circuit
[2026-03-04 18:50:17,872] INFO: Noisy simulation run on Clifford circuit
[2026-03-04 18:50:17,873] INFO: Full noise simulation run on Clifford circuit
[2026-03-04 18:57:47,200] INFO: Clifford Ideal Estimator Value:  -0.7537219060105781
[2026-03-04 18:57:47,200] INFO: Clifford Noisy Estimator Value:  0.10921863168554202
[2026-03-04 18:57:47,200] INFO: Circuit creation time:       0.0733 seconds
[2026-03-04 18:57:47,200] INFO: Transpilation time:          3.0571 seconds
[2026-03-04 18:57:47,200] INFO: Clifford Transpilation time: 3.5159 seconds
[2026-03-04 18:57:47,200] INFO: Clifford Ideal Estimation time:  9.4705 seconds
[2026-03-04 18:57:47,200] INFO: Clifford Noisy Estimation time:  449.3272 seconds
[2026-03-04 18:57:47,200] INFO: ESTIMATOR PERFORMANCE RUN COMPLETED.
[2026-03-04 18:57:47,209] INFO: writing output file: G15_I3_S33333_out/output.json
