[2026-03-04 18:35:23,764] INFO: reading parameters file: 'G13_I3_S22222/G13_I3_S22222.yaml'
[2026-03-04 18:35:23,779] INFO: Using seed 22222
[2026-03-04 18:35:23,779] INFO: Output will be written in G13_I3_S22222_out
[2026-03-04 18:35:23,780] INFO: Building backend ibm_torino (AerSimulator)
[2026-03-04 18:35:36,065] INFO: Building QGSUncProblem
[2026-03-04 18:35:41,085] INFO: The problem has 39 logic qubits
[2026-03-04 18:35:41,130] INFO: Building AncillaQAOACircuit with 3 layers
[2026-03-04 18:35:41,223] INFO: Getting virtual circuit metrics
[2026-03-04 18:35:41,263] INFO: Transpiling AncillaQAOACircuit for ibm_torino
[2026-03-04 18:35:43,660] INFO: Getting transpiled circuit metrics
[2026-03-04 18:35:44,233] INFO: Assigning random parameters to the transpiled circuit
[2026-03-04 18:35:44,241] INFO: Preparing Hamiltonian for Estimator
[2026-03-04 18:35:44,243] INFO: Clifford Noise Analysis with NEAT
[2026-03-04 18:35:48,770] INFO: Virtual QC Metrics:    {'depth': 185, '2q_gates': 2535, 'clifford_gates': 78, 'non_clifford_gates': 2600, 't_gates': 0, 'total_gates': 2678, 'num_active_qubits': 52}
[2026-03-04 18:35:48,770] INFO: Transpiled QC Metrics: {'depth': 7774, '2q_gates': 12786, 'clifford_gates': 51069, 'non_clifford_gates': 3250, 't_gates': 16, 'total_gates': 54319, 'num_active_qubits': 58}
[2026-03-04 18:35:48,770] INFO: Clifford QC Metrics:   {'depth': 3957, '2q_gates': 8105, 'clifford_gates': 32306, 'non_clifford_gates': 374, 't_gates': 9, 'total_gates': 32680, 'num_active_qubits': 58}
[2026-03-04 18:35:48,770] INFO: Ideal simulation run on Clifford circuit
[2026-03-04 18:35:56,307] INFO: Noisy simulation run on Clifford circuit
[2026-03-04 18:35:56,307] INFO: Full noise simulation run on Clifford circuit
[2026-03-04 18:38:24,146] INFO: Clifford Ideal Estimator Value:  -0.40011005222441254
[2026-03-04 18:38:24,146] INFO: Clifford Noisy Estimator Value:  -0.6776912115100957
[2026-03-04 18:38:24,146] INFO: Circuit creation time:       0.0921 seconds
[2026-03-04 18:38:24,146] INFO: Transpilation time:          2.3969 seconds
[2026-03-04 18:38:24,146] INFO: Clifford Transpilation time: 2.9529 seconds
[2026-03-04 18:38:24,146] INFO: Clifford Ideal Estimation time:  7.5368 seconds
[2026-03-04 18:38:24,146] INFO: Clifford Noisy Estimation time:  147.8385 seconds
[2026-03-04 18:38:24,146] INFO: ESTIMATOR PERFORMANCE RUN COMPLETED.
[2026-03-04 18:38:24,158] INFO: writing output file: G13_I3_S22222_out/output.json
