[2026-03-02 14:04:41,862] INFO: reading parameters file: 'Groups3_Instruments5_Layers5/Groups3_Instruments5_Layers5.yaml'
[2026-03-02 14:04:41,872] INFO: Using seed 12345
[2026-03-02 14:04:41,873] INFO: Output will be written in Groups3_Instruments5_Layers5_out
[2026-03-02 14:04:41,873] INFO: Building backend ibm_torino (AerSimulator)
[2026-03-02 14:04:57,312] INFO: Building QGSUncProblem
[2026-03-02 14:04:57,457] INFO: The problem has 15 logic qubits
[2026-03-02 14:04:57,464] INFO: Building AncillaQAOACircuit with 5 layers
[2026-03-02 14:04:57,494] INFO: Getting virtual circuit metrics
[2026-03-02 14:04:57,511] INFO: Transpiling AncillaQAOACircuit for ibm_torino
[2026-03-02 14:04:58,270] INFO: Getting transpiled circuit metrics
[2026-03-02 14:04:58,453] INFO: Assigning random parameters to the transpiled circuit
[2026-03-02 14:04:58,458] INFO: Preparing Hamiltonian for Estimator
[2026-03-02 14:04:58,459] INFO: Clifford Noise Analysis with NEAT
[2026-03-02 14:05:00,488] INFO: Virtual QC Metrics:    {'depth': 167, '2q_gates': 861, 'clifford_gates': 30, 'non_clifford_gates': 912, 't_gates': 0, 'total_gates': 942, 'num_active_qubits': 18}
[2026-03-02 14:05:00,488] INFO: Transpiled QC Metrics: {'depth': 3447, '2q_gates': 3741, 'clifford_gates': 15314, 'non_clifford_gates': 1291, 't_gates': 4, 'total_gates': 16605, 'num_active_qubits': 18}
[2026-03-02 14:05:00,488] INFO: Clifford QC Metrics:   {'depth': 1526, '2q_gates': 2028, 'clifford_gates': 7989, 'non_clifford_gates': 135, 't_gates': 0, 'total_gates': 8124, 'num_active_qubits': 18}
[2026-03-02 14:05:00,489] INFO: Ideal simulation run on Clifford circuit
[2026-03-02 14:05:01,374] INFO: Noisy simulation run on Clifford circuit
[2026-03-02 14:05:01,374] INFO: Full noise simulation run on Clifford circuit
[2026-03-02 14:06:13,577] INFO: Clifford Ideal Estimator Value:  -0.16619406199803965
[2026-03-02 14:06:13,578] INFO: Clifford Noisy Estimator Value:  -0.259846060729856
[2026-03-02 14:06:13,578] INFO: Circuit creation time:       0.0292 seconds
[2026-03-02 14:06:13,578] INFO: Transpilation time:          0.7587 seconds
[2026-03-02 14:06:13,578] INFO: Clifford Transpilation time: 0.6183 seconds
[2026-03-02 14:06:13,578] INFO: Clifford Ideal Estimation time:  0.8854 seconds
[2026-03-02 14:06:13,578] INFO: Clifford Noisy Estimation time:  72.2030 seconds
[2026-03-02 14:06:13,578] INFO: ESTIMATOR PERFORMANCE RUN COMPLETED.
[2026-03-02 14:06:13,592] INFO: writing output file: Groups3_Instruments5_Layers5_out/output.json
