[2026-03-04 16:46:18,670] INFO: reading parameters file: 'G5_I3_S22222/G5_I3_S22222.yaml'
[2026-03-04 16:46:18,674] INFO: Using seed 22222
[2026-03-04 16:46:18,675] INFO: Output will be written in G5_I3_S22222_out
[2026-03-04 16:46:18,675] INFO: Building backend ibm_torino (AerSimulator)
[2026-03-04 16:46:28,900] INFO: Building QGSUncProblem
[2026-03-04 16:46:28,990] INFO: The problem has 15 logic qubits
[2026-03-04 16:46:28,994] INFO: Building AncillaQAOACircuit with 3 layers
[2026-03-04 16:46:29,002] INFO: Getting virtual circuit metrics
[2026-03-04 16:46:29,006] INFO: Transpiling AncillaQAOACircuit for ibm_torino
[2026-03-04 16:46:29,371] INFO: Getting transpiled circuit metrics
[2026-03-04 16:46:29,415] INFO: Assigning random parameters to the transpiled circuit
[2026-03-04 16:46:29,416] INFO: Preparing Hamiltonian for Estimator
[2026-03-04 16:46:29,416] INFO: Clifford Noise Analysis with NEAT
[2026-03-04 16:46:30,567] INFO: Virtual QC Metrics:    {'depth': 89, '2q_gates': 435, 'clifford_gates': 30, 'non_clifford_gates': 460, 't_gates': 0, 'total_gates': 490, 'num_active_qubits': 20}
[2026-03-04 16:46:30,567] INFO: Transpiled QC Metrics: {'depth': 2047, '2q_gates': 1881, 'clifford_gates': 7474, 'non_clifford_gates': 620, 't_gates': 6, 'total_gates': 8094, 'num_active_qubits': 20}
[2026-03-04 16:46:30,568] INFO: Clifford QC Metrics:   {'depth': 849, '2q_gates': 1068, 'clifford_gates': 3996, 'non_clifford_gates': 59, 't_gates': 2, 'total_gates': 4055, 'num_active_qubits': 20}
[2026-03-04 16:46:30,568] INFO: Ideal simulation run on Clifford circuit
[2026-03-04 16:46:31,096] INFO: Noisy simulation run on Clifford circuit
[2026-03-04 16:46:31,096] INFO: Full noise simulation run on Clifford circuit
[2026-03-04 16:47:09,920] INFO: Clifford Ideal Estimator Value:  -1.7509272858089249
[2026-03-04 16:47:09,920] INFO: Clifford Noisy Estimator Value:  -1.2173586221588337
[2026-03-04 16:47:09,920] INFO: Circuit creation time:       0.0076 seconds
[2026-03-04 16:47:09,920] INFO: Transpilation time:          0.3648 seconds
[2026-03-04 16:47:09,920] INFO: Clifford Transpilation time: 0.2475 seconds
[2026-03-04 16:47:09,920] INFO: Clifford Ideal Estimation time:  0.5287 seconds
[2026-03-04 16:47:09,920] INFO: Clifford Noisy Estimation time:  38.8230 seconds
[2026-03-04 16:47:09,920] INFO: ESTIMATOR PERFORMANCE RUN COMPLETED.
[2026-03-04 16:47:09,939] INFO: writing output file: G5_I3_S22222_out/output.json
