[2026-05-22 17:21:32,764] INFO: reading parameters file: 'M4_P6_S333_Flinear/M4_P6_S333_Flinear.yaml'
[2026-05-22 17:21:32,771] INFO: Using seed 333
[2026-05-22 17:21:32,771] INFO: Output will be written in M4_P6_S333_Flinear_out
[2026-05-22 17:21:32,771] INFO: Building backend ibm_marrakesh (AerSimulator)
[2026-05-22 17:21:52,259] INFO: Building SimpleProductionPlanningProblem
[2026-05-22 17:21:57,394] INFO: The problem has 32 logic qubits
[2026-05-22 17:21:57,405] INFO: Building AncillaQAOACircuit with 2 layers
[2026-05-22 17:21:57,446] INFO: Getting virtual circuit metrics
[2026-05-22 17:21:57,455] INFO: Transpiling AncillaQAOACircuit for ibm_marrakesh
[2026-05-22 17:21:58,535] INFO: Getting transpiled circuit metrics
[2026-05-22 17:21:58,634] INFO: Assigning random parameters to the transpiled circuit
[2026-05-22 17:21:58,649] INFO: Preparing Hamiltonian for Estimator
[2026-05-22 17:21:58,650] INFO: Clifford Noise Analysis with MNEAT
[2026-05-22 17:22:01,061] INFO: Virtual QC Metrics:    {'depth': 83, '2q_gates': 494, 'clifford_gates': 56, 'non_clifford_gates': 538, 't_gates': 0, 'total_gates': 594, 'num_active_qubits': 38}
[2026-05-22 17:22:01,061] INFO: Transpiled QC Metrics: {'depth': 2419, '2q_gates': 3039, 'clifford_gates': 10846, 'non_clifford_gates': 637, 't_gates': 7, 'total_gates': 11483, 'num_active_qubits': 44}
[2026-05-22 17:22:01,062] INFO: Clifford QC Metrics:   {'depth': 2419, '2q_gates': 3039, 'clifford_gates': 11483, 'non_clifford_gates': 0, 't_gates': 0, 'total_gates': 11483, 'num_active_qubits': 44}
[2026-05-22 17:22:01,062] INFO: Hamiltonian estimation with MNEAT on Clifford circuit
[2026-05-22 17:22:01,062] INFO: Ideal simulation run
[2026-05-22 17:22:02,885] INFO: Noisy simulation run
[2026-05-22 17:23:19,088] INFO: Mitigation simulation run with technique: zne
[2026-05-22 17:23:19,088] INFO: ZNE factory: linear, noise_values: [1, 2, 3]
[2026-05-22 17:29:32,877] INFO: Saved ZNE factory plot to M4_P6_S333_Flinear_out/zne_factory_fit.png
[2026-05-22 17:29:32,877] INFO: Clifford Ideal Estimator Value:       -3378.1396484375
[2026-05-22 17:29:32,877] INFO: Clifford Noisy Estimator Value:       -1459.1689453125
[2026-05-22 17:29:32,877] INFO: Clifford Mitigated Estimator Value:   -1957.7109375000002
[2026-05-22 17:29:32,877] INFO: Error % of Noisy vs Ideal:       56.81%
[2026-05-22 17:29:32,877] INFO: Error % of Mitigated vs Ideal:   42.05%
[2026-05-22 17:29:32,877] INFO: Circuit creation time:       0.0415 seconds
[2026-05-22 17:29:32,877] INFO: Transpilation time:          1.0800 seconds
[2026-05-22 17:29:32,878] INFO: Clifford Transpilation time: 0.0750 seconds
[2026-05-22 17:29:32,878] INFO: Clifford Ideal Estimation time:       1.8236 seconds
[2026-05-22 17:29:32,878] INFO: Clifford Noisy Estimation time:       76.2026 seconds
[2026-05-22 17:29:32,878] INFO: Clifford Mitigated Estimation time:   373.4736 seconds
[2026-05-22 17:29:32,878] INFO: ESTIMATOR PERFORMANCE RUN COMPLETED.
[2026-05-22 17:29:32,902] INFO: writing output file: M4_P6_S333_Flinear_out/output.json
