[2026-03-04 19:02:07,844] INFO: reading parameters file: 'G13_I7_S33333/G13_I7_S33333.yaml'
[2026-03-04 19:02:07,857] INFO: Using seed 33333
[2026-03-04 19:02:07,857] INFO: Output will be written in G13_I7_S33333_out
[2026-03-04 19:02:07,858] INFO: Building backend ibm_torino (AerSimulator)
[2026-03-04 19:02:21,414] INFO: Building QGSUncProblem
[2026-03-04 19:07:25,820] INFO: The problem has 91 logic qubits
[2026-03-04 19:07:25,954] INFO: Building AncillaQAOACircuit with 3 layers
[2026-03-04 19:07:26,254] INFO: Getting virtual circuit metrics
[2026-03-04 19:07:26,393] INFO: Transpiling AncillaQAOACircuit for ibm_torino
[2026-03-04 19:07:45,624] INFO: Getting transpiled circuit metrics
[2026-03-04 19:07:47,614] INFO: Assigning random parameters to the transpiled circuit
[2026-03-04 19:07:47,665] INFO: Preparing Hamiltonian for Estimator
[2026-03-04 19:07:47,673] INFO: Clifford Noise Analysis with NEAT
[2026-03-04 19:08:12,328] INFO: Virtual QC Metrics:    {'depth': 439, '2q_gates': 14157, 'clifford_gates': 182, 'non_clifford_gates': 14274, 't_gates': 0, 'total_gates': 14456, 'num_active_qubits': 104}
[2026-03-04 19:08:12,328] INFO: Transpiled QC Metrics: {'depth': 34293, '2q_gates': 74934, 'clifford_gates': 294094, 'non_clifford_gates': 21158, 't_gates': 22, 'total_gates': 315252, 'num_active_qubits': 109}
[2026-03-04 19:08:12,328] INFO: Clifford QC Metrics:   {'depth': 18795, '2q_gates': 50396, 'clifford_gates': 193883, 'non_clifford_gates': 1975, 't_gates': 30, 'total_gates': 195858, 'num_active_qubits': 109}
[2026-03-04 19:08:12,329] INFO: Ideal simulation run on Clifford circuit
[2026-03-04 19:10:59,412] INFO: Noisy simulation run on Clifford circuit
[2026-03-04 19:10:59,412] INFO: Full noise simulation run on Clifford circuit
[2026-03-04 19:43:54,008] INFO: Clifford Ideal Estimator Value:  3.2439189942633258
[2026-03-04 19:43:54,008] INFO: Clifford Noisy Estimator Value:  -0.14020202280339583
[2026-03-04 19:43:54,008] INFO: Circuit creation time:       0.2994 seconds
[2026-03-04 19:43:54,008] INFO: Transpilation time:          19.2311 seconds
[2026-03-04 19:43:54,008] INFO: Clifford Transpilation time: 22.1682 seconds
[2026-03-04 19:43:54,008] INFO: Clifford Ideal Estimation time:  167.0832 seconds
[2026-03-04 19:43:54,008] INFO: Clifford Noisy Estimation time:  1974.5951 seconds
[2026-03-04 19:43:54,008] INFO: ESTIMATOR PERFORMANCE RUN COMPLETED.
[2026-03-04 19:43:54,029] INFO: writing output file: G13_I7_S33333_out/output.json
