[2026-03-04 16:59:01,715] INFO: reading parameters file: 'G7_I7_S22222/G7_I7_S22222.yaml'
[2026-03-04 16:59:01,719] INFO: Using seed 22222
[2026-03-04 16:59:01,719] INFO: Output will be written in G7_I7_S22222_out
[2026-03-04 16:59:01,720] INFO: Building backend ibm_torino (AerSimulator)
[2026-03-04 16:59:17,827] INFO: Building QGSUncProblem
[2026-03-04 17:01:12,135] INFO: The problem has 49 logic qubits
[2026-03-04 17:01:12,174] INFO: Building AncillaQAOACircuit with 3 layers
[2026-03-04 17:01:12,260] INFO: Getting virtual circuit metrics
[2026-03-04 17:01:12,309] INFO: Transpiling AncillaQAOACircuit for ibm_torino
[2026-03-04 17:01:17,501] INFO: Getting transpiled circuit metrics
[2026-03-04 17:01:18,125] INFO: Assigning random parameters to the transpiled circuit
[2026-03-04 17:01:18,140] INFO: Preparing Hamiltonian for Estimator
[2026-03-04 17:01:18,142] INFO: Clifford Noise Analysis with NEAT
[2026-03-04 17:01:24,787] INFO: Virtual QC Metrics:    {'depth': 271, '2q_gates': 4536, 'clifford_gates': 98, 'non_clifford_gates': 4599, 't_gates': 0, 'total_gates': 4697, 'num_active_qubits': 56}
[2026-03-04 17:01:24,787] INFO: Transpiled QC Metrics: {'depth': 13112, '2q_gates': 22047, 'clifford_gates': 86758, 'non_clifford_gates': 6828, 't_gates': 8, 'total_gates': 93586, 'num_active_qubits': 57}
[2026-03-04 17:01:24,787] INFO: Clifford QC Metrics:   {'depth': 6248, '2q_gates': 14074, 'clifford_gates': 52786, 'non_clifford_gates': 628, 't_gates': 2, 'total_gates': 53414, 'num_active_qubits': 57}
[2026-03-04 17:01:24,787] INFO: Ideal simulation run on Clifford circuit
[2026-03-04 17:01:41,145] INFO: Noisy simulation run on Clifford circuit
[2026-03-04 17:01:41,146] INFO: Full noise simulation run on Clifford circuit
[2026-03-04 17:10:22,937] INFO: Clifford Ideal Estimator Value:  -0.8840087311105016
[2026-03-04 17:10:22,938] INFO: Clifford Noisy Estimator Value:  0.8781007516096988
[2026-03-04 17:10:22,938] INFO: Circuit creation time:       0.0858 seconds
[2026-03-04 17:10:22,938] INFO: Transpilation time:          5.1922 seconds
[2026-03-04 17:10:22,938] INFO: Clifford Transpilation time: 5.3007 seconds
[2026-03-04 17:10:22,938] INFO: Clifford Ideal Estimation time:  16.3583 seconds
[2026-03-04 17:10:22,938] INFO: Clifford Noisy Estimation time:  521.7914 seconds
[2026-03-04 17:10:22,938] INFO: ESTIMATOR PERFORMANCE RUN COMPLETED.
[2026-03-04 17:10:22,958] INFO: writing output file: G7_I7_S22222_out/output.json
