[2026-05-22 14:51:49,379] INFO: reading parameters file: 'M2_P10_S222_Fadaexp/M2_P10_S222_Fadaexp.yaml'
[2026-05-22 14:51:49,384] INFO: Using seed 222
[2026-05-22 14:51:49,384] INFO: Output will be written in M2_P10_S222_Fadaexp_out
[2026-05-22 14:51:49,384] INFO: Building backend ibm_marrakesh (AerSimulator)
[2026-05-22 14:52:02,543] INFO: Building SimpleProductionPlanningProblem
[2026-05-22 14:53:23,943] INFO: The problem has 26 logic qubits
[2026-05-22 14:53:23,951] INFO: Building AncillaQAOACircuit with 2 layers
[2026-05-22 14:53:23,972] INFO: Getting virtual circuit metrics
[2026-05-22 14:53:23,976] INFO: Transpiling AncillaQAOACircuit for ibm_marrakesh
[2026-05-22 14:53:24,784] INFO: Getting transpiled circuit metrics
[2026-05-22 14:53:24,838] INFO: Assigning random parameters to the transpiled circuit
[2026-05-22 14:53:24,845] INFO: Preparing Hamiltonian for Estimator
[2026-05-22 14:53:24,845] INFO: Clifford Noise Analysis with MNEAT
[2026-05-22 14:53:26,833] INFO: Virtual QC Metrics:    {'depth': 68, '2q_gates': 402, 'clifford_gates': 56, 'non_clifford_gates': 436, 't_gates': 0, 'total_gates': 492, 'num_active_qubits': 36}
[2026-05-22 14:53:26,833] INFO: Transpiled QC Metrics: {'depth': 2212, '2q_gates': 2455, 'clifford_gates': 8634, 'non_clifford_gates': 486, 't_gates': 0, 'total_gates': 9120, 'num_active_qubits': 37}
[2026-05-22 14:53:26,833] INFO: Clifford QC Metrics:   {'depth': 2212, '2q_gates': 2455, 'clifford_gates': 9120, 'non_clifford_gates': 0, 't_gates': 0, 'total_gates': 9120, 'num_active_qubits': 37}
[2026-05-22 14:53:26,833] INFO: Hamiltonian estimation with MNEAT on Clifford circuit
[2026-05-22 14:53:26,833] INFO: Ideal simulation run
[2026-05-22 14:53:28,583] INFO: Noisy simulation run
[2026-05-22 14:54:55,599] INFO: Mitigation simulation run with technique: zne
[2026-05-22 14:54:55,599] INFO: ZNE factory: adaexp, noise_values: [1, 2, 3]
[2026-05-22 15:05:32,731] INFO: Saved ZNE factory plot to M2_P10_S222_Fadaexp_out/zne_factory_fit.png
[2026-05-22 15:05:32,731] INFO: Clifford Ideal Estimator Value:       -576.6826171875
[2026-05-22 15:05:32,731] INFO: Clifford Noisy Estimator Value:       -30.435546875
[2026-05-22 15:05:32,731] INFO: Clifford Mitigated Estimator Value:   -1076.4058898177002
[2026-05-22 15:05:32,731] INFO: Error % of Noisy vs Ideal:       94.72%
[2026-05-22 15:05:32,731] INFO: Error % of Mitigated vs Ideal:   86.65%
[2026-05-22 15:05:32,731] INFO: Circuit creation time:       0.0211 seconds
[2026-05-22 15:05:32,731] INFO: Transpilation time:          0.8087 seconds
[2026-05-22 15:05:32,731] INFO: Clifford Transpilation time: 0.6955 seconds
[2026-05-22 15:05:32,731] INFO: Clifford Ideal Estimation time:       1.7497 seconds
[2026-05-22 15:05:32,731] INFO: Clifford Noisy Estimation time:       87.0157 seconds
[2026-05-22 15:05:32,731] INFO: Clifford Mitigated Estimation time:   636.8764 seconds
[2026-05-22 15:05:32,731] INFO: ESTIMATOR PERFORMANCE RUN COMPLETED.
[2026-05-22 15:05:32,761] INFO: writing output file: M2_P10_S222_Fadaexp_out/output.json
