[2026-05-22 15:24:37,630] INFO: reading parameters file: 'M3_P6_S111_Flinear/M3_P6_S111_Flinear.yaml'
[2026-05-22 15:24:37,634] INFO: Using seed 111
[2026-05-22 15:24:37,634] INFO: Output will be written in M3_P6_S111_Flinear_out
[2026-05-22 15:24:37,635] INFO: Building backend ibm_marrakesh (AerSimulator)
[2026-05-22 15:24:50,123] INFO: Building SimpleProductionPlanningProblem
[2026-05-22 15:24:53,424] INFO: The problem has 24 logic qubits
[2026-05-22 15:24:53,428] INFO: Building AncillaQAOACircuit with 2 layers
[2026-05-22 15:24:53,443] INFO: Getting virtual circuit metrics
[2026-05-22 15:24:53,446] INFO: Transpiling AncillaQAOACircuit for ibm_marrakesh
[2026-05-22 15:24:53,985] INFO: Getting transpiled circuit metrics
[2026-05-22 15:24:54,022] INFO: Assigning random parameters to the transpiled circuit
[2026-05-22 15:24:54,028] INFO: Preparing Hamiltonian for Estimator
[2026-05-22 15:24:54,029] INFO: Clifford Noise Analysis with MNEAT
[2026-05-22 15:24:55,872] INFO: Virtual QC Metrics:    {'depth': 64, '2q_gates': 312, 'clifford_gates': 42, 'non_clifford_gates': 348, 't_gates': 0, 'total_gates': 390, 'num_active_qubits': 30}
[2026-05-22 15:24:55,873] INFO: Transpiled QC Metrics: {'depth': 1657, '2q_gates': 1821, 'clifford_gates': 6526, 'non_clifford_gates': 402, 't_gates': 8, 'total_gates': 6928, 'num_active_qubits': 32}
[2026-05-22 15:24:55,873] INFO: Clifford QC Metrics:   {'depth': 1657, '2q_gates': 1821, 'clifford_gates': 6928, 'non_clifford_gates': 0, 't_gates': 0, 'total_gates': 6928, 'num_active_qubits': 32}
[2026-05-22 15:24:55,873] INFO: Hamiltonian estimation with MNEAT on Clifford circuit
[2026-05-22 15:24:55,873] INFO: Ideal simulation run
[2026-05-22 15:24:56,768] INFO: Noisy simulation run
[2026-05-22 15:26:07,519] INFO: Mitigation simulation run with technique: zne
[2026-05-22 15:26:07,520] INFO: ZNE factory: linear, noise_values: [1, 2, 3]
[2026-05-22 15:32:30,695] INFO: Saved ZNE factory plot to M3_P6_S111_Flinear_out/zne_factory_fit.png
[2026-05-22 15:32:30,696] INFO: Clifford Ideal Estimator Value:       -676.9306640625
[2026-05-22 15:32:30,696] INFO: Clifford Noisy Estimator Value:       -303.98046875
[2026-05-22 15:32:30,696] INFO: Clifford Mitigated Estimator Value:   -428.6067708333333
[2026-05-22 15:32:30,696] INFO: Error % of Noisy vs Ideal:       55.09%
[2026-05-22 15:32:30,696] INFO: Error % of Mitigated vs Ideal:   36.68%
[2026-05-22 15:32:30,696] INFO: Circuit creation time:       0.0146 seconds
[2026-05-22 15:32:30,696] INFO: Transpilation time:          0.5382 seconds
[2026-05-22 15:32:30,696] INFO: Clifford Transpilation time: 0.6410 seconds
[2026-05-22 15:32:30,696] INFO: Clifford Ideal Estimation time:       0.8949 seconds
[2026-05-22 15:32:30,696] INFO: Clifford Noisy Estimation time:       70.7515 seconds
[2026-05-22 15:32:30,696] INFO: Clifford Mitigated Estimation time:   382.9237 seconds
[2026-05-22 15:32:30,696] INFO: ESTIMATOR PERFORMANCE RUN COMPLETED.
[2026-05-22 15:32:30,724] INFO: writing output file: M3_P6_S111_Flinear_out/output.json
