[2026-05-22 16:04:58,941] INFO: reading parameters file: 'M3_P10_S444_Flinear/M3_P10_S444_Flinear.yaml'
[2026-05-22 16:04:58,948] INFO: Using seed 444
[2026-05-22 16:04:58,948] INFO: Output will be written in M3_P10_S444_Flinear_out
[2026-05-22 16:04:58,948] INFO: Building backend ibm_marrakesh (AerSimulator)
[2026-05-22 16:05:12,701] INFO: Building SimpleProductionPlanningProblem
[2026-05-22 16:10:12,919] INFO: The problem has 39 logic qubits
[2026-05-22 16:10:12,930] INFO: Building AncillaQAOACircuit with 2 layers
[2026-05-22 16:10:12,967] INFO: Getting virtual circuit metrics
[2026-05-22 16:10:12,974] INFO: Transpiling AncillaQAOACircuit for ibm_marrakesh
[2026-05-22 16:10:14,345] INFO: Getting transpiled circuit metrics
[2026-05-22 16:10:14,439] INFO: Assigning random parameters to the transpiled circuit
[2026-05-22 16:10:14,449] INFO: Preparing Hamiltonian for Estimator
[2026-05-22 16:10:14,450] INFO: Clifford Noise Analysis with MNEAT
[2026-05-22 16:10:16,537] INFO: Virtual QC Metrics:    {'depth': 94, '2q_gates': 708, 'clifford_gates': 69, 'non_clifford_gates': 764, 't_gates': 0, 'total_gates': 833, 'num_active_qubits': 49}
[2026-05-22 16:10:16,537] INFO: Transpiled QC Metrics: {'depth': 3506, '2q_gates': 4827, 'clifford_gates': 16863, 'non_clifford_gates': 878, 't_gates': 12, 'total_gates': 17741, 'num_active_qubits': 52}
[2026-05-22 16:10:16,537] INFO: Clifford QC Metrics:   {'depth': 3506, '2q_gates': 4827, 'clifford_gates': 17741, 'non_clifford_gates': 0, 't_gates': 0, 'total_gates': 17741, 'num_active_qubits': 52}
[2026-05-22 16:10:16,537] INFO: Hamiltonian estimation with MNEAT on Clifford circuit
[2026-05-22 16:10:16,537] INFO: Ideal simulation run
[2026-05-22 16:10:19,922] INFO: Noisy simulation run
[2026-05-22 16:13:16,100] INFO: Mitigation simulation run with technique: zne
[2026-05-22 16:13:16,101] INFO: ZNE factory: linear, noise_values: [1, 2, 3]
[2026-05-22 16:29:13,627] INFO: Saved ZNE factory plot to M3_P10_S444_Flinear_out/zne_factory_fit.png
[2026-05-22 16:29:13,628] INFO: Clifford Ideal Estimator Value:       -1447.01953125
[2026-05-22 16:29:13,628] INFO: Clifford Noisy Estimator Value:       -580.8623046875
[2026-05-22 16:29:13,628] INFO: Clifford Mitigated Estimator Value:   -729.3736979166666
[2026-05-22 16:29:13,628] INFO: Error % of Noisy vs Ideal:       59.86%
[2026-05-22 16:29:13,628] INFO: Error % of Mitigated vs Ideal:   49.59%
[2026-05-22 16:29:13,628] INFO: Circuit creation time:       0.0365 seconds
[2026-05-22 16:29:13,628] INFO: Transpilation time:          1.3709 seconds
[2026-05-22 16:29:13,628] INFO: Clifford Transpilation time: 0.0920 seconds
[2026-05-22 16:29:13,628] INFO: Clifford Ideal Estimation time:       3.3854 seconds
[2026-05-22 16:29:13,628] INFO: Clifford Noisy Estimation time:       176.1776 seconds
[2026-05-22 16:29:13,628] INFO: Clifford Mitigated Estimation time:   957.2624 seconds
[2026-05-22 16:29:13,628] INFO: ESTIMATOR PERFORMANCE RUN COMPLETED.
[2026-05-22 16:29:13,658] INFO: writing output file: M3_P10_S444_Flinear_out/output.json
