[2026-03-04 18:00:14,487] INFO: reading parameters file: 'G11_I7_S11111/G11_I7_S11111.yaml'
[2026-03-04 18:00:14,500] INFO: Using seed 11111
[2026-03-04 18:00:14,500] INFO: Output will be written in G11_I7_S11111_out
[2026-03-04 18:00:14,500] INFO: Building backend ibm_torino (AerSimulator)
[2026-03-04 18:00:26,423] INFO: Building QGSUncProblem
[2026-03-04 18:05:28,626] INFO: The problem has 77 logic qubits
[2026-03-04 18:05:28,709] INFO: Building AncillaQAOACircuit with 3 layers
[2026-03-04 18:05:28,895] INFO: Getting virtual circuit metrics
[2026-03-04 18:05:28,988] INFO: Transpiling AncillaQAOACircuit for ibm_torino
[2026-03-04 18:05:40,716] INFO: Getting transpiled circuit metrics
[2026-03-04 18:05:41,945] INFO: Assigning random parameters to the transpiled circuit
[2026-03-04 18:05:41,979] INFO: Preparing Hamiltonian for Estimator
[2026-03-04 18:05:41,984] INFO: Clifford Noise Analysis with NEAT
[2026-03-04 18:05:59,949] INFO: Virtual QC Metrics:    {'depth': 383, '2q_gates': 10362, 'clifford_gates': 154, 'non_clifford_gates': 10461, 't_gates': 0, 'total_gates': 10615, 'num_active_qubits': 88}
[2026-03-04 18:05:59,949] INFO: Transpiled QC Metrics: {'depth': 26671, '2q_gates': 53345, 'clifford_gates': 209751, 'non_clifford_gates': 16050, 't_gates': 16, 'total_gates': 225801, 'num_active_qubits': 91}
[2026-03-04 18:05:59,949] INFO: Clifford QC Metrics:   {'depth': 13878, '2q_gates': 35928, 'clifford_gates': 138062, 'non_clifford_gates': 1083, 't_gates': 6, 'total_gates': 139145, 'num_active_qubits': 91}
[2026-03-04 18:05:59,949] INFO: Ideal simulation run on Clifford circuit
[2026-03-04 18:07:27,648] INFO: Noisy simulation run on Clifford circuit
[2026-03-04 18:07:27,648] INFO: Full noise simulation run on Clifford circuit
[2026-03-04 18:30:20,904] INFO: Clifford Ideal Estimator Value:  0.3537179415911822
[2026-03-04 18:30:20,905] INFO: Clifford Noisy Estimator Value:  -0.2012203314342053
[2026-03-04 18:30:20,905] INFO: Circuit creation time:       0.1857 seconds
[2026-03-04 18:30:20,905] INFO: Transpilation time:          11.7276 seconds
[2026-03-04 18:30:20,905] INFO: Clifford Transpilation time: 16.2813 seconds
[2026-03-04 18:30:20,905] INFO: Clifford Ideal Estimation time:  87.6980 seconds
[2026-03-04 18:30:20,905] INFO: Clifford Noisy Estimation time:  1373.2555 seconds
[2026-03-04 18:30:20,905] INFO: ESTIMATOR PERFORMANCE RUN COMPLETED.
[2026-03-04 18:30:20,925] INFO: writing output file: G11_I7_S11111_out/output.json
