[2026-05-22 14:52:38,584] INFO: reading parameters file: 'M2_P10_S333_Flinear/M2_P10_S333_Flinear.yaml'
[2026-05-22 14:52:38,590] INFO: Using seed 333
[2026-05-22 14:52:38,591] INFO: Output will be written in M2_P10_S333_Flinear_out
[2026-05-22 14:52:38,591] INFO: Building backend ibm_marrakesh (AerSimulator)
[2026-05-22 14:52:51,600] INFO: Building SimpleProductionPlanningProblem
[2026-05-22 14:53:49,724] INFO: The problem has 26 logic qubits
[2026-05-22 14:53:49,734] INFO: Building AncillaQAOACircuit with 2 layers
[2026-05-22 14:53:49,758] INFO: Getting virtual circuit metrics
[2026-05-22 14:53:49,762] INFO: Transpiling AncillaQAOACircuit for ibm_marrakesh
[2026-05-22 14:53:50,516] INFO: Getting transpiled circuit metrics
[2026-05-22 14:53:50,561] INFO: Assigning random parameters to the transpiled circuit
[2026-05-22 14:53:50,568] INFO: Preparing Hamiltonian for Estimator
[2026-05-22 14:53:50,569] INFO: Clifford Noise Analysis with MNEAT
[2026-05-22 14:53:52,520] INFO: Virtual QC Metrics:    {'depth': 68, '2q_gates': 402, 'clifford_gates': 56, 'non_clifford_gates': 436, 't_gates': 0, 'total_gates': 492, 'num_active_qubits': 36}
[2026-05-22 14:53:52,520] INFO: Transpiled QC Metrics: {'depth': 2114, '2q_gates': 2360, 'clifford_gates': 8312, 'non_clifford_gates': 499, 't_gates': 0, 'total_gates': 8811, 'num_active_qubits': 41}
[2026-05-22 14:53:52,520] INFO: Clifford QC Metrics:   {'depth': 2114, '2q_gates': 2360, 'clifford_gates': 8811, 'non_clifford_gates': 0, 't_gates': 0, 'total_gates': 8811, 'num_active_qubits': 41}
[2026-05-22 14:53:52,520] INFO: Hamiltonian estimation with MNEAT on Clifford circuit
[2026-05-22 14:53:52,520] INFO: Ideal simulation run
[2026-05-22 14:53:54,071] INFO: Noisy simulation run
[2026-05-22 14:55:19,999] INFO: Mitigation simulation run with technique: zne
[2026-05-22 14:55:19,999] INFO: ZNE factory: linear, noise_values: [1, 2, 3]
[2026-05-22 15:03:04,047] INFO: Saved ZNE factory plot to M2_P10_S333_Flinear_out/zne_factory_fit.png
[2026-05-22 15:03:04,048] INFO: Clifford Ideal Estimator Value:       -659.8935546875
[2026-05-22 15:03:04,048] INFO: Clifford Noisy Estimator Value:       -130.6025390625
[2026-05-22 15:03:04,048] INFO: Clifford Mitigated Estimator Value:   -127.3014322916667
[2026-05-22 15:03:04,048] INFO: Error % of Noisy vs Ideal:       80.21%
[2026-05-22 15:03:04,048] INFO: Error % of Mitigated vs Ideal:   80.71%
[2026-05-22 15:03:04,048] INFO: Circuit creation time:       0.0236 seconds
[2026-05-22 15:03:04,048] INFO: Transpilation time:          0.7538 seconds
[2026-05-22 15:03:04,048] INFO: Clifford Transpilation time: 0.6355 seconds
[2026-05-22 15:03:04,048] INFO: Clifford Ideal Estimation time:       1.5510 seconds
[2026-05-22 15:03:04,048] INFO: Clifford Noisy Estimation time:       85.9273 seconds
[2026-05-22 15:03:04,048] INFO: Clifford Mitigated Estimation time:   463.7788 seconds
[2026-05-22 15:03:04,048] INFO: ESTIMATOR PERFORMANCE RUN COMPLETED.
[2026-05-22 15:03:04,077] INFO: writing output file: M2_P10_S333_Flinear_out/output.json
