[2026-03-30 14:34:13,342] INFO: reading parameters file: 'M3_P9_S55555/M3_P9_S55555.yaml'
[2026-03-30 14:34:13,347] INFO: Using seed 55555
[2026-03-30 14:34:13,348] INFO: Output will be written in M3_P9_S55555_out
[2026-03-30 14:34:13,348] INFO: Building backend ibm_torino (AerSimulator)
[2026-03-30 14:34:30,967] INFO: Building SimpleProductionPlanningProblem
[2026-03-30 14:39:31,353] INFO: The problem has 36 logic qubits
[2026-03-30 14:39:31,370] INFO: Building AncillaQAOACircuit with 3 layers
[2026-03-30 14:39:31,409] INFO: Getting virtual circuit metrics
[2026-03-30 14:39:31,428] INFO: Transpiling AncillaQAOACircuit for ibm_torino
[2026-03-30 14:39:32,883] INFO: Getting transpiled circuit metrics
[2026-03-30 14:39:33,185] INFO: Assigning random parameters to the transpiled circuit
[2026-03-30 14:39:33,190] INFO: Preparing Hamiltonian for Estimator
[2026-03-30 14:39:33,191] INFO: Clifford Noise Analysis with NEAT
[2026-03-30 14:39:36,344] INFO: Virtual QC Metrics:    {'depth': 122, '2q_gates': 891, 'clifford_gates': 63, 'non_clifford_gates': 990, 't_gates': 0, 'total_gates': 1053, 'num_active_qubits': 45}
[2026-03-30 14:39:36,344] INFO: Transpiled QC Metrics: {'depth': 5447, '2q_gates': 6143, 'clifford_gates': 25082, 'non_clifford_gates': 1304, 't_gates': 13, 'total_gates': 26386, 'num_active_qubits': 48}
[2026-03-30 14:39:36,344] INFO: Clifford QC Metrics:   {'depth': 3307, '2q_gates': 4331, 'clifford_gates': 17376, 'non_clifford_gates': 6, 't_gates': 0, 'total_gates': 17382, 'num_active_qubits': 48}
[2026-03-30 14:39:36,344] INFO: Ideal simulation run on Clifford circuit
[2026-03-30 14:39:41,057] INFO: Noisy simulation run on Clifford circuit
[2026-03-30 14:39:41,057] INFO: Full noise simulation run on Clifford circuit
[2026-03-30 14:42:17,478] INFO: Clifford Ideal Estimator Value:  -3048.064453125
[2026-03-30 14:42:17,478] INFO: Clifford Noisy Estimator Value:  -3435.5576171875
[2026-03-30 14:42:17,478] INFO: Circuit creation time:       0.0387 seconds
[2026-03-30 14:42:17,478] INFO: Transpilation time:          1.4540 seconds
[2026-03-30 14:42:17,478] INFO: Clifford Transpilation time: 1.5709 seconds
[2026-03-30 14:42:17,478] INFO: Clifford Ideal Estimation time:  4.7125 seconds
[2026-03-30 14:42:17,478] INFO: Clifford Noisy Estimation time:  156.4203 seconds
[2026-03-30 14:42:17,478] INFO: ESTIMATOR PERFORMANCE RUN COMPLETED.
[2026-03-30 14:42:17,493] INFO: writing output file: M3_P9_S55555_out/output.json
