[2026-05-22 17:10:12,094] INFO: reading parameters file: 'M4_P6_S111_Fadaexp/M4_P6_S111_Fadaexp.yaml'
[2026-05-22 17:10:12,100] INFO: Using seed 111
[2026-05-22 17:10:12,101] INFO: Output will be written in M4_P6_S111_Fadaexp_out
[2026-05-22 17:10:12,101] INFO: Building backend ibm_marrakesh (AerSimulator)
[2026-05-22 17:10:34,176] INFO: Building SimpleProductionPlanningProblem
[2026-05-22 17:10:37,036] INFO: The problem has 32 logic qubits
[2026-05-22 17:10:37,048] INFO: Building AncillaQAOACircuit with 2 layers
[2026-05-22 17:10:37,089] INFO: Getting virtual circuit metrics
[2026-05-22 17:10:37,098] INFO: Transpiling AncillaQAOACircuit for ibm_marrakesh
[2026-05-22 17:10:38,238] INFO: Getting transpiled circuit metrics
[2026-05-22 17:10:38,308] INFO: Assigning random parameters to the transpiled circuit
[2026-05-22 17:10:38,321] INFO: Preparing Hamiltonian for Estimator
[2026-05-22 17:10:38,322] INFO: Clifford Noise Analysis with MNEAT
[2026-05-22 17:10:40,828] INFO: Virtual QC Metrics:    {'depth': 83, '2q_gates': 494, 'clifford_gates': 56, 'non_clifford_gates': 538, 't_gates': 0, 'total_gates': 594, 'num_active_qubits': 38}
[2026-05-22 17:10:40,828] INFO: Transpiled QC Metrics: {'depth': 2646, '2q_gates': 2965, 'clifford_gates': 10630, 'non_clifford_gates': 666, 't_gates': 7, 'total_gates': 11296, 'num_active_qubits': 38}
[2026-05-22 17:10:40,828] INFO: Clifford QC Metrics:   {'depth': 2646, '2q_gates': 2965, 'clifford_gates': 11296, 'non_clifford_gates': 0, 't_gates': 0, 'total_gates': 11296, 'num_active_qubits': 38}
[2026-05-22 17:10:40,828] INFO: Hamiltonian estimation with MNEAT on Clifford circuit
[2026-05-22 17:10:40,828] INFO: Ideal simulation run
[2026-05-22 17:10:42,488] INFO: Noisy simulation run
[2026-05-22 17:11:46,572] INFO: Mitigation simulation run with technique: zne
[2026-05-22 17:11:46,572] INFO: ZNE factory: adaexp, noise_values: [1, 2, 3]
[2026-05-22 17:21:21,202] INFO: Saved ZNE factory plot to M4_P6_S111_Fadaexp_out/zne_factory_fit.png
[2026-05-22 17:21:21,202] INFO: Clifford Ideal Estimator Value:       -2022.1455078125
[2026-05-22 17:21:21,202] INFO: Clifford Noisy Estimator Value:       -1055.4765625
[2026-05-22 17:21:21,202] INFO: Clifford Mitigated Estimator Value:   -2040.4295723898697
[2026-05-22 17:21:21,202] INFO: Error % of Noisy vs Ideal:       47.80%
[2026-05-22 17:21:21,202] INFO: Error % of Mitigated vs Ideal:   0.90%
[2026-05-22 17:21:21,202] INFO: Circuit creation time:       0.0414 seconds
[2026-05-22 17:21:21,202] INFO: Transpilation time:          1.1398 seconds
[2026-05-22 17:21:21,202] INFO: Clifford Transpilation time: 0.6704 seconds
[2026-05-22 17:21:21,202] INFO: Clifford Ideal Estimation time:       1.6601 seconds
[2026-05-22 17:21:21,202] INFO: Clifford Noisy Estimation time:       64.0835 seconds
[2026-05-22 17:21:21,202] INFO: Clifford Mitigated Estimation time:   574.3092 seconds
[2026-05-22 17:21:21,202] INFO: ESTIMATOR PERFORMANCE RUN COMPLETED.
[2026-05-22 17:21:21,226] INFO: writing output file: M4_P6_S111_Fadaexp_out/output.json
