[2026-03-04 19:27:10,940] INFO: reading parameters file: 'G15_I7_S44444/G15_I7_S44444.yaml'
[2026-03-04 19:27:10,952] INFO: Using seed 44444
[2026-03-04 19:27:10,952] INFO: Output will be written in G15_I7_S44444_out
[2026-03-04 19:27:10,953] INFO: Building backend ibm_torino (AerSimulator)
[2026-03-04 19:27:28,358] INFO: Building QGSUncProblem
[2026-03-04 19:32:35,167] INFO: The problem has 105 logic qubits
[2026-03-04 19:32:35,360] INFO: Building AncillaQAOACircuit with 3 layers
[2026-03-04 19:32:35,786] INFO: Getting virtual circuit metrics
[2026-03-04 19:32:35,980] INFO: Transpiling AncillaQAOACircuit for ibm_torino
[2026-03-04 19:32:55,870] INFO: Getting transpiled circuit metrics
[2026-03-04 19:32:58,712] INFO: Assigning random parameters to the transpiled circuit
[2026-03-04 19:32:58,768] INFO: Preparing Hamiltonian for Estimator
[2026-03-04 19:32:58,774] INFO: Clifford Noise Analysis with NEAT
[2026-03-04 19:33:28,575] INFO: Virtual QC Metrics:    {'depth': 495, '2q_gates': 18540, 'clifford_gates': 210, 'non_clifford_gates': 18675, 't_gates': 0, 'total_gates': 18885, 'num_active_qubits': 120}
[2026-03-04 19:33:28,575] INFO: Transpiled QC Metrics: {'depth': 44331, '2q_gates': 99020, 'clifford_gates': 389163, 'non_clifford_gates': 28527, 't_gates': 22, 'total_gates': 417690, 'num_active_qubits': 123}
[2026-03-04 19:33:28,575] INFO: Clifford QC Metrics:   {'depth': 22574, '2q_gates': 68318, 'clifford_gates': 266059, 'non_clifford_gates': 16, 't_gates': 0, 'total_gates': 266075, 'num_active_qubits': 123}
[2026-03-04 19:33:28,576] INFO: Ideal simulation run on Clifford circuit
[2026-03-04 19:35:55,545] INFO: Noisy simulation run on Clifford circuit
[2026-03-04 19:35:55,545] INFO: Full noise simulation run on Clifford circuit
[2026-03-04 20:26:06,592] INFO: Clifford Ideal Estimator Value:  -4.608568545746543
[2026-03-04 20:26:06,593] INFO: Clifford Noisy Estimator Value:  0.2601645698402898
[2026-03-04 20:26:06,593] INFO: Circuit creation time:       0.4258 seconds
[2026-03-04 20:26:06,593] INFO: Transpilation time:          19.8900 seconds
[2026-03-04 20:26:06,593] INFO: Clifford Transpilation time: 27.1418 seconds
[2026-03-04 20:26:06,593] INFO: Clifford Ideal Estimation time:  146.9691 seconds
[2026-03-04 20:26:06,593] INFO: Clifford Noisy Estimation time:  3011.0474 seconds
[2026-03-04 20:26:06,593] INFO: ESTIMATOR PERFORMANCE RUN COMPLETED.
[2026-03-04 20:26:06,600] INFO: writing output file: G15_I7_S44444_out/output.json
