[2026-05-22 14:36:49,922] INFO: reading parameters file: 'M2_P8_S111_Fadaexp/M2_P8_S111_Fadaexp.yaml'
[2026-05-22 14:36:49,927] INFO: Using seed 111
[2026-05-22 14:36:49,927] INFO: Output will be written in M2_P8_S111_Fadaexp_out
[2026-05-22 14:36:49,927] INFO: Building backend ibm_marrakesh (AerSimulator)
[2026-05-22 14:37:04,013] INFO: Building SimpleProductionPlanningProblem
[2026-05-22 14:37:10,169] INFO: The problem has 22 logic qubits
[2026-05-22 14:37:10,177] INFO: Building AncillaQAOACircuit with 2 layers
[2026-05-22 14:37:10,200] INFO: Getting virtual circuit metrics
[2026-05-22 14:37:10,205] INFO: Transpiling AncillaQAOACircuit for ibm_marrakesh
[2026-05-22 14:37:10,760] INFO: Getting transpiled circuit metrics
[2026-05-22 14:37:10,808] INFO: Assigning random parameters to the transpiled circuit
[2026-05-22 14:37:10,815] INFO: Preparing Hamiltonian for Estimator
[2026-05-22 14:37:10,816] INFO: Clifford Noise Analysis with MNEAT
[2026-05-22 14:37:12,239] INFO: Virtual QC Metrics:    {'depth': 58, '2q_gates': 292, 'clifford_gates': 46, 'non_clifford_gates': 324, 't_gates': 0, 'total_gates': 370, 'num_active_qubits': 30}
[2026-05-22 14:37:12,239] INFO: Transpiled QC Metrics: {'depth': 1772, '2q_gates': 1710, 'clifford_gates': 6079, 'non_clifford_gates': 379, 't_gates': 0, 'total_gates': 6458, 'num_active_qubits': 30}
[2026-05-22 14:37:12,239] INFO: Clifford QC Metrics:   {'depth': 1772, '2q_gates': 1710, 'clifford_gates': 6458, 'non_clifford_gates': 0, 't_gates': 0, 'total_gates': 6458, 'num_active_qubits': 30}
[2026-05-22 14:37:12,239] INFO: Hamiltonian estimation with MNEAT on Clifford circuit
[2026-05-22 14:37:12,239] INFO: Ideal simulation run
[2026-05-22 14:37:13,128] INFO: Noisy simulation run
[2026-05-22 14:38:09,618] INFO: Mitigation simulation run with technique: zne
[2026-05-22 14:38:09,618] INFO: ZNE factory: adaexp, noise_values: [1, 2, 3]
[2026-05-22 14:46:05,207] INFO: Saved ZNE factory plot to M2_P8_S111_Fadaexp_out/zne_factory_fit.png
[2026-05-22 14:46:05,207] INFO: Clifford Ideal Estimator Value:       -340.5947265625
[2026-05-22 14:46:05,207] INFO: Clifford Noisy Estimator Value:       -68.6455078125
[2026-05-22 14:46:05,207] INFO: Clifford Mitigated Estimator Value:   -138.4519547764718
[2026-05-22 14:46:05,207] INFO: Error % of Noisy vs Ideal:       79.85%
[2026-05-22 14:46:05,207] INFO: Error % of Mitigated vs Ideal:   59.35%
[2026-05-22 14:46:05,207] INFO: Circuit creation time:       0.0228 seconds
[2026-05-22 14:46:05,207] INFO: Transpilation time:          0.5556 seconds
[2026-05-22 14:46:05,207] INFO: Clifford Transpilation time: 0.0390 seconds
[2026-05-22 14:46:05,207] INFO: Clifford Ideal Estimation time:       0.8889 seconds
[2026-05-22 14:46:05,207] INFO: Clifford Noisy Estimation time:       56.4895 seconds
[2026-05-22 14:46:05,207] INFO: Clifford Mitigated Estimation time:   475.3141 seconds
[2026-05-22 14:46:05,207] INFO: ESTIMATOR PERFORMANCE RUN COMPLETED.
[2026-05-22 14:46:05,230] INFO: writing output file: M2_P8_S111_Fadaexp_out/output.json
