[2026-05-22 14:57:44,225] INFO: reading parameters file: 'M2_P10_S444_Fadaexp/M2_P10_S444_Fadaexp.yaml'
[2026-05-22 14:57:44,229] INFO: Using seed 444
[2026-05-22 14:57:44,230] INFO: Output will be written in M2_P10_S444_Fadaexp_out
[2026-05-22 14:57:44,230] INFO: Building backend ibm_marrakesh (AerSimulator)
[2026-05-22 14:57:58,645] INFO: Building SimpleProductionPlanningProblem
[2026-05-22 14:59:03,198] INFO: The problem has 26 logic qubits
[2026-05-22 14:59:03,209] INFO: Building AncillaQAOACircuit with 2 layers
[2026-05-22 14:59:03,243] INFO: Getting virtual circuit metrics
[2026-05-22 14:59:03,249] INFO: Transpiling AncillaQAOACircuit for ibm_marrakesh
[2026-05-22 14:59:04,112] INFO: Getting transpiled circuit metrics
[2026-05-22 14:59:04,187] INFO: Assigning random parameters to the transpiled circuit
[2026-05-22 14:59:04,197] INFO: Preparing Hamiltonian for Estimator
[2026-05-22 14:59:04,198] INFO: Clifford Noise Analysis with MNEAT
[2026-05-22 14:59:06,331] INFO: Virtual QC Metrics:    {'depth': 68, '2q_gates': 402, 'clifford_gates': 56, 'non_clifford_gates': 436, 't_gates': 0, 'total_gates': 492, 'num_active_qubits': 36}
[2026-05-22 14:59:06,331] INFO: Transpiled QC Metrics: {'depth': 2373, '2q_gates': 2495, 'clifford_gates': 8822, 'non_clifford_gates': 518, 't_gates': 0, 'total_gates': 9340, 'num_active_qubits': 38}
[2026-05-22 14:59:06,331] INFO: Clifford QC Metrics:   {'depth': 2373, '2q_gates': 2495, 'clifford_gates': 9340, 'non_clifford_gates': 0, 't_gates': 0, 'total_gates': 9340, 'num_active_qubits': 38}
[2026-05-22 14:59:06,331] INFO: Hamiltonian estimation with MNEAT on Clifford circuit
[2026-05-22 14:59:06,331] INFO: Ideal simulation run
[2026-05-22 14:59:07,881] INFO: Noisy simulation run
[2026-05-22 15:00:32,109] INFO: Mitigation simulation run with technique: zne
[2026-05-22 15:00:32,110] INFO: ZNE factory: adaexp, noise_values: [1, 2, 3]
[2026-05-22 15:14:08,270] INFO: Saved ZNE factory plot to M2_P10_S444_Fadaexp_out/zne_factory_fit.png
[2026-05-22 15:14:08,270] INFO: Clifford Ideal Estimator Value:       -526.474609375
[2026-05-22 15:14:08,270] INFO: Clifford Noisy Estimator Value:       -70.34765625
[2026-05-22 15:14:08,270] INFO: Clifford Mitigated Estimator Value:   -261.34301261594214
[2026-05-22 15:14:08,270] INFO: Error % of Noisy vs Ideal:       86.64%
[2026-05-22 15:14:08,270] INFO: Error % of Mitigated vs Ideal:   50.36%
[2026-05-22 15:14:08,270] INFO: Circuit creation time:       0.0339 seconds
[2026-05-22 15:14:08,270] INFO: Transpilation time:          0.8631 seconds
[2026-05-22 15:14:08,270] INFO: Clifford Transpilation time: 0.5993 seconds
[2026-05-22 15:14:08,270] INFO: Clifford Ideal Estimation time:       1.5494 seconds
[2026-05-22 15:14:08,270] INFO: Clifford Noisy Estimation time:       84.2282 seconds
[2026-05-22 15:14:08,271] INFO: Clifford Mitigated Estimation time:   815.8814 seconds
[2026-05-22 15:14:08,271] INFO: ESTIMATOR PERFORMANCE RUN COMPLETED.
[2026-05-22 15:14:08,296] INFO: writing output file: M2_P10_S444_Fadaexp_out/output.json
