[2026-01-13 18:40:09,661] INFO: reading parameters file: 'N_nodes9_N_layers4/N_nodes9_N_layers4.yaml'
[2026-01-13 18:40:09,668] INFO: Using seed 12345
[2026-01-13 18:40:09,668] INFO: Output will be written in N_nodes9_N_layers4_out
[2026-01-13 18:40:09,669] INFO: Building backend ibm_torino (AerSimulator)
[2026-01-13 18:40:22,314] INFO: Building problem MaxCutProblem
[2026-01-13 18:40:22,375] INFO: The problem has 9 logic qubits
[2026-01-13 18:40:22,376] INFO: Building QAOA circuit QAOACircuit with 4 layers
[2026-01-13 18:40:22,654] INFO: Transpiling QAOA circuit QAOACircuit for ibm_torino
[2026-01-13 18:40:28,396] INFO: Clifford Noise Analysis with NEAT
[2026-01-13 18:40:31,162] INFO: Ideal simulation run on Clifford circuit
[2026-01-13 18:40:31,274] INFO: Noisy simulation run on Clifford circuit
[2026-01-13 18:40:35,914] INFO: Pruned noise simulation run on Clifford circuit
[2026-01-13 18:40:36,727] INFO: Virtual QC Metrics:    {'depth': 117, '2q_gates': 200, 'clifford_gates': 200, 'non_clifford_gates': 145, 't_gates': 0, 'total_gates': 345, 'num_active_qubits': 9}
[2026-01-13 18:40:36,728] INFO: Transpiled QC Metrics: {'depth': 1950, '2q_gates': 497, 'clifford_gates': 497, 'non_clifford_gates': 4380, 't_gates': 0, 'total_gates': 4877, 'num_active_qubits': 9}
[2026-01-13 18:40:36,728] INFO: Clifford QC Metrics:   {'depth': 1075, '2q_gates': 270, 'clifford_gates': 270, 'non_clifford_gates': 2271, 't_gates': 0, 'total_gates': 2541, 'num_active_qubits': 9}
[2026-01-13 18:40:36,728] INFO: Clifford Ideal Estimator Value:  -0.0732421875
[2026-01-13 18:40:36,728] INFO: Clifford Noisy Estimator Value:  0.0244140625
[2026-01-13 18:40:36,728] INFO: Clifford Pruned Estimator Value: 0.0244140625
[2026-01-13 18:40:36,728] INFO: Circuit creation time:       0.0063 seconds
[2026-01-13 18:40:36,728] INFO: Transpilation time:          0.1359 seconds
[2026-01-13 18:40:36,728] INFO: Clifford Transpilation time: 0.1263 seconds
[2026-01-13 18:40:36,728] INFO: Clifford Ideal Estimation time:  0.1124 seconds
[2026-01-13 18:40:36,728] INFO: Clifford Noisy Estimation time:  4.6391 seconds
[2026-01-13 18:40:36,728] INFO: Clifford Pruned Estimation time: 0.8131 seconds
[2026-01-13 18:40:36,728] INFO: ESTIMATOR PERFORMANCE RUN COMPLETED.
[2026-01-13 18:40:36,744] INFO: writing output file: N_nodes9_N_layers4_out/output.json
