[2026-05-22 19:04:53,453] INFO: reading parameters file: 'M4_P12_S222_Frichardson/M4_P12_S222_Frichardson.yaml'
[2026-05-22 19:04:53,458] INFO: Using seed 222
[2026-05-22 19:04:53,459] INFO: Output will be written in M4_P12_S222_Frichardson_out
[2026-05-22 19:04:53,459] INFO: Building backend ibm_marrakesh (AerSimulator)
[2026-05-22 19:05:07,926] INFO: Building SimpleProductionPlanningProblem
[2026-05-22 19:10:08,383] INFO: The problem has 60 logic qubits
[2026-05-22 19:10:08,410] INFO: Building AncillaQAOACircuit with 2 layers
[2026-05-22 19:10:08,499] INFO: Getting virtual circuit metrics
[2026-05-22 19:10:08,517] INFO: Transpiling AncillaQAOACircuit for ibm_marrakesh
[2026-05-22 19:10:11,556] INFO: Getting transpiled circuit metrics
[2026-05-22 19:10:11,748] INFO: Assigning random parameters to the transpiled circuit
[2026-05-22 19:10:11,775] INFO: Preparing Hamiltonian for Estimator
[2026-05-22 19:10:11,776] INFO: Clifford Noise Analysis with MNEAT
[2026-05-22 19:10:14,006] INFO: Virtual QC Metrics:    {'depth': 139, '2q_gates': 1380, 'clifford_gates': 108, 'non_clifford_gates': 1452, 't_gates': 0, 'total_gates': 1560, 'num_active_qubits': 72}
[2026-05-22 19:10:14,007] INFO: Transpiled QC Metrics: {'depth': 6360, '2q_gates': 10397, 'clifford_gates': 35863, 'non_clifford_gates': 1846, 't_gates': 13, 'total_gates': 37709, 'num_active_qubits': 73}
[2026-05-22 19:10:14,007] INFO: Clifford QC Metrics:   {'depth': 6360, '2q_gates': 10397, 'clifford_gates': 37709, 'non_clifford_gates': 0, 't_gates': 0, 'total_gates': 37709, 'num_active_qubits': 73}
[2026-05-22 19:10:14,007] INFO: Hamiltonian estimation with MNEAT on Clifford circuit
[2026-05-22 19:10:14,007] INFO: Ideal simulation run
[2026-05-22 19:10:24,193] INFO: Noisy simulation run
[2026-05-22 19:16:18,484] INFO: Mitigation simulation run with technique: zne
[2026-05-22 19:16:18,484] INFO: ZNE factory: richardson, noise_values: [1, 2, 3]
[2026-05-22 19:47:53,588] INFO: Saved ZNE factory plot to M4_P12_S222_Frichardson_out/zne_factory_fit.png
[2026-05-22 19:47:53,588] INFO: Clifford Ideal Estimator Value:       -14234.8955078125
[2026-05-22 19:47:53,588] INFO: Clifford Noisy Estimator Value:       -1607.5986328125
[2026-05-22 19:47:53,588] INFO: Clifford Mitigated Estimator Value:   -4483.098632812506
[2026-05-22 19:47:53,588] INFO: Error % of Noisy vs Ideal:       88.71%
[2026-05-22 19:47:53,588] INFO: Error % of Mitigated vs Ideal:   68.51%
[2026-05-22 19:47:53,588] INFO: Circuit creation time:       0.0890 seconds
[2026-05-22 19:47:53,588] INFO: Transpilation time:          3.0385 seconds
[2026-05-22 19:47:53,588] INFO: Clifford Transpilation time: 0.1951 seconds
[2026-05-22 19:47:53,588] INFO: Clifford Ideal Estimation time:       10.1865 seconds
[2026-05-22 19:47:53,588] INFO: Clifford Noisy Estimation time:       354.2899 seconds
[2026-05-22 19:47:53,588] INFO: Clifford Mitigated Estimation time:   1894.7746 seconds
[2026-05-22 19:47:53,588] INFO: ESTIMATOR PERFORMANCE RUN COMPLETED.
[2026-05-22 19:47:53,612] INFO: writing output file: M4_P12_S222_Frichardson_out/output.json
