[2026-05-22 14:59:06,052] INFO: reading parameters file: 'M2_P10_S555_Frichardson/M2_P10_S555_Frichardson.yaml'
[2026-05-22 14:59:06,058] INFO: Using seed 555
[2026-05-22 14:59:06,058] INFO: Output will be written in M2_P10_S555_Frichardson_out
[2026-05-22 14:59:06,059] INFO: Building backend ibm_marrakesh (AerSimulator)
[2026-05-22 14:59:19,500] INFO: Building SimpleProductionPlanningProblem
[2026-05-22 15:00:23,464] INFO: The problem has 26 logic qubits
[2026-05-22 15:00:23,472] INFO: Building AncillaQAOACircuit with 2 layers
[2026-05-22 15:00:23,494] INFO: Getting virtual circuit metrics
[2026-05-22 15:00:23,499] INFO: Transpiling AncillaQAOACircuit for ibm_marrakesh
[2026-05-22 15:00:24,262] INFO: Getting transpiled circuit metrics
[2026-05-22 15:00:24,310] INFO: Assigning random parameters to the transpiled circuit
[2026-05-22 15:00:24,316] INFO: Preparing Hamiltonian for Estimator
[2026-05-22 15:00:24,317] INFO: Clifford Noise Analysis with MNEAT
[2026-05-22 15:00:26,230] INFO: Virtual QC Metrics:    {'depth': 68, '2q_gates': 402, 'clifford_gates': 56, 'non_clifford_gates': 436, 't_gates': 0, 'total_gates': 492, 'num_active_qubits': 36}
[2026-05-22 15:00:26,230] INFO: Transpiled QC Metrics: {'depth': 2202, '2q_gates': 2421, 'clifford_gates': 8584, 'non_clifford_gates': 522, 't_gates': 0, 'total_gates': 9106, 'num_active_qubits': 36}
[2026-05-22 15:00:26,230] INFO: Clifford QC Metrics:   {'depth': 2202, '2q_gates': 2421, 'clifford_gates': 9106, 'non_clifford_gates': 0, 't_gates': 0, 'total_gates': 9106, 'num_active_qubits': 36}
[2026-05-22 15:00:26,230] INFO: Hamiltonian estimation with MNEAT on Clifford circuit
[2026-05-22 15:00:26,230] INFO: Ideal simulation run
[2026-05-22 15:00:27,606] INFO: Noisy simulation run
[2026-05-22 15:01:54,383] INFO: Mitigation simulation run with technique: zne
[2026-05-22 15:01:54,383] INFO: ZNE factory: richardson, noise_values: [1, 2, 3]
[2026-05-22 15:09:42,662] INFO: Saved ZNE factory plot to M2_P10_S555_Frichardson_out/zne_factory_fit.png
[2026-05-22 15:09:42,663] INFO: Clifford Ideal Estimator Value:       -498.6513671875
[2026-05-22 15:09:42,663] INFO: Clifford Noisy Estimator Value:       -86.19140625
[2026-05-22 15:09:42,663] INFO: Clifford Mitigated Estimator Value:   -248.99316406250034
[2026-05-22 15:09:42,663] INFO: Error % of Noisy vs Ideal:       82.72%
[2026-05-22 15:09:42,663] INFO: Error % of Mitigated vs Ideal:   50.07%
[2026-05-22 15:09:42,663] INFO: Circuit creation time:       0.0228 seconds
[2026-05-22 15:09:42,663] INFO: Transpilation time:          0.7636 seconds
[2026-05-22 15:09:42,663] INFO: Clifford Transpilation time: 0.6398 seconds
[2026-05-22 15:09:42,663] INFO: Clifford Ideal Estimation time:       1.3761 seconds
[2026-05-22 15:09:42,663] INFO: Clifford Noisy Estimation time:       86.7759 seconds
[2026-05-22 15:09:42,663] INFO: Clifford Mitigated Estimation time:   468.0202 seconds
[2026-05-22 15:09:42,663] INFO: ESTIMATOR PERFORMANCE RUN COMPLETED.
[2026-05-22 15:09:42,692] INFO: writing output file: M2_P10_S555_Frichardson_out/output.json
