[2026-05-22 15:42:43,301] INFO: reading parameters file: 'M3_P8_S222_Flinear/M3_P8_S222_Flinear.yaml'
[2026-05-22 15:42:43,305] INFO: Using seed 222
[2026-05-22 15:42:43,306] INFO: Output will be written in M3_P8_S222_Flinear_out
[2026-05-22 15:42:43,306] INFO: Building backend ibm_marrakesh (AerSimulator)
[2026-05-22 15:42:56,464] INFO: Building SimpleProductionPlanningProblem
[2026-05-22 15:43:31,812] INFO: The problem has 30 logic qubits
[2026-05-22 15:43:31,821] INFO: Building AncillaQAOACircuit with 2 layers
[2026-05-22 15:43:31,845] INFO: Getting virtual circuit metrics
[2026-05-22 15:43:31,851] INFO: Transpiling AncillaQAOACircuit for ibm_marrakesh
[2026-05-22 15:43:32,687] INFO: Getting transpiled circuit metrics
[2026-05-22 15:43:32,741] INFO: Assigning random parameters to the transpiled circuit
[2026-05-22 15:43:32,748] INFO: Preparing Hamiltonian for Estimator
[2026-05-22 15:43:32,749] INFO: Clifford Noise Analysis with MNEAT
[2026-05-22 15:43:34,721] INFO: Virtual QC Metrics:    {'depth': 78, '2q_gates': 462, 'clifford_gates': 54, 'non_clifford_gates': 502, 't_gates': 0, 'total_gates': 556, 'num_active_qubits': 38}
[2026-05-22 15:43:34,721] INFO: Transpiled QC Metrics: {'depth': 2539, '2q_gates': 2770, 'clifford_gates': 9860, 'non_clifford_gates': 622, 't_gates': 11, 'total_gates': 10482, 'num_active_qubits': 41}
[2026-05-22 15:43:34,721] INFO: Clifford QC Metrics:   {'depth': 2539, '2q_gates': 2770, 'clifford_gates': 10482, 'non_clifford_gates': 0, 't_gates': 0, 'total_gates': 10482, 'num_active_qubits': 41}
[2026-05-22 15:43:34,721] INFO: Hamiltonian estimation with MNEAT on Clifford circuit
[2026-05-22 15:43:34,721] INFO: Ideal simulation run
[2026-05-22 15:43:36,355] INFO: Noisy simulation run
[2026-05-22 15:45:18,855] INFO: Mitigation simulation run with technique: zne
[2026-05-22 15:45:18,856] INFO: ZNE factory: linear, noise_values: [1, 2, 3]
[2026-05-22 15:54:24,298] INFO: Saved ZNE factory plot to M3_P8_S222_Flinear_out/zne_factory_fit.png
[2026-05-22 15:54:24,298] INFO: Clifford Ideal Estimator Value:       -2330.19140625
[2026-05-22 15:54:24,298] INFO: Clifford Noisy Estimator Value:       -1028.974609375
[2026-05-22 15:54:24,298] INFO: Clifford Mitigated Estimator Value:   -1335.052408854167
[2026-05-22 15:54:24,298] INFO: Error % of Noisy vs Ideal:       55.84%
[2026-05-22 15:54:24,298] INFO: Error % of Mitigated vs Ideal:   42.71%
[2026-05-22 15:54:24,298] INFO: Circuit creation time:       0.0244 seconds
[2026-05-22 15:54:24,298] INFO: Transpilation time:          0.8362 seconds
[2026-05-22 15:54:24,298] INFO: Clifford Transpilation time: 0.6510 seconds
[2026-05-22 15:54:24,298] INFO: Clifford Ideal Estimation time:       1.6333 seconds
[2026-05-22 15:54:24,298] INFO: Clifford Noisy Estimation time:       102.5006 seconds
[2026-05-22 15:54:24,298] INFO: Clifford Mitigated Estimation time:   545.1900 seconds
[2026-05-22 15:54:24,298] INFO: ESTIMATOR PERFORMANCE RUN COMPLETED.
[2026-05-22 15:54:24,327] INFO: writing output file: M3_P8_S222_Flinear_out/output.json
