[2026-05-22 18:01:31,260] INFO: reading parameters file: 'M4_P8_S555_Frichardson/M4_P8_S555_Frichardson.yaml'
[2026-05-22 18:01:31,276] INFO: Using seed 555
[2026-05-22 18:01:31,293] INFO: Output will be written in M4_P8_S555_Frichardson_out
[2026-05-22 18:01:31,293] INFO: Building backend ibm_marrakesh (AerSimulator)
[2026-05-22 18:01:58,727] INFO: Building SimpleProductionPlanningProblem
[2026-05-22 18:06:59,052] INFO: The problem has 40 logic qubits
[2026-05-22 18:06:59,070] INFO: Building AncillaQAOACircuit with 2 layers
[2026-05-22 18:06:59,131] INFO: Getting virtual circuit metrics
[2026-05-22 18:06:59,144] INFO: Transpiling AncillaQAOACircuit for ibm_marrakesh
[2026-05-22 18:07:01,435] INFO: Getting transpiled circuit metrics
[2026-05-22 18:07:01,546] INFO: Assigning random parameters to the transpiled circuit
[2026-05-22 18:07:01,565] INFO: Preparing Hamiltonian for Estimator
[2026-05-22 18:07:01,566] INFO: Clifford Noise Analysis with MNEAT
[2026-05-22 18:07:04,254] INFO: Virtual QC Metrics:    {'depth': 101, '2q_gates': 720, 'clifford_gates': 72, 'non_clifford_gates': 768, 't_gates': 0, 'total_gates': 840, 'num_active_qubits': 48}
[2026-05-22 18:07:04,254] INFO: Transpiled QC Metrics: {'depth': 3320, '2q_gates': 4674, 'clifford_gates': 16639, 'non_clifford_gates': 960, 't_gates': 10, 'total_gates': 17599, 'num_active_qubits': 51}
[2026-05-22 18:07:04,254] INFO: Clifford QC Metrics:   {'depth': 3320, '2q_gates': 4674, 'clifford_gates': 17599, 'non_clifford_gates': 0, 't_gates': 0, 'total_gates': 17599, 'num_active_qubits': 51}
[2026-05-22 18:07:04,254] INFO: Hamiltonian estimation with MNEAT on Clifford circuit
[2026-05-22 18:07:04,254] INFO: Ideal simulation run
[2026-05-22 18:07:07,257] INFO: Noisy simulation run
[2026-05-22 18:08:57,813] INFO: Mitigation simulation run with technique: zne
[2026-05-22 18:08:57,814] INFO: ZNE factory: richardson, noise_values: [1, 2, 3]
[2026-05-22 18:18:43,866] INFO: Saved ZNE factory plot to M4_P8_S555_Frichardson_out/zne_factory_fit.png
[2026-05-22 18:18:43,867] INFO: Clifford Ideal Estimator Value:       -4796.7900390625
[2026-05-22 18:18:43,867] INFO: Clifford Noisy Estimator Value:       -2420.814453125
[2026-05-22 18:18:43,867] INFO: Clifford Mitigated Estimator Value:   -4633.371093750004
[2026-05-22 18:18:43,867] INFO: Error % of Noisy vs Ideal:       49.53%
[2026-05-22 18:18:43,867] INFO: Error % of Mitigated vs Ideal:   3.41%
[2026-05-22 18:18:43,867] INFO: Circuit creation time:       0.0614 seconds
[2026-05-22 18:18:43,867] INFO: Transpilation time:          2.2903 seconds
[2026-05-22 18:18:43,867] INFO: Clifford Transpilation time: 0.1153 seconds
[2026-05-22 18:18:43,867] INFO: Clifford Ideal Estimation time:       3.0031 seconds
[2026-05-22 18:18:43,867] INFO: Clifford Noisy Estimation time:       110.5558 seconds
[2026-05-22 18:18:43,867] INFO: Clifford Mitigated Estimation time:   585.7676 seconds
[2026-05-22 18:18:43,867] INFO: ESTIMATOR PERFORMANCE RUN COMPLETED.
[2026-05-22 18:18:43,892] INFO: writing output file: M4_P8_S555_Frichardson_out/output.json
