[2026-05-22 14:33:26,462] INFO: reading parameters file: 'M2_P6_S555_Flinear/M2_P6_S555_Flinear.yaml'
[2026-05-22 14:33:26,467] INFO: Using seed 555
[2026-05-22 14:33:26,467] INFO: Output will be written in M2_P6_S555_Flinear_out
[2026-05-22 14:33:26,468] INFO: Building backend ibm_marrakesh (AerSimulator)
[2026-05-22 14:33:39,260] INFO: Building SimpleProductionPlanningProblem
[2026-05-22 14:33:39,827] INFO: The problem has 18 logic qubits
[2026-05-22 14:33:39,832] INFO: Building AncillaQAOACircuit with 2 layers
[2026-05-22 14:33:39,844] INFO: Getting virtual circuit metrics
[2026-05-22 14:33:39,846] INFO: Transpiling AncillaQAOACircuit for ibm_marrakesh
[2026-05-22 14:33:40,239] INFO: Getting transpiled circuit metrics
[2026-05-22 14:33:40,263] INFO: Assigning random parameters to the transpiled circuit
[2026-05-22 14:33:40,267] INFO: Preparing Hamiltonian for Estimator
[2026-05-22 14:33:40,268] INFO: Clifford Noise Analysis with MNEAT
[2026-05-22 14:33:41,500] INFO: Virtual QC Metrics:    {'depth': 48, '2q_gates': 198, 'clifford_gates': 36, 'non_clifford_gates': 228, 't_gates': 0, 'total_gates': 264, 'num_active_qubits': 24}
[2026-05-22 14:33:41,500] INFO: Transpiled QC Metrics: {'depth': 1120, '2q_gates': 1075, 'clifford_gates': 3861, 'non_clifford_gates': 247, 't_gates': 0, 'total_gates': 4108, 'num_active_qubits': 24}
[2026-05-22 14:33:41,500] INFO: Clifford QC Metrics:   {'depth': 1120, '2q_gates': 1075, 'clifford_gates': 4108, 'non_clifford_gates': 0, 't_gates': 0, 'total_gates': 4108, 'num_active_qubits': 24}
[2026-05-22 14:33:41,500] INFO: Hamiltonian estimation with MNEAT on Clifford circuit
[2026-05-22 14:33:41,500] INFO: Ideal simulation run
[2026-05-22 14:33:42,233] INFO: Noisy simulation run
[2026-05-22 14:34:20,710] INFO: Mitigation simulation run with technique: zne
[2026-05-22 14:34:20,711] INFO: ZNE factory: linear, noise_values: [1, 2, 3]
[2026-05-22 14:37:48,333] INFO: Saved ZNE factory plot to M2_P6_S555_Flinear_out/zne_factory_fit.png
[2026-05-22 14:37:48,333] INFO: Clifford Ideal Estimator Value:       -179.6357421875
[2026-05-22 14:37:48,333] INFO: Clifford Noisy Estimator Value:       -52.41796875
[2026-05-22 14:37:48,333] INFO: Clifford Mitigated Estimator Value:   -69.53743489583337
[2026-05-22 14:37:48,333] INFO: Error % of Noisy vs Ideal:       70.82%
[2026-05-22 14:37:48,333] INFO: Error % of Mitigated vs Ideal:   61.29%
[2026-05-22 14:37:48,333] INFO: Circuit creation time:       0.0124 seconds
[2026-05-22 14:37:48,333] INFO: Transpilation time:          0.3928 seconds
[2026-05-22 14:37:48,333] INFO: Clifford Transpilation time: 0.0209 seconds
[2026-05-22 14:37:48,333] INFO: Clifford Ideal Estimation time:       0.7330 seconds
[2026-05-22 14:37:48,333] INFO: Clifford Noisy Estimation time:       38.4770 seconds
[2026-05-22 14:37:48,333] INFO: Clifford Mitigated Estimation time:   207.3840 seconds
[2026-05-22 14:37:48,333] INFO: ESTIMATOR PERFORMANCE RUN COMPLETED.
[2026-05-22 14:37:48,362] INFO: writing output file: M2_P6_S555_Flinear_out/output.json
