[2026-05-22 16:42:39,016] INFO: reading parameters file: 'M3_P12_S333_Fadaexp/M3_P12_S333_Fadaexp.yaml'
[2026-05-22 16:42:39,020] INFO: Using seed 333
[2026-05-22 16:42:39,020] INFO: Output will be written in M3_P12_S333_Fadaexp_out
[2026-05-22 16:42:39,020] INFO: Building backend ibm_marrakesh (AerSimulator)
[2026-05-22 16:42:53,312] INFO: Building SimpleProductionPlanningProblem
[2026-05-22 16:47:53,651] INFO: The problem has 45 logic qubits
[2026-05-22 16:47:53,674] INFO: Building AncillaQAOACircuit with 2 layers
[2026-05-22 16:47:53,743] INFO: Getting virtual circuit metrics
[2026-05-22 16:47:53,756] INFO: Transpiling AncillaQAOACircuit for ibm_marrakesh
[2026-05-22 16:47:55,690] INFO: Getting transpiled circuit metrics
[2026-05-22 16:47:55,872] INFO: Assigning random parameters to the transpiled circuit
[2026-05-22 16:47:55,893] INFO: Preparing Hamiltonian for Estimator
[2026-05-22 16:47:55,894] INFO: Clifford Noise Analysis with MNEAT
[2026-05-22 16:47:58,193] INFO: Virtual QC Metrics:    {'depth': 108, '2q_gates': 918, 'clifford_gates': 81, 'non_clifford_gates': 978, 't_gates': 0, 'total_gates': 1059, 'num_active_qubits': 57}
[2026-05-22 16:47:58,193] INFO: Transpiled QC Metrics: {'depth': 4542, '2q_gates': 6500, 'clifford_gates': 22591, 'non_clifford_gates': 1222, 't_gates': 14, 'total_gates': 23813, 'num_active_qubits': 62}
[2026-05-22 16:47:58,193] INFO: Clifford QC Metrics:   {'depth': 4542, '2q_gates': 6500, 'clifford_gates': 23813, 'non_clifford_gates': 0, 't_gates': 0, 'total_gates': 23813, 'num_active_qubits': 62}
[2026-05-22 16:47:58,193] INFO: Hamiltonian estimation with MNEAT on Clifford circuit
[2026-05-22 16:47:58,193] INFO: Ideal simulation run
[2026-05-22 16:48:04,021] INFO: Noisy simulation run
[2026-05-22 16:51:45,555] INFO: Mitigation simulation run with technique: zne
[2026-05-22 16:51:45,555] INFO: ZNE factory: adaexp, noise_values: [1, 2, 3]
