[2026-05-22 15:56:07,382] INFO: reading parameters file: 'M3_P10_S111_Frichardson/M3_P10_S111_Frichardson.yaml'
[2026-05-22 15:56:07,386] INFO: Using seed 111
[2026-05-22 15:56:07,386] INFO: Output will be written in M3_P10_S111_Frichardson_out
[2026-05-22 15:56:07,386] INFO: Building backend ibm_marrakesh (AerSimulator)
[2026-05-22 15:56:22,206] INFO: Building SimpleProductionPlanningProblem
[2026-05-22 16:01:22,457] INFO: The problem has 39 logic qubits
[2026-05-22 16:01:22,472] INFO: Building AncillaQAOACircuit with 2 layers
[2026-05-22 16:01:22,519] INFO: Getting virtual circuit metrics
[2026-05-22 16:01:22,529] INFO: Transpiling AncillaQAOACircuit for ibm_marrakesh
[2026-05-22 16:01:23,944] INFO: Getting transpiled circuit metrics
[2026-05-22 16:01:24,083] INFO: Assigning random parameters to the transpiled circuit
[2026-05-22 16:01:24,099] INFO: Preparing Hamiltonian for Estimator
[2026-05-22 16:01:24,100] INFO: Clifford Noise Analysis with MNEAT
[2026-05-22 16:01:26,316] INFO: Virtual QC Metrics:    {'depth': 94, '2q_gates': 708, 'clifford_gates': 69, 'non_clifford_gates': 764, 't_gates': 0, 'total_gates': 833, 'num_active_qubits': 49}
[2026-05-22 16:01:26,316] INFO: Transpiled QC Metrics: {'depth': 3471, '2q_gates': 4732, 'clifford_gates': 16539, 'non_clifford_gates': 950, 't_gates': 15, 'total_gates': 17489, 'num_active_qubits': 51}
[2026-05-22 16:01:26,316] INFO: Clifford QC Metrics:   {'depth': 3471, '2q_gates': 4732, 'clifford_gates': 17489, 'non_clifford_gates': 0, 't_gates': 0, 'total_gates': 17489, 'num_active_qubits': 51}
[2026-05-22 16:01:26,316] INFO: Hamiltonian estimation with MNEAT on Clifford circuit
[2026-05-22 16:01:26,316] INFO: Ideal simulation run
[2026-05-22 16:01:29,802] INFO: Noisy simulation run
[2026-05-22 16:04:09,717] INFO: Mitigation simulation run with technique: zne
[2026-05-22 16:04:09,717] INFO: ZNE factory: richardson, noise_values: [1, 2, 3]
[2026-05-22 16:18:56,510] INFO: Saved ZNE factory plot to M3_P10_S111_Frichardson_out/zne_factory_fit.png
[2026-05-22 16:18:56,510] INFO: Clifford Ideal Estimator Value:       -2889.7158203125
[2026-05-22 16:18:56,510] INFO: Clifford Noisy Estimator Value:       -532.4814453125
[2026-05-22 16:18:56,510] INFO: Clifford Mitigated Estimator Value:   -613.3359374999995
[2026-05-22 16:18:56,510] INFO: Error % of Noisy vs Ideal:       81.57%
[2026-05-22 16:18:56,510] INFO: Error % of Mitigated vs Ideal:   78.78%
[2026-05-22 16:18:56,510] INFO: Circuit creation time:       0.0474 seconds
[2026-05-22 16:18:56,510] INFO: Transpilation time:          1.4153 seconds
[2026-05-22 16:18:56,510] INFO: Clifford Transpilation time: 0.1065 seconds
[2026-05-22 16:18:56,510] INFO: Clifford Ideal Estimation time:       3.4858 seconds
[2026-05-22 16:18:56,511] INFO: Clifford Noisy Estimation time:       159.9144 seconds
[2026-05-22 16:18:56,511] INFO: Clifford Mitigated Estimation time:   886.5457 seconds
[2026-05-22 16:18:56,511] INFO: ESTIMATOR PERFORMANCE RUN COMPLETED.
[2026-05-22 16:18:56,536] INFO: writing output file: M3_P10_S111_Frichardson_out/output.json
