[2026-05-22 15:45:29,939] INFO: reading parameters file: 'M3_P8_S333_Fadaexp/M3_P8_S333_Fadaexp.yaml'
[2026-05-22 15:45:29,944] INFO: Using seed 333
[2026-05-22 15:45:29,944] INFO: Output will be written in M3_P8_S333_Fadaexp_out
[2026-05-22 15:45:29,945] INFO: Building backend ibm_marrakesh (AerSimulator)
[2026-05-22 15:45:43,039] INFO: Building SimpleProductionPlanningProblem
[2026-05-22 15:46:04,511] INFO: The problem has 30 logic qubits
[2026-05-22 15:46:04,521] INFO: Building AncillaQAOACircuit with 2 layers
[2026-05-22 15:46:04,554] INFO: Getting virtual circuit metrics
[2026-05-22 15:46:04,561] INFO: Transpiling AncillaQAOACircuit for ibm_marrakesh
[2026-05-22 15:46:05,434] INFO: Getting transpiled circuit metrics
[2026-05-22 15:46:05,512] INFO: Assigning random parameters to the transpiled circuit
[2026-05-22 15:46:05,522] INFO: Preparing Hamiltonian for Estimator
[2026-05-22 15:46:05,523] INFO: Clifford Noise Analysis with MNEAT
[2026-05-22 15:46:07,482] INFO: Virtual QC Metrics:    {'depth': 78, '2q_gates': 462, 'clifford_gates': 54, 'non_clifford_gates': 502, 't_gates': 0, 'total_gates': 556, 'num_active_qubits': 38}
[2026-05-22 15:46:07,482] INFO: Transpiled QC Metrics: {'depth': 2466, '2q_gates': 2916, 'clifford_gates': 10270, 'non_clifford_gates': 602, 't_gates': 10, 'total_gates': 10872, 'num_active_qubits': 43}
[2026-05-22 15:46:07,482] INFO: Clifford QC Metrics:   {'depth': 2466, '2q_gates': 2916, 'clifford_gates': 10872, 'non_clifford_gates': 0, 't_gates': 0, 'total_gates': 10872, 'num_active_qubits': 43}
[2026-05-22 15:46:07,482] INFO: Hamiltonian estimation with MNEAT on Clifford circuit
[2026-05-22 15:46:07,482] INFO: Ideal simulation run
[2026-05-22 15:46:09,217] INFO: Noisy simulation run
[2026-05-22 15:47:45,210] INFO: Mitigation simulation run with technique: zne
[2026-05-22 15:47:45,211] INFO: ZNE factory: adaexp, noise_values: [1, 2, 3]
[2026-05-22 16:00:42,937] INFO: Saved ZNE factory plot to M3_P8_S333_Fadaexp_out/zne_factory_fit.png
[2026-05-22 16:00:42,937] INFO: Clifford Ideal Estimator Value:       -1536.3642578125
[2026-05-22 16:00:42,937] INFO: Clifford Noisy Estimator Value:       -603.7373046875
[2026-05-22 16:00:42,937] INFO: Clifford Mitigated Estimator Value:   -1437.2542087164254
[2026-05-22 16:00:42,937] INFO: Error % of Noisy vs Ideal:       60.70%
[2026-05-22 16:00:42,937] INFO: Error % of Mitigated vs Ideal:   6.45%
[2026-05-22 16:00:42,937] INFO: Circuit creation time:       0.0325 seconds
[2026-05-22 16:00:42,937] INFO: Transpilation time:          0.8736 seconds
[2026-05-22 16:00:42,937] INFO: Clifford Transpilation time: 0.0611 seconds
[2026-05-22 16:00:42,937] INFO: Clifford Ideal Estimation time:       1.7350 seconds
[2026-05-22 16:00:42,937] INFO: Clifford Noisy Estimation time:       95.9927 seconds
[2026-05-22 16:00:42,937] INFO: Clifford Mitigated Estimation time:   777.4677 seconds
[2026-05-22 16:00:42,937] INFO: ESTIMATOR PERFORMANCE RUN COMPLETED.
[2026-05-22 16:00:42,960] INFO: writing output file: M3_P8_S333_Fadaexp_out/output.json
