[2026-05-22 14:34:00,242] INFO: reading parameters file: 'M2_P6_S555_Fadaexp/M2_P6_S555_Fadaexp.yaml'
[2026-05-22 14:34:00,246] INFO: Using seed 555
[2026-05-22 14:34:00,247] INFO: Output will be written in M2_P6_S555_Fadaexp_out
[2026-05-22 14:34:00,247] INFO: Building backend ibm_marrakesh (AerSimulator)
[2026-05-22 14:34:14,439] INFO: Building SimpleProductionPlanningProblem
[2026-05-22 14:34:15,422] INFO: The problem has 18 logic qubits
[2026-05-22 14:34:15,427] INFO: Building AncillaQAOACircuit with 2 layers
[2026-05-22 14:34:15,442] INFO: Getting virtual circuit metrics
[2026-05-22 14:34:15,444] INFO: Transpiling AncillaQAOACircuit for ibm_marrakesh
[2026-05-22 14:34:15,873] INFO: Getting transpiled circuit metrics
[2026-05-22 14:34:15,897] INFO: Assigning random parameters to the transpiled circuit
[2026-05-22 14:34:15,901] INFO: Preparing Hamiltonian for Estimator
[2026-05-22 14:34:15,902] INFO: Clifford Noise Analysis with MNEAT
[2026-05-22 14:34:17,282] INFO: Virtual QC Metrics:    {'depth': 48, '2q_gates': 198, 'clifford_gates': 36, 'non_clifford_gates': 228, 't_gates': 0, 'total_gates': 264, 'num_active_qubits': 24}
[2026-05-22 14:34:17,282] INFO: Transpiled QC Metrics: {'depth': 1120, '2q_gates': 1075, 'clifford_gates': 3861, 'non_clifford_gates': 247, 't_gates': 0, 'total_gates': 4108, 'num_active_qubits': 24}
[2026-05-22 14:34:17,282] INFO: Clifford QC Metrics:   {'depth': 1120, '2q_gates': 1075, 'clifford_gates': 4108, 'non_clifford_gates': 0, 't_gates': 0, 'total_gates': 4108, 'num_active_qubits': 24}
[2026-05-22 14:34:17,282] INFO: Hamiltonian estimation with MNEAT on Clifford circuit
[2026-05-22 14:34:17,282] INFO: Ideal simulation run
[2026-05-22 14:34:17,867] INFO: Noisy simulation run
[2026-05-22 14:35:03,224] INFO: Mitigation simulation run with technique: zne
[2026-05-22 14:35:03,224] INFO: ZNE factory: adaexp, noise_values: [1, 2, 3]
[2026-05-22 14:41:11,894] INFO: Saved ZNE factory plot to M2_P6_S555_Fadaexp_out/zne_factory_fit.png
[2026-05-22 14:41:11,894] INFO: Clifford Ideal Estimator Value:       -179.6357421875
[2026-05-22 14:41:11,894] INFO: Clifford Noisy Estimator Value:       -52.41796875
[2026-05-22 14:41:11,894] INFO: Clifford Mitigated Estimator Value:   -179.5107210944829
[2026-05-22 14:41:11,894] INFO: Error % of Noisy vs Ideal:       70.82%
[2026-05-22 14:41:11,894] INFO: Error % of Mitigated vs Ideal:   0.07%
[2026-05-22 14:41:11,894] INFO: Circuit creation time:       0.0145 seconds
[2026-05-22 14:41:11,894] INFO: Transpilation time:          0.4290 seconds
[2026-05-22 14:41:11,894] INFO: Clifford Transpilation time: 0.0260 seconds
[2026-05-22 14:41:11,894] INFO: Clifford Ideal Estimation time:       0.5846 seconds
[2026-05-22 14:41:11,894] INFO: Clifford Noisy Estimation time:       45.3572 seconds
[2026-05-22 14:41:11,894] INFO: Clifford Mitigated Estimation time:   368.3890 seconds
[2026-05-22 14:41:11,894] INFO: ESTIMATOR PERFORMANCE RUN COMPLETED.
[2026-05-22 14:41:11,926] INFO: writing output file: M2_P6_S555_Fadaexp_out/output.json
