[2026-05-22 15:05:41,709] INFO: reading parameters file: 'M2_P12_S222_Frichardson/M2_P12_S222_Frichardson.yaml'
[2026-05-22 15:05:41,714] INFO: Using seed 222
[2026-05-22 15:05:41,714] INFO: Output will be written in M2_P12_S222_Frichardson_out
[2026-05-22 15:05:41,714] INFO: Building backend ibm_marrakesh (AerSimulator)
[2026-05-22 15:05:55,098] INFO: Building SimpleProductionPlanningProblem
[2026-05-22 15:10:55,391] INFO: The problem has 30 logic qubits
[2026-05-22 15:10:55,401] INFO: Building AncillaQAOACircuit with 2 layers
[2026-05-22 15:10:55,428] INFO: Getting virtual circuit metrics
[2026-05-22 15:10:55,434] INFO: Transpiling AncillaQAOACircuit for ibm_marrakesh
[2026-05-22 15:10:56,515] INFO: Getting transpiled circuit metrics
[2026-05-22 15:10:56,590] INFO: Assigning random parameters to the transpiled circuit
[2026-05-22 15:10:56,599] INFO: Preparing Hamiltonian for Estimator
[2026-05-22 15:10:56,600] INFO: Clifford Noise Analysis with MNEAT
[2026-05-22 15:10:58,665] INFO: Virtual QC Metrics:    {'depth': 78, '2q_gates': 528, 'clifford_gates': 66, 'non_clifford_gates': 564, 't_gates': 0, 'total_gates': 630, 'num_active_qubits': 42}
[2026-05-22 15:10:58,665] INFO: Transpiled QC Metrics: {'depth': 2706, '2q_gates': 3349, 'clifford_gates': 11728, 'non_clifford_gates': 661, 't_gates': 0, 'total_gates': 12389, 'num_active_qubits': 44}
[2026-05-22 15:10:58,665] INFO: Clifford QC Metrics:   {'depth': 2706, '2q_gates': 3349, 'clifford_gates': 12389, 'non_clifford_gates': 0, 't_gates': 0, 'total_gates': 12389, 'num_active_qubits': 44}
[2026-05-22 15:10:58,665] INFO: Hamiltonian estimation with MNEAT on Clifford circuit
[2026-05-22 15:10:58,665] INFO: Ideal simulation run
[2026-05-22 15:11:01,136] INFO: Noisy simulation run
[2026-05-22 15:13:00,366] INFO: Mitigation simulation run with technique: zne
[2026-05-22 15:13:00,366] INFO: ZNE factory: richardson, noise_values: [1, 2, 3]
[2026-05-22 15:23:53,246] INFO: Saved ZNE factory plot to M2_P12_S222_Frichardson_out/zne_factory_fit.png
[2026-05-22 15:23:53,246] INFO: Clifford Ideal Estimator Value:       -621.2529296875
[2026-05-22 15:23:53,246] INFO: Clifford Noisy Estimator Value:       -285.5869140625
[2026-05-22 15:23:53,246] INFO: Clifford Mitigated Estimator Value:   -963.0136718750018
[2026-05-22 15:23:53,246] INFO: Error % of Noisy vs Ideal:       54.03%
[2026-05-22 15:23:53,246] INFO: Error % of Mitigated vs Ideal:   55.01%
[2026-05-22 15:23:53,246] INFO: Circuit creation time:       0.0276 seconds
[2026-05-22 15:23:53,246] INFO: Transpilation time:          1.0811 seconds
[2026-05-22 15:23:53,246] INFO: Clifford Transpilation time: 0.0676 seconds
[2026-05-22 15:23:53,246] INFO: Clifford Ideal Estimation time:       2.4710 seconds
[2026-05-22 15:23:53,246] INFO: Clifford Noisy Estimation time:       119.2300 seconds
[2026-05-22 15:23:53,246] INFO: Clifford Mitigated Estimation time:   652.5921 seconds
[2026-05-22 15:23:53,246] INFO: ESTIMATOR PERFORMANCE RUN COMPLETED.
[2026-05-22 15:23:53,279] INFO: writing output file: M2_P12_S222_Frichardson_out/output.json
