[2026-03-04 20:23:44,055] INFO: reading parameters file: 'G15_I7_S22222/G15_I7_S22222.yaml'
[2026-03-04 20:23:44,102] INFO: Using seed 22222
[2026-03-04 20:23:44,102] INFO: Output will be written in G15_I7_S22222_out
[2026-03-04 20:23:44,102] INFO: Building backend ibm_torino (AerSimulator)
[2026-03-04 20:23:58,656] INFO: Building QGSUncProblem
[2026-03-04 20:29:08,868] INFO: The problem has 105 logic qubits
[2026-03-04 20:29:09,016] INFO: Building AncillaQAOACircuit with 3 layers
[2026-03-04 20:29:09,375] INFO: Getting virtual circuit metrics
[2026-03-04 20:29:09,539] INFO: Transpiling AncillaQAOACircuit for ibm_torino
[2026-03-04 20:29:36,780] INFO: Getting transpiled circuit metrics
[2026-03-04 20:29:39,541] INFO: Assigning random parameters to the transpiled circuit
[2026-03-04 20:29:39,615] INFO: Preparing Hamiltonian for Estimator
[2026-03-04 20:29:39,627] INFO: Clifford Noise Analysis with NEAT
[2026-03-04 20:30:16,018] INFO: Virtual QC Metrics:    {'depth': 495, '2q_gates': 18540, 'clifford_gates': 210, 'non_clifford_gates': 18675, 't_gates': 0, 'total_gates': 18885, 'num_active_qubits': 120}
[2026-03-04 20:30:16,019] INFO: Transpiled QC Metrics: {'depth': 41509, '2q_gates': 100144, 'clifford_gates': 390524, 'non_clifford_gates': 27895, 't_gates': 23, 'total_gates': 418419, 'num_active_qubits': 122}
[2026-03-04 20:30:16,019] INFO: Clifford QC Metrics:   {'depth': 23343, '2q_gates': 69333, 'clifford_gates': 267253, 'non_clifford_gates': 3087, 't_gates': 12, 'total_gates': 270340, 'num_active_qubits': 122}
[2026-03-04 20:30:16,019] INFO: Ideal simulation run on Clifford circuit
[2026-03-04 20:34:49,138] INFO: Noisy simulation run on Clifford circuit
[2026-03-04 20:34:49,139] INFO: Full noise simulation run on Clifford circuit
[2026-03-04 21:18:04,597] INFO: Clifford Ideal Estimator Value:  5.84738828322757
[2026-03-04 21:18:04,598] INFO: Clifford Noisy Estimator Value:  0.21461979449652074
[2026-03-04 21:18:04,598] INFO: Circuit creation time:       0.3587 seconds
[2026-03-04 21:18:04,598] INFO: Transpilation time:          27.2401 seconds
[2026-03-04 21:18:04,598] INFO: Clifford Transpilation time: 33.8727 seconds
[2026-03-04 21:18:04,598] INFO: Clifford Ideal Estimation time:  273.1196 seconds
[2026-03-04 21:18:04,598] INFO: Clifford Noisy Estimation time:  2595.4581 seconds
[2026-03-04 21:18:04,598] INFO: ESTIMATOR PERFORMANCE RUN COMPLETED.
[2026-03-04 21:18:04,616] INFO: writing output file: G15_I7_S22222_out/output.json
