[2026-05-22 19:32:30,229] INFO: reading parameters file: 'M4_P12_S555_Flinear/M4_P12_S555_Flinear.yaml'
[2026-05-22 19:32:30,234] INFO: Using seed 555
[2026-05-22 19:32:30,234] INFO: Output will be written in M4_P12_S555_Flinear_out
[2026-05-22 19:32:30,234] INFO: Building backend ibm_marrakesh (AerSimulator)
[2026-05-22 19:32:44,322] INFO: Building SimpleProductionPlanningProblem
[2026-05-22 19:37:44,821] INFO: The problem has 60 logic qubits
[2026-05-22 19:37:44,851] INFO: Building AncillaQAOACircuit with 2 layers
[2026-05-22 19:37:44,952] INFO: Getting virtual circuit metrics
[2026-05-22 19:37:44,972] INFO: Transpiling AncillaQAOACircuit for ibm_marrakesh
[2026-05-22 19:37:47,896] INFO: Getting transpiled circuit metrics
[2026-05-22 19:37:48,186] INFO: Assigning random parameters to the transpiled circuit
[2026-05-22 19:37:48,217] INFO: Preparing Hamiltonian for Estimator
[2026-05-22 19:37:48,218] INFO: Clifford Noise Analysis with MNEAT
[2026-05-22 19:37:50,673] INFO: Virtual QC Metrics:    {'depth': 139, '2q_gates': 1380, 'clifford_gates': 108, 'non_clifford_gates': 1452, 't_gates': 0, 'total_gates': 1560, 'num_active_qubits': 72}
[2026-05-22 19:37:50,673] INFO: Transpiled QC Metrics: {'depth': 6665, '2q_gates': 10357, 'clifford_gates': 35832, 'non_clifford_gates': 1830, 't_gates': 16, 'total_gates': 37662, 'num_active_qubits': 75}
[2026-05-22 19:37:50,673] INFO: Clifford QC Metrics:   {'depth': 6665, '2q_gates': 10357, 'clifford_gates': 37662, 'non_clifford_gates': 0, 't_gates': 0, 'total_gates': 37662, 'num_active_qubits': 75}
[2026-05-22 19:37:50,673] INFO: Hamiltonian estimation with MNEAT on Clifford circuit
[2026-05-22 19:37:50,673] INFO: Ideal simulation run
[2026-05-22 19:38:01,745] INFO: Noisy simulation run
[2026-05-22 19:44:01,986] INFO: Mitigation simulation run with technique: zne
[2026-05-22 19:44:01,986] INFO: ZNE factory: linear, noise_values: [1, 2, 3]
[2026-05-22 20:16:48,990] INFO: Saved ZNE factory plot to M4_P12_S555_Flinear_out/zne_factory_fit.png
[2026-05-22 20:16:48,990] INFO: Clifford Ideal Estimator Value:       -13113.400390625
[2026-05-22 20:16:48,990] INFO: Clifford Noisy Estimator Value:       -395.5927734375
[2026-05-22 20:16:48,990] INFO: Clifford Mitigated Estimator Value:   -523.9069010416667
[2026-05-22 20:16:48,990] INFO: Error % of Noisy vs Ideal:       96.98%
[2026-05-22 20:16:48,990] INFO: Error % of Mitigated vs Ideal:   96.00%
[2026-05-22 20:16:48,990] INFO: Circuit creation time:       0.1011 seconds
[2026-05-22 20:16:48,990] INFO: Transpilation time:          2.9240 seconds
[2026-05-22 20:16:48,991] INFO: Clifford Transpilation time: 0.2159 seconds
[2026-05-22 20:16:48,991] INFO: Clifford Ideal Estimation time:       11.0716 seconds
[2026-05-22 20:16:48,991] INFO: Clifford Noisy Estimation time:       360.2407 seconds
[2026-05-22 20:16:48,991] INFO: Clifford Mitigated Estimation time:   1966.7145 seconds
[2026-05-22 20:16:48,991] INFO: ESTIMATOR PERFORMANCE RUN COMPLETED.
[2026-05-22 20:16:49,017] INFO: writing output file: M4_P12_S555_Flinear_out/output.json
