[2026-05-22 15:33:10,351] INFO: reading parameters file: 'M3_P6_S333_Frichardson/M3_P6_S333_Frichardson.yaml'
[2026-05-22 15:33:10,355] INFO: Using seed 333
[2026-05-22 15:33:10,356] INFO: Output will be written in M3_P6_S333_Frichardson_out
[2026-05-22 15:33:10,356] INFO: Building backend ibm_marrakesh (AerSimulator)
[2026-05-22 15:33:23,869] INFO: Building SimpleProductionPlanningProblem
[2026-05-22 15:33:29,322] INFO: The problem has 24 logic qubits
[2026-05-22 15:33:29,328] INFO: Building AncillaQAOACircuit with 2 layers
[2026-05-22 15:33:29,345] INFO: Getting virtual circuit metrics
[2026-05-22 15:33:29,349] INFO: Transpiling AncillaQAOACircuit for ibm_marrakesh
[2026-05-22 15:33:29,924] INFO: Getting transpiled circuit metrics
[2026-05-22 15:33:29,958] INFO: Assigning random parameters to the transpiled circuit
[2026-05-22 15:33:29,962] INFO: Preparing Hamiltonian for Estimator
[2026-05-22 15:33:29,963] INFO: Clifford Noise Analysis with MNEAT
[2026-05-22 15:33:31,286] INFO: Virtual QC Metrics:    {'depth': 64, '2q_gates': 312, 'clifford_gates': 42, 'non_clifford_gates': 348, 't_gates': 0, 'total_gates': 390, 'num_active_qubits': 30}
[2026-05-22 15:33:31,286] INFO: Transpiled QC Metrics: {'depth': 1580, '2q_gates': 1750, 'clifford_gates': 6249, 'non_clifford_gates': 405, 't_gates': 8, 'total_gates': 6654, 'num_active_qubits': 32}
[2026-05-22 15:33:31,286] INFO: Clifford QC Metrics:   {'depth': 1580, '2q_gates': 1750, 'clifford_gates': 6654, 'non_clifford_gates': 0, 't_gates': 0, 'total_gates': 6654, 'num_active_qubits': 32}
[2026-05-22 15:33:31,286] INFO: Hamiltonian estimation with MNEAT on Clifford circuit
[2026-05-22 15:33:31,286] INFO: Ideal simulation run
[2026-05-22 15:33:32,162] INFO: Noisy simulation run
[2026-05-22 15:34:36,035] INFO: Mitigation simulation run with technique: zne
[2026-05-22 15:34:36,036] INFO: ZNE factory: richardson, noise_values: [1, 2, 3]
[2026-05-22 15:40:21,433] INFO: Saved ZNE factory plot to M3_P6_S333_Frichardson_out/zne_factory_fit.png
[2026-05-22 15:40:21,433] INFO: Clifford Ideal Estimator Value:       -830.4775390625
[2026-05-22 15:40:21,433] INFO: Clifford Noisy Estimator Value:       -443.8642578125
[2026-05-22 15:40:21,433] INFO: Clifford Mitigated Estimator Value:   -816.1669921875007
[2026-05-22 15:40:21,433] INFO: Error % of Noisy vs Ideal:       46.55%
[2026-05-22 15:40:21,433] INFO: Error % of Mitigated vs Ideal:   1.72%
[2026-05-22 15:40:21,433] INFO: Circuit creation time:       0.0174 seconds
[2026-05-22 15:40:21,434] INFO: Transpilation time:          0.5742 seconds
[2026-05-22 15:40:21,434] INFO: Clifford Transpilation time: 0.0366 seconds
[2026-05-22 15:40:21,434] INFO: Clifford Ideal Estimation time:       0.8755 seconds
[2026-05-22 15:40:21,434] INFO: Clifford Noisy Estimation time:       63.8735 seconds
[2026-05-22 15:40:21,434] INFO: Clifford Mitigated Estimation time:   345.1563 seconds
[2026-05-22 15:40:21,434] INFO: ESTIMATOR PERFORMANCE RUN COMPLETED.
[2026-05-22 15:40:21,463] INFO: writing output file: M3_P6_S333_Frichardson_out/output.json
