[2026-03-04 17:14:46,832] INFO: reading parameters file: 'G9_I3_S55555/G9_I3_S55555.yaml'
[2026-03-04 17:14:46,846] INFO: Using seed 55555
[2026-03-04 17:14:46,846] INFO: Output will be written in G9_I3_S55555_out
[2026-03-04 17:14:46,846] INFO: Building backend ibm_torino (AerSimulator)
[2026-03-04 17:15:02,821] INFO: Building QGSUncProblem
[2026-03-04 17:15:04,164] INFO: The problem has 27 logic qubits
[2026-03-04 17:15:04,188] INFO: Building AncillaQAOACircuit with 3 layers
[2026-03-04 17:15:04,238] INFO: Getting virtual circuit metrics
[2026-03-04 17:15:04,264] INFO: Transpiling AncillaQAOACircuit for ibm_torino
[2026-03-04 17:15:05,648] INFO: Getting transpiled circuit metrics
[2026-03-04 17:15:05,955] INFO: Assigning random parameters to the transpiled circuit
[2026-03-04 17:15:05,960] INFO: Preparing Hamiltonian for Estimator
[2026-03-04 17:15:05,962] INFO: Clifford Noise Analysis with NEAT
[2026-03-04 17:15:08,917] INFO: Virtual QC Metrics:    {'depth': 137, '2q_gates': 1269, 'clifford_gates': 54, 'non_clifford_gates': 1314, 't_gates': 0, 'total_gates': 1368, 'num_active_qubits': 36}
[2026-03-04 17:15:08,917] INFO: Transpiled QC Metrics: {'depth': 4795, '2q_gates': 6149, 'clifford_gates': 24289, 'non_clifford_gates': 1717, 't_gates': 10, 'total_gates': 26006, 'num_active_qubits': 36}
[2026-03-04 17:15:08,917] INFO: Clifford QC Metrics:   {'depth': 2777, '2q_gates': 3854, 'clifford_gates': 15276, 'non_clifford_gates': 213, 't_gates': 5, 'total_gates': 15489, 'num_active_qubits': 36}
[2026-03-04 17:15:08,917] INFO: Ideal simulation run on Clifford circuit
[2026-03-04 17:15:11,926] INFO: Noisy simulation run on Clifford circuit
[2026-03-04 17:15:11,927] INFO: Full noise simulation run on Clifford circuit
[2026-03-04 17:17:30,882] INFO: Clifford Ideal Estimator Value:  0.8891682805856327
[2026-03-04 17:17:30,882] INFO: Clifford Noisy Estimator Value:  0.13897192567623426
[2026-03-04 17:17:30,882] INFO: Circuit creation time:       0.0504 seconds
[2026-03-04 17:17:30,882] INFO: Transpilation time:          1.3831 seconds
[2026-03-04 17:17:30,882] INFO: Clifford Transpilation time: 1.3871 seconds
[2026-03-04 17:17:30,882] INFO: Clifford Ideal Estimation time:  3.0087 seconds
[2026-03-04 17:17:30,882] INFO: Clifford Noisy Estimation time:  138.9550 seconds
[2026-03-04 17:17:30,882] INFO: ESTIMATOR PERFORMANCE RUN COMPLETED.
[2026-03-04 17:17:30,897] INFO: writing output file: G9_I3_S55555_out/output.json
