[2026-03-04 17:03:29,239] INFO: reading parameters file: 'G11_I7_S33333/G11_I7_S33333.yaml'
[2026-03-04 17:03:29,243] INFO: Using seed 33333
[2026-03-04 17:03:29,243] INFO: Output will be written in G11_I7_S33333_out
[2026-03-04 17:03:29,244] INFO: Building backend ibm_torino (AerSimulator)
[2026-03-04 17:03:39,428] INFO: Building QGSUncProblem
[2026-03-04 17:08:41,488] INFO: The problem has 77 logic qubits
[2026-03-04 17:08:41,593] INFO: Building AncillaQAOACircuit with 3 layers
[2026-03-04 17:08:41,823] INFO: Getting virtual circuit metrics
[2026-03-04 17:08:41,928] INFO: Transpiling AncillaQAOACircuit for ibm_torino
[2026-03-04 17:08:52,331] INFO: Getting transpiled circuit metrics
[2026-03-04 17:08:53,868] INFO: Assigning random parameters to the transpiled circuit
[2026-03-04 17:08:53,896] INFO: Preparing Hamiltonian for Estimator
[2026-03-04 17:08:53,899] INFO: Clifford Noise Analysis with NEAT
[2026-03-04 17:09:10,040] INFO: Virtual QC Metrics:    {'depth': 383, '2q_gates': 10362, 'clifford_gates': 154, 'non_clifford_gates': 10461, 't_gates': 0, 'total_gates': 10615, 'num_active_qubits': 88}
[2026-03-04 17:09:10,040] INFO: Transpiled QC Metrics: {'depth': 22241, '2q_gates': 54827, 'clifford_gates': 214167, 'non_clifford_gates': 15297, 't_gates': 15, 'total_gates': 229464, 'num_active_qubits': 94}
[2026-03-04 17:09:10,040] INFO: Clifford QC Metrics:   {'depth': 11850, '2q_gates': 36015, 'clifford_gates': 138397, 'non_clifford_gates': 1263, 't_gates': 9, 'total_gates': 139660, 'num_active_qubits': 94}
[2026-03-04 17:09:10,040] INFO: Ideal simulation run on Clifford circuit
[2026-03-04 17:10:00,234] INFO: Noisy simulation run on Clifford circuit
[2026-03-04 17:10:00,234] INFO: Full noise simulation run on Clifford circuit
[2026-03-04 17:35:50,881] INFO: Clifford Ideal Estimator Value:  5.629015519632581
[2026-03-04 17:35:50,881] INFO: Clifford Noisy Estimator Value:  -0.22559471261757713
[2026-03-04 17:35:50,881] INFO: Circuit creation time:       0.2305 seconds
[2026-03-04 17:35:50,881] INFO: Transpilation time:          10.4028 seconds
[2026-03-04 17:35:50,881] INFO: Clifford Transpilation time: 14.4177 seconds
[2026-03-04 17:35:50,881] INFO: Clifford Ideal Estimation time:  50.1934 seconds
[2026-03-04 17:35:50,881] INFO: Clifford Noisy Estimation time:  1550.6470 seconds
[2026-03-04 17:35:50,881] INFO: ESTIMATOR PERFORMANCE RUN COMPLETED.
[2026-03-04 17:35:50,890] INFO: writing output file: G11_I7_S33333_out/output.json
