[2026-05-22 18:43:29,891] INFO: reading parameters file: 'M4_P10_S555_Fadaexp/M4_P10_S555_Fadaexp.yaml'
[2026-05-22 18:43:29,896] INFO: Using seed 555
[2026-05-22 18:43:29,897] INFO: Output will be written in M4_P10_S555_Fadaexp_out
[2026-05-22 18:43:29,897] INFO: Building backend ibm_marrakesh (AerSimulator)
[2026-05-22 18:43:43,332] INFO: Building SimpleProductionPlanningProblem
[2026-05-22 18:48:43,636] INFO: The problem has 48 logic qubits
[2026-05-22 18:48:43,649] INFO: Building AncillaQAOACircuit with 2 layers
[2026-05-22 18:48:43,696] INFO: Getting virtual circuit metrics
[2026-05-22 18:48:43,706] INFO: Transpiling AncillaQAOACircuit for ibm_marrakesh
[2026-05-22 18:48:45,506] INFO: Getting transpiled circuit metrics
[2026-05-22 18:48:45,641] INFO: Assigning random parameters to the transpiled circuit
[2026-05-22 18:48:45,653] INFO: Preparing Hamiltonian for Estimator
[2026-05-22 18:48:45,654] INFO: Clifford Noise Analysis with MNEAT
[2026-05-22 18:48:47,717] INFO: Virtual QC Metrics:    {'depth': 119, '2q_gates': 978, 'clifford_gates': 88, 'non_clifford_gates': 1030, 't_gates': 0, 'total_gates': 1118, 'num_active_qubits': 58}
[2026-05-22 18:48:47,717] INFO: Transpiled QC Metrics: {'depth': 4653, '2q_gates': 6832, 'clifford_gates': 23761, 'non_clifford_gates': 1250, 't_gates': 11, 'total_gates': 25011, 'num_active_qubits': 58}
[2026-05-22 18:48:47,717] INFO: Clifford QC Metrics:   {'depth': 4653, '2q_gates': 6832, 'clifford_gates': 25011, 'non_clifford_gates': 0, 't_gates': 0, 'total_gates': 25011, 'num_active_qubits': 58}
[2026-05-22 18:48:47,718] INFO: Hamiltonian estimation with MNEAT on Clifford circuit
[2026-05-22 18:48:47,718] INFO: Ideal simulation run
[2026-05-22 18:48:52,713] INFO: Noisy simulation run
[2026-05-22 18:53:05,692] INFO: Mitigation simulation run with technique: zne
[2026-05-22 18:53:05,693] INFO: ZNE factory: adaexp, noise_values: [1, 2, 3]
[2026-05-22 19:25:51,185] INFO: Saved ZNE factory plot to M4_P10_S555_Fadaexp_out/zne_factory_fit.png
[2026-05-22 19:25:51,185] INFO: Clifford Ideal Estimator Value:       -9564.015625
[2026-05-22 19:25:51,185] INFO: Clifford Noisy Estimator Value:       -3473.1044921875
[2026-05-22 19:25:51,185] INFO: Clifford Mitigated Estimator Value:   -11006.878806051092
[2026-05-22 19:25:51,186] INFO: Error % of Noisy vs Ideal:       63.69%
[2026-05-22 19:25:51,186] INFO: Error % of Mitigated vs Ideal:   15.09%
[2026-05-22 19:25:51,186] INFO: Circuit creation time:       0.0463 seconds
[2026-05-22 19:25:51,186] INFO: Transpilation time:          1.8000 seconds
[2026-05-22 19:25:51,186] INFO: Clifford Transpilation time: 0.1265 seconds
[2026-05-22 19:25:51,186] INFO: Clifford Ideal Estimation time:       4.9958 seconds
[2026-05-22 19:25:51,186] INFO: Clifford Noisy Estimation time:       252.9787 seconds
[2026-05-22 19:25:51,186] INFO: Clifford Mitigated Estimation time:   1965.2260 seconds
[2026-05-22 19:25:51,186] INFO: ESTIMATOR PERFORMANCE RUN COMPLETED.
[2026-05-22 19:25:51,215] INFO: writing output file: M4_P10_S555_Fadaexp_out/output.json
