[2026-01-13 22:14:45,960] INFO: reading parameters file: 'N_nodes33_N_layers3/N_nodes33_N_layers3.yaml'
[2026-01-13 22:14:45,969] INFO: Using seed 12345
[2026-01-13 22:14:45,969] INFO: Output will be written in N_nodes33_N_layers3_out
[2026-01-13 22:14:45,970] INFO: Building backend ibm_torino (AerSimulator)
[2026-01-13 22:14:59,294] INFO: Building problem MaxCutProblem
[2026-01-13 22:19:09,618] INFO: The problem has 33 logic qubits
[2026-01-13 22:19:09,619] INFO: Building QAOA circuit QAOACircuit with 3 layers
[2026-01-13 22:19:13,912] INFO: Transpiling QAOA circuit QAOACircuit for ibm_torino
[2026-01-13 22:44:50,701] INFO: Clifford Noise Analysis with NEAT
[2026-01-13 22:45:15,694] INFO: Ideal simulation run on Clifford circuit
[2026-01-13 22:45:17,623] INFO: Noisy simulation run on Clifford circuit
[2026-01-13 22:46:45,567] INFO: Pruned noise simulation run on Clifford circuit
[2026-01-13 22:47:11,578] INFO: Virtual QC Metrics:    {'depth': 389, '2q_gates': 2322, 'clifford_gates': 2322, 'non_clifford_gates': 1293, 't_gates': 0, 'total_gates': 3615, 'num_active_qubits': 33}
[2026-01-13 22:47:11,579] INFO: Transpiled QC Metrics: {'depth': 11438, '2q_gates': 7411, 'clifford_gates': 7411, 'non_clifford_gates': 65249, 't_gates': 0, 'total_gates': 72660, 'num_active_qubits': 33}
[2026-01-13 22:47:11,579] INFO: Clifford QC Metrics:   {'depth': 8191, '2q_gates': 5855, 'clifford_gates': 5855, 'non_clifford_gates': 48783, 't_gates': 0, 'total_gates': 54638, 'num_active_qubits': 33}
[2026-01-13 22:47:11,579] INFO: Clifford Ideal Estimator Value:  -0.009765625
[2026-01-13 22:47:11,579] INFO: Clifford Noisy Estimator Value:  1.130859375
[2026-01-13 22:47:11,579] INFO: Clifford Pruned Estimator Value: 1.130859375
[2026-01-13 22:47:11,579] INFO: Circuit creation time:       0.0827 seconds
[2026-01-13 22:47:11,579] INFO: Transpilation time:          1.0293 seconds
[2026-01-13 22:47:11,579] INFO: Clifford Transpilation time: 1.1728 seconds
[2026-01-13 22:47:11,580] INFO: Clifford Ideal Estimation time:  1.9294 seconds
[2026-01-13 22:47:11,580] INFO: Clifford Noisy Estimation time:  87.9435 seconds
[2026-01-13 22:47:11,580] INFO: Clifford Pruned Estimation time: 26.0094 seconds
[2026-01-13 22:47:11,580] INFO: ESTIMATOR PERFORMANCE RUN COMPLETED.
[2026-01-13 22:47:11,602] INFO: writing output file: N_nodes33_N_layers3_out/output.json
