[2026-05-22 16:06:41,544] INFO: reading parameters file: 'M3_P10_S444_Frichardson/M3_P10_S444_Frichardson.yaml'
[2026-05-22 16:06:41,549] INFO: Using seed 444
[2026-05-22 16:06:41,549] INFO: Output will be written in M3_P10_S444_Frichardson_out
[2026-05-22 16:06:41,550] INFO: Building backend ibm_marrakesh (AerSimulator)
[2026-05-22 16:06:55,653] INFO: Building SimpleProductionPlanningProblem
[2026-05-22 16:11:55,914] INFO: The problem has 39 logic qubits
[2026-05-22 16:11:55,931] INFO: Building AncillaQAOACircuit with 2 layers
[2026-05-22 16:11:55,985] INFO: Getting virtual circuit metrics
[2026-05-22 16:11:55,995] INFO: Transpiling AncillaQAOACircuit for ibm_marrakesh
[2026-05-22 16:11:57,476] INFO: Getting transpiled circuit metrics
[2026-05-22 16:11:57,616] INFO: Assigning random parameters to the transpiled circuit
[2026-05-22 16:11:57,633] INFO: Preparing Hamiltonian for Estimator
[2026-05-22 16:11:57,634] INFO: Clifford Noise Analysis with MNEAT
[2026-05-22 16:11:59,868] INFO: Virtual QC Metrics:    {'depth': 94, '2q_gates': 708, 'clifford_gates': 69, 'non_clifford_gates': 764, 't_gates': 0, 'total_gates': 833, 'num_active_qubits': 49}
[2026-05-22 16:11:59,868] INFO: Transpiled QC Metrics: {'depth': 3516, '2q_gates': 4827, 'clifford_gates': 16892, 'non_clifford_gates': 948, 't_gates': 12, 'total_gates': 17840, 'num_active_qubits': 52}
[2026-05-22 16:11:59,868] INFO: Clifford QC Metrics:   {'depth': 3516, '2q_gates': 4827, 'clifford_gates': 17840, 'non_clifford_gates': 0, 't_gates': 0, 'total_gates': 17840, 'num_active_qubits': 52}
[2026-05-22 16:11:59,868] INFO: Hamiltonian estimation with MNEAT on Clifford circuit
[2026-05-22 16:11:59,868] INFO: Ideal simulation run
[2026-05-22 16:12:03,470] INFO: Noisy simulation run
[2026-05-22 16:14:50,192] INFO: Mitigation simulation run with technique: zne
[2026-05-22 16:14:50,193] INFO: ZNE factory: richardson, noise_values: [1, 2, 3]
[2026-05-22 16:30:13,490] INFO: Saved ZNE factory plot to M3_P10_S444_Frichardson_out/zne_factory_fit.png
[2026-05-22 16:30:13,491] INFO: Clifford Ideal Estimator Value:       -1855.693359375
[2026-05-22 16:30:13,491] INFO: Clifford Noisy Estimator Value:       -531.3349609375
[2026-05-22 16:30:13,491] INFO: Clifford Mitigated Estimator Value:   -990.1923828125013
[2026-05-22 16:30:13,491] INFO: Error % of Noisy vs Ideal:       71.37%
[2026-05-22 16:30:13,491] INFO: Error % of Mitigated vs Ideal:   46.64%
[2026-05-22 16:30:13,491] INFO: Circuit creation time:       0.0537 seconds
[2026-05-22 16:30:13,491] INFO: Transpilation time:          1.4802 seconds
[2026-05-22 16:30:13,491] INFO: Clifford Transpilation time: 0.1063 seconds
[2026-05-22 16:30:13,491] INFO: Clifford Ideal Estimation time:       3.6023 seconds
[2026-05-22 16:30:13,491] INFO: Clifford Noisy Estimation time:       166.7219 seconds
[2026-05-22 16:30:13,491] INFO: Clifford Mitigated Estimation time:   923.0150 seconds
[2026-05-22 16:30:13,491] INFO: ESTIMATOR PERFORMANCE RUN COMPLETED.
[2026-05-22 16:30:13,517] INFO: writing output file: M3_P10_S444_Frichardson_out/output.json
