[2026-05-22 17:31:02,524] INFO: reading parameters file: 'M4_P6_S555_Frichardson/M4_P6_S555_Frichardson.yaml'
[2026-05-22 17:31:02,529] INFO: Using seed 555
[2026-05-22 17:31:02,530] INFO: Output will be written in M4_P6_S555_Frichardson_out
[2026-05-22 17:31:02,530] INFO: Building backend ibm_marrakesh (AerSimulator)
[2026-05-22 17:31:16,681] INFO: Building SimpleProductionPlanningProblem
[2026-05-22 17:31:22,796] INFO: The problem has 32 logic qubits
[2026-05-22 17:31:22,803] INFO: Building AncillaQAOACircuit with 2 layers
[2026-05-22 17:31:22,828] INFO: Getting virtual circuit metrics
[2026-05-22 17:31:22,834] INFO: Transpiling AncillaQAOACircuit for ibm_marrakesh
[2026-05-22 17:31:23,797] INFO: Getting transpiled circuit metrics
[2026-05-22 17:31:23,855] INFO: Assigning random parameters to the transpiled circuit
[2026-05-22 17:31:23,862] INFO: Preparing Hamiltonian for Estimator
[2026-05-22 17:31:23,863] INFO: Clifford Noise Analysis with MNEAT
[2026-05-22 17:31:25,915] INFO: Virtual QC Metrics:    {'depth': 83, '2q_gates': 494, 'clifford_gates': 56, 'non_clifford_gates': 538, 't_gates': 0, 'total_gates': 594, 'num_active_qubits': 38}
[2026-05-22 17:31:25,915] INFO: Transpiled QC Metrics: {'depth': 2556, '2q_gates': 2996, 'clifford_gates': 10651, 'non_clifford_gates': 653, 't_gates': 6, 'total_gates': 11304, 'num_active_qubits': 43}
[2026-05-22 17:31:25,915] INFO: Clifford QC Metrics:   {'depth': 2556, '2q_gates': 2996, 'clifford_gates': 11304, 'non_clifford_gates': 0, 't_gates': 0, 'total_gates': 11304, 'num_active_qubits': 43}
[2026-05-22 17:31:25,915] INFO: Hamiltonian estimation with MNEAT on Clifford circuit
[2026-05-22 17:31:25,915] INFO: Ideal simulation run
[2026-05-22 17:31:28,006] INFO: Noisy simulation run
[2026-05-22 17:33:19,995] INFO: Mitigation simulation run with technique: zne
[2026-05-22 17:33:19,995] INFO: ZNE factory: richardson, noise_values: [1, 2, 3]
[2026-05-22 17:43:27,864] INFO: Saved ZNE factory plot to M4_P6_S555_Frichardson_out/zne_factory_fit.png
[2026-05-22 17:43:27,864] INFO: Clifford Ideal Estimator Value:       -2571.7705078125
[2026-05-22 17:43:27,864] INFO: Clifford Noisy Estimator Value:       -1330.3671875
[2026-05-22 17:43:27,864] INFO: Clifford Mitigated Estimator Value:   -2269.0146484375014
[2026-05-22 17:43:27,864] INFO: Error % of Noisy vs Ideal:       48.27%
[2026-05-22 17:43:27,864] INFO: Error % of Mitigated vs Ideal:   11.77%
[2026-05-22 17:43:27,864] INFO: Circuit creation time:       0.0248 seconds
[2026-05-22 17:43:27,864] INFO: Transpilation time:          0.9635 seconds
[2026-05-22 17:43:27,864] INFO: Clifford Transpilation time: 0.6784 seconds
[2026-05-22 17:43:27,865] INFO: Clifford Ideal Estimation time:       2.0914 seconds
[2026-05-22 17:43:27,865] INFO: Clifford Noisy Estimation time:       111.9882 seconds
[2026-05-22 17:43:27,865] INFO: Clifford Mitigated Estimation time:   607.5735 seconds
[2026-05-22 17:43:27,865] INFO: ESTIMATOR PERFORMANCE RUN COMPLETED.
[2026-05-22 17:43:27,895] INFO: writing output file: M4_P6_S555_Frichardson_out/output.json
