[2026-05-22 15:37:10,779] INFO: reading parameters file: 'M3_P6_S444_Fadaexp/M3_P6_S444_Fadaexp.yaml'
[2026-05-22 15:37:10,784] INFO: Using seed 444
[2026-05-22 15:37:10,784] INFO: Output will be written in M3_P6_S444_Fadaexp_out
[2026-05-22 15:37:10,784] INFO: Building backend ibm_marrakesh (AerSimulator)
[2026-05-22 15:37:24,417] INFO: Building SimpleProductionPlanningProblem
[2026-05-22 15:37:27,076] INFO: The problem has 24 logic qubits
[2026-05-22 15:37:27,081] INFO: Building AncillaQAOACircuit with 2 layers
[2026-05-22 15:37:27,097] INFO: Getting virtual circuit metrics
[2026-05-22 15:37:27,100] INFO: Transpiling AncillaQAOACircuit for ibm_marrakesh
[2026-05-22 15:37:27,656] INFO: Getting transpiled circuit metrics
[2026-05-22 15:37:27,688] INFO: Assigning random parameters to the transpiled circuit
[2026-05-22 15:37:27,692] INFO: Preparing Hamiltonian for Estimator
[2026-05-22 15:37:27,692] INFO: Clifford Noise Analysis with MNEAT
[2026-05-22 15:37:28,955] INFO: Virtual QC Metrics:    {'depth': 64, '2q_gates': 312, 'clifford_gates': 42, 'non_clifford_gates': 348, 't_gates': 0, 'total_gates': 390, 'num_active_qubits': 30}
[2026-05-22 15:37:28,955] INFO: Transpiled QC Metrics: {'depth': 1704, '2q_gates': 1812, 'clifford_gates': 6496, 'non_clifford_gates': 408, 't_gates': 8, 'total_gates': 6904, 'num_active_qubits': 33}
[2026-05-22 15:37:28,955] INFO: Clifford QC Metrics:   {'depth': 1704, '2q_gates': 1812, 'clifford_gates': 6904, 'non_clifford_gates': 0, 't_gates': 0, 'total_gates': 6904, 'num_active_qubits': 33}
[2026-05-22 15:37:28,955] INFO: Hamiltonian estimation with MNEAT on Clifford circuit
[2026-05-22 15:37:28,955] INFO: Ideal simulation run
[2026-05-22 15:37:30,245] INFO: Noisy simulation run
[2026-05-22 15:38:37,846] INFO: Mitigation simulation run with technique: zne
[2026-05-22 15:38:37,846] INFO: ZNE factory: adaexp, noise_values: [1, 2, 3]
