[2026-05-22 15:38:47,057] INFO: reading parameters file: 'M3_P6_S555_Frichardson/M3_P6_S555_Frichardson.yaml'
[2026-05-22 15:38:47,062] INFO: Using seed 555
[2026-05-22 15:38:47,062] INFO: Output will be written in M3_P6_S555_Frichardson_out
[2026-05-22 15:38:47,063] INFO: Building backend ibm_marrakesh (AerSimulator)
[2026-05-22 15:39:00,868] INFO: Building SimpleProductionPlanningProblem
[2026-05-22 15:39:03,686] INFO: The problem has 24 logic qubits
[2026-05-22 15:39:03,696] INFO: Building AncillaQAOACircuit with 2 layers
[2026-05-22 15:39:03,719] INFO: Getting virtual circuit metrics
[2026-05-22 15:39:03,723] INFO: Transpiling AncillaQAOACircuit for ibm_marrakesh
[2026-05-22 15:39:04,295] INFO: Getting transpiled circuit metrics
[2026-05-22 15:39:04,345] INFO: Assigning random parameters to the transpiled circuit
[2026-05-22 15:39:04,352] INFO: Preparing Hamiltonian for Estimator
[2026-05-22 15:39:04,352] INFO: Clifford Noise Analysis with MNEAT
[2026-05-22 15:39:05,779] INFO: Virtual QC Metrics:    {'depth': 64, '2q_gates': 312, 'clifford_gates': 42, 'non_clifford_gates': 348, 't_gates': 0, 'total_gates': 390, 'num_active_qubits': 30}
[2026-05-22 15:39:05,779] INFO: Transpiled QC Metrics: {'depth': 1746, '2q_gates': 1747, 'clifford_gates': 6333, 'non_clifford_gates': 424, 't_gates': 10, 'total_gates': 6757, 'num_active_qubits': 31}
[2026-05-22 15:39:05,779] INFO: Clifford QC Metrics:   {'depth': 1746, '2q_gates': 1747, 'clifford_gates': 6757, 'non_clifford_gates': 0, 't_gates': 0, 'total_gates': 6757, 'num_active_qubits': 31}
[2026-05-22 15:39:05,779] INFO: Hamiltonian estimation with MNEAT on Clifford circuit
[2026-05-22 15:39:05,780] INFO: Ideal simulation run
[2026-05-22 15:39:06,654] INFO: Noisy simulation run
[2026-05-22 15:40:04,733] INFO: Mitigation simulation run with technique: zne
[2026-05-22 15:40:04,733] INFO: ZNE factory: richardson, noise_values: [1, 2, 3]
[2026-05-22 15:45:22,291] INFO: Saved ZNE factory plot to M3_P6_S555_Frichardson_out/zne_factory_fit.png
[2026-05-22 15:45:22,291] INFO: Clifford Ideal Estimator Value:       -920.5986328125
[2026-05-22 15:45:22,291] INFO: Clifford Noisy Estimator Value:       -458.1572265625
[2026-05-22 15:45:22,291] INFO: Clifford Mitigated Estimator Value:   -663.5136718750002
[2026-05-22 15:45:22,291] INFO: Error % of Noisy vs Ideal:       50.23%
[2026-05-22 15:45:22,291] INFO: Error % of Mitigated vs Ideal:   27.93%
[2026-05-22 15:45:22,291] INFO: Circuit creation time:       0.0228 seconds
[2026-05-22 15:45:22,291] INFO: Transpilation time:          0.5716 seconds
[2026-05-22 15:45:22,291] INFO: Clifford Transpilation time: 0.0408 seconds
[2026-05-22 15:45:22,291] INFO: Clifford Ideal Estimation time:       0.8745 seconds
[2026-05-22 15:45:22,291] INFO: Clifford Noisy Estimation time:       58.0787 seconds
[2026-05-22 15:45:22,291] INFO: Clifford Mitigated Estimation time:   316.9850 seconds
[2026-05-22 15:45:22,291] INFO: ESTIMATOR PERFORMANCE RUN COMPLETED.
[2026-05-22 15:45:22,314] INFO: writing output file: M3_P6_S555_Frichardson_out/output.json
