[2026-05-22 14:52:40,139] INFO: reading parameters file: 'M2_P10_S333_Frichardson/M2_P10_S333_Frichardson.yaml'
[2026-05-22 14:52:40,143] INFO: Using seed 333
[2026-05-22 14:52:40,143] INFO: Output will be written in M2_P10_S333_Frichardson_out
[2026-05-22 14:52:40,143] INFO: Building backend ibm_marrakesh (AerSimulator)
[2026-05-22 14:52:52,398] INFO: Building SimpleProductionPlanningProblem
[2026-05-22 14:53:48,634] INFO: The problem has 26 logic qubits
[2026-05-22 14:53:48,643] INFO: Building AncillaQAOACircuit with 2 layers
[2026-05-22 14:53:48,664] INFO: Getting virtual circuit metrics
[2026-05-22 14:53:48,668] INFO: Transpiling AncillaQAOACircuit for ibm_marrakesh
[2026-05-22 14:53:49,336] INFO: Getting transpiled circuit metrics
[2026-05-22 14:53:49,378] INFO: Assigning random parameters to the transpiled circuit
[2026-05-22 14:53:49,383] INFO: Preparing Hamiltonian for Estimator
[2026-05-22 14:53:49,384] INFO: Clifford Noise Analysis with MNEAT
[2026-05-22 14:53:50,618] INFO: Virtual QC Metrics:    {'depth': 68, '2q_gates': 402, 'clifford_gates': 56, 'non_clifford_gates': 436, 't_gates': 0, 'total_gates': 492, 'num_active_qubits': 36}
[2026-05-22 14:53:50,619] INFO: Transpiled QC Metrics: {'depth': 2114, '2q_gates': 2360, 'clifford_gates': 8312, 'non_clifford_gates': 499, 't_gates': 0, 'total_gates': 8811, 'num_active_qubits': 41}
[2026-05-22 14:53:50,619] INFO: Clifford QC Metrics:   {'depth': 2114, '2q_gates': 2360, 'clifford_gates': 8811, 'non_clifford_gates': 0, 't_gates': 0, 'total_gates': 8811, 'num_active_qubits': 41}
[2026-05-22 14:53:50,619] INFO: Hamiltonian estimation with MNEAT on Clifford circuit
[2026-05-22 14:53:50,619] INFO: Ideal simulation run
[2026-05-22 14:53:52,731] INFO: Noisy simulation run
[2026-05-22 14:55:16,342] INFO: Mitigation simulation run with technique: zne
[2026-05-22 14:55:16,342] INFO: ZNE factory: richardson, noise_values: [1, 2, 3]
[2026-05-22 15:02:50,597] INFO: Saved ZNE factory plot to M2_P10_S333_Frichardson_out/zne_factory_fit.png
[2026-05-22 15:02:50,597] INFO: Clifford Ideal Estimator Value:       -659.8935546875
[2026-05-22 15:02:50,597] INFO: Clifford Noisy Estimator Value:       -130.6025390625
[2026-05-22 15:02:50,597] INFO: Clifford Mitigated Estimator Value:   -671.4687500000018
[2026-05-22 15:02:50,597] INFO: Error % of Noisy vs Ideal:       80.21%
[2026-05-22 15:02:50,597] INFO: Error % of Mitigated vs Ideal:   1.75%
[2026-05-22 15:02:50,597] INFO: Circuit creation time:       0.0216 seconds
[2026-05-22 15:02:50,597] INFO: Transpilation time:          0.6676 seconds
[2026-05-22 15:02:50,597] INFO: Clifford Transpilation time: 0.0424 seconds
[2026-05-22 15:02:50,597] INFO: Clifford Ideal Estimation time:       2.1124 seconds
[2026-05-22 15:02:50,597] INFO: Clifford Noisy Estimation time:       83.6106 seconds
[2026-05-22 15:02:50,597] INFO: Clifford Mitigated Estimation time:   453.9732 seconds
[2026-05-22 15:02:50,597] INFO: ESTIMATOR PERFORMANCE RUN COMPLETED.
[2026-05-22 15:02:50,625] INFO: writing output file: M2_P10_S333_Frichardson_out/output.json
