[2026-05-22 17:43:37,172] INFO: reading parameters file: 'M4_P8_S333_Frichardson/M4_P8_S333_Frichardson.yaml'
[2026-05-22 17:43:37,176] INFO: Using seed 333
[2026-05-22 17:43:37,176] INFO: Output will be written in M4_P8_S333_Frichardson_out
[2026-05-22 17:43:37,177] INFO: Building backend ibm_marrakesh (AerSimulator)
[2026-05-22 17:43:51,765] INFO: Building SimpleProductionPlanningProblem
[2026-05-22 17:48:51,952] INFO: The problem has 40 logic qubits
[2026-05-22 17:48:51,962] INFO: Building AncillaQAOACircuit with 2 layers
[2026-05-22 17:48:51,996] INFO: Getting virtual circuit metrics
[2026-05-22 17:48:52,004] INFO: Transpiling AncillaQAOACircuit for ibm_marrakesh
[2026-05-22 17:48:53,445] INFO: Getting transpiled circuit metrics
[2026-05-22 17:48:53,536] INFO: Assigning random parameters to the transpiled circuit
[2026-05-22 17:48:53,546] INFO: Preparing Hamiltonian for Estimator
[2026-05-22 17:48:53,547] INFO: Clifford Noise Analysis with MNEAT
[2026-05-22 17:48:55,648] INFO: Virtual QC Metrics:    {'depth': 101, '2q_gates': 720, 'clifford_gates': 72, 'non_clifford_gates': 768, 't_gates': 0, 'total_gates': 840, 'num_active_qubits': 48}
[2026-05-22 17:48:55,648] INFO: Transpiled QC Metrics: {'depth': 3144, '2q_gates': 4781, 'clifford_gates': 16779, 'non_clifford_gates': 919, 't_gates': 10, 'total_gates': 17698, 'num_active_qubits': 51}
[2026-05-22 17:48:55,648] INFO: Clifford QC Metrics:   {'depth': 3144, '2q_gates': 4781, 'clifford_gates': 17698, 'non_clifford_gates': 0, 't_gates': 0, 'total_gates': 17698, 'num_active_qubits': 51}
[2026-05-22 17:48:55,648] INFO: Hamiltonian estimation with MNEAT on Clifford circuit
[2026-05-22 17:48:55,648] INFO: Ideal simulation run
[2026-05-22 17:48:58,925] INFO: Noisy simulation run
[2026-05-22 17:51:58,139] INFO: Mitigation simulation run with technique: zne
[2026-05-22 17:51:58,139] INFO: ZNE factory: richardson, noise_values: [1, 2, 3]
[2026-05-22 18:08:09,116] INFO: Saved ZNE factory plot to M4_P8_S333_Frichardson_out/zne_factory_fit.png
[2026-05-22 18:08:09,117] INFO: Clifford Ideal Estimator Value:       -6138.900390625
[2026-05-22 18:08:09,117] INFO: Clifford Noisy Estimator Value:       -2564.4423828125
[2026-05-22 18:08:09,117] INFO: Clifford Mitigated Estimator Value:   -6206.383789062508
[2026-05-22 18:08:09,117] INFO: Error % of Noisy vs Ideal:       58.23%
[2026-05-22 18:08:09,117] INFO: Error % of Mitigated vs Ideal:   1.10%
[2026-05-22 18:08:09,117] INFO: Circuit creation time:       0.0347 seconds
[2026-05-22 18:08:09,117] INFO: Transpilation time:          1.4408 seconds
[2026-05-22 18:08:09,117] INFO: Clifford Transpilation time: 0.0915 seconds
[2026-05-22 18:08:09,117] INFO: Clifford Ideal Estimation time:       3.2766 seconds
[2026-05-22 18:08:09,117] INFO: Clifford Noisy Estimation time:       179.2137 seconds
[2026-05-22 18:08:09,117] INFO: Clifford Mitigated Estimation time:   966.5930 seconds
[2026-05-22 18:08:09,117] INFO: ESTIMATOR PERFORMANCE RUN COMPLETED.
[2026-05-22 18:08:09,150] INFO: writing output file: M4_P8_S333_Frichardson_out/output.json
