[2026-03-04 20:24:21,552] INFO: reading parameters file: 'G15_I7_S33333/G15_I7_S33333.yaml'
[2026-03-04 20:24:21,557] INFO: Using seed 33333
[2026-03-04 20:24:21,557] INFO: Output will be written in G15_I7_S33333_out
[2026-03-04 20:24:21,557] INFO: Building backend ibm_torino (AerSimulator)
[2026-03-04 20:24:38,055] INFO: Building QGSUncProblem
[2026-03-04 20:29:52,509] INFO: The problem has 105 logic qubits
[2026-03-04 20:29:52,861] INFO: Building AncillaQAOACircuit with 3 layers
[2026-03-04 20:29:53,634] INFO: Getting virtual circuit metrics
[2026-03-04 20:29:53,963] INFO: Transpiling AncillaQAOACircuit for ibm_torino
[2026-03-04 20:30:21,427] INFO: Getting transpiled circuit metrics
[2026-03-04 20:30:26,366] INFO: Assigning random parameters to the transpiled circuit
[2026-03-04 20:30:26,455] INFO: Preparing Hamiltonian for Estimator
[2026-03-04 20:30:26,468] INFO: Clifford Noise Analysis with NEAT
[2026-03-04 20:31:11,503] INFO: Virtual QC Metrics:    {'depth': 495, '2q_gates': 18540, 'clifford_gates': 210, 'non_clifford_gates': 18675, 't_gates': 0, 'total_gates': 18885, 'num_active_qubits': 120}
[2026-03-04 20:31:11,503] INFO: Transpiled QC Metrics: {'depth': 37275, '2q_gates': 99868, 'clifford_gates': 399666, 'non_clifford_gates': 25586, 't_gates': 19, 'total_gates': 425252, 'num_active_qubits': 120}
[2026-03-04 20:31:11,503] INFO: Clifford QC Metrics:   {'depth': 20480, '2q_gates': 66429, 'clifford_gates': 268374, 'non_clifford_gates': 2233, 't_gates': 41, 'total_gates': 270607, 'num_active_qubits': 120}
[2026-03-04 20:31:11,503] INFO: Ideal simulation run on Clifford circuit
[2026-03-04 20:35:53,536] INFO: Noisy simulation run on Clifford circuit
[2026-03-04 20:35:53,537] INFO: Full noise simulation run on Clifford circuit
[2026-03-04 21:18:09,679] INFO: Clifford Ideal Estimator Value:  0.5234472191846244
[2026-03-04 21:18:09,680] INFO: Clifford Noisy Estimator Value:  0.3167532499471374
[2026-03-04 21:18:09,680] INFO: Circuit creation time:       0.7725 seconds
[2026-03-04 21:18:09,681] INFO: Transpilation time:          27.4641 seconds
[2026-03-04 21:18:09,681] INFO: Clifford Transpilation time: 40.5005 seconds
[2026-03-04 21:18:09,681] INFO: Clifford Ideal Estimation time:  282.0334 seconds
[2026-03-04 21:18:09,681] INFO: Clifford Noisy Estimation time:  2536.1424 seconds
[2026-03-04 21:18:09,681] INFO: ESTIMATOR PERFORMANCE RUN COMPLETED.
[2026-03-04 21:18:09,701] INFO: writing output file: G15_I7_S33333_out/output.json
