[2026-05-22 14:48:39,585] INFO: reading parameters file: 'M2_P10_S111_Frichardson/M2_P10_S111_Frichardson.yaml'
[2026-05-22 14:48:39,591] INFO: Using seed 111
[2026-05-22 14:48:39,591] INFO: Output will be written in M2_P10_S111_Frichardson_out
[2026-05-22 14:48:39,592] INFO: Building backend ibm_marrakesh (AerSimulator)
[2026-05-22 14:48:51,578] INFO: Building SimpleProductionPlanningProblem
[2026-05-22 14:49:54,224] INFO: The problem has 26 logic qubits
[2026-05-22 14:49:54,232] INFO: Building AncillaQAOACircuit with 2 layers
[2026-05-22 14:49:54,252] INFO: Getting virtual circuit metrics
[2026-05-22 14:49:54,255] INFO: Transpiling AncillaQAOACircuit for ibm_marrakesh
[2026-05-22 14:49:54,961] INFO: Getting transpiled circuit metrics
[2026-05-22 14:49:55,001] INFO: Assigning random parameters to the transpiled circuit
[2026-05-22 14:49:55,006] INFO: Preparing Hamiltonian for Estimator
[2026-05-22 14:49:55,007] INFO: Clifford Noise Analysis with MNEAT
[2026-05-22 14:49:56,204] INFO: Virtual QC Metrics:    {'depth': 68, '2q_gates': 402, 'clifford_gates': 56, 'non_clifford_gates': 436, 't_gates': 0, 'total_gates': 492, 'num_active_qubits': 36}
[2026-05-22 14:49:56,204] INFO: Transpiled QC Metrics: {'depth': 2031, '2q_gates': 2356, 'clifford_gates': 8402, 'non_clifford_gates': 513, 't_gates': 0, 'total_gates': 8915, 'num_active_qubits': 41}
[2026-05-22 14:49:56,204] INFO: Clifford QC Metrics:   {'depth': 2031, '2q_gates': 2356, 'clifford_gates': 8915, 'non_clifford_gates': 0, 't_gates': 0, 'total_gates': 8915, 'num_active_qubits': 41}
[2026-05-22 14:49:56,204] INFO: Hamiltonian estimation with MNEAT on Clifford circuit
[2026-05-22 14:49:56,205] INFO: Ideal simulation run
[2026-05-22 14:49:58,245] INFO: Noisy simulation run
[2026-05-22 14:51:21,759] INFO: Mitigation simulation run with technique: zne
[2026-05-22 14:51:21,759] INFO: ZNE factory: richardson, noise_values: [1, 2, 3]
[2026-05-22 14:58:56,648] INFO: Saved ZNE factory plot to M2_P10_S111_Frichardson_out/zne_factory_fit.png
[2026-05-22 14:58:56,648] INFO: Clifford Ideal Estimator Value:       -495.3544921875
[2026-05-22 14:58:56,649] INFO: Clifford Noisy Estimator Value:       -137.68359375
[2026-05-22 14:58:56,649] INFO: Clifford Mitigated Estimator Value:   -343.4921875000007
[2026-05-22 14:58:56,649] INFO: Error % of Noisy vs Ideal:       72.21%
[2026-05-22 14:58:56,649] INFO: Error % of Mitigated vs Ideal:   30.66%
[2026-05-22 14:58:56,649] INFO: Circuit creation time:       0.0198 seconds
[2026-05-22 14:58:56,649] INFO: Transpilation time:          0.7054 seconds
[2026-05-22 14:58:56,649] INFO: Clifford Transpilation time: 0.0422 seconds
[2026-05-22 14:58:56,649] INFO: Clifford Ideal Estimation time:       2.0406 seconds
[2026-05-22 14:58:56,649] INFO: Clifford Noisy Estimation time:       83.5133 seconds
[2026-05-22 14:58:56,649] INFO: Clifford Mitigated Estimation time:   454.5833 seconds
[2026-05-22 14:58:56,649] INFO: ESTIMATOR PERFORMANCE RUN COMPLETED.
[2026-05-22 14:58:56,676] INFO: writing output file: M2_P10_S111_Frichardson_out/output.json
