[2026-01-14 10:14:04,129] INFO: reading parameters file: 'N_nodes6_N_layers3/N_nodes6_N_layers3.yaml'
[2026-01-14 10:14:04,130] INFO: Using seed 12345
[2026-01-14 10:14:04,130] INFO: Output will be written in N_nodes6_N_layers3_out
[2026-01-14 10:14:04,131] INFO: Building backend ibm_torino (AerSimulator)
[2026-01-14 10:14:12,535] INFO: Building MaxCutProblem
[2026-01-14 10:14:12,550] INFO: The problem has 6 logic qubits
[2026-01-14 10:14:12,550] INFO: Building QAOACircuit with 3 layers
[2026-01-14 10:14:12,567] INFO: Transpiling QAOACircuit for ibm_torino
[2026-01-14 10:14:12,808] INFO: Preparing Hamiltonian for Estimator
[2026-01-14 10:14:12,809] INFO: Building pruned noise model
[2026-01-14 10:14:12,821] INFO: Clifford Noise Analysis with NEAT
[2026-01-14 10:14:13,128] INFO: Ideal simulation run on Clifford circuit
[2026-01-14 10:14:13,201] INFO: Noisy simulation run on Clifford circuit
[2026-01-14 10:14:14,244] INFO: Pruned noise simulation run on Clifford circuit
[2026-01-14 10:14:14,362] INFO: Virtual QC Metrics:    {'depth': 65, '2q_gates': 78, 'clifford_gates': 78, 'non_clifford_gates': 63, 't_gates': 0, 'total_gates': 141, 'num_active_qubits': 6}
[2026-01-14 10:14:14,362] INFO: Transpiled QC Metrics: {'depth': 882, '2q_gates': 161, 'clifford_gates': 161, 'non_clifford_gates': 1440, 't_gates': 0, 'total_gates': 1601, 'num_active_qubits': 6}
[2026-01-14 10:14:14,362] INFO: Clifford QC Metrics:   {'depth': 404, '2q_gates': 105, 'clifford_gates': 105, 'non_clifford_gates': 796, 't_gates': 0, 'total_gates': 901, 'num_active_qubits': 6}
[2026-01-14 10:14:14,362] INFO: Clifford Ideal Estimator Value:  -0.009765625
[2026-01-14 10:14:14,362] INFO: Clifford Noisy Estimator Value:  -0.056640625
[2026-01-14 10:14:14,362] INFO: Clifford Pruned Estimator Value: -0.056640625
[2026-01-14 10:14:14,362] INFO: Circuit creation time:       0.0010 seconds
[2026-01-14 10:14:14,362] INFO: Transpilation time:          0.0206 seconds
[2026-01-14 10:14:14,362] INFO: Clifford Transpilation time: 0.0137 seconds
[2026-01-14 10:14:14,362] INFO: Clifford Ideal Estimation time:  0.0732 seconds
[2026-01-14 10:14:14,362] INFO: Clifford Noisy Estimation time:  1.0429 seconds
[2026-01-14 10:14:14,362] INFO: Clifford Pruned Estimation time: 0.1172 seconds
[2026-01-14 10:14:14,362] INFO: ESTIMATOR PERFORMANCE RUN COMPLETED.
[2026-01-14 10:14:14,366] INFO: writing output file: N_nodes6_N_layers3_out/output.json
