[2026-03-04 17:03:31,555] INFO: reading parameters file: 'G7_I9_S44444/G7_I9_S44444.yaml'
[2026-03-04 17:03:31,571] INFO: Using seed 44444
[2026-03-04 17:03:31,572] INFO: Output will be written in G7_I9_S44444_out
[2026-03-04 17:03:31,572] INFO: Building backend ibm_torino (AerSimulator)
[2026-03-04 17:03:45,004] INFO: Building QGSUncProblem
[2026-03-04 17:08:47,060] INFO: The problem has 63 logic qubits
[2026-03-04 17:08:47,179] INFO: Building AncillaQAOACircuit with 3 layers
[2026-03-04 17:08:47,451] INFO: Getting virtual circuit metrics
[2026-03-04 17:08:47,575] INFO: Transpiling AncillaQAOACircuit for ibm_torino
[2026-03-04 17:08:56,441] INFO: Getting transpiled circuit metrics
[2026-03-04 17:08:58,313] INFO: Assigning random parameters to the transpiled circuit
[2026-03-04 17:08:58,341] INFO: Preparing Hamiltonian for Estimator
[2026-03-04 17:08:58,344] INFO: Clifford Noise Analysis with NEAT
[2026-03-04 17:09:10,629] INFO: Virtual QC Metrics:    {'depth': 351, '2q_gates': 7539, 'clifford_gates': 126, 'non_clifford_gates': 7616, 't_gates': 0, 'total_gates': 7742, 'num_active_qubits': 70}
[2026-03-04 17:09:10,629] INFO: Transpiled QC Metrics: {'depth': 19189, '2q_gates': 39643, 'clifford_gates': 160522, 'non_clifford_gates': 10648, 't_gates': 8, 'total_gates': 171170, 'num_active_qubits': 71}
[2026-03-04 17:09:10,629] INFO: Clifford QC Metrics:   {'depth': 9262, '2q_gates': 23706, 'clifford_gates': 95117, 'non_clifford_gates': 34, 't_gates': 0, 'total_gates': 95151, 'num_active_qubits': 71}
[2026-03-04 17:09:10,629] INFO: Ideal simulation run on Clifford circuit
[2026-03-04 17:09:48,308] INFO: Noisy simulation run on Clifford circuit
[2026-03-04 17:09:48,308] INFO: Full noise simulation run on Clifford circuit
[2026-03-04 17:23:31,600] INFO: Clifford Ideal Estimator Value:  2.805673611968029
[2026-03-04 17:23:31,601] INFO: Clifford Noisy Estimator Value:  -0.3129059545975402
[2026-03-04 17:23:31,601] INFO: Circuit creation time:       0.2725 seconds
[2026-03-04 17:23:31,601] INFO: Transpilation time:          8.8654 seconds
[2026-03-04 17:23:31,601] INFO: Clifford Transpilation time: 10.0055 seconds
[2026-03-04 17:23:31,601] INFO: Clifford Ideal Estimation time:  37.6785 seconds
[2026-03-04 17:23:31,601] INFO: Clifford Noisy Estimation time:  823.2915 seconds
[2026-03-04 17:23:31,601] INFO: ESTIMATOR PERFORMANCE RUN COMPLETED.
[2026-03-04 17:23:31,622] INFO: writing output file: G7_I9_S44444_out/output.json
