[2026-05-22 15:09:50,380] INFO: reading parameters file: 'M2_P12_S333_Frichardson/M2_P12_S333_Frichardson.yaml'
[2026-05-22 15:09:50,385] INFO: Using seed 333
[2026-05-22 15:09:50,385] INFO: Output will be written in M2_P12_S333_Frichardson_out
[2026-05-22 15:09:50,385] INFO: Building backend ibm_marrakesh (AerSimulator)
[2026-05-22 15:10:05,012] INFO: Building SimpleProductionPlanningProblem
[2026-05-22 15:15:05,228] INFO: The problem has 30 logic qubits
[2026-05-22 15:15:05,238] INFO: Building AncillaQAOACircuit with 2 layers
[2026-05-22 15:15:05,268] INFO: Getting virtual circuit metrics
[2026-05-22 15:15:05,273] INFO: Transpiling AncillaQAOACircuit for ibm_marrakesh
[2026-05-22 15:15:06,324] INFO: Getting transpiled circuit metrics
[2026-05-22 15:15:06,388] INFO: Assigning random parameters to the transpiled circuit
[2026-05-22 15:15:06,395] INFO: Preparing Hamiltonian for Estimator
[2026-05-22 15:15:06,396] INFO: Clifford Noise Analysis with MNEAT
[2026-05-22 15:15:08,472] INFO: Virtual QC Metrics:    {'depth': 78, '2q_gates': 528, 'clifford_gates': 66, 'non_clifford_gates': 564, 't_gates': 0, 'total_gates': 630, 'num_active_qubits': 42}
[2026-05-22 15:15:08,472] INFO: Transpiled QC Metrics: {'depth': 2974, '2q_gates': 3346, 'clifford_gates': 11726, 'non_clifford_gates': 636, 't_gates': 0, 'total_gates': 12362, 'num_active_qubits': 44}
[2026-05-22 15:15:08,472] INFO: Clifford QC Metrics:   {'depth': 2974, '2q_gates': 3346, 'clifford_gates': 12362, 'non_clifford_gates': 0, 't_gates': 0, 'total_gates': 12362, 'num_active_qubits': 44}
[2026-05-22 15:15:08,472] INFO: Hamiltonian estimation with MNEAT on Clifford circuit
[2026-05-22 15:15:08,472] INFO: Ideal simulation run
[2026-05-22 15:15:10,948] INFO: Noisy simulation run
[2026-05-22 15:17:14,029] INFO: Mitigation simulation run with technique: zne
[2026-05-22 15:17:14,029] INFO: ZNE factory: richardson, noise_values: [1, 2, 3]
[2026-05-22 15:28:20,456] INFO: Saved ZNE factory plot to M2_P12_S333_Frichardson_out/zne_factory_fit.png
[2026-05-22 15:28:20,456] INFO: Clifford Ideal Estimator Value:       -815.15625
[2026-05-22 15:28:20,456] INFO: Clifford Noisy Estimator Value:       -233.65625
[2026-05-22 15:28:20,456] INFO: Clifford Mitigated Estimator Value:   -984.3623046875018
[2026-05-22 15:28:20,456] INFO: Error % of Noisy vs Ideal:       71.34%
[2026-05-22 15:28:20,456] INFO: Error % of Mitigated vs Ideal:   20.76%
[2026-05-22 15:28:20,456] INFO: Circuit creation time:       0.0296 seconds
[2026-05-22 15:28:20,457] INFO: Transpilation time:          1.0514 seconds
[2026-05-22 15:28:20,457] INFO: Clifford Transpilation time: 0.0658 seconds
[2026-05-22 15:28:20,457] INFO: Clifford Ideal Estimation time:       2.4759 seconds
[2026-05-22 15:28:20,457] INFO: Clifford Noisy Estimation time:       123.0803 seconds
[2026-05-22 15:28:20,457] INFO: Clifford Mitigated Estimation time:   666.1663 seconds
[2026-05-22 15:28:20,457] INFO: ESTIMATOR PERFORMANCE RUN COMPLETED.
[2026-05-22 15:28:20,487] INFO: writing output file: M2_P12_S333_Frichardson_out/output.json
