[2026-05-22 16:28:46,730] INFO: reading parameters file: 'M3_P12_S111_Fadaexp/M3_P12_S111_Fadaexp.yaml'
[2026-05-22 16:28:46,734] INFO: Using seed 111
[2026-05-22 16:28:46,734] INFO: Output will be written in M3_P12_S111_Fadaexp_out
[2026-05-22 16:28:46,735] INFO: Building backend ibm_marrakesh (AerSimulator)
[2026-05-22 16:28:59,689] INFO: Building SimpleProductionPlanningProblem
[2026-05-22 16:33:59,912] INFO: The problem has 45 logic qubits
[2026-05-22 16:33:59,925] INFO: Building AncillaQAOACircuit with 2 layers
[2026-05-22 16:33:59,967] INFO: Getting virtual circuit metrics
[2026-05-22 16:33:59,975] INFO: Transpiling AncillaQAOACircuit for ibm_marrakesh
[2026-05-22 16:34:01,635] INFO: Getting transpiled circuit metrics
[2026-05-22 16:34:01,745] INFO: Assigning random parameters to the transpiled circuit
[2026-05-22 16:34:01,756] INFO: Preparing Hamiltonian for Estimator
[2026-05-22 16:34:01,757] INFO: Clifford Noise Analysis with MNEAT
[2026-05-22 16:34:03,682] INFO: Virtual QC Metrics:    {'depth': 108, '2q_gates': 918, 'clifford_gates': 81, 'non_clifford_gates': 978, 't_gates': 0, 'total_gates': 1059, 'num_active_qubits': 57}
[2026-05-22 16:34:03,682] INFO: Transpiled QC Metrics: {'depth': 4230, '2q_gates': 6385, 'clifford_gates': 22298, 'non_clifford_gates': 1191, 't_gates': 15, 'total_gates': 23489, 'num_active_qubits': 60}
[2026-05-22 16:34:03,682] INFO: Clifford QC Metrics:   {'depth': 4230, '2q_gates': 6385, 'clifford_gates': 23489, 'non_clifford_gates': 0, 't_gates': 0, 'total_gates': 23489, 'num_active_qubits': 60}
[2026-05-22 16:34:03,682] INFO: Hamiltonian estimation with MNEAT on Clifford circuit
[2026-05-22 16:34:03,682] INFO: Ideal simulation run
[2026-05-22 16:34:09,128] INFO: Noisy simulation run
[2026-05-22 16:38:17,862] INFO: Mitigation simulation run with technique: zne
[2026-05-22 16:38:17,862] INFO: ZNE factory: adaexp, noise_values: [1, 2, 3]
[2026-05-22 17:21:35,947] INFO: Saved ZNE factory plot to M3_P12_S111_Fadaexp_out/zne_factory_fit.png
[2026-05-22 17:21:35,947] INFO: Clifford Ideal Estimator Value:       -4138.5322265625
[2026-05-22 17:21:35,947] INFO: Clifford Noisy Estimator Value:       -744.4921875
[2026-05-22 17:21:35,947] INFO: Clifford Mitigated Estimator Value:   -1353.883643276554
[2026-05-22 17:21:35,947] INFO: Error % of Noisy vs Ideal:       82.01%
[2026-05-22 17:21:35,947] INFO: Error % of Mitigated vs Ideal:   67.29%
[2026-05-22 17:21:35,947] INFO: Circuit creation time:       0.0418 seconds
[2026-05-22 17:21:35,947] INFO: Transpilation time:          1.6595 seconds
[2026-05-22 17:21:35,947] INFO: Clifford Transpilation time: 0.1116 seconds
[2026-05-22 17:21:35,947] INFO: Clifford Ideal Estimation time:       5.4459 seconds
[2026-05-22 17:21:35,947] INFO: Clifford Noisy Estimation time:       248.7331 seconds
[2026-05-22 17:21:35,947] INFO: Clifford Mitigated Estimation time:   2597.8581 seconds
[2026-05-22 17:21:35,947] INFO: ESTIMATOR PERFORMANCE RUN COMPLETED.
[2026-05-22 17:21:35,974] INFO: writing output file: M3_P12_S111_Fadaexp_out/output.json
