[2026-01-14 01:04:06,725] INFO: reading parameters file: 'N_nodes39_N_layers2/N_nodes39_N_layers2.yaml'
[2026-01-14 01:04:06,734] INFO: Using seed 12345
[2026-01-14 01:04:06,734] INFO: Output will be written in N_nodes39_N_layers2_out
[2026-01-14 01:04:06,735] INFO: Building backend ibm_torino (AerSimulator)
[2026-01-14 01:04:20,230] INFO: Building MaxCutProblem
[2026-01-14 01:09:21,038] INFO: The problem has 39 logic qubits
[2026-01-14 01:09:21,040] INFO: Building QAOACircuit with 2 layers
[2026-01-14 01:09:23,910] INFO: Transpiling QAOACircuit for ibm_torino
[2026-01-14 01:28:58,343] INFO: Preparing Hamiltonian for Estimator
[2026-01-14 01:28:58,344] INFO: Building pruned noise model
[2026-01-14 01:28:58,830] INFO: Clifford Noise Analysis with NEAT
[2026-01-14 01:29:22,088] INFO: Ideal simulation run on Clifford circuit
[2026-01-14 01:29:24,536] INFO: Noisy simulation run on Clifford circuit
[2026-01-14 01:30:49,506] INFO: Pruned noise simulation run on Clifford circuit
[2026-01-14 01:31:21,365] INFO: Virtual QC Metrics:    {'depth': 331, '2q_gates': 2116, 'clifford_gates': 2116, 'non_clifford_gates': 1175, 't_gates': 0, 'total_gates': 3291, 'num_active_qubits': 39}
[2026-01-14 01:31:21,366] INFO: Transpiled QC Metrics: {'depth': 10914, '2q_gates': 6695, 'clifford_gates': 6695, 'non_clifford_gates': 58498, 't_gates': 0, 'total_gates': 65193, 'num_active_qubits': 42}
[2026-01-14 01:31:21,366] INFO: Clifford QC Metrics:   {'depth': 8139, '2q_gates': 5579, 'clifford_gates': 5579, 'non_clifford_gates': 45849, 't_gates': 0, 'total_gates': 51428, 'num_active_qubits': 42}
[2026-01-14 01:31:21,366] INFO: Clifford Ideal Estimator Value:  -0.4404296875
[2026-01-14 01:31:21,366] INFO: Clifford Noisy Estimator Value:  -0.234375
[2026-01-14 01:31:21,366] INFO: Clifford Pruned Estimator Value: -0.234375
[2026-01-14 01:31:21,367] INFO: Circuit creation time:       0.0449 seconds
[2026-01-14 01:31:21,367] INFO: Transpilation time:          1.0017 seconds
[2026-01-14 01:31:21,367] INFO: Clifford Transpilation time: 0.9159 seconds
[2026-01-14 01:31:21,367] INFO: Clifford Ideal Estimation time:  2.4482 seconds
[2026-01-14 01:31:21,367] INFO: Clifford Noisy Estimation time:  84.9691 seconds
[2026-01-14 01:31:21,367] INFO: Clifford Pruned Estimation time: 31.8586 seconds
[2026-01-14 01:31:21,367] INFO: ESTIMATOR PERFORMANCE RUN COMPLETED.
[2026-01-14 01:31:21,386] INFO: writing output file: N_nodes39_N_layers2_out/output.json
