[2026-05-22 18:04:05,380] INFO: reading parameters file: 'M4_P8_S555_Fadaexp/M4_P8_S555_Fadaexp.yaml'
[2026-05-22 18:04:05,510] INFO: Using seed 555
[2026-05-22 18:04:05,512] INFO: Output will be written in M4_P8_S555_Fadaexp_out
[2026-05-22 18:04:05,513] INFO: Building backend ibm_marrakesh (AerSimulator)
[2026-05-22 18:04:32,266] INFO: Building SimpleProductionPlanningProblem
[2026-05-22 18:09:32,729] INFO: The problem has 40 logic qubits
[2026-05-22 18:09:32,743] INFO: Building AncillaQAOACircuit with 2 layers
[2026-05-22 18:09:32,791] INFO: Getting virtual circuit metrics
[2026-05-22 18:09:32,801] INFO: Transpiling AncillaQAOACircuit for ibm_marrakesh
[2026-05-22 18:09:34,643] INFO: Getting transpiled circuit metrics
[2026-05-22 18:09:34,732] INFO: Assigning random parameters to the transpiled circuit
[2026-05-22 18:09:34,746] INFO: Preparing Hamiltonian for Estimator
[2026-05-22 18:09:34,747] INFO: Clifford Noise Analysis with MNEAT
[2026-05-22 18:09:36,752] INFO: Virtual QC Metrics:    {'depth': 101, '2q_gates': 720, 'clifford_gates': 72, 'non_clifford_gates': 768, 't_gates': 0, 'total_gates': 840, 'num_active_qubits': 48}
[2026-05-22 18:09:36,753] INFO: Transpiled QC Metrics: {'depth': 3320, '2q_gates': 4674, 'clifford_gates': 16639, 'non_clifford_gates': 960, 't_gates': 10, 'total_gates': 17599, 'num_active_qubits': 51}
[2026-05-22 18:09:36,753] INFO: Clifford QC Metrics:   {'depth': 3320, '2q_gates': 4674, 'clifford_gates': 17599, 'non_clifford_gates': 0, 't_gates': 0, 'total_gates': 17599, 'num_active_qubits': 51}
[2026-05-22 18:09:36,753] INFO: Hamiltonian estimation with MNEAT on Clifford circuit
[2026-05-22 18:09:36,753] INFO: Ideal simulation run
[2026-05-22 18:09:39,805] INFO: Noisy simulation run
[2026-05-22 18:12:16,148] INFO: Mitigation simulation run with technique: zne
[2026-05-22 18:12:16,149] INFO: ZNE factory: adaexp, noise_values: [1, 2, 3]
[2026-05-22 18:35:08,925] INFO: Saved ZNE factory plot to M4_P8_S555_Fadaexp_out/zne_factory_fit.png
[2026-05-22 18:35:08,925] INFO: Clifford Ideal Estimator Value:       -4796.7900390625
[2026-05-22 18:35:08,925] INFO: Clifford Noisy Estimator Value:       -2420.814453125
[2026-05-22 18:35:08,925] INFO: Clifford Mitigated Estimator Value:   -5133.356793288952
[2026-05-22 18:35:08,925] INFO: Error % of Noisy vs Ideal:       49.53%
[2026-05-22 18:35:08,926] INFO: Error % of Mitigated vs Ideal:   7.02%
[2026-05-22 18:35:08,926] INFO: Circuit creation time:       0.0477 seconds
[2026-05-22 18:35:08,926] INFO: Transpilation time:          1.8417 seconds
[2026-05-22 18:35:08,926] INFO: Clifford Transpilation time: 0.0939 seconds
[2026-05-22 18:35:08,926] INFO: Clifford Ideal Estimation time:       3.0526 seconds
[2026-05-22 18:35:08,926] INFO: Clifford Noisy Estimation time:       156.3424 seconds
[2026-05-22 18:35:08,926] INFO: Clifford Mitigated Estimation time:   1372.3795 seconds
[2026-05-22 18:35:08,926] INFO: ESTIMATOR PERFORMANCE RUN COMPLETED.
[2026-05-22 18:35:08,950] INFO: writing output file: M4_P8_S555_Fadaexp_out/output.json
