[2026-03-02 14:22:32,259] INFO: reading parameters file: 'Groups9_Instruments7_Layers3/Groups9_Instruments7_Layers3.yaml'
[2026-03-02 14:22:32,262] INFO: Using seed 12345
[2026-03-02 14:22:32,263] INFO: Output will be written in Groups9_Instruments7_Layers3_out
[2026-03-02 14:22:32,263] INFO: Building backend ibm_torino (AerSimulator)
[2026-03-02 14:22:42,458] INFO: Building QGSUncProblem
[2026-03-02 14:27:43,597] INFO: The problem has 63 logic qubits
[2026-03-02 14:27:43,652] INFO: Building AncillaQAOACircuit with 3 layers
[2026-03-02 14:27:43,770] INFO: Getting virtual circuit metrics
[2026-03-02 14:27:43,829] INFO: Transpiling AncillaQAOACircuit for ibm_torino
[2026-03-02 14:27:51,161] INFO: Getting transpiled circuit metrics
[2026-03-02 14:27:51,989] INFO: Assigning random parameters to the transpiled circuit
[2026-03-02 14:27:52,011] INFO: Preparing Hamiltonian for Estimator
[2026-03-02 14:27:52,014] INFO: Clifford Noise Analysis with NEAT
[2026-03-02 14:28:02,184] INFO: Virtual QC Metrics:    {'depth': 327, '2q_gates': 7155, 'clifford_gates': 126, 'non_clifford_gates': 7236, 't_gates': 0, 'total_gates': 7362, 'num_active_qubits': 72}
[2026-03-02 14:28:02,185] INFO: Transpiled QC Metrics: {'depth': 21823, '2q_gates': 36471, 'clifford_gates': 143857, 'non_clifford_gates': 10560, 't_gates': 13, 'total_gates': 154417, 'num_active_qubits': 72}
[2026-03-02 14:28:02,185] INFO: Clifford QC Metrics:   {'depth': 9729, '2q_gates': 22420, 'clifford_gates': 86448, 'non_clifford_gates': 662, 't_gates': 4, 'total_gates': 87110, 'num_active_qubits': 72}
[2026-03-02 14:28:02,185] INFO: Ideal simulation run on Clifford circuit
[2026-03-02 14:28:35,351] INFO: Noisy simulation run on Clifford circuit
[2026-03-02 14:28:35,351] INFO: Full noise simulation run on Clifford circuit
[2026-03-02 14:40:56,208] INFO: Clifford Ideal Estimator Value:  -0.945120937666629
[2026-03-02 14:40:56,208] INFO: Clifford Noisy Estimator Value:  0.024624965950150644
[2026-03-02 14:40:56,209] INFO: Circuit creation time:       0.1182 seconds
[2026-03-02 14:40:56,209] INFO: Transpilation time:          7.3315 seconds
[2026-03-02 14:40:56,209] INFO: Clifford Transpilation time: 8.8735 seconds
[2026-03-02 14:40:56,209] INFO: Clifford Ideal Estimation time:  33.1660 seconds
[2026-03-02 14:40:56,209] INFO: Clifford Noisy Estimation time:  740.8562 seconds
[2026-03-02 14:40:56,209] INFO: ESTIMATOR PERFORMANCE RUN COMPLETED.
[2026-03-02 14:40:56,227] INFO: writing output file: Groups9_Instruments7_Layers3_out/output.json
