[2026-05-22 17:29:01,596] INFO: reading parameters file: 'M4_P6_S444_Frichardson/M4_P6_S444_Frichardson.yaml'
[2026-05-22 17:29:01,601] INFO: Using seed 444
[2026-05-22 17:29:01,602] INFO: Output will be written in M4_P6_S444_Frichardson_out
[2026-05-22 17:29:01,602] INFO: Building backend ibm_marrakesh (AerSimulator)
[2026-05-22 17:29:15,284] INFO: Building SimpleProductionPlanningProblem
[2026-05-22 17:29:21,551] INFO: The problem has 32 logic qubits
[2026-05-22 17:29:21,559] INFO: Building AncillaQAOACircuit with 2 layers
[2026-05-22 17:29:21,584] INFO: Getting virtual circuit metrics
[2026-05-22 17:29:21,590] INFO: Transpiling AncillaQAOACircuit for ibm_marrakesh
[2026-05-22 17:29:22,465] INFO: Getting transpiled circuit metrics
[2026-05-22 17:29:22,524] INFO: Assigning random parameters to the transpiled circuit
[2026-05-22 17:29:22,531] INFO: Preparing Hamiltonian for Estimator
[2026-05-22 17:29:22,531] INFO: Clifford Noise Analysis with MNEAT
[2026-05-22 17:29:24,429] INFO: Virtual QC Metrics:    {'depth': 83, '2q_gates': 494, 'clifford_gates': 56, 'non_clifford_gates': 538, 't_gates': 0, 'total_gates': 594, 'num_active_qubits': 38}
[2026-05-22 17:29:24,429] INFO: Transpiled QC Metrics: {'depth': 2288, '2q_gates': 3003, 'clifford_gates': 10660, 'non_clifford_gates': 613, 't_gates': 7, 'total_gates': 11273, 'num_active_qubits': 40}
[2026-05-22 17:29:24,429] INFO: Clifford QC Metrics:   {'depth': 2288, '2q_gates': 3003, 'clifford_gates': 11273, 'non_clifford_gates': 0, 't_gates': 0, 'total_gates': 11273, 'num_active_qubits': 40}
[2026-05-22 17:29:24,429] INFO: Hamiltonian estimation with MNEAT on Clifford circuit
[2026-05-22 17:29:24,429] INFO: Ideal simulation run
[2026-05-22 17:29:26,035] INFO: Noisy simulation run
[2026-05-22 17:31:16,152] INFO: Mitigation simulation run with technique: zne
[2026-05-22 17:31:16,152] INFO: ZNE factory: richardson, noise_values: [1, 2, 3]
[2026-05-22 17:41:17,763] INFO: Saved ZNE factory plot to M4_P6_S444_Frichardson_out/zne_factory_fit.png
[2026-05-22 17:41:17,763] INFO: Clifford Ideal Estimator Value:       -1975.2470703125
[2026-05-22 17:41:17,763] INFO: Clifford Noisy Estimator Value:       -1117.6923828125
[2026-05-22 17:41:17,763] INFO: Clifford Mitigated Estimator Value:   -2016.3662109375016
[2026-05-22 17:41:17,763] INFO: Error % of Noisy vs Ideal:       43.42%
[2026-05-22 17:41:17,763] INFO: Error % of Mitigated vs Ideal:   2.08%
[2026-05-22 17:41:17,763] INFO: Circuit creation time:       0.0246 seconds
[2026-05-22 17:41:17,763] INFO: Transpilation time:          0.8755 seconds
[2026-05-22 17:41:17,763] INFO: Clifford Transpilation time: 0.6021 seconds
[2026-05-22 17:41:17,763] INFO: Clifford Ideal Estimation time:       1.6059 seconds
[2026-05-22 17:41:17,763] INFO: Clifford Noisy Estimation time:       110.1168 seconds
[2026-05-22 17:41:17,763] INFO: Clifford Mitigated Estimation time:   601.2445 seconds
[2026-05-22 17:41:17,763] INFO: ESTIMATOR PERFORMANCE RUN COMPLETED.
[2026-05-22 17:41:17,793] INFO: writing output file: M4_P6_S444_Frichardson_out/output.json
