[2026-03-04 19:43:58,676] INFO: reading parameters file: 'G15_I3_S11111/G15_I3_S11111.yaml'
[2026-03-04 19:43:58,679] INFO: Using seed 11111
[2026-03-04 19:43:58,680] INFO: Output will be written in G15_I3_S11111_out
[2026-03-04 19:43:58,680] INFO: Building backend ibm_torino (AerSimulator)
[2026-03-04 19:44:10,377] INFO: Building QGSUncProblem
[2026-03-04 19:45:35,972] INFO: The problem has 45 logic qubits
[2026-03-04 19:45:36,006] INFO: Building AncillaQAOACircuit with 3 layers
[2026-03-04 19:45:36,075] INFO: Getting virtual circuit metrics
[2026-03-04 19:45:36,110] INFO: Transpiling AncillaQAOACircuit for ibm_torino
[2026-03-04 19:45:40,000] INFO: Getting transpiled circuit metrics
[2026-03-04 19:45:40,449] INFO: Assigning random parameters to the transpiled circuit
[2026-03-04 19:45:40,459] INFO: Preparing Hamiltonian for Estimator
[2026-03-04 19:45:40,461] INFO: Clifford Noise Analysis with NEAT
[2026-03-04 19:45:45,720] INFO: Virtual QC Metrics:    {'depth': 209, '2q_gates': 3330, 'clifford_gates': 90, 'non_clifford_gates': 3405, 't_gates': 0, 'total_gates': 3495, 'num_active_qubits': 60}
[2026-03-04 19:45:45,720] INFO: Transpiled QC Metrics: {'depth': 8257, '2q_gates': 16908, 'clifford_gates': 66254, 'non_clifford_gates': 4604, 't_gates': 19, 'total_gates': 70858, 'num_active_qubits': 60}
[2026-03-04 19:45:45,720] INFO: Clifford QC Metrics:   {'depth': 3920, '2q_gates': 10549, 'clifford_gates': 40287, 'non_clifford_gates': 309, 't_gates': 2, 'total_gates': 40596, 'num_active_qubits': 60}
[2026-03-04 19:45:45,720] INFO: Ideal simulation run on Clifford circuit
[2026-03-04 19:46:00,278] INFO: Noisy simulation run on Clifford circuit
[2026-03-04 19:46:00,278] INFO: Full noise simulation run on Clifford circuit
[2026-03-04 19:52:39,338] INFO: Clifford Ideal Estimator Value:  3.219391320194029
[2026-03-04 19:52:39,338] INFO: Clifford Noisy Estimator Value:  -0.005859934540350233
[2026-03-04 19:52:39,338] INFO: Circuit creation time:       0.0691 seconds
[2026-03-04 19:52:39,338] INFO: Transpilation time:          3.8903 seconds
[2026-03-04 19:52:39,338] INFO: Clifford Transpilation time: 4.0632 seconds
[2026-03-04 19:52:39,338] INFO: Clifford Ideal Estimation time:  14.5569 seconds
[2026-03-04 19:52:39,338] INFO: Clifford Noisy Estimation time:  399.0596 seconds
[2026-03-04 19:52:39,338] INFO: ESTIMATOR PERFORMANCE RUN COMPLETED.
[2026-03-04 19:52:39,357] INFO: writing output file: G15_I3_S11111_out/output.json
