[2026-03-04 16:44:15,390] INFO: reading parameters file: 'G3_I5_S55555/G3_I5_S55555.yaml'
[2026-03-04 16:44:15,397] INFO: Using seed 55555
[2026-03-04 16:44:15,397] INFO: Output will be written in G3_I5_S55555_out
[2026-03-04 16:44:15,397] INFO: Building backend ibm_torino (AerSimulator)
[2026-03-04 16:44:28,132] INFO: Building QGSUncProblem
[2026-03-04 16:44:28,282] INFO: The problem has 15 logic qubits
[2026-03-04 16:44:28,290] INFO: Building AncillaQAOACircuit with 3 layers
[2026-03-04 16:44:28,307] INFO: Getting virtual circuit metrics
[2026-03-04 16:44:28,317] INFO: Transpiling AncillaQAOACircuit for ibm_torino
[2026-03-04 16:44:28,749] INFO: Getting transpiled circuit metrics
[2026-03-04 16:44:28,853] INFO: Assigning random parameters to the transpiled circuit
[2026-03-04 16:44:28,854] INFO: Preparing Hamiltonian for Estimator
[2026-03-04 16:44:28,855] INFO: Clifford Noise Analysis with NEAT
[2026-03-04 16:44:30,724] INFO: Virtual QC Metrics:    {'depth': 111, '2q_gates': 531, 'clifford_gates': 30, 'non_clifford_gates': 552, 't_gates': 0, 'total_gates': 582, 'num_active_qubits': 18}
[2026-03-04 16:44:30,724] INFO: Transpiled QC Metrics: {'depth': 2572, '2q_gates': 2216, 'clifford_gates': 9027, 'non_clifford_gates': 808, 't_gates': 4, 'total_gates': 9835, 'num_active_qubits': 18}
[2026-03-04 16:44:30,724] INFO: Clifford QC Metrics:   {'depth': 1208, '2q_gates': 1120, 'clifford_gates': 4487, 'non_clifford_gates': 76, 't_gates': 2, 'total_gates': 4563, 'num_active_qubits': 18}
[2026-03-04 16:44:30,724] INFO: Ideal simulation run on Clifford circuit
[2026-03-04 16:44:31,338] INFO: Noisy simulation run on Clifford circuit
[2026-03-04 16:44:31,338] INFO: Full noise simulation run on Clifford circuit
[2026-03-04 16:44:53,599] INFO: Clifford Ideal Estimator Value:  -0.013085278562175645
[2026-03-04 16:44:53,600] INFO: Clifford Noisy Estimator Value:  -0.013085278562175645
[2026-03-04 16:44:53,600] INFO: Circuit creation time:       0.0175 seconds
[2026-03-04 16:44:53,600] INFO: Transpilation time:          0.4320 seconds
[2026-03-04 16:44:53,600] INFO: Clifford Transpilation time: 0.4229 seconds
[2026-03-04 16:44:53,600] INFO: Clifford Ideal Estimation time:  0.6136 seconds
[2026-03-04 16:44:53,600] INFO: Clifford Noisy Estimation time:  22.2611 seconds
[2026-03-04 16:44:53,600] INFO: ESTIMATOR PERFORMANCE RUN COMPLETED.
[2026-03-04 16:44:53,611] INFO: writing output file: G3_I5_S55555_out/output.json
