[2026-05-22 15:54:32,601] INFO: reading parameters file: 'M3_P10_S111_Flinear/M3_P10_S111_Flinear.yaml'
[2026-05-22 15:54:32,607] INFO: Using seed 111
[2026-05-22 15:54:32,607] INFO: Output will be written in M3_P10_S111_Flinear_out
[2026-05-22 15:54:32,607] INFO: Building backend ibm_marrakesh (AerSimulator)
[2026-05-22 15:54:46,388] INFO: Building SimpleProductionPlanningProblem
[2026-05-22 15:59:46,616] INFO: The problem has 39 logic qubits
[2026-05-22 15:59:46,628] INFO: Building AncillaQAOACircuit with 2 layers
[2026-05-22 15:59:46,664] INFO: Getting virtual circuit metrics
[2026-05-22 15:59:46,671] INFO: Transpiling AncillaQAOACircuit for ibm_marrakesh
[2026-05-22 15:59:47,983] INFO: Getting transpiled circuit metrics
[2026-05-22 15:59:48,070] INFO: Assigning random parameters to the transpiled circuit
[2026-05-22 15:59:48,080] INFO: Preparing Hamiltonian for Estimator
[2026-05-22 15:59:48,081] INFO: Clifford Noise Analysis with MNEAT
[2026-05-22 15:59:50,134] INFO: Virtual QC Metrics:    {'depth': 94, '2q_gates': 708, 'clifford_gates': 69, 'non_clifford_gates': 764, 't_gates': 0, 'total_gates': 833, 'num_active_qubits': 49}
[2026-05-22 15:59:50,134] INFO: Transpiled QC Metrics: {'depth': 3471, '2q_gates': 4732, 'clifford_gates': 16520, 'non_clifford_gates': 916, 't_gates': 13, 'total_gates': 17436, 'num_active_qubits': 51}
[2026-05-22 15:59:50,134] INFO: Clifford QC Metrics:   {'depth': 3471, '2q_gates': 4732, 'clifford_gates': 17436, 'non_clifford_gates': 0, 't_gates': 0, 'total_gates': 17436, 'num_active_qubits': 51}
[2026-05-22 15:59:50,134] INFO: Hamiltonian estimation with MNEAT on Clifford circuit
[2026-05-22 15:59:50,134] INFO: Ideal simulation run
[2026-05-22 15:59:53,430] INFO: Noisy simulation run
[2026-05-22 16:02:47,933] INFO: Mitigation simulation run with technique: zne
[2026-05-22 16:02:47,933] INFO: ZNE factory: linear, noise_values: [1, 2, 3]
[2026-05-22 16:18:41,219] INFO: Saved ZNE factory plot to M3_P10_S111_Flinear_out/zne_factory_fit.png
[2026-05-22 16:18:41,219] INFO: Clifford Ideal Estimator Value:       -3646.544921875
[2026-05-22 16:18:41,219] INFO: Clifford Noisy Estimator Value:       -948.8828125
[2026-05-22 16:18:41,219] INFO: Clifford Mitigated Estimator Value:   -1404.3151041666667
[2026-05-22 16:18:41,219] INFO: Error % of Noisy vs Ideal:       73.98%
[2026-05-22 16:18:41,219] INFO: Error % of Mitigated vs Ideal:   61.49%
[2026-05-22 16:18:41,220] INFO: Circuit creation time:       0.0356 seconds
[2026-05-22 16:18:41,220] INFO: Transpilation time:          1.3116 seconds
[2026-05-22 16:18:41,220] INFO: Clifford Transpilation time: 0.0894 seconds
[2026-05-22 16:18:41,220] INFO: Clifford Ideal Estimation time:       3.2955 seconds
[2026-05-22 16:18:41,220] INFO: Clifford Noisy Estimation time:       174.5030 seconds
[2026-05-22 16:18:41,220] INFO: Clifford Mitigated Estimation time:   952.9907 seconds
[2026-05-22 16:18:41,220] INFO: ESTIMATOR PERFORMANCE RUN COMPLETED.
[2026-05-22 16:18:41,249] INFO: writing output file: M3_P10_S111_Flinear_out/output.json
