[2026-05-22 14:33:24,048] INFO: reading parameters file: 'M2_P6_S444_Fadaexp/M2_P6_S444_Fadaexp.yaml'
[2026-05-22 14:33:24,052] INFO: Using seed 444
[2026-05-22 14:33:24,052] INFO: Output will be written in M2_P6_S444_Fadaexp_out
[2026-05-22 14:33:24,052] INFO: Building backend ibm_marrakesh (AerSimulator)
[2026-05-22 14:33:36,534] INFO: Building SimpleProductionPlanningProblem
[2026-05-22 14:33:36,998] INFO: The problem has 18 logic qubits
[2026-05-22 14:33:37,003] INFO: Building AncillaQAOACircuit with 2 layers
[2026-05-22 14:33:37,014] INFO: Getting virtual circuit metrics
[2026-05-22 14:33:37,016] INFO: Transpiling AncillaQAOACircuit for ibm_marrakesh
[2026-05-22 14:33:37,364] INFO: Getting transpiled circuit metrics
[2026-05-22 14:33:37,384] INFO: Assigning random parameters to the transpiled circuit
[2026-05-22 14:33:37,387] INFO: Preparing Hamiltonian for Estimator
[2026-05-22 14:33:37,387] INFO: Clifford Noise Analysis with MNEAT
[2026-05-22 14:33:38,543] INFO: Virtual QC Metrics:    {'depth': 48, '2q_gates': 198, 'clifford_gates': 36, 'non_clifford_gates': 228, 't_gates': 0, 'total_gates': 264, 'num_active_qubits': 24}
[2026-05-22 14:33:38,543] INFO: Transpiled QC Metrics: {'depth': 1108, '2q_gates': 1018, 'clifford_gates': 3730, 'non_clifford_gates': 268, 't_gates': 0, 'total_gates': 3998, 'num_active_qubits': 24}
[2026-05-22 14:33:38,543] INFO: Clifford QC Metrics:   {'depth': 1108, '2q_gates': 1018, 'clifford_gates': 3998, 'non_clifford_gates': 0, 't_gates': 0, 'total_gates': 3998, 'num_active_qubits': 24}
[2026-05-22 14:33:38,543] INFO: Hamiltonian estimation with MNEAT on Clifford circuit
[2026-05-22 14:33:38,543] INFO: Ideal simulation run
[2026-05-22 14:33:39,033] INFO: Noisy simulation run
[2026-05-22 14:34:15,667] INFO: Mitigation simulation run with technique: zne
[2026-05-22 14:34:15,668] INFO: ZNE factory: adaexp, noise_values: [1, 2, 3]
[2026-05-22 14:39:00,197] INFO: Saved ZNE factory plot to M2_P6_S444_Fadaexp_out/zne_factory_fit.png
[2026-05-22 14:39:00,197] INFO: Clifford Ideal Estimator Value:       -191.7109375
[2026-05-22 14:39:00,197] INFO: Clifford Noisy Estimator Value:       -62.306640625
[2026-05-22 14:39:00,197] INFO: Clifford Mitigated Estimator Value:   -199.26425173127112
[2026-05-22 14:39:00,197] INFO: Error % of Noisy vs Ideal:       67.50%
[2026-05-22 14:39:00,197] INFO: Error % of Mitigated vs Ideal:   3.94%
[2026-05-22 14:39:00,197] INFO: Circuit creation time:       0.0110 seconds
[2026-05-22 14:39:00,197] INFO: Transpilation time:          0.3479 seconds
[2026-05-22 14:39:00,197] INFO: Clifford Transpilation time: 0.0216 seconds
[2026-05-22 14:39:00,197] INFO: Clifford Ideal Estimation time:       0.4895 seconds
[2026-05-22 14:39:00,197] INFO: Clifford Noisy Estimation time:       36.6341 seconds
[2026-05-22 14:39:00,197] INFO: Clifford Mitigated Estimation time:   284.2676 seconds
[2026-05-22 14:39:00,197] INFO: ESTIMATOR PERFORMANCE RUN COMPLETED.
[2026-05-22 14:39:00,223] INFO: writing output file: M2_P6_S444_Fadaexp_out/output.json
