[2026-03-30 12:30:22,968] INFO: reading parameters file: 'M3_P3_S22222/M3_P3_S22222.yaml'
[2026-03-30 12:30:22,972] INFO: Using seed 22222
[2026-03-30 12:30:22,973] INFO: Output will be written in M3_P3_S22222_out
[2026-03-30 12:30:22,973] INFO: Building backend ibm_torino (AerSimulator)
[2026-03-30 12:30:34,888] INFO: Building SimpleProductionPlanningProblem
[2026-03-30 12:30:34,973] INFO: The problem has 15 logic qubits
[2026-03-30 12:30:34,975] INFO: Building AncillaQAOACircuit with 3 layers
[2026-03-30 12:30:34,981] INFO: Getting virtual circuit metrics
[2026-03-30 12:30:34,985] INFO: Transpiling AncillaQAOACircuit for ibm_torino
[2026-03-30 12:30:35,196] INFO: Getting transpiled circuit metrics
[2026-03-30 12:30:35,225] INFO: Assigning random parameters to the transpiled circuit
[2026-03-30 12:30:35,227] INFO: Preparing Hamiltonian for Estimator
[2026-03-30 12:30:35,228] INFO: Clifford Noise Analysis with NEAT
[2026-03-30 12:30:36,391] INFO: Virtual QC Metrics:    {'depth': 59, '2q_gates': 189, 'clifford_gates': 24, 'non_clifford_gates': 240, 't_gates': 0, 'total_gates': 264, 'num_active_qubits': 18}
[2026-03-30 12:30:36,391] INFO: Transpiled QC Metrics: {'depth': 1121, '2q_gates': 907, 'clifford_gates': 3666, 'non_clifford_gates': 323, 't_gates': 3, 'total_gates': 3989, 'num_active_qubits': 18}
[2026-03-30 12:30:36,391] INFO: Clifford QC Metrics:   {'depth': 338, '2q_gates': 313, 'clifford_gates': 1207, 'non_clifford_gates': 4, 't_gates': 0, 'total_gates': 1211, 'num_active_qubits': 18}
[2026-03-30 12:30:36,391] INFO: Ideal simulation run on Clifford circuit
[2026-03-30 12:30:36,567] INFO: Noisy simulation run on Clifford circuit
[2026-03-30 12:30:36,567] INFO: Full noise simulation run on Clifford circuit
[2026-03-30 12:30:57,753] INFO: Clifford Ideal Estimator Value:  -6.564453125
[2026-03-30 12:30:57,753] INFO: Clifford Noisy Estimator Value:  4.6474609375
[2026-03-30 12:30:57,753] INFO: Circuit creation time:       0.0057 seconds
[2026-03-30 12:30:57,753] INFO: Transpilation time:          0.2103 seconds
[2026-03-30 12:30:57,753] INFO: Clifford Transpilation time: 0.2073 seconds
[2026-03-30 12:30:57,753] INFO: Clifford Ideal Estimation time:  0.1762 seconds
[2026-03-30 12:30:57,753] INFO: Clifford Noisy Estimation time:  21.1853 seconds
[2026-03-30 12:30:57,753] INFO: ESTIMATOR PERFORMANCE RUN COMPLETED.
[2026-03-30 12:30:57,771] INFO: writing output file: M3_P3_S22222_out/output.json
