[2026-05-22 17:37:46,406] INFO: reading parameters file: 'M4_P8_S111_Fadaexp/M4_P8_S111_Fadaexp.yaml'
[2026-05-22 17:37:46,413] INFO: Using seed 111
[2026-05-22 17:37:46,413] INFO: Output will be written in M4_P8_S111_Fadaexp_out
[2026-05-22 17:37:46,414] INFO: Building backend ibm_marrakesh (AerSimulator)
[2026-05-22 17:38:01,813] INFO: Building SimpleProductionPlanningProblem
[2026-05-22 17:43:02,146] INFO: The problem has 40 logic qubits
[2026-05-22 17:43:02,165] INFO: Building AncillaQAOACircuit with 2 layers
[2026-05-22 17:43:02,228] INFO: Getting virtual circuit metrics
[2026-05-22 17:43:02,240] INFO: Transpiling AncillaQAOACircuit for ibm_marrakesh
[2026-05-22 17:43:03,830] INFO: Getting transpiled circuit metrics
[2026-05-22 17:43:03,985] INFO: Assigning random parameters to the transpiled circuit
[2026-05-22 17:43:04,004] INFO: Preparing Hamiltonian for Estimator
[2026-05-22 17:43:04,005] INFO: Clifford Noise Analysis with MNEAT
[2026-05-22 17:43:06,457] INFO: Virtual QC Metrics:    {'depth': 101, '2q_gates': 720, 'clifford_gates': 72, 'non_clifford_gates': 768, 't_gates': 0, 'total_gates': 840, 'num_active_qubits': 48}
[2026-05-22 17:43:06,457] INFO: Transpiled QC Metrics: {'depth': 3514, '2q_gates': 4733, 'clifford_gates': 16778, 'non_clifford_gates': 960, 't_gates': 10, 'total_gates': 17738, 'num_active_qubits': 50}
[2026-05-22 17:43:06,457] INFO: Clifford QC Metrics:   {'depth': 3514, '2q_gates': 4733, 'clifford_gates': 17738, 'non_clifford_gates': 0, 't_gates': 0, 'total_gates': 17738, 'num_active_qubits': 50}
[2026-05-22 17:43:06,457] INFO: Hamiltonian estimation with MNEAT on Clifford circuit
[2026-05-22 17:43:06,457] INFO: Ideal simulation run
[2026-05-22 17:43:09,118] INFO: Noisy simulation run
[2026-05-22 17:44:52,768] INFO: Mitigation simulation run with technique: zne
[2026-05-22 17:44:52,768] INFO: ZNE factory: adaexp, noise_values: [1, 2, 3]
[2026-05-22 17:59:25,371] INFO: Saved ZNE factory plot to M4_P8_S111_Fadaexp_out/zne_factory_fit.png
[2026-05-22 17:59:25,371] INFO: Clifford Ideal Estimator Value:       -4524.4306640625
[2026-05-22 17:59:25,371] INFO: Clifford Noisy Estimator Value:       -2038.728515625
[2026-05-22 17:59:25,371] INFO: Clifford Mitigated Estimator Value:   -5932.366447808291
[2026-05-22 17:59:25,371] INFO: Error % of Noisy vs Ideal:       54.94%
[2026-05-22 17:59:25,371] INFO: Error % of Mitigated vs Ideal:   31.12%
[2026-05-22 17:59:25,371] INFO: Circuit creation time:       0.0633 seconds
[2026-05-22 17:59:25,371] INFO: Transpilation time:          1.5896 seconds
[2026-05-22 17:59:25,371] INFO: Clifford Transpilation time: 0.1122 seconds
[2026-05-22 17:59:25,371] INFO: Clifford Ideal Estimation time:       2.6606 seconds
[2026-05-22 17:59:25,371] INFO: Clifford Noisy Estimation time:       103.6501 seconds
[2026-05-22 17:59:25,371] INFO: Clifford Mitigated Estimation time:   871.3657 seconds
[2026-05-22 17:59:25,371] INFO: ESTIMATOR PERFORMANCE RUN COMPLETED.
[2026-05-22 17:59:25,396] INFO: writing output file: M4_P8_S111_Fadaexp_out/output.json
