[2026-05-22 15:03:52,661] INFO: reading parameters file: 'M2_P12_S111_Fadaexp/M2_P12_S111_Fadaexp.yaml'
[2026-05-22 15:03:52,666] INFO: Using seed 111
[2026-05-22 15:03:52,666] INFO: Output will be written in M2_P12_S111_Fadaexp_out
[2026-05-22 15:03:52,666] INFO: Building backend ibm_marrakesh (AerSimulator)
[2026-05-22 15:04:04,896] INFO: Building SimpleProductionPlanningProblem
[2026-05-22 15:09:05,106] INFO: The problem has 30 logic qubits
[2026-05-22 15:09:05,124] INFO: Building AncillaQAOACircuit with 2 layers
[2026-05-22 15:09:05,168] INFO: Getting virtual circuit metrics
[2026-05-22 15:09:05,173] INFO: Transpiling AncillaQAOACircuit for ibm_marrakesh
[2026-05-22 15:09:06,126] INFO: Getting transpiled circuit metrics
[2026-05-22 15:09:06,184] INFO: Assigning random parameters to the transpiled circuit
[2026-05-22 15:09:06,191] INFO: Preparing Hamiltonian for Estimator
[2026-05-22 15:09:06,192] INFO: Clifford Noise Analysis with MNEAT
[2026-05-22 15:09:08,077] INFO: Virtual QC Metrics:    {'depth': 78, '2q_gates': 528, 'clifford_gates': 66, 'non_clifford_gates': 564, 't_gates': 0, 'total_gates': 630, 'num_active_qubits': 42}
[2026-05-22 15:09:08,077] INFO: Transpiled QC Metrics: {'depth': 2687, '2q_gates': 3355, 'clifford_gates': 11712, 'non_clifford_gates': 655, 't_gates': 0, 'total_gates': 12367, 'num_active_qubits': 45}
[2026-05-22 15:09:08,078] INFO: Clifford QC Metrics:   {'depth': 2687, '2q_gates': 3355, 'clifford_gates': 12367, 'non_clifford_gates': 0, 't_gates': 0, 'total_gates': 12367, 'num_active_qubits': 45}
[2026-05-22 15:09:08,078] INFO: Hamiltonian estimation with MNEAT on Clifford circuit
[2026-05-22 15:09:08,078] INFO: Ideal simulation run
[2026-05-22 15:09:10,411] INFO: Noisy simulation run
[2026-05-22 15:11:19,197] INFO: Mitigation simulation run with technique: zne
[2026-05-22 15:11:19,197] INFO: ZNE factory: adaexp, noise_values: [1, 2, 3]
