[2026-03-04 16:53:11,285] INFO: reading parameters file: 'G7_I3_S11111/G7_I3_S11111.yaml'
[2026-03-04 16:53:11,298] INFO: Using seed 11111
[2026-03-04 16:53:11,298] INFO: Output will be written in G7_I3_S11111_out
[2026-03-04 16:53:11,299] INFO: Building backend ibm_torino (AerSimulator)
[2026-03-04 16:53:24,921] INFO: Building QGSUncProblem
[2026-03-04 16:53:25,324] INFO: The problem has 21 logic qubits
[2026-03-04 16:53:25,340] INFO: Building AncillaQAOACircuit with 3 layers
[2026-03-04 16:53:25,374] INFO: Getting virtual circuit metrics
[2026-03-04 16:53:25,391] INFO: Transpiling AncillaQAOACircuit for ibm_torino
[2026-03-04 16:53:26,243] INFO: Getting transpiled circuit metrics
[2026-03-04 16:53:26,440] INFO: Assigning random parameters to the transpiled circuit
[2026-03-04 16:53:26,442] INFO: Preparing Hamiltonian for Estimator
[2026-03-04 16:53:26,443] INFO: Clifford Noise Analysis with NEAT
[2026-03-04 16:53:28,437] INFO: Virtual QC Metrics:    {'depth': 113, '2q_gates': 798, 'clifford_gates': 42, 'non_clifford_gates': 833, 't_gates': 0, 'total_gates': 875, 'num_active_qubits': 28}
[2026-03-04 16:53:28,438] INFO: Transpiled QC Metrics: {'depth': 2378, '2q_gates': 3490, 'clifford_gates': 14202, 'non_clifford_gates': 1132, 't_gates': 7, 'total_gates': 15334, 'num_active_qubits': 28}
[2026-03-04 16:53:28,438] INFO: Clifford QC Metrics:   {'depth': 1184, '2q_gates': 2108, 'clifford_gates': 8527, 'non_clifford_gates': 78, 't_gates': 5, 'total_gates': 8605, 'num_active_qubits': 28}
[2026-03-04 16:53:28,438] INFO: Ideal simulation run on Clifford circuit
[2026-03-04 16:53:29,823] INFO: Noisy simulation run on Clifford circuit
[2026-03-04 16:53:29,824] INFO: Full noise simulation run on Clifford circuit
[2026-03-04 16:54:45,847] INFO: Clifford Ideal Estimator Value:  0.49938002213364313
[2026-03-04 16:54:45,847] INFO: Clifford Noisy Estimator Value:  0.11721125207422808
[2026-03-04 16:54:45,847] INFO: Circuit creation time:       0.0337 seconds
[2026-03-04 16:54:45,847] INFO: Transpilation time:          0.8524 seconds
[2026-03-04 16:54:45,847] INFO: Clifford Transpilation time: 0.6096 seconds
[2026-03-04 16:54:45,847] INFO: Clifford Ideal Estimation time:  1.3855 seconds
[2026-03-04 16:54:45,847] INFO: Clifford Noisy Estimation time:  76.0229 seconds
[2026-03-04 16:54:45,847] INFO: ESTIMATOR PERFORMANCE RUN COMPLETED.
[2026-03-04 16:54:45,861] INFO: writing output file: G7_I3_S11111_out/output.json
