[2026-03-04 16:46:15,656] INFO: reading parameters file: 'G3_I9_S55555/G3_I9_S55555.yaml'
[2026-03-04 16:46:15,668] INFO: Using seed 55555
[2026-03-04 16:46:15,668] INFO: Output will be written in G3_I9_S55555_out
[2026-03-04 16:46:15,669] INFO: Building backend ibm_torino (AerSimulator)
[2026-03-04 16:46:28,229] INFO: Building QGSUncProblem
[2026-03-04 16:46:28,806] INFO: The problem has 27 logic qubits
[2026-03-04 16:46:28,819] INFO: Building AncillaQAOACircuit with 3 layers
[2026-03-04 16:46:28,847] INFO: Getting virtual circuit metrics
[2026-03-04 16:46:28,867] INFO: Transpiling AncillaQAOACircuit for ibm_torino
[2026-03-04 16:46:30,607] INFO: Getting transpiled circuit metrics
[2026-03-04 16:46:30,846] INFO: Assigning random parameters to the transpiled circuit
[2026-03-04 16:46:30,851] INFO: Preparing Hamiltonian for Estimator
[2026-03-04 16:46:30,852] INFO: Clifford Noise Analysis with NEAT
[2026-03-04 16:46:33,630] INFO: Virtual QC Metrics:    {'depth': 207, '2q_gates': 1773, 'clifford_gates': 54, 'non_clifford_gates': 1806, 't_gates': 0, 'total_gates': 1860, 'num_active_qubits': 30}
[2026-03-04 16:46:33,630] INFO: Transpiled QC Metrics: {'depth': 6320, '2q_gates': 8190, 'clifford_gates': 32907, 'non_clifford_gates': 2833, 't_gates': 3, 'total_gates': 35740, 'num_active_qubits': 30}
[2026-03-04 16:46:33,630] INFO: Clifford QC Metrics:   {'depth': 3055, '2q_gates': 4671, 'clifford_gates': 17870, 'non_clifford_gates': 220, 't_gates': 0, 'total_gates': 18090, 'num_active_qubits': 30}
[2026-03-04 16:46:33,630] INFO: Ideal simulation run on Clifford circuit
[2026-03-04 16:46:36,110] INFO: Noisy simulation run on Clifford circuit
[2026-03-04 16:46:36,111] INFO: Full noise simulation run on Clifford circuit
[2026-03-04 16:49:21,854] INFO: Clifford Ideal Estimator Value:  -0.3796231039937831
[2026-03-04 16:49:21,855] INFO: Clifford Noisy Estimator Value:  -0.10961034377929177
[2026-03-04 16:49:21,855] INFO: Circuit creation time:       0.0285 seconds
[2026-03-04 16:49:21,855] INFO: Transpilation time:          1.7397 seconds
[2026-03-04 16:49:21,855] INFO: Clifford Transpilation time: 1.6906 seconds
[2026-03-04 16:49:21,855] INFO: Clifford Ideal Estimation time:  2.4800 seconds
[2026-03-04 16:49:21,855] INFO: Clifford Noisy Estimation time:  165.7431 seconds
[2026-03-04 16:49:21,855] INFO: ESTIMATOR PERFORMANCE RUN COMPLETED.
[2026-03-04 16:49:21,875] INFO: writing output file: G3_I9_S55555_out/output.json
