[2026-05-22 15:24:01,510] INFO: reading parameters file: 'M2_P12_S555_Fadaexp/M2_P12_S555_Fadaexp.yaml'
[2026-05-22 15:24:01,515] INFO: Using seed 555
[2026-05-22 15:24:01,515] INFO: Output will be written in M2_P12_S555_Fadaexp_out
[2026-05-22 15:24:01,515] INFO: Building backend ibm_marrakesh (AerSimulator)
[2026-05-22 15:24:16,074] INFO: Building SimpleProductionPlanningProblem
[2026-05-22 15:29:16,299] INFO: The problem has 30 logic qubits
[2026-05-22 15:29:16,310] INFO: Building AncillaQAOACircuit with 2 layers
[2026-05-22 15:29:16,340] INFO: Getting virtual circuit metrics
[2026-05-22 15:29:16,345] INFO: Transpiling AncillaQAOACircuit for ibm_marrakesh
[2026-05-22 15:29:17,336] INFO: Getting transpiled circuit metrics
[2026-05-22 15:29:17,403] INFO: Assigning random parameters to the transpiled circuit
[2026-05-22 15:29:17,411] INFO: Preparing Hamiltonian for Estimator
[2026-05-22 15:29:17,412] INFO: Clifford Noise Analysis with MNEAT
[2026-05-22 15:29:19,472] INFO: Virtual QC Metrics:    {'depth': 78, '2q_gates': 528, 'clifford_gates': 66, 'non_clifford_gates': 564, 't_gates': 0, 'total_gates': 630, 'num_active_qubits': 42}
[2026-05-22 15:29:19,472] INFO: Transpiled QC Metrics: {'depth': 2881, '2q_gates': 3412, 'clifford_gates': 11960, 'non_clifford_gates': 659, 't_gates': 0, 'total_gates': 12619, 'num_active_qubits': 48}
[2026-05-22 15:29:19,472] INFO: Clifford QC Metrics:   {'depth': 2881, '2q_gates': 3412, 'clifford_gates': 12619, 'non_clifford_gates': 0, 't_gates': 0, 'total_gates': 12619, 'num_active_qubits': 48}
[2026-05-22 15:29:19,472] INFO: Hamiltonian estimation with MNEAT on Clifford circuit
[2026-05-22 15:29:19,472] INFO: Ideal simulation run
[2026-05-22 15:29:22,125] INFO: Noisy simulation run
[2026-05-22 15:31:25,057] INFO: Mitigation simulation run with technique: zne
[2026-05-22 15:31:25,058] INFO: ZNE factory: adaexp, noise_values: [1, 2, 3]
