[2026-05-22 17:21:43,312] INFO: reading parameters file: 'M4_P6_S333_Frichardson/M4_P6_S333_Frichardson.yaml'
[2026-05-22 17:21:43,316] INFO: Using seed 333
[2026-05-22 17:21:43,316] INFO: Output will be written in M4_P6_S333_Frichardson_out
[2026-05-22 17:21:43,316] INFO: Building backend ibm_marrakesh (AerSimulator)
[2026-05-22 17:22:04,908] INFO: Building SimpleProductionPlanningProblem
[2026-05-22 17:22:11,680] INFO: The problem has 32 logic qubits
[2026-05-22 17:22:11,690] INFO: Building AncillaQAOACircuit with 2 layers
[2026-05-22 17:22:11,713] INFO: Getting virtual circuit metrics
[2026-05-22 17:22:11,718] INFO: Transpiling AncillaQAOACircuit for ibm_marrakesh
[2026-05-22 17:22:12,583] INFO: Getting transpiled circuit metrics
[2026-05-22 17:22:12,637] INFO: Assigning random parameters to the transpiled circuit
[2026-05-22 17:22:12,644] INFO: Preparing Hamiltonian for Estimator
[2026-05-22 17:22:12,644] INFO: Clifford Noise Analysis with MNEAT
[2026-05-22 17:22:14,493] INFO: Virtual QC Metrics:    {'depth': 83, '2q_gates': 494, 'clifford_gates': 56, 'non_clifford_gates': 538, 't_gates': 0, 'total_gates': 594, 'num_active_qubits': 38}
[2026-05-22 17:22:14,493] INFO: Transpiled QC Metrics: {'depth': 2412, '2q_gates': 3039, 'clifford_gates': 10780, 'non_clifford_gates': 632, 't_gates': 7, 'total_gates': 11412, 'num_active_qubits': 44}
[2026-05-22 17:22:14,493] INFO: Clifford QC Metrics:   {'depth': 2412, '2q_gates': 3039, 'clifford_gates': 11412, 'non_clifford_gates': 0, 't_gates': 0, 'total_gates': 11412, 'num_active_qubits': 44}
[2026-05-22 17:22:14,493] INFO: Hamiltonian estimation with MNEAT on Clifford circuit
[2026-05-22 17:22:14,493] INFO: Ideal simulation run
[2026-05-22 17:22:16,268] INFO: Noisy simulation run
[2026-05-22 17:24:15,022] INFO: Mitigation simulation run with technique: zne
[2026-05-22 17:24:15,022] INFO: ZNE factory: richardson, noise_values: [1, 2, 3]
[2026-05-22 17:34:49,783] INFO: Saved ZNE factory plot to M4_P6_S333_Frichardson_out/zne_factory_fit.png
[2026-05-22 17:34:49,783] INFO: Clifford Ideal Estimator Value:       -2887.3544921875
[2026-05-22 17:34:49,783] INFO: Clifford Noisy Estimator Value:       -1447.802734375
[2026-05-22 17:34:49,783] INFO: Clifford Mitigated Estimator Value:   -2451.017578125002
[2026-05-22 17:34:49,783] INFO: Error % of Noisy vs Ideal:       49.86%
[2026-05-22 17:34:49,783] INFO: Error % of Mitigated vs Ideal:   15.11%
[2026-05-22 17:34:49,783] INFO: Circuit creation time:       0.0230 seconds
[2026-05-22 17:34:49,783] INFO: Transpilation time:          0.8646 seconds
[2026-05-22 17:34:49,783] INFO: Clifford Transpilation time: 0.0557 seconds
[2026-05-22 17:34:49,783] INFO: Clifford Ideal Estimation time:       1.7740 seconds
[2026-05-22 17:34:49,783] INFO: Clifford Noisy Estimation time:       118.7541 seconds
[2026-05-22 17:34:49,783] INFO: Clifford Mitigated Estimation time:   634.5074 seconds
[2026-05-22 17:34:49,783] INFO: ESTIMATOR PERFORMANCE RUN COMPLETED.
[2026-05-22 17:34:49,811] INFO: writing output file: M4_P6_S333_Frichardson_out/output.json
