[2026-01-13 21:06:33,656] INFO: reading parameters file: 'N_nodes30_N_layers2/N_nodes30_N_layers2.yaml'
[2026-01-13 21:06:33,664] INFO: Using seed 12345
[2026-01-13 21:06:33,664] INFO: Output will be written in N_nodes30_N_layers2_out
[2026-01-13 21:06:33,665] INFO: Building backend ibm_torino (AerSimulator)
[2026-01-13 21:06:48,235] INFO: Building problem MaxCutProblem
[2026-01-13 21:07:31,032] INFO: The problem has 30 logic qubits
[2026-01-13 21:07:31,033] INFO: Building QAOA circuit QAOACircuit with 2 layers
[2026-01-13 21:07:32,460] INFO: Transpiling QAOA circuit QAOACircuit for ibm_torino
[2026-01-13 21:13:00,766] INFO: Clifford Noise Analysis with NEAT
[2026-01-13 21:13:14,343] INFO: Ideal simulation run on Clifford circuit
[2026-01-13 21:13:15,567] INFO: Noisy simulation run on Clifford circuit
[2026-01-13 21:14:02,341] INFO: Pruned noise simulation run on Clifford circuit
[2026-01-13 21:14:15,629] INFO: Virtual QC Metrics:    {'depth': 250, '2q_gates': 1276, 'clifford_gates': 1276, 'non_clifford_gates': 728, 't_gates': 0, 'total_gates': 2004, 'num_active_qubits': 30}
[2026-01-13 21:14:15,629] INFO: Transpiled QC Metrics: {'depth': 6679, '2q_gates': 3765, 'clifford_gates': 3765, 'non_clifford_gates': 33153, 't_gates': 0, 'total_gates': 36918, 'num_active_qubits': 30}
[2026-01-13 21:14:15,629] INFO: Clifford QC Metrics:   {'depth': 4903, '2q_gates': 3081, 'clifford_gates': 3081, 'non_clifford_gates': 25606, 't_gates': 0, 'total_gates': 28687, 'num_active_qubits': 30}
[2026-01-13 21:14:15,629] INFO: Clifford Ideal Estimator Value:  -0.3857421875
[2026-01-13 21:14:15,630] INFO: Clifford Noisy Estimator Value:  -0.26953125
[2026-01-13 21:14:15,630] INFO: Clifford Pruned Estimator Value: -0.26953125
[2026-01-13 21:14:15,630] INFO: Circuit creation time:       0.0294 seconds
[2026-01-13 21:14:15,630] INFO: Transpilation time:          0.5812 seconds
[2026-01-13 21:14:15,630] INFO: Clifford Transpilation time: 0.5367 seconds
[2026-01-13 21:14:15,630] INFO: Clifford Ideal Estimation time:  1.2230 seconds
[2026-01-13 21:14:15,630] INFO: Clifford Noisy Estimation time:  46.7745 seconds
[2026-01-13 21:14:15,630] INFO: Clifford Pruned Estimation time: 13.2864 seconds
[2026-01-13 21:14:15,630] INFO: ESTIMATOR PERFORMANCE RUN COMPLETED.
[2026-01-13 21:14:15,650] INFO: writing output file: N_nodes30_N_layers2_out/output.json
