[2026-05-22 18:35:18,608] INFO: reading parameters file: 'M4_P10_S444_Frichardson/M4_P10_S444_Frichardson.yaml'
[2026-05-22 18:35:18,614] INFO: Using seed 444
[2026-05-22 18:35:18,614] INFO: Output will be written in M4_P10_S444_Frichardson_out
[2026-05-22 18:35:18,614] INFO: Building backend ibm_marrakesh (AerSimulator)
[2026-05-22 18:35:32,892] INFO: Building SimpleProductionPlanningProblem
[2026-05-22 18:40:33,188] INFO: The problem has 48 logic qubits
[2026-05-22 18:40:33,207] INFO: Building AncillaQAOACircuit with 2 layers
[2026-05-22 18:40:33,271] INFO: Getting virtual circuit metrics
[2026-05-22 18:40:33,284] INFO: Transpiling AncillaQAOACircuit for ibm_marrakesh
[2026-05-22 18:40:35,167] INFO: Getting transpiled circuit metrics
[2026-05-22 18:40:35,343] INFO: Assigning random parameters to the transpiled circuit
[2026-05-22 18:40:35,363] INFO: Preparing Hamiltonian for Estimator
[2026-05-22 18:40:35,364] INFO: Clifford Noise Analysis with MNEAT
[2026-05-22 18:40:37,459] INFO: Virtual QC Metrics:    {'depth': 119, '2q_gates': 978, 'clifford_gates': 88, 'non_clifford_gates': 1030, 't_gates': 0, 'total_gates': 1118, 'num_active_qubits': 58}
[2026-05-22 18:40:37,459] INFO: Transpiled QC Metrics: {'depth': 4579, '2q_gates': 6729, 'clifford_gates': 23531, 'non_clifford_gates': 1300, 't_gates': 15, 'total_gates': 24831, 'num_active_qubits': 58}
[2026-05-22 18:40:37,459] INFO: Clifford QC Metrics:   {'depth': 4579, '2q_gates': 6729, 'clifford_gates': 24831, 'non_clifford_gates': 0, 't_gates': 0, 'total_gates': 24831, 'num_active_qubits': 58}
[2026-05-22 18:40:37,459] INFO: Hamiltonian estimation with MNEAT on Clifford circuit
[2026-05-22 18:40:37,459] INFO: Ideal simulation run
[2026-05-22 18:40:42,409] INFO: Noisy simulation run
[2026-05-22 18:44:26,179] INFO: Mitigation simulation run with technique: zne
[2026-05-22 18:44:26,179] INFO: ZNE factory: richardson, noise_values: [1, 2, 3]
[2026-05-22 19:04:43,822] INFO: Saved ZNE factory plot to M4_P10_S444_Frichardson_out/zne_factory_fit.png
[2026-05-22 19:04:43,822] INFO: Clifford Ideal Estimator Value:       -8464.37890625
[2026-05-22 19:04:43,822] INFO: Clifford Noisy Estimator Value:       -2576.1767578125
[2026-05-22 19:04:43,822] INFO: Clifford Mitigated Estimator Value:   -3979.860351562502
[2026-05-22 19:04:43,822] INFO: Error % of Noisy vs Ideal:       69.56%
[2026-05-22 19:04:43,822] INFO: Error % of Mitigated vs Ideal:   52.98%
[2026-05-22 19:04:43,823] INFO: Circuit creation time:       0.0641 seconds
[2026-05-22 19:04:43,823] INFO: Transpilation time:          1.8832 seconds
[2026-05-22 19:04:43,823] INFO: Clifford Transpilation time: 0.1329 seconds
[2026-05-22 19:04:43,823] INFO: Clifford Ideal Estimation time:       4.9496 seconds
[2026-05-22 19:04:43,823] INFO: Clifford Noisy Estimation time:       223.7694 seconds
[2026-05-22 19:04:43,823] INFO: Clifford Mitigated Estimation time:   1217.3163 seconds
[2026-05-22 19:04:43,823] INFO: ESTIMATOR PERFORMANCE RUN COMPLETED.
[2026-05-22 19:04:43,847] INFO: writing output file: M4_P10_S444_Frichardson_out/output.json
