[2026-05-22 16:30:20,727] INFO: reading parameters file: 'M3_P12_S222_Frichardson/M3_P12_S222_Frichardson.yaml'
[2026-05-22 16:30:20,732] INFO: Using seed 222
[2026-05-22 16:30:20,732] INFO: Output will be written in M3_P12_S222_Frichardson_out
[2026-05-22 16:30:20,733] INFO: Building backend ibm_marrakesh (AerSimulator)
[2026-05-22 16:30:35,053] INFO: Building SimpleProductionPlanningProblem
[2026-05-22 16:35:35,403] INFO: The problem has 45 logic qubits
[2026-05-22 16:35:35,425] INFO: Building AncillaQAOACircuit with 2 layers
[2026-05-22 16:35:35,496] INFO: Getting virtual circuit metrics
[2026-05-22 16:35:35,511] INFO: Transpiling AncillaQAOACircuit for ibm_marrakesh
[2026-05-22 16:35:37,422] INFO: Getting transpiled circuit metrics
[2026-05-22 16:35:37,602] INFO: Assigning random parameters to the transpiled circuit
[2026-05-22 16:35:37,623] INFO: Preparing Hamiltonian for Estimator
[2026-05-22 16:35:37,624] INFO: Clifford Noise Analysis with MNEAT
[2026-05-22 16:35:39,918] INFO: Virtual QC Metrics:    {'depth': 108, '2q_gates': 918, 'clifford_gates': 81, 'non_clifford_gates': 978, 't_gates': 0, 'total_gates': 1059, 'num_active_qubits': 57}
[2026-05-22 16:35:39,918] INFO: Transpiled QC Metrics: {'depth': 4609, '2q_gates': 6466, 'clifford_gates': 22413, 'non_clifford_gates': 1219, 't_gates': 15, 'total_gates': 23632, 'num_active_qubits': 61}
[2026-05-22 16:35:39,918] INFO: Clifford QC Metrics:   {'depth': 4609, '2q_gates': 6466, 'clifford_gates': 23632, 'non_clifford_gates': 0, 't_gates': 0, 'total_gates': 23632, 'num_active_qubits': 61}
[2026-05-22 16:35:39,918] INFO: Hamiltonian estimation with MNEAT on Clifford circuit
[2026-05-22 16:35:39,918] INFO: Ideal simulation run
[2026-05-22 16:35:45,624] INFO: Noisy simulation run
[2026-05-22 16:39:25,919] INFO: Mitigation simulation run with technique: zne
[2026-05-22 16:39:25,919] INFO: ZNE factory: richardson, noise_values: [1, 2, 3]
[2026-05-22 16:59:34,947] INFO: Saved ZNE factory plot to M3_P12_S222_Frichardson_out/zne_factory_fit.png
[2026-05-22 16:59:34,948] INFO: Clifford Ideal Estimator Value:       -4148.8486328125
[2026-05-22 16:59:34,948] INFO: Clifford Noisy Estimator Value:       -601.2958984375
[2026-05-22 16:59:34,948] INFO: Clifford Mitigated Estimator Value:   -1635.3056640625034
[2026-05-22 16:59:34,948] INFO: Error % of Noisy vs Ideal:       85.51%
[2026-05-22 16:59:34,948] INFO: Error % of Mitigated vs Ideal:   60.58%
[2026-05-22 16:59:34,948] INFO: Circuit creation time:       0.0707 seconds
[2026-05-22 16:59:34,948] INFO: Transpilation time:          1.9111 seconds
[2026-05-22 16:59:34,948] INFO: Clifford Transpilation time: 0.1389 seconds
[2026-05-22 16:59:34,948] INFO: Clifford Ideal Estimation time:       5.7055 seconds
[2026-05-22 16:59:34,948] INFO: Clifford Noisy Estimation time:       220.2951 seconds
[2026-05-22 16:59:34,948] INFO: Clifford Mitigated Estimation time:   1208.7144 seconds
[2026-05-22 16:59:34,948] INFO: ESTIMATOR PERFORMANCE RUN COMPLETED.
[2026-05-22 16:59:34,973] INFO: writing output file: M3_P12_S222_Frichardson_out/output.json
