[2026-01-13 18:51:33,529] INFO: reading parameters file: 'N_nodes18_N_layers1/N_nodes18_N_layers1.yaml'
[2026-01-13 18:51:33,537] INFO: Using seed 12345
[2026-01-13 18:51:33,537] INFO: Output will be written in N_nodes18_N_layers1_out
[2026-01-13 18:51:33,538] INFO: Building backend ibm_torino (AerSimulator)
[2026-01-13 18:51:46,319] INFO: Building problem MaxCutProblem
[2026-01-13 18:51:46,879] INFO: The problem has 18 logic qubits
[2026-01-13 18:51:46,880] INFO: Building QAOA circuit QAOACircuit with 1 layers
[2026-01-13 18:51:47,164] INFO: Transpiling QAOA circuit QAOACircuit for ibm_torino
[2026-01-13 18:51:54,900] INFO: Clifford Noise Analysis with NEAT
[2026-01-13 18:51:57,851] INFO: Ideal simulation run on Clifford circuit
[2026-01-13 18:51:58,128] INFO: Noisy simulation run on Clifford circuit
[2026-01-13 18:52:03,965] INFO: Pruned noise simulation run on Clifford circuit
[2026-01-13 18:52:05,147] INFO: Virtual QC Metrics:    {'depth': 102, '2q_gates': 226, 'clifford_gates': 226, 'non_clifford_gates': 149, 't_gates': 0, 'total_gates': 375, 'num_active_qubits': 18}
[2026-01-13 18:52:05,147] INFO: Transpiled QC Metrics: {'depth': 1578, '2q_gates': 609, 'clifford_gates': 609, 'non_clifford_gates': 5342, 't_gates': 0, 'total_gates': 5951, 'num_active_qubits': 18}
[2026-01-13 18:52:05,147] INFO: Clifford QC Metrics:   {'depth': 717, '2q_gates': 333, 'clifford_gates': 333, 'non_clifford_gates': 2886, 't_gates': 0, 'total_gates': 3219, 'num_active_qubits': 18}
[2026-01-13 18:52:05,147] INFO: Clifford Ideal Estimator Value:  1.30859375
[2026-01-13 18:52:05,147] INFO: Clifford Noisy Estimator Value:  1.44921875
[2026-01-13 18:52:05,147] INFO: Clifford Pruned Estimator Value: 1.36328125
[2026-01-13 18:52:05,147] INFO: Circuit creation time:       0.0083 seconds
[2026-01-13 18:52:05,147] INFO: Transpilation time:          0.1894 seconds
[2026-01-13 18:52:05,147] INFO: Clifford Transpilation time: 0.1425 seconds
[2026-01-13 18:52:05,147] INFO: Clifford Ideal Estimation time:  0.2769 seconds
[2026-01-13 18:52:05,147] INFO: Clifford Noisy Estimation time:  5.8368 seconds
[2026-01-13 18:52:05,148] INFO: Clifford Pruned Estimation time: 1.1803 seconds
[2026-01-13 18:52:05,148] INFO: ESTIMATOR PERFORMANCE RUN COMPLETED.
[2026-01-13 18:52:05,169] INFO: writing output file: N_nodes18_N_layers1_out/output.json
