[2026-03-04 17:10:28,761] INFO: reading parameters file: 'G9_I3_S11111/G9_I3_S11111.yaml'
[2026-03-04 17:10:28,766] INFO: Using seed 11111
[2026-03-04 17:10:28,766] INFO: Output will be written in G9_I3_S11111_out
[2026-03-04 17:10:28,767] INFO: Building backend ibm_torino (AerSimulator)
[2026-03-04 17:10:44,473] INFO: Building QGSUncProblem
[2026-03-04 17:10:45,407] INFO: The problem has 27 logic qubits
[2026-03-04 17:10:45,420] INFO: Building AncillaQAOACircuit with 3 layers
[2026-03-04 17:10:45,446] INFO: Getting virtual circuit metrics
[2026-03-04 17:10:45,460] INFO: Transpiling AncillaQAOACircuit for ibm_torino
[2026-03-04 17:10:46,811] INFO: Getting transpiled circuit metrics
[2026-03-04 17:10:46,983] INFO: Assigning random parameters to the transpiled circuit
[2026-03-04 17:10:46,986] INFO: Preparing Hamiltonian for Estimator
[2026-03-04 17:10:46,987] INFO: Clifford Noise Analysis with NEAT
[2026-03-04 17:10:49,397] INFO: Virtual QC Metrics:    {'depth': 137, '2q_gates': 1269, 'clifford_gates': 54, 'non_clifford_gates': 1314, 't_gates': 0, 'total_gates': 1368, 'num_active_qubits': 36}
[2026-03-04 17:10:49,397] INFO: Transpiled QC Metrics: {'depth': 4619, '2q_gates': 6345, 'clifford_gates': 24966, 'non_clifford_gates': 1787, 't_gates': 12, 'total_gates': 26753, 'num_active_qubits': 39}
[2026-03-04 17:10:49,397] INFO: Clifford QC Metrics:   {'depth': 2373, '2q_gates': 3898, 'clifford_gates': 14733, 'non_clifford_gates': 65, 't_gates': 0, 'total_gates': 14798, 'num_active_qubits': 39}
[2026-03-04 17:10:49,397] INFO: Ideal simulation run on Clifford circuit
[2026-03-04 17:10:52,400] INFO: Noisy simulation run on Clifford circuit
[2026-03-04 17:10:52,400] INFO: Full noise simulation run on Clifford circuit
[2026-03-04 17:13:13,263] INFO: Clifford Ideal Estimator Value:  -0.7155556629874049
[2026-03-04 17:13:13,263] INFO: Clifford Noisy Estimator Value:  -0.0628551645653395
[2026-03-04 17:13:13,263] INFO: Circuit creation time:       0.0265 seconds
[2026-03-04 17:13:13,263] INFO: Transpilation time:          1.3509 seconds
[2026-03-04 17:13:13,263] INFO: Clifford Transpilation time: 1.3380 seconds
[2026-03-04 17:13:13,263] INFO: Clifford Ideal Estimation time:  3.0024 seconds
[2026-03-04 17:13:13,263] INFO: Clifford Noisy Estimation time:  140.8624 seconds
[2026-03-04 17:13:13,263] INFO: ESTIMATOR PERFORMANCE RUN COMPLETED.
[2026-03-04 17:13:13,281] INFO: writing output file: G9_I3_S11111_out/output.json
