[2026-03-02 14:47:58,018] INFO: reading parameters file: 'Groups11_Instruments9_Layers3/Groups11_Instruments9_Layers3.yaml'
[2026-03-02 14:47:58,024] INFO: Using seed 12345
[2026-03-02 14:47:58,024] INFO: Output will be written in Groups11_Instruments9_Layers3_out
[2026-03-02 14:47:58,024] INFO: Building backend ibm_torino (AerSimulator)
[2026-03-02 14:48:13,334] INFO: Building QGSUncProblem
[2026-03-02 14:53:22,860] INFO: The problem has 99 logic qubits
[2026-03-02 14:53:23,149] INFO: Building AncillaQAOACircuit with 3 layers
[2026-03-02 14:53:23,800] INFO: Getting virtual circuit metrics
[2026-03-02 14:53:24,069] INFO: Transpiling AncillaQAOACircuit for ibm_torino
[2026-03-02 14:53:42,715] INFO: Getting transpiled circuit metrics
[2026-03-02 14:53:46,531] INFO: Assigning random parameters to the transpiled circuit
[2026-03-02 14:53:46,601] INFO: Preparing Hamiltonian for Estimator
[2026-03-02 14:53:46,612] INFO: Clifford Noise Analysis with NEAT
[2026-03-02 14:54:16,181] INFO: Virtual QC Metrics:    {'depth': 495, '2q_gates': 17193, 'clifford_gates': 198, 'non_clifford_gates': 17314, 't_gates': 0, 'total_gates': 17512, 'num_active_qubits': 110}
[2026-03-02 14:54:16,181] INFO: Transpiled QC Metrics: {'depth': 43403, '2q_gates': 92577, 'clifford_gates': 371467, 'non_clifford_gates': 24935, 't_gates': 16, 'total_gates': 396402, 'num_active_qubits': 113}
[2026-03-02 14:54:16,181] INFO: Clifford QC Metrics:   {'depth': 23455, '2q_gates': 63799, 'clifford_gates': 255075, 'non_clifford_gates': 1451, 't_gates': 23, 'total_gates': 256526, 'num_active_qubits': 113}
[2026-03-02 14:54:16,181] INFO: Ideal simulation run on Clifford circuit
[2026-03-02 14:56:04,191] INFO: Noisy simulation run on Clifford circuit
[2026-03-02 14:56:04,192] INFO: Full noise simulation run on Clifford circuit
[2026-03-02 15:16:24,560] INFO: Clifford Ideal Estimator Value:  -11.439830500311722
[2026-03-02 15:16:24,560] INFO: Clifford Noisy Estimator Value:  -0.35309204824708723
[2026-03-02 15:16:24,560] INFO: Circuit creation time:       0.6509 seconds
[2026-03-02 15:16:24,560] INFO: Transpilation time:          18.6455 seconds
[2026-03-02 15:16:24,561] INFO: Clifford Transpilation time: 25.6055 seconds
[2026-03-02 15:16:24,561] INFO: Clifford Ideal Estimation time:  108.0104 seconds
[2026-03-02 15:16:24,561] INFO: Clifford Noisy Estimation time:  1220.3684 seconds
[2026-03-02 15:16:24,561] INFO: ESTIMATOR PERFORMANCE RUN COMPLETED.
[2026-03-02 15:16:24,571] INFO: writing output file: Groups11_Instruments9_Layers3_out/output.json
