[2026-03-04 17:28:44,890] INFO: reading parameters file: 'G9_I9_S44444/G9_I9_S44444.yaml'
[2026-03-04 17:28:44,896] INFO: Using seed 44444
[2026-03-04 17:28:44,896] INFO: Output will be written in G9_I9_S44444_out
[2026-03-04 17:28:44,897] INFO: Building backend ibm_torino (AerSimulator)
[2026-03-04 17:28:59,924] INFO: Building QGSUncProblem
[2026-03-04 17:34:04,121] INFO: The problem has 81 logic qubits
[2026-03-04 17:34:04,326] INFO: Building AncillaQAOACircuit with 3 layers
[2026-03-04 17:34:04,795] INFO: Getting virtual circuit metrics
[2026-03-04 17:34:05,006] INFO: Transpiling AncillaQAOACircuit for ibm_torino
[2026-03-04 17:34:21,514] INFO: Getting transpiled circuit metrics
[2026-03-04 17:34:24,722] INFO: Assigning random parameters to the transpiled circuit
[2026-03-04 17:34:24,775] INFO: Preparing Hamiltonian for Estimator
[2026-03-04 17:34:24,781] INFO: Clifford Noise Analysis with NEAT
[2026-03-04 17:34:50,588] INFO: Virtual QC Metrics:    {'depth': 423, '2q_gates': 11880, 'clifford_gates': 162, 'non_clifford_gates': 11979, 't_gates': 0, 'total_gates': 12141, 'num_active_qubits': 90}
[2026-03-04 17:34:50,589] INFO: Transpiled QC Metrics: {'depth': 29627, '2q_gates': 63203, 'clifford_gates': 254182, 'non_clifford_gates': 17387, 't_gates': 11, 'total_gates': 271569, 'num_active_qubits': 95}
[2026-03-04 17:34:50,589] INFO: Clifford QC Metrics:   {'depth': 18549, '2q_gates': 46325, 'clifford_gates': 185255, 'non_clifford_gates': 30, 't_gates': 1, 'total_gates': 185285, 'num_active_qubits': 95}
[2026-03-04 17:34:50,589] INFO: Ideal simulation run on Clifford circuit
[2026-03-04 17:36:41,458] INFO: Noisy simulation run on Clifford circuit
[2026-03-04 17:36:41,458] INFO: Full noise simulation run on Clifford circuit
[2026-03-04 18:05:58,305] INFO: Clifford Ideal Estimator Value:  1.0527821989470414
[2026-03-04 18:05:58,306] INFO: Clifford Noisy Estimator Value:  0.6310384754807971
[2026-03-04 18:05:58,306] INFO: Circuit creation time:       0.4692 seconds
[2026-03-04 18:05:58,306] INFO: Transpilation time:          16.5083 seconds
[2026-03-04 18:05:58,306] INFO: Clifford Transpilation time: 22.3193 seconds
[2026-03-04 18:05:58,306] INFO: Clifford Ideal Estimation time:  110.8689 seconds
[2026-03-04 18:05:58,306] INFO: Clifford Noisy Estimation time:  1756.8468 seconds
[2026-03-04 18:05:58,306] INFO: ESTIMATOR PERFORMANCE RUN COMPLETED.
[2026-03-04 18:05:58,324] INFO: writing output file: G9_I9_S44444_out/output.json
