[2026-05-22 15:54:19,625] INFO: reading parameters file: 'M3_P8_S555_Fadaexp/M3_P8_S555_Fadaexp.yaml'
[2026-05-22 15:54:19,630] INFO: Using seed 555
[2026-05-22 15:54:19,631] INFO: Output will be written in M3_P8_S555_Fadaexp_out
[2026-05-22 15:54:19,631] INFO: Building backend ibm_marrakesh (AerSimulator)
[2026-05-22 15:54:34,271] INFO: Building SimpleProductionPlanningProblem
[2026-05-22 15:54:59,156] INFO: The problem has 30 logic qubits
[2026-05-22 15:54:59,167] INFO: Building AncillaQAOACircuit with 2 layers
[2026-05-22 15:54:59,201] INFO: Getting virtual circuit metrics
[2026-05-22 15:54:59,209] INFO: Transpiling AncillaQAOACircuit for ibm_marrakesh
[2026-05-22 15:55:00,134] INFO: Getting transpiled circuit metrics
[2026-05-22 15:55:00,218] INFO: Assigning random parameters to the transpiled circuit
[2026-05-22 15:55:00,230] INFO: Preparing Hamiltonian for Estimator
[2026-05-22 15:55:00,231] INFO: Clifford Noise Analysis with MNEAT
[2026-05-22 15:55:02,367] INFO: Virtual QC Metrics:    {'depth': 78, '2q_gates': 462, 'clifford_gates': 54, 'non_clifford_gates': 502, 't_gates': 0, 'total_gates': 556, 'num_active_qubits': 38}
[2026-05-22 15:55:02,367] INFO: Transpiled QC Metrics: {'depth': 2430, '2q_gates': 2791, 'clifford_gates': 9946, 'non_clifford_gates': 603, 't_gates': 10, 'total_gates': 10549, 'num_active_qubits': 38}
[2026-05-22 15:55:02,367] INFO: Clifford QC Metrics:   {'depth': 2430, '2q_gates': 2791, 'clifford_gates': 10549, 'non_clifford_gates': 0, 't_gates': 0, 'total_gates': 10549, 'num_active_qubits': 38}
[2026-05-22 15:55:02,368] INFO: Hamiltonian estimation with MNEAT on Clifford circuit
[2026-05-22 15:55:02,368] INFO: Ideal simulation run
[2026-05-22 15:55:03,996] INFO: Noisy simulation run
[2026-05-22 15:56:38,060] INFO: Mitigation simulation run with technique: zne
[2026-05-22 15:56:38,061] INFO: ZNE factory: adaexp, noise_values: [1, 2, 3]
