[2026-01-13 20:10:17,729] INFO: reading parameters file: 'N_nodes27_N_layers1/N_nodes27_N_layers1.yaml'
[2026-01-13 20:10:17,738] INFO: Using seed 12345
[2026-01-13 20:10:17,739] INFO: Output will be written in N_nodes27_N_layers1_out
[2026-01-13 20:10:17,739] INFO: Building backend ibm_torino (AerSimulator)
[2026-01-13 20:10:30,900] INFO: Building problem MaxCutProblem
[2026-01-13 20:10:42,093] INFO: The problem has 27 logic qubits
[2026-01-13 20:10:42,094] INFO: Building QAOA circuit QAOACircuit with 1 layers
[2026-01-13 20:10:42,605] INFO: Transpiling QAOA circuit QAOACircuit for ibm_torino
[2026-01-13 20:11:20,864] INFO: Clifford Noise Analysis with NEAT
[2026-01-13 20:11:25,930] INFO: Ideal simulation run on Clifford circuit
[2026-01-13 20:11:26,949] INFO: Noisy simulation run on Clifford circuit
[2026-01-13 20:11:41,835] INFO: Pruned noise simulation run on Clifford circuit
[2026-01-13 20:11:45,588] INFO: Virtual QC Metrics:    {'depth': 153, '2q_gates': 518, 'clifford_gates': 518, 'non_clifford_gates': 313, 't_gates': 0, 'total_gates': 831, 'num_active_qubits': 27}
[2026-01-13 20:11:45,588] INFO: Transpiled QC Metrics: {'depth': 3057, '2q_gates': 1450, 'clifford_gates': 1450, 'non_clifford_gates': 12797, 't_gates': 0, 'total_gates': 14247, 'num_active_qubits': 27}
[2026-01-13 20:11:45,588] INFO: Clifford QC Metrics:   {'depth': 1518, '2q_gates': 846, 'clifford_gates': 846, 'non_clifford_gates': 7301, 't_gates': 0, 'total_gates': 8147, 'num_active_qubits': 27}
[2026-01-13 20:11:45,589] INFO: Clifford Ideal Estimator Value:  93.9990234375
[2026-01-13 20:11:45,589] INFO: Clifford Noisy Estimator Value:  93.9208984375
[2026-01-13 20:11:45,589] INFO: Clifford Pruned Estimator Value: 94.1708984375
[2026-01-13 20:11:45,589] INFO: Circuit creation time:       0.0132 seconds
[2026-01-13 20:11:45,589] INFO: Transpilation time:          0.2338 seconds
[2026-01-13 20:11:45,589] INFO: Clifford Transpilation time: 0.2711 seconds
[2026-01-13 20:11:45,589] INFO: Clifford Ideal Estimation time:  1.0183 seconds
[2026-01-13 20:11:45,589] INFO: Clifford Noisy Estimation time:  14.8859 seconds
[2026-01-13 20:11:45,589] INFO: Clifford Pruned Estimation time: 3.7524 seconds
[2026-01-13 20:11:45,589] INFO: ESTIMATOR PERFORMANCE RUN COMPLETED.
[2026-01-13 20:11:45,607] INFO: writing output file: N_nodes27_N_layers1_out/output.json
