[2026-03-04 17:16:02,982] INFO: reading parameters file: 'G9_I5_S11111/G9_I5_S11111.yaml'
[2026-03-04 17:16:02,988] INFO: Using seed 11111
[2026-03-04 17:16:02,988] INFO: Output will be written in G9_I5_S11111_out
[2026-03-04 17:16:02,988] INFO: Building backend ibm_torino (AerSimulator)
[2026-03-04 17:16:16,730] INFO: Building QGSUncProblem
[2026-03-04 17:18:17,847] INFO: The problem has 45 logic qubits
[2026-03-04 17:18:17,880] INFO: Building AncillaQAOACircuit with 3 layers
[2026-03-04 17:18:17,951] INFO: Getting virtual circuit metrics
[2026-03-04 17:18:17,990] INFO: Transpiling AncillaQAOACircuit for ibm_torino
[2026-03-04 17:18:22,125] INFO: Getting transpiled circuit metrics
[2026-03-04 17:18:22,620] INFO: Assigning random parameters to the transpiled circuit
[2026-03-04 17:18:22,631] INFO: Preparing Hamiltonian for Estimator
[2026-03-04 17:18:22,633] INFO: Clifford Noise Analysis with NEAT
[2026-03-04 17:18:27,839] INFO: Virtual QC Metrics:    {'depth': 231, '2q_gates': 3618, 'clifford_gates': 90, 'non_clifford_gates': 3681, 't_gates': 0, 'total_gates': 3771, 'num_active_qubits': 54}
[2026-03-04 17:18:27,839] INFO: Transpiled QC Metrics: {'depth': 8999, '2q_gates': 18162, 'clifford_gates': 71236, 'non_clifford_gates': 5181, 't_gates': 13, 'total_gates': 76417, 'num_active_qubits': 55}
[2026-03-04 17:18:27,839] INFO: Clifford QC Metrics:   {'depth': 3872, '2q_gates': 11141, 'clifford_gates': 42151, 'non_clifford_gates': 305, 't_gates': 6, 'total_gates': 42456, 'num_active_qubits': 55}
[2026-03-04 17:18:27,840] INFO: Ideal simulation run on Clifford circuit
[2026-03-04 17:18:47,296] INFO: Noisy simulation run on Clifford circuit
[2026-03-04 17:18:47,296] INFO: Full noise simulation run on Clifford circuit
[2026-03-04 17:25:55,427] INFO: Clifford Ideal Estimator Value:  0.7036850631697384
[2026-03-04 17:25:55,427] INFO: Clifford Noisy Estimator Value:  -0.056354592345182
[2026-03-04 17:25:55,427] INFO: Circuit creation time:       0.0713 seconds
[2026-03-04 17:25:55,427] INFO: Transpilation time:          4.1351 seconds
[2026-03-04 17:25:55,427] INFO: Clifford Transpilation time: 3.9785 seconds
[2026-03-04 17:25:55,427] INFO: Clifford Ideal Estimation time:  19.4559 seconds
[2026-03-04 17:25:55,427] INFO: Clifford Noisy Estimation time:  428.1306 seconds
[2026-03-04 17:25:55,427] INFO: ESTIMATOR PERFORMANCE RUN COMPLETED.
[2026-03-04 17:25:55,445] INFO: writing output file: G9_I5_S11111_out/output.json
