[2026-05-22 15:36:04,084] INFO: reading parameters file: 'M3_P6_S444_Flinear/M3_P6_S444_Flinear.yaml'
[2026-05-22 15:36:04,088] INFO: Using seed 444
[2026-05-22 15:36:04,088] INFO: Output will be written in M3_P6_S444_Flinear_out
[2026-05-22 15:36:04,089] INFO: Building backend ibm_marrakesh (AerSimulator)
[2026-05-22 15:36:19,022] INFO: Building SimpleProductionPlanningProblem
[2026-05-22 15:36:21,761] INFO: The problem has 24 logic qubits
[2026-05-22 15:36:21,768] INFO: Building AncillaQAOACircuit with 2 layers
[2026-05-22 15:36:21,791] INFO: Getting virtual circuit metrics
[2026-05-22 15:36:21,796] INFO: Transpiling AncillaQAOACircuit for ibm_marrakesh
[2026-05-22 15:36:22,457] INFO: Getting transpiled circuit metrics
[2026-05-22 15:36:22,513] INFO: Assigning random parameters to the transpiled circuit
[2026-05-22 15:36:22,521] INFO: Preparing Hamiltonian for Estimator
[2026-05-22 15:36:22,522] INFO: Clifford Noise Analysis with MNEAT
[2026-05-22 15:36:24,069] INFO: Virtual QC Metrics:    {'depth': 64, '2q_gates': 312, 'clifford_gates': 42, 'non_clifford_gates': 348, 't_gates': 0, 'total_gates': 390, 'num_active_qubits': 30}
[2026-05-22 15:36:24,069] INFO: Transpiled QC Metrics: {'depth': 1706, '2q_gates': 1812, 'clifford_gates': 6524, 'non_clifford_gates': 404, 't_gates': 8, 'total_gates': 6928, 'num_active_qubits': 33}
[2026-05-22 15:36:24,069] INFO: Clifford QC Metrics:   {'depth': 1706, '2q_gates': 1812, 'clifford_gates': 6928, 'non_clifford_gates': 0, 't_gates': 0, 'total_gates': 6928, 'num_active_qubits': 33}
[2026-05-22 15:36:24,069] INFO: Hamiltonian estimation with MNEAT on Clifford circuit
[2026-05-22 15:36:24,069] INFO: Ideal simulation run
[2026-05-22 15:36:25,047] INFO: Noisy simulation run
[2026-05-22 15:37:27,654] INFO: Mitigation simulation run with technique: zne
[2026-05-22 15:37:27,654] INFO: ZNE factory: linear, noise_values: [1, 2, 3]
[2026-05-22 15:43:08,109] INFO: Saved ZNE factory plot to M3_P6_S444_Flinear_out/zne_factory_fit.png
[2026-05-22 15:43:08,109] INFO: Clifford Ideal Estimator Value:       -1022.82421875
[2026-05-22 15:43:08,109] INFO: Clifford Noisy Estimator Value:       -527.7900390625
[2026-05-22 15:43:08,109] INFO: Clifford Mitigated Estimator Value:   -685.5400390625002
[2026-05-22 15:43:08,109] INFO: Error % of Noisy vs Ideal:       48.40%
[2026-05-22 15:43:08,109] INFO: Error % of Mitigated vs Ideal:   32.98%
[2026-05-22 15:43:08,110] INFO: Circuit creation time:       0.0231 seconds
[2026-05-22 15:43:08,110] INFO: Transpilation time:          0.6603 seconds
[2026-05-22 15:43:08,110] INFO: Clifford Transpilation time: 0.0443 seconds
[2026-05-22 15:43:08,110] INFO: Clifford Ideal Estimation time:       0.9777 seconds
[2026-05-22 15:43:08,110] INFO: Clifford Noisy Estimation time:       62.6065 seconds
[2026-05-22 15:43:08,110] INFO: Clifford Mitigated Estimation time:   340.1445 seconds
[2026-05-22 15:43:08,110] INFO: ESTIMATOR PERFORMANCE RUN COMPLETED.
[2026-05-22 15:43:08,136] INFO: writing output file: M3_P6_S444_Flinear_out/output.json
