[2026-03-04 16:56:43,647] INFO: reading parameters file: 'G7_I5_S22222/G7_I5_S22222.yaml'
[2026-03-04 16:56:43,652] INFO: Using seed 22222
[2026-03-04 16:56:43,652] INFO: Output will be written in G7_I5_S22222_out
[2026-03-04 16:56:43,652] INFO: Building backend ibm_torino (AerSimulator)
[2026-03-04 16:56:59,656] INFO: Building QGSUncProblem
[2026-03-04 16:57:35,946] INFO: The problem has 35 logic qubits
[2026-03-04 16:57:35,985] INFO: Building AncillaQAOACircuit with 3 layers
[2026-03-04 16:57:36,069] INFO: Getting virtual circuit metrics
[2026-03-04 16:57:36,112] INFO: Transpiling AncillaQAOACircuit for ibm_torino
[2026-03-04 16:57:38,629] INFO: Getting transpiled circuit metrics
[2026-03-04 16:57:39,199] INFO: Assigning random parameters to the transpiled circuit
[2026-03-04 16:57:39,206] INFO: Preparing Hamiltonian for Estimator
[2026-03-04 16:57:39,208] INFO: Clifford Noise Analysis with NEAT
[2026-03-04 16:57:43,414] INFO: Virtual QC Metrics:    {'depth': 191, '2q_gates': 2289, 'clifford_gates': 70, 'non_clifford_gates': 2338, 't_gates': 0, 'total_gates': 2408, 'num_active_qubits': 42}
[2026-03-04 16:57:45,178] INFO: Transpiled QC Metrics: {'depth': 7314, '2q_gates': 11145, 'clifford_gates': 45176, 'non_clifford_gates': 3017, 't_gates': 9, 'total_gates': 48193, 'num_active_qubits': 42}
[2026-03-04 16:57:45,178] INFO: Clifford QC Metrics:   {'depth': 3352, '2q_gates': 6464, 'clifford_gates': 25801, 'non_clifford_gates': 261, 't_gates': 1, 'total_gates': 26062, 'num_active_qubits': 42}
[2026-03-04 16:57:45,178] INFO: Ideal simulation run on Clifford circuit
[2026-03-04 16:57:53,693] INFO: Noisy simulation run on Clifford circuit
[2026-03-04 16:57:53,693] INFO: Full noise simulation run on Clifford circuit
[2026-03-04 17:01:51,117] INFO: Clifford Ideal Estimator Value:  0.05466332636680993
[2026-03-04 17:01:51,118] INFO: Clifford Noisy Estimator Value:  1.4098763263033618
[2026-03-04 17:01:51,118] INFO: Circuit creation time:       0.0840 seconds
[2026-03-04 17:01:51,118] INFO: Transpilation time:          2.5174 seconds
[2026-03-04 17:01:51,118] INFO: Clifford Transpilation time: 2.5333 seconds
[2026-03-04 17:01:51,118] INFO: Clifford Ideal Estimation time:  8.5140 seconds
[2026-03-04 17:01:51,118] INFO: Clifford Noisy Estimation time:  237.4243 seconds
[2026-03-04 17:01:51,118] INFO: ESTIMATOR PERFORMANCE RUN COMPLETED.
[2026-03-04 17:01:51,134] INFO: writing output file: G7_I5_S22222_out/output.json
