[2026-01-13 18:42:17,549] INFO: reading parameters file: 'N_nodes12_N_layers3/N_nodes12_N_layers3.yaml'
[2026-01-13 18:42:17,557] INFO: Using seed 12345
[2026-01-13 18:42:17,557] INFO: Output will be written in N_nodes12_N_layers3_out
[2026-01-13 18:42:17,558] INFO: Building backend ibm_torino (AerSimulator)
[2026-01-13 18:42:30,496] INFO: Building problem MaxCutProblem
[2026-01-13 18:42:30,586] INFO: The problem has 12 logic qubits
[2026-01-13 18:42:30,586] INFO: Building QAOA circuit QAOACircuit with 3 layers
[2026-01-13 18:42:30,842] INFO: Transpiling QAOA circuit QAOACircuit for ibm_torino
[2026-01-13 18:42:41,111] INFO: Clifford Noise Analysis with NEAT
[2026-01-13 18:42:44,772] INFO: Ideal simulation run on Clifford circuit
[2026-01-13 18:42:45,024] INFO: Noisy simulation run on Clifford circuit
[2026-01-13 18:42:53,372] INFO: Pruned noise simulation run on Clifford circuit
[2026-01-13 18:42:54,879] INFO: Virtual QC Metrics:    {'depth': 128, '2q_gates': 258, 'clifford_gates': 258, 'non_clifford_gates': 177, 't_gates': 0, 'total_gates': 435, 'num_active_qubits': 12}
[2026-01-13 18:42:54,880] INFO: Transpiled QC Metrics: {'depth': 2284, '2q_gates': 709, 'clifford_gates': 709, 'non_clifford_gates': 6233, 't_gates': 0, 'total_gates': 6942, 'num_active_qubits': 15}
[2026-01-13 18:42:54,880] INFO: Clifford QC Metrics:   {'depth': 1373, '2q_gates': 503, 'clifford_gates': 503, 'non_clifford_gates': 4069, 't_gates': 0, 'total_gates': 4572, 'num_active_qubits': 15}
[2026-01-13 18:42:54,880] INFO: Clifford Ideal Estimator Value:  -0.17578125
[2026-01-13 18:42:54,880] INFO: Clifford Noisy Estimator Value:  -0.029296875
[2026-01-13 18:42:54,880] INFO: Clifford Pruned Estimator Value: -0.029296875
[2026-01-13 18:42:54,880] INFO: Circuit creation time:       0.0110 seconds
[2026-01-13 18:42:54,880] INFO: Transpilation time:          0.1498 seconds
[2026-01-13 18:42:54,880] INFO: Clifford Transpilation time: 0.1727 seconds
[2026-01-13 18:42:54,880] INFO: Clifford Ideal Estimation time:  0.2516 seconds
[2026-01-13 18:42:54,880] INFO: Clifford Noisy Estimation time:  8.3477 seconds
[2026-01-13 18:42:54,880] INFO: Clifford Pruned Estimation time: 1.5072 seconds
[2026-01-13 18:42:54,880] INFO: ESTIMATOR PERFORMANCE RUN COMPLETED.
[2026-01-13 18:42:54,896] INFO: writing output file: N_nodes12_N_layers3_out/output.json
