[2026-03-02 13:15:37,963] INFO: reading parameters file: 'Groups9_Instruments3_Layers3/Groups9_Instruments3_Layers3.yaml'
[2026-03-02 13:15:37,966] INFO: Using seed 12345
[2026-03-02 13:15:37,966] INFO: Output will be written in Groups9_Instruments3_Layers3_out
[2026-03-02 13:15:37,967] INFO: Building backend ibm_torino (AerSimulator)
[2026-03-02 13:15:47,952] INFO: Building QGSUncProblem
[2026-03-02 13:15:49,261] INFO: The problem has 27 logic qubits
[2026-03-02 13:15:49,274] INFO: Building AncillaQAOACircuit with 3 layers
[2026-03-02 13:15:49,301] INFO: Getting virtual circuit metrics
[2026-03-02 13:15:49,314] INFO: Transpiling AncillaQAOACircuit for ibm_torino
[2026-03-02 13:15:50,337] INFO: Getting transpiled circuit metrics
[2026-03-02 13:15:50,506] INFO: Assigning random parameters to the transpiled circuit
[2026-03-02 13:15:50,509] INFO: Preparing Hamiltonian for Estimator
[2026-03-02 13:15:50,510] INFO: Clifford Noise Analysis with NEAT
[2026-03-02 13:15:52,214] INFO: Virtual QC Metrics:    {'depth': 137, '2q_gates': 1269, 'clifford_gates': 54, 'non_clifford_gates': 1314, 't_gates': 0, 'total_gates': 1368, 'num_active_qubits': 36}
[2026-03-02 13:15:52,214] INFO: Transpiled QC Metrics: {'depth': 3100, '2q_gates': 5838, 'clifford_gates': 22867, 'non_clifford_gates': 1764, 't_gates': 13, 'total_gates': 24631, 'num_active_qubits': 36}
[2026-03-02 13:15:52,214] INFO: Clifford QC Metrics:   {'depth': 1303, '2q_gates': 3403, 'clifford_gates': 13022, 'non_clifford_gates': 156, 't_gates': 2, 'total_gates': 13178, 'num_active_qubits': 36}
[2026-03-02 13:15:52,214] INFO: Ideal simulation run on Clifford circuit
[2026-03-02 13:15:53,871] INFO: Noisy simulation run on Clifford circuit
[2026-03-02 13:15:53,871] INFO: Full noise simulation run on Clifford circuit
[2026-03-02 13:17:49,001] INFO: Clifford Ideal Estimator Value:  0.20510254887074494
[2026-03-02 13:17:49,002] INFO: Clifford Noisy Estimator Value:  -0.0024699290255006633
[2026-03-02 13:17:49,002] INFO: Circuit creation time:       0.0270 seconds
[2026-03-02 13:17:49,002] INFO: Transpilation time:          1.0222 seconds
[2026-03-02 13:17:49,002] INFO: Clifford Transpilation time: 0.7582 seconds
[2026-03-02 13:17:49,002] INFO: Clifford Ideal Estimation time:  1.6569 seconds
[2026-03-02 13:17:49,002] INFO: Clifford Noisy Estimation time:  115.1300 seconds
[2026-03-02 13:17:49,002] INFO: ESTIMATOR PERFORMANCE RUN COMPLETED.
[2026-03-02 13:17:49,015] INFO: writing output file: Groups9_Instruments3_Layers3_out/output.json
