[2026-03-04 17:45:04,192] INFO: reading parameters file: 'G11_I3_S22222/G11_I3_S22222.yaml'
[2026-03-04 17:45:04,205] INFO: Using seed 22222
[2026-03-04 17:45:04,206] INFO: Output will be written in G11_I3_S22222_out
[2026-03-04 17:45:04,206] INFO: Building backend ibm_torino (AerSimulator)
[2026-03-04 17:45:15,583] INFO: Building QGSUncProblem
[2026-03-04 17:45:21,522] INFO: The problem has 33 logic qubits
[2026-03-04 17:45:21,543] INFO: Building AncillaQAOACircuit with 3 layers
[2026-03-04 17:45:21,581] INFO: Getting virtual circuit metrics
[2026-03-04 17:45:21,601] INFO: Transpiling AncillaQAOACircuit for ibm_torino
[2026-03-04 17:45:23,577] INFO: Getting transpiled circuit metrics
[2026-03-04 17:45:23,815] INFO: Assigning random parameters to the transpiled circuit
[2026-03-04 17:45:23,821] INFO: Preparing Hamiltonian for Estimator
[2026-03-04 17:45:23,823] INFO: Clifford Noise Analysis with NEAT
[2026-03-04 17:45:26,717] INFO: Virtual QC Metrics:    {'depth': 161, '2q_gates': 1848, 'clifford_gates': 66, 'non_clifford_gates': 1903, 't_gates': 0, 'total_gates': 1969, 'num_active_qubits': 44}
[2026-03-04 17:45:26,717] INFO: Transpiled QC Metrics: {'depth': 5084, '2q_gates': 8859, 'clifford_gates': 34781, 'non_clifford_gates': 2634, 't_gates': 14, 'total_gates': 37415, 'num_active_qubits': 44}
[2026-03-04 17:45:26,717] INFO: Clifford QC Metrics:   {'depth': 2576, '2q_gates': 5411, 'clifford_gates': 20691, 'non_clifford_gates': 287, 't_gates': 0, 'total_gates': 20978, 'num_active_qubits': 44}
[2026-03-04 17:45:26,717] INFO: Ideal simulation run on Clifford circuit
[2026-03-04 17:45:31,798] INFO: Noisy simulation run on Clifford circuit
[2026-03-04 17:45:31,799] INFO: Full noise simulation run on Clifford circuit
[2026-03-04 17:48:51,297] INFO: Clifford Ideal Estimator Value:  0.535286186879228
[2026-03-04 17:48:51,298] INFO: Clifford Noisy Estimator Value:  0.12996616785032417
[2026-03-04 17:48:51,298] INFO: Circuit creation time:       0.0387 seconds
[2026-03-04 17:48:51,298] INFO: Transpilation time:          1.9759 seconds
[2026-03-04 17:48:51,298] INFO: Clifford Transpilation time: 1.7637 seconds
[2026-03-04 17:48:51,298] INFO: Clifford Ideal Estimation time:  5.0810 seconds
[2026-03-04 17:48:51,298] INFO: Clifford Noisy Estimation time:  199.4983 seconds
[2026-03-04 17:48:51,298] INFO: ESTIMATOR PERFORMANCE RUN COMPLETED.
[2026-03-04 17:48:51,318] INFO: writing output file: G11_I3_S22222_out/output.json
