[2026-03-04 16:47:27,273] INFO: reading parameters file: 'G5_I5_S44444/G5_I5_S44444.yaml'
[2026-03-04 16:47:27,280] INFO: Using seed 44444
[2026-03-04 16:47:27,280] INFO: Output will be written in G5_I5_S44444_out
[2026-03-04 16:47:27,280] INFO: Building backend ibm_torino (AerSimulator)
[2026-03-04 16:47:48,526] INFO: Building QGSUncProblem
[2026-03-04 16:47:49,262] INFO: The problem has 25 logic qubits
[2026-03-04 16:47:49,281] INFO: Building AncillaQAOACircuit with 3 layers
[2026-03-04 16:47:49,323] INFO: Getting virtual circuit metrics
[2026-03-04 16:47:49,345] INFO: Transpiling AncillaQAOACircuit for ibm_torino
[2026-03-04 16:47:50,475] INFO: Getting transpiled circuit metrics
[2026-03-04 16:47:50,748] INFO: Assigning random parameters to the transpiled circuit
[2026-03-04 16:47:50,751] INFO: Preparing Hamiltonian for Estimator
[2026-03-04 16:47:50,751] INFO: Clifford Noise Analysis with NEAT
[2026-03-04 16:47:53,383] INFO: Virtual QC Metrics:    {'depth': 151, '2q_gates': 1260, 'clifford_gates': 50, 'non_clifford_gates': 1295, 't_gates': 0, 'total_gates': 1345, 'num_active_qubits': 30}
[2026-03-04 16:47:53,383] INFO: Transpiled QC Metrics: {'depth': 4900, '2q_gates': 5937, 'clifford_gates': 23979, 'non_clifford_gates': 1800, 't_gates': 6, 'total_gates': 25779, 'num_active_qubits': 34}
[2026-03-04 16:47:53,383] INFO: Clifford QC Metrics:   {'depth': 2151, '2q_gates': 3138, 'clifford_gates': 12529, 'non_clifford_gates': 2, 't_gates': 0, 'total_gates': 12531, 'num_active_qubits': 34}
[2026-03-04 16:47:53,383] INFO: Ideal simulation run on Clifford circuit
[2026-03-04 16:47:55,079] INFO: Noisy simulation run on Clifford circuit
[2026-03-04 16:47:55,079] INFO: Full noise simulation run on Clifford circuit
[2026-03-04 16:49:01,537] INFO: Clifford Ideal Estimator Value:  -1.5302131816063587
[2026-03-04 16:49:01,538] INFO: Clifford Noisy Estimator Value:  -0.9553867781309164
[2026-03-04 16:49:01,538] INFO: Circuit creation time:       0.0423 seconds
[2026-03-04 16:49:01,538] INFO: Transpilation time:          1.1299 seconds
[2026-03-04 16:49:01,538] INFO: Clifford Transpilation time: 1.1466 seconds
[2026-03-04 16:49:01,538] INFO: Clifford Ideal Estimation time:  1.6958 seconds
[2026-03-04 16:49:01,538] INFO: Clifford Noisy Estimation time:  66.4581 seconds
[2026-03-04 16:49:01,538] INFO: ESTIMATOR PERFORMANCE RUN COMPLETED.
[2026-03-04 16:49:01,550] INFO: writing output file: G5_I5_S44444_out/output.json
