[2026-05-22 19:13:58,033] INFO: reading parameters file: 'M4_P12_S333_Fadaexp/M4_P12_S333_Fadaexp.yaml'
[2026-05-22 19:13:58,039] INFO: Using seed 333
[2026-05-22 19:13:58,040] INFO: Output will be written in M4_P12_S333_Fadaexp_out
[2026-05-22 19:13:58,040] INFO: Building backend ibm_marrakesh (AerSimulator)
[2026-05-22 19:14:12,248] INFO: Building SimpleProductionPlanningProblem
[2026-05-22 19:19:12,676] INFO: The problem has 60 logic qubits
[2026-05-22 19:19:12,696] INFO: Building AncillaQAOACircuit with 2 layers
[2026-05-22 19:19:12,762] INFO: Getting virtual circuit metrics
[2026-05-22 19:19:12,777] INFO: Transpiling AncillaQAOACircuit for ibm_marrakesh
[2026-05-22 19:19:15,556] INFO: Getting transpiled circuit metrics
[2026-05-22 19:19:15,740] INFO: Assigning random parameters to the transpiled circuit
[2026-05-22 19:19:15,759] INFO: Preparing Hamiltonian for Estimator
[2026-05-22 19:19:15,760] INFO: Clifford Noise Analysis with MNEAT
[2026-05-22 19:19:18,003] INFO: Virtual QC Metrics:    {'depth': 139, '2q_gates': 1380, 'clifford_gates': 108, 'non_clifford_gates': 1452, 't_gates': 0, 'total_gates': 1560, 'num_active_qubits': 72}
[2026-05-22 19:19:18,003] INFO: Transpiled QC Metrics: {'depth': 6195, '2q_gates': 10149, 'clifford_gates': 35234, 'non_clifford_gates': 1767, 't_gates': 12, 'total_gates': 37001, 'num_active_qubits': 76}
[2026-05-22 19:19:18,003] INFO: Clifford QC Metrics:   {'depth': 6195, '2q_gates': 10149, 'clifford_gates': 37001, 'non_clifford_gates': 0, 't_gates': 0, 'total_gates': 37001, 'num_active_qubits': 76}
[2026-05-22 19:19:18,003] INFO: Hamiltonian estimation with MNEAT on Clifford circuit
[2026-05-22 19:19:18,004] INFO: Ideal simulation run
[2026-05-22 19:19:29,093] INFO: Noisy simulation run
[2026-05-22 19:25:50,243] INFO: Mitigation simulation run with technique: zne
[2026-05-22 19:25:50,244] INFO: ZNE factory: adaexp, noise_values: [1, 2, 3]
