[2026-03-30 14:33:30,313] INFO: reading parameters file: 'M3_P9_S33333/M3_P9_S33333.yaml'
[2026-03-30 14:33:30,322] INFO: Using seed 33333
[2026-03-30 14:33:30,322] INFO: Output will be written in M3_P9_S33333_out
[2026-03-30 14:33:30,323] INFO: Building backend ibm_torino (AerSimulator)
[2026-03-30 14:33:46,680] INFO: Building SimpleProductionPlanningProblem
[2026-03-30 14:38:47,036] INFO: The problem has 36 logic qubits
[2026-03-30 14:38:47,052] INFO: Building AncillaQAOACircuit with 3 layers
[2026-03-30 14:38:47,122] INFO: Getting virtual circuit metrics
[2026-03-30 14:38:47,164] INFO: Transpiling AncillaQAOACircuit for ibm_torino
[2026-03-30 14:38:48,511] INFO: Getting transpiled circuit metrics
[2026-03-30 14:38:48,785] INFO: Assigning random parameters to the transpiled circuit
[2026-03-30 14:38:48,788] INFO: Preparing Hamiltonian for Estimator
[2026-03-30 14:38:48,789] INFO: Clifford Noise Analysis with NEAT
[2026-03-30 14:38:51,650] INFO: Virtual QC Metrics:    {'depth': 122, '2q_gates': 891, 'clifford_gates': 63, 'non_clifford_gates': 990, 't_gates': 0, 'total_gates': 1053, 'num_active_qubits': 45}
[2026-03-30 14:38:51,650] INFO: Transpiled QC Metrics: {'depth': 5573, '2q_gates': 6008, 'clifford_gates': 24462, 'non_clifford_gates': 1347, 't_gates': 13, 'total_gates': 25809, 'num_active_qubits': 48}
[2026-03-30 14:38:51,650] INFO: Clifford QC Metrics:   {'depth': 3337, '2q_gates': 4201, 'clifford_gates': 16916, 'non_clifford_gates': 19, 't_gates': 0, 'total_gates': 16935, 'num_active_qubits': 48}
[2026-03-30 14:38:51,650] INFO: Ideal simulation run on Clifford circuit
[2026-03-30 14:38:55,040] INFO: Noisy simulation run on Clifford circuit
[2026-03-30 14:38:55,040] INFO: Full noise simulation run on Clifford circuit
[2026-03-30 14:41:18,474] INFO: Clifford Ideal Estimator Value:  -1990.7861328125
[2026-03-30 14:41:18,475] INFO: Clifford Noisy Estimator Value:  -137.4873046875
[2026-03-30 14:41:18,475] INFO: Circuit creation time:       0.0700 seconds
[2026-03-30 14:41:18,475] INFO: Transpilation time:          1.3464 seconds
[2026-03-30 14:41:18,475] INFO: Clifford Transpilation time: 1.3860 seconds
[2026-03-30 14:41:18,475] INFO: Clifford Ideal Estimation time:  3.3893 seconds
[2026-03-30 14:41:18,475] INFO: Clifford Noisy Estimation time:  143.4336 seconds
[2026-03-30 14:41:18,475] INFO: ESTIMATOR PERFORMANCE RUN COMPLETED.
[2026-03-30 14:41:18,494] INFO: writing output file: M3_P9_S33333_out/output.json
