[2026-05-22 14:44:01,501] INFO: reading parameters file: 'M2_P8_S444_Fadaexp/M2_P8_S444_Fadaexp.yaml'
[2026-05-22 14:44:01,507] INFO: Using seed 444
[2026-05-22 14:44:01,507] INFO: Output will be written in M2_P8_S444_Fadaexp_out
[2026-05-22 14:44:01,507] INFO: Building backend ibm_marrakesh (AerSimulator)
[2026-05-22 14:44:17,197] INFO: Building SimpleProductionPlanningProblem
[2026-05-22 14:44:19,127] INFO: The problem has 22 logic qubits
[2026-05-22 14:44:19,136] INFO: Building AncillaQAOACircuit with 2 layers
[2026-05-22 14:44:19,163] INFO: Getting virtual circuit metrics
[2026-05-22 14:44:19,168] INFO: Transpiling AncillaQAOACircuit for ibm_marrakesh
[2026-05-22 14:44:19,790] INFO: Getting transpiled circuit metrics
[2026-05-22 14:44:19,847] INFO: Assigning random parameters to the transpiled circuit
[2026-05-22 14:44:19,856] INFO: Preparing Hamiltonian for Estimator
[2026-05-22 14:44:19,857] INFO: Clifford Noise Analysis with MNEAT
[2026-05-22 14:44:21,697] INFO: Virtual QC Metrics:    {'depth': 58, '2q_gates': 292, 'clifford_gates': 46, 'non_clifford_gates': 324, 't_gates': 0, 'total_gates': 370, 'num_active_qubits': 30}
[2026-05-22 14:44:21,697] INFO: Transpiled QC Metrics: {'depth': 1661, '2q_gates': 1620, 'clifford_gates': 5870, 'non_clifford_gates': 400, 't_gates': 0, 'total_gates': 6270, 'num_active_qubits': 33}
[2026-05-22 14:44:21,697] INFO: Clifford QC Metrics:   {'depth': 1661, '2q_gates': 1620, 'clifford_gates': 6270, 'non_clifford_gates': 0, 't_gates': 0, 'total_gates': 6270, 'num_active_qubits': 33}
[2026-05-22 14:44:21,697] INFO: Hamiltonian estimation with MNEAT on Clifford circuit
[2026-05-22 14:44:21,697] INFO: Ideal simulation run
[2026-05-22 14:44:22,580] INFO: Noisy simulation run
[2026-05-22 14:44:57,456] INFO: Mitigation simulation run with technique: zne
[2026-05-22 14:44:57,456] INFO: ZNE factory: adaexp, noise_values: [1, 2, 3]
[2026-05-22 14:50:11,572] INFO: Saved ZNE factory plot to M2_P8_S444_Fadaexp_out/zne_factory_fit.png
[2026-05-22 14:50:11,573] INFO: Clifford Ideal Estimator Value:       -349.3310546875
[2026-05-22 14:50:11,573] INFO: Clifford Noisy Estimator Value:       -110.84375
[2026-05-22 14:50:11,573] INFO: Clifford Mitigated Estimator Value:   -145.56968773459806
[2026-05-22 14:50:11,573] INFO: Error % of Noisy vs Ideal:       68.27%
[2026-05-22 14:50:11,573] INFO: Error % of Mitigated vs Ideal:   58.33%
[2026-05-22 14:50:11,573] INFO: Circuit creation time:       0.0276 seconds
[2026-05-22 14:50:11,573] INFO: Transpilation time:          0.6219 seconds
[2026-05-22 14:50:11,573] INFO: Clifford Transpilation time: 0.0449 seconds
[2026-05-22 14:50:11,573] INFO: Clifford Ideal Estimation time:       0.8831 seconds
[2026-05-22 14:50:11,573] INFO: Clifford Noisy Estimation time:       34.8751 seconds
[2026-05-22 14:50:11,573] INFO: Clifford Mitigated Estimation time:   313.8008 seconds
[2026-05-22 14:50:11,573] INFO: ESTIMATOR PERFORMANCE RUN COMPLETED.
[2026-05-22 14:50:11,597] INFO: writing output file: M2_P8_S444_Fadaexp_out/output.json
