[2026-05-22 16:22:43,179] INFO: reading parameters file: 'M3_P10_S555_Fadaexp/M3_P10_S555_Fadaexp.yaml'
[2026-05-22 16:22:43,184] INFO: Using seed 555
[2026-05-22 16:22:43,184] INFO: Output will be written in M3_P10_S555_Fadaexp_out
[2026-05-22 16:22:43,185] INFO: Building backend ibm_marrakesh (AerSimulator)
[2026-05-22 16:22:58,193] INFO: Building SimpleProductionPlanningProblem
[2026-05-22 16:27:58,497] INFO: The problem has 39 logic qubits
[2026-05-22 16:27:58,508] INFO: Building AncillaQAOACircuit with 2 layers
[2026-05-22 16:27:58,544] INFO: Getting virtual circuit metrics
[2026-05-22 16:27:58,552] INFO: Transpiling AncillaQAOACircuit for ibm_marrakesh
[2026-05-22 16:28:00,082] INFO: Getting transpiled circuit metrics
[2026-05-22 16:28:00,158] INFO: Assigning random parameters to the transpiled circuit
[2026-05-22 16:28:00,168] INFO: Preparing Hamiltonian for Estimator
[2026-05-22 16:28:00,169] INFO: Clifford Noise Analysis with MNEAT
[2026-05-22 16:28:02,322] INFO: Virtual QC Metrics:    {'depth': 94, '2q_gates': 708, 'clifford_gates': 69, 'non_clifford_gates': 764, 't_gates': 0, 'total_gates': 833, 'num_active_qubits': 49}
[2026-05-22 16:28:02,322] INFO: Transpiled QC Metrics: {'depth': 3472, '2q_gates': 4901, 'clifford_gates': 17127, 'non_clifford_gates': 896, 't_gates': 13, 'total_gates': 18023, 'num_active_qubits': 54}
[2026-05-22 16:28:02,322] INFO: Clifford QC Metrics:   {'depth': 3472, '2q_gates': 4901, 'clifford_gates': 18023, 'non_clifford_gates': 0, 't_gates': 0, 'total_gates': 18023, 'num_active_qubits': 54}
[2026-05-22 16:28:02,322] INFO: Hamiltonian estimation with MNEAT on Clifford circuit
[2026-05-22 16:28:02,322] INFO: Ideal simulation run
[2026-05-22 16:28:06,540] INFO: Noisy simulation run
[2026-05-22 16:31:10,800] INFO: Mitigation simulation run with technique: zne
[2026-05-22 16:31:10,801] INFO: ZNE factory: adaexp, noise_values: [1, 2, 3]
[2026-05-22 16:59:48,062] INFO: Saved ZNE factory plot to M3_P10_S555_Fadaexp_out/zne_factory_fit.png
[2026-05-22 16:59:48,062] INFO: Clifford Ideal Estimator Value:       -2180.375
[2026-05-22 16:59:48,062] INFO: Clifford Noisy Estimator Value:       -590.5224609375
[2026-05-22 16:59:48,062] INFO: Clifford Mitigated Estimator Value:   -1309.331436497383
[2026-05-22 16:59:48,062] INFO: Error % of Noisy vs Ideal:       72.92%
[2026-05-22 16:59:48,062] INFO: Error % of Mitigated vs Ideal:   39.95%
[2026-05-22 16:59:48,062] INFO: Circuit creation time:       0.0362 seconds
[2026-05-22 16:59:48,062] INFO: Transpilation time:          1.5299 seconds
[2026-05-22 16:59:48,062] INFO: Clifford Transpilation time: 0.0975 seconds
[2026-05-22 16:59:48,062] INFO: Clifford Ideal Estimation time:       4.2177 seconds
[2026-05-22 16:59:48,062] INFO: Clifford Noisy Estimation time:       184.2604 seconds
[2026-05-22 16:59:48,062] INFO: Clifford Mitigated Estimation time:   1716.9435 seconds
[2026-05-22 16:59:48,062] INFO: ESTIMATOR PERFORMANCE RUN COMPLETED.
[2026-05-22 16:59:48,092] INFO: writing output file: M3_P10_S555_Fadaexp_out/output.json
