[2026-03-04 17:03:03,454] INFO: reading parameters file: 'G7_I9_S11111/G7_I9_S11111.yaml'
[2026-03-04 17:03:03,458] INFO: Using seed 11111
[2026-03-04 17:03:03,458] INFO: Output will be written in G7_I9_S11111_out
[2026-03-04 17:03:03,459] INFO: Building backend ibm_torino (AerSimulator)
[2026-03-04 17:03:14,167] INFO: Building QGSUncProblem
[2026-03-04 17:07:49,705] INFO: The problem has 63 logic qubits
[2026-03-04 17:07:49,767] INFO: Building AncillaQAOACircuit with 3 layers
[2026-03-04 17:07:49,908] INFO: Getting virtual circuit metrics
[2026-03-04 17:07:49,985] INFO: Transpiling AncillaQAOACircuit for ibm_torino
[2026-03-04 17:07:59,253] INFO: Getting transpiled circuit metrics
[2026-03-04 17:08:00,334] INFO: Assigning random parameters to the transpiled circuit
[2026-03-04 17:08:00,360] INFO: Preparing Hamiltonian for Estimator
[2026-03-04 17:08:00,363] INFO: Clifford Noise Analysis with NEAT
[2026-03-04 17:08:12,357] INFO: Virtual QC Metrics:    {'depth': 351, '2q_gates': 7539, 'clifford_gates': 126, 'non_clifford_gates': 7616, 't_gates': 0, 'total_gates': 7742, 'num_active_qubits': 70}
[2026-03-04 17:08:12,358] INFO: Transpiled QC Metrics: {'depth': 19344, '2q_gates': 39435, 'clifford_gates': 154350, 'non_clifford_gates': 11360, 't_gates': 9, 'total_gates': 165710, 'num_active_qubits': 75}
[2026-03-04 17:08:12,358] INFO: Clifford QC Metrics:   {'depth': 9804, '2q_gates': 24590, 'clifford_gates': 93423, 'non_clifford_gates': 547, 't_gates': 3, 'total_gates': 93970, 'num_active_qubits': 75}
[2026-03-04 17:08:12,358] INFO: Ideal simulation run on Clifford circuit
[2026-03-04 17:09:07,877] INFO: Noisy simulation run on Clifford circuit
[2026-03-04 17:09:07,877] INFO: Full noise simulation run on Clifford circuit
[2026-03-04 17:24:31,117] INFO: Clifford Ideal Estimator Value:  -0.6038739261478907
[2026-03-04 17:24:31,117] INFO: Clifford Noisy Estimator Value:  -1.8947244202317413
[2026-03-04 17:24:31,118] INFO: Circuit creation time:       0.1407 seconds
[2026-03-04 17:24:31,118] INFO: Transpilation time:          9.2671 seconds
[2026-03-04 17:24:31,118] INFO: Clifford Transpilation time: 10.4184 seconds
[2026-03-04 17:24:31,118] INFO: Clifford Ideal Estimation time:  55.5187 seconds
[2026-03-04 17:24:31,118] INFO: Clifford Noisy Estimation time:  923.2400 seconds
[2026-03-04 17:24:31,118] INFO: ESTIMATOR PERFORMANCE RUN COMPLETED.
[2026-03-04 17:24:31,135] INFO: writing output file: G7_I9_S11111_out/output.json
