[2026-03-04 16:43:46,753] INFO: reading parameters file: 'G3_I5_S33333/G3_I5_S33333.yaml'
[2026-03-04 16:43:46,759] INFO: Using seed 33333
[2026-03-04 16:43:46,760] INFO: Output will be written in G3_I5_S33333_out
[2026-03-04 16:43:46,760] INFO: Building backend ibm_torino (AerSimulator)
[2026-03-04 16:44:01,906] INFO: Building QGSUncProblem
[2026-03-04 16:44:02,048] INFO: The problem has 15 logic qubits
[2026-03-04 16:44:02,056] INFO: Building AncillaQAOACircuit with 3 layers
[2026-03-04 16:44:02,074] INFO: Getting virtual circuit metrics
[2026-03-04 16:44:02,084] INFO: Transpiling AncillaQAOACircuit for ibm_torino
[2026-03-04 16:44:02,564] INFO: Getting transpiled circuit metrics
[2026-03-04 16:44:02,682] INFO: Assigning random parameters to the transpiled circuit
[2026-03-04 16:44:02,685] INFO: Preparing Hamiltonian for Estimator
[2026-03-04 16:44:02,685] INFO: Clifford Noise Analysis with NEAT
[2026-03-04 16:44:04,587] INFO: Virtual QC Metrics:    {'depth': 111, '2q_gates': 531, 'clifford_gates': 30, 'non_clifford_gates': 552, 't_gates': 0, 'total_gates': 582, 'num_active_qubits': 18}
[2026-03-04 16:44:04,587] INFO: Transpiled QC Metrics: {'depth': 3068, '2q_gates': 2280, 'clifford_gates': 9409, 'non_clifford_gates': 806, 't_gates': 4, 'total_gates': 10215, 'num_active_qubits': 18}
[2026-03-04 16:44:04,587] INFO: Clifford QC Metrics:   {'depth': 1169, '2q_gates': 1151, 'clifford_gates': 4565, 'non_clifford_gates': 65, 't_gates': 1, 'total_gates': 4630, 'num_active_qubits': 18}
[2026-03-04 16:44:04,587] INFO: Ideal simulation run on Clifford circuit
[2026-03-04 16:44:05,171] INFO: Noisy simulation run on Clifford circuit
[2026-03-04 16:44:05,171] INFO: Full noise simulation run on Clifford circuit
[2026-03-04 16:44:47,011] INFO: Clifford Ideal Estimator Value:  -0.5615739953691189
[2026-03-04 16:44:47,012] INFO: Clifford Noisy Estimator Value:  -0.34131649145840937
[2026-03-04 16:44:47,012] INFO: Circuit creation time:       0.0178 seconds
[2026-03-04 16:44:47,012] INFO: Transpilation time:          0.4798 seconds
[2026-03-04 16:44:47,012] INFO: Clifford Transpilation time: 0.4354 seconds
[2026-03-04 16:44:47,012] INFO: Clifford Ideal Estimation time:  0.5837 seconds
[2026-03-04 16:44:47,012] INFO: Clifford Noisy Estimation time:  41.8403 seconds
[2026-03-04 16:44:47,012] INFO: ESTIMATOR PERFORMANCE RUN COMPLETED.
[2026-03-04 16:44:47,026] INFO: writing output file: G3_I5_S33333_out/output.json
