[2026-05-22 18:54:29,560] INFO: reading parameters file: 'M4_P12_S111_Fadaexp/M4_P12_S111_Fadaexp.yaml'
[2026-05-22 18:54:29,565] INFO: Using seed 111
[2026-05-22 18:54:29,565] INFO: Output will be written in M4_P12_S111_Fadaexp_out
[2026-05-22 18:54:29,565] INFO: Building backend ibm_marrakesh (AerSimulator)
[2026-05-22 18:54:43,703] INFO: Building SimpleProductionPlanningProblem
[2026-05-22 18:59:45,140] INFO: The problem has 60 logic qubits
[2026-05-22 18:59:45,158] INFO: Building AncillaQAOACircuit with 2 layers
[2026-05-22 18:59:45,223] INFO: Getting virtual circuit metrics
[2026-05-22 18:59:45,237] INFO: Transpiling AncillaQAOACircuit for ibm_marrakesh
[2026-05-22 18:59:47,890] INFO: Getting transpiled circuit metrics
[2026-05-22 18:59:48,079] INFO: Assigning random parameters to the transpiled circuit
[2026-05-22 18:59:48,098] INFO: Preparing Hamiltonian for Estimator
[2026-05-22 18:59:48,099] INFO: Clifford Noise Analysis with MNEAT
[2026-05-22 18:59:50,324] INFO: Virtual QC Metrics:    {'depth': 139, '2q_gates': 1380, 'clifford_gates': 108, 'non_clifford_gates': 1452, 't_gates': 0, 'total_gates': 1560, 'num_active_qubits': 72}
[2026-05-22 18:59:50,324] INFO: Transpiled QC Metrics: {'depth': 6649, '2q_gates': 10322, 'clifford_gates': 35727, 'non_clifford_gates': 1769, 't_gates': 15, 'total_gates': 37496, 'num_active_qubits': 72}
[2026-05-22 18:59:50,324] INFO: Clifford QC Metrics:   {'depth': 6649, '2q_gates': 10322, 'clifford_gates': 37496, 'non_clifford_gates': 0, 't_gates': 0, 'total_gates': 37496, 'num_active_qubits': 72}
[2026-05-22 18:59:50,324] INFO: Hamiltonian estimation with MNEAT on Clifford circuit
[2026-05-22 18:59:50,324] INFO: Ideal simulation run
[2026-05-22 19:00:00,373] INFO: Noisy simulation run
[2026-05-22 19:06:26,539] INFO: Mitigation simulation run with technique: zne
[2026-05-22 19:06:26,539] INFO: ZNE factory: adaexp, noise_values: [1, 2, 3]
