[2026-05-22 18:13:37,669] INFO: reading parameters file: 'M4_P10_S222_Frichardson/M4_P10_S222_Frichardson.yaml'
[2026-05-22 18:13:37,703] INFO: Using seed 222
[2026-05-22 18:13:37,704] INFO: Output will be written in M4_P10_S222_Frichardson_out
[2026-05-22 18:13:37,704] INFO: Building backend ibm_marrakesh (AerSimulator)
[2026-05-22 18:13:51,645] INFO: Building SimpleProductionPlanningProblem
[2026-05-22 18:18:51,922] INFO: The problem has 48 logic qubits
[2026-05-22 18:18:51,933] INFO: Building AncillaQAOACircuit with 2 layers
[2026-05-22 18:18:51,975] INFO: Getting virtual circuit metrics
[2026-05-22 18:18:51,984] INFO: Transpiling AncillaQAOACircuit for ibm_marrakesh
[2026-05-22 18:18:53,921] INFO: Getting transpiled circuit metrics
[2026-05-22 18:18:54,038] INFO: Assigning random parameters to the transpiled circuit
[2026-05-22 18:18:54,049] INFO: Preparing Hamiltonian for Estimator
[2026-05-22 18:18:54,050] INFO: Clifford Noise Analysis with MNEAT
[2026-05-22 18:18:56,001] INFO: Virtual QC Metrics:    {'depth': 119, '2q_gates': 978, 'clifford_gates': 88, 'non_clifford_gates': 1030, 't_gates': 0, 'total_gates': 1118, 'num_active_qubits': 58}
[2026-05-22 18:18:56,001] INFO: Transpiled QC Metrics: {'depth': 4574, '2q_gates': 6762, 'clifford_gates': 23706, 'non_clifford_gates': 1255, 't_gates': 11, 'total_gates': 24961, 'num_active_qubits': 69}
[2026-05-22 18:18:56,001] INFO: Clifford QC Metrics:   {'depth': 4574, '2q_gates': 6762, 'clifford_gates': 24961, 'non_clifford_gates': 0, 't_gates': 0, 'total_gates': 24961, 'num_active_qubits': 69}
[2026-05-22 18:18:56,001] INFO: Hamiltonian estimation with MNEAT on Clifford circuit
[2026-05-22 18:18:56,001] INFO: Ideal simulation run
[2026-05-22 18:19:03,056] INFO: Noisy simulation run
[2026-05-22 18:23:08,232] INFO: Mitigation simulation run with technique: zne
[2026-05-22 18:23:08,233] INFO: ZNE factory: richardson, noise_values: [1, 2, 3]
[2026-05-22 18:45:24,227] INFO: Saved ZNE factory plot to M4_P10_S222_Frichardson_out/zne_factory_fit.png
[2026-05-22 18:45:24,227] INFO: Clifford Ideal Estimator Value:       -9223.556640625
[2026-05-22 18:45:24,227] INFO: Clifford Noisy Estimator Value:       -3301.025390625
[2026-05-22 18:45:24,227] INFO: Clifford Mitigated Estimator Value:   -6013.236328125005
[2026-05-22 18:45:24,227] INFO: Error % of Noisy vs Ideal:       64.21%
[2026-05-22 18:45:24,227] INFO: Error % of Mitigated vs Ideal:   34.81%
[2026-05-22 18:45:24,227] INFO: Circuit creation time:       0.0414 seconds
[2026-05-22 18:45:24,227] INFO: Transpilation time:          1.9371 seconds
[2026-05-22 18:45:24,227] INFO: Clifford Transpilation time: 0.1125 seconds
[2026-05-22 18:45:24,227] INFO: Clifford Ideal Estimation time:       7.0553 seconds
[2026-05-22 18:45:24,227] INFO: Clifford Noisy Estimation time:       245.1760 seconds
[2026-05-22 18:45:24,227] INFO: Clifford Mitigated Estimation time:   1335.7141 seconds
[2026-05-22 18:45:24,227] INFO: ESTIMATOR PERFORMANCE RUN COMPLETED.
[2026-05-22 18:45:24,259] INFO: writing output file: M4_P10_S222_Frichardson_out/output.json
