[2026-05-22 15:52:57,319] INFO: reading parameters file: 'M3_P8_S555_Frichardson/M3_P8_S555_Frichardson.yaml'
[2026-05-22 15:52:57,326] INFO: Using seed 555
[2026-05-22 15:52:57,326] INFO: Output will be written in M3_P8_S555_Frichardson_out
[2026-05-22 15:52:57,326] INFO: Building backend ibm_marrakesh (AerSimulator)
[2026-05-22 15:53:10,874] INFO: Building SimpleProductionPlanningProblem
[2026-05-22 15:53:51,493] INFO: The problem has 30 logic qubits
[2026-05-22 15:53:51,502] INFO: Building AncillaQAOACircuit with 2 layers
[2026-05-22 15:53:51,529] INFO: Getting virtual circuit metrics
[2026-05-22 15:53:51,534] INFO: Transpiling AncillaQAOACircuit for ibm_marrakesh
[2026-05-22 15:53:52,375] INFO: Getting transpiled circuit metrics
[2026-05-22 15:53:52,428] INFO: Assigning random parameters to the transpiled circuit
[2026-05-22 15:53:52,435] INFO: Preparing Hamiltonian for Estimator
[2026-05-22 15:53:52,435] INFO: Clifford Noise Analysis with MNEAT
[2026-05-22 15:53:54,477] INFO: Virtual QC Metrics:    {'depth': 78, '2q_gates': 462, 'clifford_gates': 54, 'non_clifford_gates': 502, 't_gates': 0, 'total_gates': 556, 'num_active_qubits': 38}
[2026-05-22 15:53:54,477] INFO: Transpiled QC Metrics: {'depth': 2417, '2q_gates': 2791, 'clifford_gates': 9907, 'non_clifford_gates': 577, 't_gates': 11, 'total_gates': 10484, 'num_active_qubits': 38}
[2026-05-22 15:53:54,477] INFO: Clifford QC Metrics:   {'depth': 2417, '2q_gates': 2791, 'clifford_gates': 10484, 'non_clifford_gates': 0, 't_gates': 0, 'total_gates': 10484, 'num_active_qubits': 38}
[2026-05-22 15:53:54,477] INFO: Hamiltonian estimation with MNEAT on Clifford circuit
[2026-05-22 15:53:54,477] INFO: Ideal simulation run
[2026-05-22 15:53:56,003] INFO: Noisy simulation run
[2026-05-22 15:55:37,292] INFO: Mitigation simulation run with technique: zne
[2026-05-22 15:55:37,292] INFO: ZNE factory: richardson, noise_values: [1, 2, 3]
[2026-05-22 16:04:48,681] INFO: Saved ZNE factory plot to M3_P8_S555_Frichardson_out/zne_factory_fit.png
[2026-05-22 16:04:48,682] INFO: Clifford Ideal Estimator Value:       -1060.828125
[2026-05-22 16:04:48,682] INFO: Clifford Noisy Estimator Value:       -459.4306640625
[2026-05-22 16:04:48,682] INFO: Clifford Mitigated Estimator Value:   -471.3291015624992
[2026-05-22 16:04:48,682] INFO: Error % of Noisy vs Ideal:       56.69%
[2026-05-22 16:04:48,682] INFO: Error % of Mitigated vs Ideal:   55.57%
[2026-05-22 16:04:48,682] INFO: Circuit creation time:       0.0264 seconds
[2026-05-22 16:04:48,682] INFO: Transpilation time:          0.8404 seconds
[2026-05-22 16:04:48,682] INFO: Clifford Transpilation time: 0.6532 seconds
[2026-05-22 16:04:48,682] INFO: Clifford Ideal Estimation time:       1.5255 seconds
[2026-05-22 16:04:48,682] INFO: Clifford Noisy Estimation time:       101.2889 seconds
[2026-05-22 16:04:48,682] INFO: Clifford Mitigated Estimation time:   551.1258 seconds
[2026-05-22 16:04:48,682] INFO: ESTIMATOR PERFORMANCE RUN COMPLETED.
[2026-05-22 16:04:48,712] INFO: writing output file: M3_P8_S555_Frichardson_out/output.json
