[2026-01-13 19:50:10,127] INFO: reading parameters file: 'N_nodes24_N_layers5/N_nodes24_N_layers5.yaml'
[2026-01-13 19:50:10,135] INFO: Using seed 12345
[2026-01-13 19:50:10,135] INFO: Output will be written in N_nodes24_N_layers5_out
[2026-01-13 19:50:10,136] INFO: Building backend ibm_torino (AerSimulator)
[2026-01-13 19:50:23,855] INFO: Building problem MaxCutProblem
[2026-01-13 19:50:28,379] INFO: The problem has 24 logic qubits
[2026-01-13 19:50:28,379] INFO: Building QAOA circuit QAOACircuit with 5 layers
[2026-01-13 19:50:32,203] INFO: Transpiling QAOA circuit QAOACircuit for ibm_torino
[2026-01-13 20:08:17,998] INFO: Clifford Noise Analysis with NEAT
[2026-01-13 20:08:38,567] INFO: Ideal simulation run on Clifford circuit
[2026-01-13 20:08:39,855] INFO: Noisy simulation run on Clifford circuit
[2026-01-13 20:09:48,690] INFO: Pruned noise simulation run on Clifford circuit
[2026-01-13 20:10:09,472] INFO: Virtual QC Metrics:    {'depth': 418, '2q_gates': 2020, 'clifford_gates': 2020, 'non_clifford_gates': 1154, 't_gates': 0, 'total_gates': 3174, 'num_active_qubits': 24}
[2026-01-13 20:10:09,472] INFO: Transpiled QC Metrics: {'depth': 12308, '2q_gates': 6287, 'clifford_gates': 6287, 'non_clifford_gates': 55314, 't_gates': 0, 'total_gates': 61601, 'num_active_qubits': 24}
[2026-01-13 20:10:09,473] INFO: Clifford QC Metrics:   {'depth': 7628, '2q_gates': 4625, 'clifford_gates': 4625, 'non_clifford_gates': 38717, 't_gates': 0, 'total_gates': 43342, 'num_active_qubits': 24}
[2026-01-13 20:10:09,473] INFO: Clifford Ideal Estimator Value:  -0.29296875
[2026-01-13 20:10:09,473] INFO: Clifford Noisy Estimator Value:  0.025390625
[2026-01-13 20:10:09,473] INFO: Clifford Pruned Estimator Value: 0.025390625
[2026-01-13 20:10:09,473] INFO: Circuit creation time:       0.0450 seconds
[2026-01-13 20:10:09,473] INFO: Transpilation time:          0.8799 seconds
[2026-01-13 20:10:09,473] INFO: Clifford Transpilation time: 1.3949 seconds
[2026-01-13 20:10:09,474] INFO: Clifford Ideal Estimation time:  1.2872 seconds
[2026-01-13 20:10:09,474] INFO: Clifford Noisy Estimation time:  68.8344 seconds
[2026-01-13 20:10:09,474] INFO: Clifford Pruned Estimation time: 20.7808 seconds
[2026-01-13 20:10:09,474] INFO: ESTIMATOR PERFORMANCE RUN COMPLETED.
[2026-01-13 20:10:09,494] INFO: writing output file: N_nodes24_N_layers5_out/output.json
