[2026-03-02 14:13:39,421] INFO: reading parameters file: 'Groups13_Instruments7_Layers3/Groups13_Instruments7_Layers3.yaml'
[2026-03-02 14:13:39,425] INFO: Using seed 12345
[2026-03-02 14:13:39,426] INFO: Output will be written in Groups13_Instruments7_Layers3_out
[2026-03-02 14:13:39,426] INFO: Building backend ibm_torino (AerSimulator)
[2026-03-02 14:13:50,977] INFO: Building QGSUncProblem
[2026-03-02 14:18:54,709] INFO: The problem has 91 logic qubits
[2026-03-02 14:18:54,853] INFO: Building AncillaQAOACircuit with 3 layers
[2026-03-02 14:18:55,180] INFO: Getting virtual circuit metrics
[2026-03-02 14:18:55,325] INFO: Transpiling AncillaQAOACircuit for ibm_torino
[2026-03-02 14:19:10,977] INFO: Getting transpiled circuit metrics
[2026-03-02 14:19:13,075] INFO: Assigning random parameters to the transpiled circuit
[2026-03-02 14:19:13,125] INFO: Preparing Hamiltonian for Estimator
[2026-03-02 14:19:13,129] INFO: Clifford Noise Analysis with NEAT
[2026-03-02 14:19:35,848] INFO: Virtual QC Metrics:    {'depth': 439, '2q_gates': 14157, 'clifford_gates': 182, 'non_clifford_gates': 14274, 't_gates': 0, 'total_gates': 14456, 'num_active_qubits': 104}
[2026-03-02 14:19:35,848] INFO: Transpiled QC Metrics: {'depth': 31387, '2q_gates': 74599, 'clifford_gates': 293092, 'non_clifford_gates': 21177, 't_gates': 19, 'total_gates': 314269, 'num_active_qubits': 111}
[2026-03-02 14:19:35,848] INFO: Clifford QC Metrics:   {'depth': 15663, '2q_gates': 49664, 'clifford_gates': 190718, 'non_clifford_gates': 1325, 't_gates': 27, 'total_gates': 192043, 'num_active_qubits': 111}
[2026-03-02 14:19:35,848] INFO: Ideal simulation run on Clifford circuit
[2026-03-02 14:21:08,200] INFO: Noisy simulation run on Clifford circuit
[2026-03-02 14:21:08,200] INFO: Full noise simulation run on Clifford circuit
[2026-03-02 14:54:24,426] INFO: Clifford Ideal Estimator Value:  -5.092104656936332
[2026-03-02 14:54:24,427] INFO: Clifford Noisy Estimator Value:  -0.7279377368362865
[2026-03-02 14:54:24,427] INFO: Circuit creation time:       0.3269 seconds
[2026-03-02 14:54:24,427] INFO: Transpilation time:          15.6510 seconds
[2026-03-02 14:54:24,427] INFO: Clifford Transpilation time: 20.6395 seconds
[2026-03-02 14:54:24,427] INFO: Clifford Ideal Estimation time:  92.3511 seconds
[2026-03-02 14:54:24,427] INFO: Clifford Noisy Estimation time:  1996.2265 seconds
[2026-03-02 14:54:24,427] INFO: ESTIMATOR PERFORMANCE RUN COMPLETED.
[2026-03-02 14:54:24,441] INFO: writing output file: Groups13_Instruments7_Layers3_out/output.json
