[2026-05-22 14:58:43,663] INFO: reading parameters file: 'M2_P10_S555_Flinear/M2_P10_S555_Flinear.yaml'
[2026-05-22 14:58:43,668] INFO: Using seed 555
[2026-05-22 14:58:43,668] INFO: Output will be written in M2_P10_S555_Flinear_out
[2026-05-22 14:58:43,668] INFO: Building backend ibm_marrakesh (AerSimulator)
[2026-05-22 14:58:57,380] INFO: Building SimpleProductionPlanningProblem
[2026-05-22 15:00:00,245] INFO: The problem has 26 logic qubits
[2026-05-22 15:00:00,255] INFO: Building AncillaQAOACircuit with 2 layers
[2026-05-22 15:00:00,279] INFO: Getting virtual circuit metrics
[2026-05-22 15:00:00,283] INFO: Transpiling AncillaQAOACircuit for ibm_marrakesh
[2026-05-22 15:00:01,088] INFO: Getting transpiled circuit metrics
[2026-05-22 15:00:01,136] INFO: Assigning random parameters to the transpiled circuit
[2026-05-22 15:00:01,142] INFO: Preparing Hamiltonian for Estimator
[2026-05-22 15:00:01,142] INFO: Clifford Noise Analysis with MNEAT
[2026-05-22 15:00:03,264] INFO: Virtual QC Metrics:    {'depth': 68, '2q_gates': 402, 'clifford_gates': 56, 'non_clifford_gates': 436, 't_gates': 0, 'total_gates': 492, 'num_active_qubits': 36}
[2026-05-22 15:00:03,264] INFO: Transpiled QC Metrics: {'depth': 2202, '2q_gates': 2421, 'clifford_gates': 8584, 'non_clifford_gates': 522, 't_gates': 0, 'total_gates': 9106, 'num_active_qubits': 36}
[2026-05-22 15:00:03,264] INFO: Clifford QC Metrics:   {'depth': 2202, '2q_gates': 2421, 'clifford_gates': 9106, 'non_clifford_gates': 0, 't_gates': 0, 'total_gates': 9106, 'num_active_qubits': 36}
[2026-05-22 15:00:03,264] INFO: Hamiltonian estimation with MNEAT on Clifford circuit
[2026-05-22 15:00:03,265] INFO: Ideal simulation run
[2026-05-22 15:00:04,870] INFO: Noisy simulation run
[2026-05-22 15:01:33,930] INFO: Mitigation simulation run with technique: zne
[2026-05-22 15:01:33,930] INFO: ZNE factory: linear, noise_values: [1, 2, 3]
[2026-05-22 15:09:41,466] INFO: Saved ZNE factory plot to M2_P10_S555_Flinear_out/zne_factory_fit.png
[2026-05-22 15:09:41,467] INFO: Clifford Ideal Estimator Value:       -498.6513671875
[2026-05-22 15:09:41,467] INFO: Clifford Noisy Estimator Value:       -86.19140625
[2026-05-22 15:09:41,467] INFO: Clifford Mitigated Estimator Value:   -228.22819010416666
[2026-05-22 15:09:41,467] INFO: Error % of Noisy vs Ideal:       82.72%
[2026-05-22 15:09:41,467] INFO: Error % of Mitigated vs Ideal:   54.23%
[2026-05-22 15:09:41,467] INFO: Circuit creation time:       0.0241 seconds
[2026-05-22 15:09:41,467] INFO: Transpilation time:          0.8042 seconds
[2026-05-22 15:09:41,467] INFO: Clifford Transpilation time: 0.7177 seconds
[2026-05-22 15:09:41,467] INFO: Clifford Ideal Estimation time:       1.6056 seconds
[2026-05-22 15:09:41,467] INFO: Clifford Noisy Estimation time:       89.0592 seconds
[2026-05-22 15:09:41,467] INFO: Clifford Mitigated Estimation time:   487.2698 seconds
[2026-05-22 15:09:41,467] INFO: ESTIMATOR PERFORMANCE RUN COMPLETED.
[2026-05-22 15:09:41,497] INFO: writing output file: M2_P10_S555_Flinear_out/output.json
