[2026-05-22 16:40:25,917] INFO: reading parameters file: 'M3_P12_S333_Frichardson/M3_P12_S333_Frichardson.yaml'
[2026-05-22 16:40:25,923] INFO: Using seed 333
[2026-05-22 16:40:25,923] INFO: Output will be written in M3_P12_S333_Frichardson_out
[2026-05-22 16:40:25,923] INFO: Building backend ibm_marrakesh (AerSimulator)
[2026-05-22 16:40:41,204] INFO: Building SimpleProductionPlanningProblem
[2026-05-22 16:45:41,600] INFO: The problem has 45 logic qubits
[2026-05-22 16:45:41,627] INFO: Building AncillaQAOACircuit with 2 layers
[2026-05-22 16:45:41,722] INFO: Getting virtual circuit metrics
[2026-05-22 16:45:41,737] INFO: Transpiling AncillaQAOACircuit for ibm_marrakesh
[2026-05-22 16:45:43,818] INFO: Getting transpiled circuit metrics
[2026-05-22 16:45:44,020] INFO: Assigning random parameters to the transpiled circuit
[2026-05-22 16:45:44,047] INFO: Preparing Hamiltonian for Estimator
[2026-05-22 16:45:44,049] INFO: Clifford Noise Analysis with MNEAT
[2026-05-22 16:45:46,657] INFO: Virtual QC Metrics:    {'depth': 108, '2q_gates': 918, 'clifford_gates': 81, 'non_clifford_gates': 978, 't_gates': 0, 'total_gates': 1059, 'num_active_qubits': 57}
[2026-05-22 16:45:46,657] INFO: Transpiled QC Metrics: {'depth': 4542, '2q_gates': 6500, 'clifford_gates': 22591, 'non_clifford_gates': 1222, 't_gates': 14, 'total_gates': 23813, 'num_active_qubits': 62}
[2026-05-22 16:45:46,657] INFO: Clifford QC Metrics:   {'depth': 4542, '2q_gates': 6500, 'clifford_gates': 23813, 'non_clifford_gates': 0, 't_gates': 0, 'total_gates': 23813, 'num_active_qubits': 62}
[2026-05-22 16:45:46,657] INFO: Hamiltonian estimation with MNEAT on Clifford circuit
[2026-05-22 16:45:46,657] INFO: Ideal simulation run
[2026-05-22 16:45:50,940] INFO: Noisy simulation run
[2026-05-22 16:48:27,523] INFO: Mitigation simulation run with technique: zne
[2026-05-22 16:48:27,524] INFO: ZNE factory: richardson, noise_values: [1, 2, 3]
[2026-05-22 17:01:41,231] INFO: Saved ZNE factory plot to M3_P12_S333_Frichardson_out/zne_factory_fit.png
[2026-05-22 17:01:41,231] INFO: Clifford Ideal Estimator Value:       -6332.8349609375
[2026-05-22 17:01:41,231] INFO: Clifford Noisy Estimator Value:       -1558.7890625
[2026-05-22 17:01:41,231] INFO: Clifford Mitigated Estimator Value:   -4745.94921875001
[2026-05-22 17:01:41,231] INFO: Error % of Noisy vs Ideal:       75.39%
[2026-05-22 17:01:41,231] INFO: Error % of Mitigated vs Ideal:   25.06%
[2026-05-22 17:01:41,231] INFO: Circuit creation time:       0.0947 seconds
[2026-05-22 17:01:41,231] INFO: Transpilation time:          2.0809 seconds
[2026-05-22 17:01:41,231] INFO: Clifford Transpilation time: 0.1523 seconds
[2026-05-22 17:01:41,232] INFO: Clifford Ideal Estimation time:       4.2831 seconds
[2026-05-22 17:01:41,232] INFO: Clifford Noisy Estimation time:       156.5826 seconds
[2026-05-22 17:01:41,232] INFO: Clifford Mitigated Estimation time:   793.4217 seconds
[2026-05-22 17:01:41,232] INFO: ESTIMATOR PERFORMANCE RUN COMPLETED.
[2026-05-22 17:01:41,256] INFO: writing output file: M3_P12_S333_Frichardson_out/output.json
