[2026-03-04 19:03:56,953] INFO: reading parameters file: 'G13_I7_S44444/G13_I7_S44444.yaml'
[2026-03-04 19:03:56,961] INFO: Using seed 44444
[2026-03-04 19:03:56,961] INFO: Output will be written in G13_I7_S44444_out
[2026-03-04 19:03:56,961] INFO: Building backend ibm_torino (AerSimulator)
[2026-03-04 19:04:12,010] INFO: Building QGSUncProblem
[2026-03-04 19:09:18,340] INFO: The problem has 91 logic qubits
[2026-03-04 19:09:18,600] INFO: Building AncillaQAOACircuit with 3 layers
[2026-03-04 19:09:19,175] INFO: Getting virtual circuit metrics
[2026-03-04 19:09:19,435] INFO: Transpiling AncillaQAOACircuit for ibm_torino
[2026-03-04 19:09:39,574] INFO: Getting transpiled circuit metrics
[2026-03-04 19:09:43,519] INFO: Assigning random parameters to the transpiled circuit
[2026-03-04 19:09:43,582] INFO: Preparing Hamiltonian for Estimator
[2026-03-04 19:09:43,591] INFO: Clifford Noise Analysis with NEAT
[2026-03-04 19:10:13,408] INFO: Virtual QC Metrics:    {'depth': 439, '2q_gates': 14157, 'clifford_gates': 182, 'non_clifford_gates': 14274, 't_gates': 0, 'total_gates': 14456, 'num_active_qubits': 104}
[2026-03-04 19:10:13,408] INFO: Transpiled QC Metrics: {'depth': 31450, '2q_gates': 75094, 'clifford_gates': 300752, 'non_clifford_gates': 19494, 't_gates': 15, 'total_gates': 320246, 'num_active_qubits': 106}
[2026-03-04 19:10:13,408] INFO: Clifford QC Metrics:   {'depth': 16968, '2q_gates': 50425, 'clifford_gates': 202311, 'non_clifford_gates': 12, 't_gates': 0, 'total_gates': 202323, 'num_active_qubits': 106}
[2026-03-04 19:10:13,408] INFO: Ideal simulation run on Clifford circuit
[2026-03-04 19:13:02,625] INFO: Noisy simulation run on Clifford circuit
[2026-03-04 19:13:02,625] INFO: Full noise simulation run on Clifford circuit
[2026-03-04 19:46:02,314] INFO: Clifford Ideal Estimator Value:  1.4521445694333668
[2026-03-04 19:46:02,315] INFO: Clifford Noisy Estimator Value:  -0.5751203804662222
[2026-03-04 19:46:02,315] INFO: Circuit creation time:       0.5740 seconds
[2026-03-04 19:46:02,315] INFO: Transpilation time:          20.1387 seconds
[2026-03-04 19:46:02,315] INFO: Clifford Transpilation time: 26.0059 seconds
[2026-03-04 19:46:02,315] INFO: Clifford Ideal Estimation time:  169.2160 seconds
[2026-03-04 19:46:02,315] INFO: Clifford Noisy Estimation time:  1979.6891 seconds
[2026-03-04 19:46:02,315] INFO: ESTIMATOR PERFORMANCE RUN COMPLETED.
[2026-03-04 19:46:02,330] INFO: writing output file: G13_I7_S44444_out/output.json
