[2026-05-22 14:28:47,230] INFO: reading parameters file: 'M2_P6_S222_Flinear/M2_P6_S222_Flinear.yaml'
[2026-05-22 14:28:47,235] INFO: Using seed 222
[2026-05-22 14:28:47,235] INFO: Output will be written in M2_P6_S222_Flinear_out
[2026-05-22 14:28:47,235] INFO: Building backend ibm_marrakesh (AerSimulator)
[2026-05-22 14:29:00,810] INFO: Building SimpleProductionPlanningProblem
[2026-05-22 14:29:01,271] INFO: The problem has 18 logic qubits
[2026-05-22 14:29:01,276] INFO: Building AncillaQAOACircuit with 2 layers
[2026-05-22 14:29:01,288] INFO: Getting virtual circuit metrics
[2026-05-22 14:29:01,290] INFO: Transpiling AncillaQAOACircuit for ibm_marrakesh
[2026-05-22 14:29:01,669] INFO: Getting transpiled circuit metrics
[2026-05-22 14:29:01,694] INFO: Assigning random parameters to the transpiled circuit
[2026-05-22 14:29:01,698] INFO: Preparing Hamiltonian for Estimator
[2026-05-22 14:29:01,699] INFO: Clifford Noise Analysis with MNEAT
[2026-05-22 14:29:02,931] INFO: Virtual QC Metrics:    {'depth': 48, '2q_gates': 198, 'clifford_gates': 36, 'non_clifford_gates': 228, 't_gates': 0, 'total_gates': 264, 'num_active_qubits': 24}
[2026-05-22 14:29:02,931] INFO: Transpiled QC Metrics: {'depth': 1223, '2q_gates': 1090, 'clifford_gates': 3958, 'non_clifford_gates': 259, 't_gates': 0, 'total_gates': 4217, 'num_active_qubits': 24}
[2026-05-22 14:29:02,931] INFO: Clifford QC Metrics:   {'depth': 1223, '2q_gates': 1090, 'clifford_gates': 4217, 'non_clifford_gates': 0, 't_gates': 0, 'total_gates': 4217, 'num_active_qubits': 24}
[2026-05-22 14:29:02,931] INFO: Hamiltonian estimation with MNEAT on Clifford circuit
[2026-05-22 14:29:02,931] INFO: Ideal simulation run
[2026-05-22 14:29:03,557] INFO: Noisy simulation run
[2026-05-22 14:29:42,907] INFO: Mitigation simulation run with technique: zne
[2026-05-22 14:29:42,907] INFO: ZNE factory: linear, noise_values: [1, 2, 3]
[2026-05-22 14:33:17,364] INFO: Saved ZNE factory plot to M2_P6_S222_Flinear_out/zne_factory_fit.png
[2026-05-22 14:33:17,365] INFO: Clifford Ideal Estimator Value:       -263.0302734375
[2026-05-22 14:33:17,365] INFO: Clifford Noisy Estimator Value:       -93.12890625
[2026-05-22 14:33:17,365] INFO: Clifford Mitigated Estimator Value:   -129.25260416666669
[2026-05-22 14:33:17,365] INFO: Error % of Noisy vs Ideal:       64.59%
[2026-05-22 14:33:17,365] INFO: Error % of Mitigated vs Ideal:   50.86%
[2026-05-22 14:33:17,365] INFO: Circuit creation time:       0.0123 seconds
[2026-05-22 14:33:17,365] INFO: Transpilation time:          0.3787 seconds
[2026-05-22 14:33:17,365] INFO: Clifford Transpilation time: 0.0222 seconds
[2026-05-22 14:33:17,365] INFO: Clifford Ideal Estimation time:       0.6255 seconds
[2026-05-22 14:33:17,365] INFO: Clifford Noisy Estimation time:       39.3497 seconds
[2026-05-22 14:33:17,365] INFO: Clifford Mitigated Estimation time:   214.1772 seconds
[2026-05-22 14:33:17,365] INFO: ESTIMATOR PERFORMANCE RUN COMPLETED.
[2026-05-22 14:33:17,392] INFO: writing output file: M2_P6_S222_Flinear_out/output.json
