[2026-05-22 18:26:14,187] INFO: reading parameters file: 'M4_P10_S333_Fadaexp/M4_P10_S333_Fadaexp.yaml'
[2026-05-22 18:26:14,191] INFO: Using seed 333
[2026-05-22 18:26:14,191] INFO: Output will be written in M4_P10_S333_Fadaexp_out
[2026-05-22 18:26:14,191] INFO: Building backend ibm_marrakesh (AerSimulator)
[2026-05-22 18:26:27,124] INFO: Building SimpleProductionPlanningProblem
[2026-05-22 18:31:27,382] INFO: The problem has 48 logic qubits
[2026-05-22 18:31:27,395] INFO: Building AncillaQAOACircuit with 2 layers
[2026-05-22 18:31:27,437] INFO: Getting virtual circuit metrics
[2026-05-22 18:31:27,447] INFO: Transpiling AncillaQAOACircuit for ibm_marrakesh
[2026-05-22 18:31:29,210] INFO: Getting transpiled circuit metrics
[2026-05-22 18:31:29,322] INFO: Assigning random parameters to the transpiled circuit
[2026-05-22 18:31:29,334] INFO: Preparing Hamiltonian for Estimator
[2026-05-22 18:31:29,335] INFO: Clifford Noise Analysis with MNEAT
[2026-05-22 18:31:31,301] INFO: Virtual QC Metrics:    {'depth': 119, '2q_gates': 978, 'clifford_gates': 88, 'non_clifford_gates': 1030, 't_gates': 0, 'total_gates': 1118, 'num_active_qubits': 58}
[2026-05-22 18:31:31,302] INFO: Transpiled QC Metrics: {'depth': 4543, '2q_gates': 6777, 'clifford_gates': 23488, 'non_clifford_gates': 1252, 't_gates': 11, 'total_gates': 24740, 'num_active_qubits': 58}
[2026-05-22 18:31:31,302] INFO: Clifford QC Metrics:   {'depth': 4543, '2q_gates': 6777, 'clifford_gates': 24740, 'non_clifford_gates': 0, 't_gates': 0, 'total_gates': 24740, 'num_active_qubits': 58}
[2026-05-22 18:31:31,302] INFO: Hamiltonian estimation with MNEAT on Clifford circuit
[2026-05-22 18:31:31,302] INFO: Ideal simulation run
[2026-05-22 18:31:36,401] INFO: Noisy simulation run
[2026-05-22 18:36:00,714] INFO: Mitigation simulation run with technique: zne
[2026-05-22 18:36:00,714] INFO: ZNE factory: adaexp, noise_values: [1, 2, 3]
[2026-05-22 19:13:27,009] INFO: Saved ZNE factory plot to M4_P10_S333_Fadaexp_out/zne_factory_fit.png
[2026-05-22 19:13:27,009] INFO: Clifford Ideal Estimator Value:       -8343.615234375
[2026-05-22 19:13:27,009] INFO: Clifford Noisy Estimator Value:       -2526.162109375
[2026-05-22 19:13:27,009] INFO: Clifford Mitigated Estimator Value:   -6083.1820294182935
[2026-05-22 19:13:27,009] INFO: Error % of Noisy vs Ideal:       69.72%
[2026-05-22 19:13:27,009] INFO: Error % of Mitigated vs Ideal:   27.09%
[2026-05-22 19:13:27,009] INFO: Circuit creation time:       0.0427 seconds
[2026-05-22 19:13:27,009] INFO: Transpilation time:          1.7631 seconds
[2026-05-22 19:13:27,009] INFO: Clifford Transpilation time: 0.1152 seconds
[2026-05-22 19:13:27,010] INFO: Clifford Ideal Estimation time:       5.0990 seconds
[2026-05-22 19:13:27,010] INFO: Clifford Noisy Estimation time:       264.3128 seconds
[2026-05-22 19:13:27,010] INFO: Clifford Mitigated Estimation time:   2246.0273 seconds
[2026-05-22 19:13:27,010] INFO: ESTIMATOR PERFORMANCE RUN COMPLETED.
[2026-05-22 19:13:27,037] INFO: writing output file: M4_P10_S333_Fadaexp_out/output.json
