[2026-03-04 16:58:46,958] INFO: reading parameters file: 'G7_I5_S55555/G7_I5_S55555.yaml'
[2026-03-04 16:58:46,965] INFO: Using seed 55555
[2026-03-04 16:58:46,965] INFO: Output will be written in G7_I5_S55555_out
[2026-03-04 16:58:46,965] INFO: Building backend ibm_torino (AerSimulator)
[2026-03-04 16:59:02,101] INFO: Building QGSUncProblem
[2026-03-04 16:59:36,044] INFO: The problem has 35 logic qubits
[2026-03-04 16:59:36,080] INFO: Building AncillaQAOACircuit with 3 layers
[2026-03-04 16:59:36,171] INFO: Getting virtual circuit metrics
[2026-03-04 16:59:36,222] INFO: Transpiling AncillaQAOACircuit for ibm_torino
[2026-03-04 16:59:38,479] INFO: Getting transpiled circuit metrics
[2026-03-04 16:59:38,977] INFO: Assigning random parameters to the transpiled circuit
[2026-03-04 16:59:38,983] INFO: Preparing Hamiltonian for Estimator
[2026-03-04 16:59:38,984] INFO: Clifford Noise Analysis with NEAT
[2026-03-04 16:59:42,865] INFO: Virtual QC Metrics:    {'depth': 191, '2q_gates': 2289, 'clifford_gates': 70, 'non_clifford_gates': 2338, 't_gates': 0, 'total_gates': 2408, 'num_active_qubits': 42}
[2026-03-04 16:59:42,865] INFO: Transpiled QC Metrics: {'depth': 6746, '2q_gates': 10872, 'clifford_gates': 43258, 'non_clifford_gates': 3121, 't_gates': 8, 'total_gates': 46379, 'num_active_qubits': 42}
[2026-03-04 16:59:42,865] INFO: Clifford QC Metrics:   {'depth': 3446, '2q_gates': 6428, 'clifford_gates': 25421, 'non_clifford_gates': 392, 't_gates': 0, 'total_gates': 25813, 'num_active_qubits': 42}
[2026-03-04 16:59:42,865] INFO: Ideal simulation run on Clifford circuit
[2026-03-04 16:59:49,314] INFO: Noisy simulation run on Clifford circuit
[2026-03-04 16:59:49,315] INFO: Full noise simulation run on Clifford circuit
[2026-03-04 17:03:26,830] INFO: Clifford Ideal Estimator Value:  1.694315665982453
[2026-03-04 17:03:26,830] INFO: Clifford Noisy Estimator Value:  1.7127691457878969
[2026-03-04 17:03:26,831] INFO: Circuit creation time:       0.0904 seconds
[2026-03-04 17:03:26,831] INFO: Transpilation time:          2.2571 seconds
[2026-03-04 17:03:26,831] INFO: Clifford Transpilation time: 2.3277 seconds
[2026-03-04 17:03:26,831] INFO: Clifford Ideal Estimation time:  6.4490 seconds
[2026-03-04 17:03:26,831] INFO: Clifford Noisy Estimation time:  217.5144 seconds
[2026-03-04 17:03:26,831] INFO: ESTIMATOR PERFORMANCE RUN COMPLETED.
[2026-03-04 17:03:26,851] INFO: writing output file: G7_I5_S55555_out/output.json
