[2026-05-22 17:51:05,093] INFO: reading parameters file: 'M4_P8_S444_Frichardson/M4_P8_S444_Frichardson.yaml'
[2026-05-22 17:51:05,098] INFO: Using seed 444
[2026-05-22 17:51:05,098] INFO: Output will be written in M4_P8_S444_Frichardson_out
[2026-05-22 17:51:05,098] INFO: Building backend ibm_marrakesh (AerSimulator)
[2026-05-22 17:51:19,471] INFO: Building SimpleProductionPlanningProblem
[2026-05-22 17:56:19,731] INFO: The problem has 40 logic qubits
[2026-05-22 17:56:19,746] INFO: Building AncillaQAOACircuit with 2 layers
[2026-05-22 17:56:19,799] INFO: Getting virtual circuit metrics
[2026-05-22 17:56:19,810] INFO: Transpiling AncillaQAOACircuit for ibm_marrakesh
[2026-05-22 17:56:21,915] INFO: Getting transpiled circuit metrics
[2026-05-22 17:56:22,009] INFO: Assigning random parameters to the transpiled circuit
[2026-05-22 17:56:22,026] INFO: Preparing Hamiltonian for Estimator
[2026-05-22 17:56:22,027] INFO: Clifford Noise Analysis with MNEAT
[2026-05-22 17:56:24,271] INFO: Virtual QC Metrics:    {'depth': 101, '2q_gates': 720, 'clifford_gates': 72, 'non_clifford_gates': 768, 't_gates': 0, 'total_gates': 840, 'num_active_qubits': 48}
[2026-05-22 17:56:24,271] INFO: Transpiled QC Metrics: {'depth': 3394, '2q_gates': 4634, 'clifford_gates': 16400, 'non_clifford_gates': 976, 't_gates': 11, 'total_gates': 17376, 'num_active_qubits': 50}
[2026-05-22 17:56:24,272] INFO: Clifford QC Metrics:   {'depth': 3394, '2q_gates': 4634, 'clifford_gates': 17376, 'non_clifford_gates': 0, 't_gates': 0, 'total_gates': 17376, 'num_active_qubits': 50}
[2026-05-22 17:56:24,272] INFO: Hamiltonian estimation with MNEAT on Clifford circuit
[2026-05-22 17:56:24,272] INFO: Ideal simulation run
[2026-05-22 17:56:27,450] INFO: Noisy simulation run
[2026-05-22 17:59:05,116] INFO: Mitigation simulation run with technique: zne
[2026-05-22 17:59:05,116] INFO: ZNE factory: richardson, noise_values: [1, 2, 3]
[2026-05-22 18:13:44,455] INFO: Saved ZNE factory plot to M4_P8_S444_Frichardson_out/zne_factory_fit.png
[2026-05-22 18:13:44,455] INFO: Clifford Ideal Estimator Value:       -3747.5849609375
[2026-05-22 18:13:44,455] INFO: Clifford Noisy Estimator Value:       -1757.25
[2026-05-22 18:13:44,455] INFO: Clifford Mitigated Estimator Value:   -3401.3681640625027
[2026-05-22 18:13:44,455] INFO: Error % of Noisy vs Ideal:       53.11%
[2026-05-22 18:13:44,455] INFO: Error % of Mitigated vs Ideal:   9.24%
[2026-05-22 18:13:44,455] INFO: Circuit creation time:       0.0528 seconds
[2026-05-22 18:13:44,455] INFO: Transpilation time:          2.1048 seconds
[2026-05-22 18:13:44,455] INFO: Clifford Transpilation time: 0.1050 seconds
[2026-05-22 18:13:44,455] INFO: Clifford Ideal Estimation time:       3.1787 seconds
[2026-05-22 18:13:44,455] INFO: Clifford Noisy Estimation time:       157.6652 seconds
[2026-05-22 18:13:44,455] INFO: Clifford Mitigated Estimation time:   879.0805 seconds
[2026-05-22 18:13:44,455] INFO: ESTIMATOR PERFORMANCE RUN COMPLETED.
[2026-05-22 18:13:44,481] INFO: writing output file: M4_P8_S444_Frichardson_out/output.json
