[2026-03-02 13:04:41,884] INFO: reading parameters file: 'Groups3_Instruments5_Layers3/Groups3_Instruments5_Layers3.yaml'
[2026-03-02 13:04:41,887] INFO: Using seed 12345
[2026-03-02 13:04:41,888] INFO: Output will be written in Groups3_Instruments5_Layers3_out
[2026-03-02 13:04:41,888] INFO: Building backend ibm_torino (AerSimulator)
[2026-03-02 13:04:53,904] INFO: Building QGSUncProblem
[2026-03-02 13:04:54,032] INFO: The problem has 15 logic qubits
[2026-03-02 13:04:54,036] INFO: Building AncillaQAOACircuit with 3 layers
[2026-03-02 13:04:54,048] INFO: Getting virtual circuit metrics
[2026-03-02 13:04:54,054] INFO: Transpiling AncillaQAOACircuit for ibm_torino
[2026-03-02 13:04:54,454] INFO: Getting transpiled circuit metrics
[2026-03-02 13:04:54,521] INFO: Assigning random parameters to the transpiled circuit
[2026-03-02 13:04:54,523] INFO: Preparing Hamiltonian for Estimator
[2026-03-02 13:04:54,524] INFO: Clifford Noise Analysis with NEAT
[2026-03-02 13:04:55,724] INFO: Virtual QC Metrics:    {'depth': 111, '2q_gates': 531, 'clifford_gates': 30, 'non_clifford_gates': 552, 't_gates': 0, 'total_gates': 582, 'num_active_qubits': 18}
[2026-03-02 13:04:55,724] INFO: Transpiled QC Metrics: {'depth': 2124, '2q_gates': 2199, 'clifford_gates': 8982, 'non_clifford_gates': 824, 't_gates': 5, 'total_gates': 9806, 'num_active_qubits': 18}
[2026-03-02 13:04:55,724] INFO: Clifford QC Metrics:   {'depth': 927, '2q_gates': 1204, 'clifford_gates': 4511, 'non_clifford_gates': 64, 't_gates': 2, 'total_gates': 4575, 'num_active_qubits': 18}
[2026-03-02 13:04:55,724] INFO: Ideal simulation run on Clifford circuit
[2026-03-02 13:04:56,100] INFO: Noisy simulation run on Clifford circuit
[2026-03-02 13:04:56,101] INFO: Full noise simulation run on Clifford circuit
[2026-03-02 13:05:42,807] INFO: Clifford Ideal Estimator Value:  -0.35355729332115676
[2026-03-02 13:05:42,807] INFO: Clifford Noisy Estimator Value:  -0.4548384330891669
[2026-03-02 13:05:42,807] INFO: Circuit creation time:       0.0113 seconds
[2026-03-02 13:05:42,807] INFO: Transpilation time:          0.3994 seconds
[2026-03-02 13:05:42,807] INFO: Clifford Transpilation time: 0.2992 seconds
[2026-03-02 13:05:42,807] INFO: Clifford Ideal Estimation time:  0.3765 seconds
[2026-03-02 13:05:42,807] INFO: Clifford Noisy Estimation time:  46.7064 seconds
[2026-03-02 13:05:42,808] INFO: ESTIMATOR PERFORMANCE RUN COMPLETED.
[2026-03-02 13:05:42,820] INFO: writing output file: Groups3_Instruments5_Layers3_out/output.json
