[2026-03-30 14:34:13,551] INFO: reading parameters file: 'M5_P3_S11111/M5_P3_S11111.yaml'
[2026-03-30 14:34:13,556] INFO: Using seed 11111
[2026-03-30 14:34:13,557] INFO: Output will be written in M5_P3_S11111_out
[2026-03-30 14:34:13,557] INFO: Building backend ibm_torino (AerSimulator)
[2026-03-30 14:34:26,003] INFO: Building SimpleProductionPlanningProblem
[2026-03-30 14:34:26,095] INFO: The problem has 15 logic qubits
[2026-03-30 14:34:26,099] INFO: Building AncillaQAOACircuit with 3 layers
[2026-03-30 14:34:26,110] INFO: Getting virtual circuit metrics
[2026-03-30 14:34:26,117] INFO: Transpiling AncillaQAOACircuit for ibm_torino
[2026-03-30 14:34:26,460] INFO: Getting transpiled circuit metrics
[2026-03-30 14:34:26,538] INFO: Assigning random parameters to the transpiled circuit
[2026-03-30 14:34:26,540] INFO: Preparing Hamiltonian for Estimator
[2026-03-30 14:34:26,541] INFO: Clifford Noise Analysis with NEAT
[2026-03-30 14:34:28,179] INFO: Virtual QC Metrics:    {'depth': 86, '2q_gates': 351, 'clifford_gates': 30, 'non_clifford_gates': 372, 't_gates': 0, 'total_gates': 402, 'num_active_qubits': 18}
[2026-03-30 14:34:28,179] INFO: Transpiled QC Metrics: {'depth': 1250, '2q_gates': 1310, 'clifford_gates': 5585, 'non_clifford_gates': 641, 't_gates': 3, 'total_gates': 6226, 'num_active_qubits': 18}
[2026-03-30 14:34:28,179] INFO: Clifford QC Metrics:   {'depth': 613, '2q_gates': 670, 'clifford_gates': 2638, 'non_clifford_gates': 20, 't_gates': 0, 'total_gates': 2658, 'num_active_qubits': 18}
[2026-03-30 14:34:28,179] INFO: Ideal simulation run on Clifford circuit
[2026-03-30 14:34:28,479] INFO: Noisy simulation run on Clifford circuit
[2026-03-30 14:34:28,479] INFO: Full noise simulation run on Clifford circuit
[2026-03-30 14:34:52,148] INFO: Clifford Ideal Estimator Value:  -14396.494140625
[2026-03-30 14:34:52,148] INFO: Clifford Noisy Estimator Value:  -10508.1083984375
[2026-03-30 14:34:52,148] INFO: Circuit creation time:       0.0112 seconds
[2026-03-30 14:34:52,148] INFO: Transpilation time:          0.3426 seconds
[2026-03-30 14:34:52,148] INFO: Clifford Transpilation time: 0.2422 seconds
[2026-03-30 14:34:52,148] INFO: Clifford Ideal Estimation time:  0.2997 seconds
[2026-03-30 14:34:52,148] INFO: Clifford Noisy Estimation time:  23.6688 seconds
[2026-03-30 14:34:52,148] INFO: ESTIMATOR PERFORMANCE RUN COMPLETED.
[2026-03-30 14:34:52,164] INFO: writing output file: M5_P3_S11111_out/output.json
