[2026-05-22 14:32:46,229] INFO: reading parameters file: 'M2_P6_S444_Frichardson/M2_P6_S444_Frichardson.yaml'
[2026-05-22 14:32:46,233] INFO: Using seed 444
[2026-05-22 14:32:46,234] INFO: Output will be written in M2_P6_S444_Frichardson_out
[2026-05-22 14:32:46,234] INFO: Building backend ibm_marrakesh (AerSimulator)
[2026-05-22 14:33:00,863] INFO: Building SimpleProductionPlanningProblem
[2026-05-22 14:33:01,674] INFO: The problem has 18 logic qubits
[2026-05-22 14:33:01,680] INFO: Building AncillaQAOACircuit with 2 layers
[2026-05-22 14:33:01,696] INFO: Getting virtual circuit metrics
[2026-05-22 14:33:01,700] INFO: Transpiling AncillaQAOACircuit for ibm_marrakesh
[2026-05-22 14:33:02,110] INFO: Getting transpiled circuit metrics
[2026-05-22 14:33:02,144] INFO: Assigning random parameters to the transpiled circuit
[2026-05-22 14:33:02,150] INFO: Preparing Hamiltonian for Estimator
[2026-05-22 14:33:02,150] INFO: Clifford Noise Analysis with MNEAT
[2026-05-22 14:33:03,663] INFO: Virtual QC Metrics:    {'depth': 48, '2q_gates': 198, 'clifford_gates': 36, 'non_clifford_gates': 228, 't_gates': 0, 'total_gates': 264, 'num_active_qubits': 24}
[2026-05-22 14:33:03,663] INFO: Transpiled QC Metrics: {'depth': 1098, '2q_gates': 1018, 'clifford_gates': 3739, 'non_clifford_gates': 274, 't_gates': 0, 'total_gates': 4013, 'num_active_qubits': 24}
[2026-05-22 14:33:03,663] INFO: Clifford QC Metrics:   {'depth': 1098, '2q_gates': 1018, 'clifford_gates': 4013, 'non_clifford_gates': 0, 't_gates': 0, 'total_gates': 4013, 'num_active_qubits': 24}
[2026-05-22 14:33:03,663] INFO: Hamiltonian estimation with MNEAT on Clifford circuit
[2026-05-22 14:33:03,663] INFO: Ideal simulation run
[2026-05-22 14:33:04,199] INFO: Noisy simulation run
[2026-05-22 14:33:38,932] INFO: Mitigation simulation run with technique: zne
[2026-05-22 14:33:38,932] INFO: ZNE factory: richardson, noise_values: [1, 2, 3]
[2026-05-22 14:36:49,623] INFO: Saved ZNE factory plot to M2_P6_S444_Frichardson_out/zne_factory_fit.png
[2026-05-22 14:36:49,623] INFO: Clifford Ideal Estimator Value:       -191.7109375
[2026-05-22 14:36:49,624] INFO: Clifford Noisy Estimator Value:       -76.0810546875
[2026-05-22 14:36:49,624] INFO: Clifford Mitigated Estimator Value:   -107.248046875
[2026-05-22 14:36:49,624] INFO: Error % of Noisy vs Ideal:       60.31%
[2026-05-22 14:36:49,624] INFO: Error % of Mitigated vs Ideal:   44.06%
[2026-05-22 14:36:49,624] INFO: Circuit creation time:       0.0165 seconds
[2026-05-22 14:36:49,624] INFO: Transpilation time:          0.4102 seconds
[2026-05-22 14:36:49,624] INFO: Clifford Transpilation time: 0.0305 seconds
[2026-05-22 14:36:49,624] INFO: Clifford Ideal Estimation time:       0.5360 seconds
[2026-05-22 14:36:49,624] INFO: Clifford Noisy Estimation time:       34.7328 seconds
[2026-05-22 14:36:49,624] INFO: Clifford Mitigated Estimation time:   190.4438 seconds
[2026-05-22 14:36:49,624] INFO: ESTIMATOR PERFORMANCE RUN COMPLETED.
[2026-05-22 14:36:49,651] INFO: writing output file: M2_P6_S444_Frichardson_out/output.json
