[2026-03-30 14:36:54,119] INFO: reading parameters file: 'M5_P3_S55555/M5_P3_S55555.yaml'
[2026-03-30 14:36:54,125] INFO: Using seed 55555
[2026-03-30 14:36:54,125] INFO: Output will be written in M5_P3_S55555_out
[2026-03-30 14:36:54,126] INFO: Building backend ibm_torino (AerSimulator)
[2026-03-30 14:37:07,754] INFO: Building SimpleProductionPlanningProblem
[2026-03-30 14:37:07,853] INFO: The problem has 15 logic qubits
[2026-03-30 14:37:07,858] INFO: Building AncillaQAOACircuit with 3 layers
[2026-03-30 14:37:07,870] INFO: Getting virtual circuit metrics
[2026-03-30 14:37:07,879] INFO: Transpiling AncillaQAOACircuit for ibm_torino
[2026-03-30 14:37:08,196] INFO: Getting transpiled circuit metrics
[2026-03-30 14:37:08,266] INFO: Assigning random parameters to the transpiled circuit
[2026-03-30 14:37:08,268] INFO: Preparing Hamiltonian for Estimator
[2026-03-30 14:37:08,269] INFO: Clifford Noise Analysis with NEAT
[2026-03-30 14:37:09,982] INFO: Virtual QC Metrics:    {'depth': 86, '2q_gates': 351, 'clifford_gates': 30, 'non_clifford_gates': 372, 't_gates': 0, 'total_gates': 402, 'num_active_qubits': 18}
[2026-03-30 14:37:09,982] INFO: Transpiled QC Metrics: {'depth': 1193, '2q_gates': 1192, 'clifford_gates': 5094, 'non_clifford_gates': 609, 't_gates': 3, 'total_gates': 5703, 'num_active_qubits': 18}
[2026-03-30 14:37:09,982] INFO: Clifford QC Metrics:   {'depth': 571, '2q_gates': 602, 'clifford_gates': 2306, 'non_clifford_gates': 8, 't_gates': 0, 'total_gates': 2314, 'num_active_qubits': 18}
[2026-03-30 14:37:09,982] INFO: Ideal simulation run on Clifford circuit
[2026-03-30 14:37:10,280] INFO: Noisy simulation run on Clifford circuit
[2026-03-30 14:37:10,281] INFO: Full noise simulation run on Clifford circuit
[2026-03-30 14:37:31,875] INFO: Clifford Ideal Estimator Value:  -13122.240234375
[2026-03-30 14:37:31,875] INFO: Clifford Noisy Estimator Value:  -10160.046875
[2026-03-30 14:37:31,875] INFO: Circuit creation time:       0.0125 seconds
[2026-03-30 14:37:31,875] INFO: Transpilation time:          0.3175 seconds
[2026-03-30 14:37:31,876] INFO: Clifford Transpilation time: 0.2609 seconds
[2026-03-30 14:37:31,876] INFO: Clifford Ideal Estimation time:  0.2983 seconds
[2026-03-30 14:37:31,876] INFO: Clifford Noisy Estimation time:  21.5939 seconds
[2026-03-30 14:37:31,876] INFO: ESTIMATOR PERFORMANCE RUN COMPLETED.
[2026-03-30 14:37:31,890] INFO: writing output file: M5_P3_S55555_out/output.json
