[2026-03-04 16:47:35,671] INFO: reading parameters file: 'G5_I5_S55555/G5_I5_S55555.yaml'
[2026-03-04 16:47:35,678] INFO: Using seed 55555
[2026-03-04 16:47:35,678] INFO: Output will be written in G5_I5_S55555_out
[2026-03-04 16:47:35,679] INFO: Building backend ibm_torino (AerSimulator)
[2026-03-04 16:47:54,298] INFO: Building QGSUncProblem
[2026-03-04 16:47:55,022] INFO: The problem has 25 logic qubits
[2026-03-04 16:47:55,045] INFO: Building AncillaQAOACircuit with 3 layers
[2026-03-04 16:47:55,093] INFO: Getting virtual circuit metrics
[2026-03-04 16:47:55,121] INFO: Transpiling AncillaQAOACircuit for ibm_torino
[2026-03-04 16:47:56,544] INFO: Getting transpiled circuit metrics
[2026-03-04 16:47:56,843] INFO: Assigning random parameters to the transpiled circuit
[2026-03-04 16:47:56,847] INFO: Preparing Hamiltonian for Estimator
[2026-03-04 16:47:56,847] INFO: Clifford Noise Analysis with NEAT
[2026-03-04 16:47:59,715] INFO: Virtual QC Metrics:    {'depth': 151, '2q_gates': 1260, 'clifford_gates': 50, 'non_clifford_gates': 1295, 't_gates': 0, 'total_gates': 1345, 'num_active_qubits': 30}
[2026-03-04 16:47:59,715] INFO: Transpiled QC Metrics: {'depth': 5095, '2q_gates': 6001, 'clifford_gates': 24457, 'non_clifford_gates': 1759, 't_gates': 5, 'total_gates': 26216, 'num_active_qubits': 36}
[2026-03-04 16:47:59,715] INFO: Clifford QC Metrics:   {'depth': 2841, '2q_gates': 3693, 'clifford_gates': 14610, 'non_clifford_gates': 146, 't_gates': 4, 'total_gates': 14756, 'num_active_qubits': 36}
[2026-03-04 16:47:59,715] INFO: Ideal simulation run on Clifford circuit
[2026-03-04 16:48:04,208] INFO: Noisy simulation run on Clifford circuit
[2026-03-04 16:48:04,208] INFO: Full noise simulation run on Clifford circuit
[2026-03-04 16:50:09,840] INFO: Clifford Ideal Estimator Value:  0.3277992929316941
[2026-03-04 16:50:09,841] INFO: Clifford Noisy Estimator Value:  0.19210638562096483
[2026-03-04 16:50:09,841] INFO: Circuit creation time:       0.0485 seconds
[2026-03-04 16:50:09,842] INFO: Transpilation time:          1.4231 seconds
[2026-03-04 16:50:09,842] INFO: Clifford Transpilation time: 1.4148 seconds
[2026-03-04 16:50:09,842] INFO: Clifford Ideal Estimation time:  4.4923 seconds
[2026-03-04 16:50:09,842] INFO: Clifford Noisy Estimation time:  125.6321 seconds
[2026-03-04 16:50:09,842] INFO: ESTIMATOR PERFORMANCE RUN COMPLETED.
[2026-03-04 16:50:09,862] INFO: writing output file: G5_I5_S55555_out/output.json
