[2026-05-22 18:11:28,416] INFO: reading parameters file: 'M4_P10_S111_Frichardson/M4_P10_S111_Frichardson.yaml'
[2026-05-22 18:11:28,422] INFO: Using seed 111
[2026-05-22 18:11:28,422] INFO: Output will be written in M4_P10_S111_Frichardson_out
[2026-05-22 18:11:28,423] INFO: Building backend ibm_marrakesh (AerSimulator)
[2026-05-22 18:11:41,645] INFO: Building SimpleProductionPlanningProblem
[2026-05-22 18:16:41,975] INFO: The problem has 48 logic qubits
[2026-05-22 18:16:41,988] INFO: Building AncillaQAOACircuit with 2 layers
[2026-05-22 18:16:42,034] INFO: Getting virtual circuit metrics
[2026-05-22 18:16:42,044] INFO: Transpiling AncillaQAOACircuit for ibm_marrakesh
[2026-05-22 18:16:43,858] INFO: Getting transpiled circuit metrics
[2026-05-22 18:16:43,982] INFO: Assigning random parameters to the transpiled circuit
[2026-05-22 18:16:43,995] INFO: Preparing Hamiltonian for Estimator
[2026-05-22 18:16:43,996] INFO: Clifford Noise Analysis with MNEAT
[2026-05-22 18:16:46,055] INFO: Virtual QC Metrics:    {'depth': 119, '2q_gates': 978, 'clifford_gates': 88, 'non_clifford_gates': 1030, 't_gates': 0, 'total_gates': 1118, 'num_active_qubits': 58}
[2026-05-22 18:16:46,055] INFO: Transpiled QC Metrics: {'depth': 4591, '2q_gates': 6728, 'clifford_gates': 23535, 'non_clifford_gates': 1259, 't_gates': 10, 'total_gates': 24794, 'num_active_qubits': 60}
[2026-05-22 18:16:46,055] INFO: Clifford QC Metrics:   {'depth': 4591, '2q_gates': 6728, 'clifford_gates': 24794, 'non_clifford_gates': 0, 't_gates': 0, 'total_gates': 24794, 'num_active_qubits': 60}
[2026-05-22 18:16:46,055] INFO: Hamiltonian estimation with MNEAT on Clifford circuit
[2026-05-22 18:16:46,055] INFO: Ideal simulation run
[2026-05-22 18:16:51,220] INFO: Noisy simulation run
[2026-05-22 18:20:54,279] INFO: Mitigation simulation run with technique: zne
[2026-05-22 18:20:54,279] INFO: ZNE factory: richardson, noise_values: [1, 2, 3]
[2026-05-22 18:42:49,456] INFO: Saved ZNE factory plot to M4_P10_S111_Frichardson_out/zne_factory_fit.png
[2026-05-22 18:42:49,456] INFO: Clifford Ideal Estimator Value:       -9492.3134765625
[2026-05-22 18:42:49,456] INFO: Clifford Noisy Estimator Value:       -2569.1728515625
[2026-05-22 18:42:49,456] INFO: Clifford Mitigated Estimator Value:   -6969.940429687512
[2026-05-22 18:42:49,456] INFO: Error % of Noisy vs Ideal:       72.93%
[2026-05-22 18:42:49,456] INFO: Error % of Mitigated vs Ideal:   26.57%
[2026-05-22 18:42:49,456] INFO: Circuit creation time:       0.0459 seconds
[2026-05-22 18:42:49,456] INFO: Transpilation time:          1.8145 seconds
[2026-05-22 18:42:49,456] INFO: Clifford Transpilation time: 0.1266 seconds
[2026-05-22 18:42:49,456] INFO: Clifford Ideal Estimation time:       5.1642 seconds
[2026-05-22 18:42:49,456] INFO: Clifford Noisy Estimation time:       243.0587 seconds
[2026-05-22 18:42:49,456] INFO: Clifford Mitigated Estimation time:   1314.9014 seconds
[2026-05-22 18:42:49,456] INFO: ESTIMATOR PERFORMANCE RUN COMPLETED.
[2026-05-22 18:42:49,486] INFO: writing output file: M4_P10_S111_Frichardson_out/output.json
