[2026-05-22 15:52:31,978] INFO: reading parameters file: 'M3_P8_S555_Flinear/M3_P8_S555_Flinear.yaml'
[2026-05-22 15:52:31,982] INFO: Using seed 555
[2026-05-22 15:52:31,982] INFO: Output will be written in M3_P8_S555_Flinear_out
[2026-05-22 15:52:31,982] INFO: Building backend ibm_marrakesh (AerSimulator)
[2026-05-22 15:52:45,247] INFO: Building SimpleProductionPlanningProblem
[2026-05-22 15:53:23,285] INFO: The problem has 30 logic qubits
[2026-05-22 15:53:23,293] INFO: Building AncillaQAOACircuit with 2 layers
[2026-05-22 15:53:23,318] INFO: Getting virtual circuit metrics
[2026-05-22 15:53:23,323] INFO: Transpiling AncillaQAOACircuit for ibm_marrakesh
[2026-05-22 15:53:24,154] INFO: Getting transpiled circuit metrics
[2026-05-22 15:53:24,209] INFO: Assigning random parameters to the transpiled circuit
[2026-05-22 15:53:24,215] INFO: Preparing Hamiltonian for Estimator
[2026-05-22 15:53:24,216] INFO: Clifford Noise Analysis with MNEAT
[2026-05-22 15:53:26,180] INFO: Virtual QC Metrics:    {'depth': 78, '2q_gates': 462, 'clifford_gates': 54, 'non_clifford_gates': 502, 't_gates': 0, 'total_gates': 556, 'num_active_qubits': 38}
[2026-05-22 15:53:26,180] INFO: Transpiled QC Metrics: {'depth': 2417, '2q_gates': 2791, 'clifford_gates': 9907, 'non_clifford_gates': 577, 't_gates': 11, 'total_gates': 10484, 'num_active_qubits': 38}
[2026-05-22 15:53:26,180] INFO: Clifford QC Metrics:   {'depth': 2417, '2q_gates': 2791, 'clifford_gates': 10484, 'non_clifford_gates': 0, 't_gates': 0, 'total_gates': 10484, 'num_active_qubits': 38}
[2026-05-22 15:53:26,180] INFO: Hamiltonian estimation with MNEAT on Clifford circuit
[2026-05-22 15:53:26,180] INFO: Ideal simulation run
[2026-05-22 15:53:27,700] INFO: Noisy simulation run
[2026-05-22 15:55:08,655] INFO: Mitigation simulation run with technique: zne
[2026-05-22 15:55:08,655] INFO: ZNE factory: linear, noise_values: [1, 2, 3]
[2026-05-22 16:04:14,198] INFO: Saved ZNE factory plot to M3_P8_S555_Flinear_out/zne_factory_fit.png
[2026-05-22 16:04:14,198] INFO: Clifford Ideal Estimator Value:       -1060.828125
[2026-05-22 16:04:14,198] INFO: Clifford Noisy Estimator Value:       -459.4306640625
[2026-05-22 16:04:14,198] INFO: Clifford Mitigated Estimator Value:   -727.2301432291667
[2026-05-22 16:04:14,198] INFO: Error % of Noisy vs Ideal:       56.69%
[2026-05-22 16:04:14,198] INFO: Error % of Mitigated vs Ideal:   31.45%
[2026-05-22 16:04:14,198] INFO: Circuit creation time:       0.0249 seconds
[2026-05-22 16:04:14,198] INFO: Transpilation time:          0.8311 seconds
[2026-05-22 16:04:14,198] INFO: Clifford Transpilation time: 0.6542 seconds
[2026-05-22 16:04:14,198] INFO: Clifford Ideal Estimation time:       1.5205 seconds
[2026-05-22 16:04:14,199] INFO: Clifford Noisy Estimation time:       100.9542 seconds
[2026-05-22 16:04:14,199] INFO: Clifford Mitigated Estimation time:   545.3100 seconds
[2026-05-22 16:04:14,199] INFO: ESTIMATOR PERFORMANCE RUN COMPLETED.
[2026-05-22 16:04:14,228] INFO: writing output file: M3_P8_S555_Flinear_out/output.json
