[2026-03-04 17:48:03,545] INFO: reading parameters file: 'G11_I3_S55555/G11_I3_S55555.yaml'
[2026-03-04 17:48:03,553] INFO: Using seed 55555
[2026-03-04 17:48:03,554] INFO: Output will be written in G11_I3_S55555_out
[2026-03-04 17:48:03,554] INFO: Building backend ibm_torino (AerSimulator)
[2026-03-04 17:48:20,052] INFO: Building QGSUncProblem
[2026-03-04 17:48:26,376] INFO: The problem has 33 logic qubits
[2026-03-04 17:48:26,410] INFO: Building AncillaQAOACircuit with 3 layers
[2026-03-04 17:48:26,537] INFO: Getting virtual circuit metrics
[2026-03-04 17:48:26,601] INFO: Transpiling AncillaQAOACircuit for ibm_torino
[2026-03-04 17:48:28,572] INFO: Getting transpiled circuit metrics
[2026-03-04 17:48:28,982] INFO: Assigning random parameters to the transpiled circuit
[2026-03-04 17:48:28,986] INFO: Preparing Hamiltonian for Estimator
[2026-03-04 17:48:28,987] INFO: Clifford Noise Analysis with NEAT
[2026-03-04 17:48:32,561] INFO: Virtual QC Metrics:    {'depth': 161, '2q_gates': 1848, 'clifford_gates': 66, 'non_clifford_gates': 1903, 't_gates': 0, 'total_gates': 1969, 'num_active_qubits': 44}
[2026-03-04 17:48:32,561] INFO: Transpiled QC Metrics: {'depth': 6089, '2q_gates': 9368, 'clifford_gates': 36932, 'non_clifford_gates': 2330, 't_gates': 14, 'total_gates': 39262, 'num_active_qubits': 51}
[2026-03-04 17:48:32,561] INFO: Clifford QC Metrics:   {'depth': 3313, '2q_gates': 5770, 'clifford_gates': 22913, 'non_clifford_gates': 337, 't_gates': 3, 'total_gates': 23250, 'num_active_qubits': 51}
[2026-03-04 17:48:32,561] INFO: Ideal simulation run on Clifford circuit
[2026-03-04 17:48:38,908] INFO: Noisy simulation run on Clifford circuit
[2026-03-04 17:48:38,908] INFO: Full noise simulation run on Clifford circuit
[2026-03-04 17:51:56,231] INFO: Clifford Ideal Estimator Value:  0.07429141008536097
[2026-03-04 17:51:56,232] INFO: Clifford Noisy Estimator Value:  -0.36124940146453965
[2026-03-04 17:51:56,232] INFO: Circuit creation time:       0.1265 seconds
[2026-03-04 17:51:56,232] INFO: Transpilation time:          1.9711 seconds
[2026-03-04 17:51:56,233] INFO: Clifford Transpilation time: 2.0698 seconds
[2026-03-04 17:51:56,233] INFO: Clifford Ideal Estimation time:  6.3467 seconds
[2026-03-04 17:51:56,233] INFO: Clifford Noisy Estimation time:  197.3220 seconds
[2026-03-04 17:51:56,233] INFO: ESTIMATOR PERFORMANCE RUN COMPLETED.
[2026-03-04 17:51:56,252] INFO: writing output file: G11_I3_S55555_out/output.json
