[2026-05-22 14:39:31,031] INFO: reading parameters file: 'M2_P8_S333_Frichardson/M2_P8_S333_Frichardson.yaml'
[2026-05-22 14:39:31,037] INFO: Using seed 333
[2026-05-22 14:39:31,037] INFO: Output will be written in M2_P8_S333_Frichardson_out
[2026-05-22 14:39:31,037] INFO: Building backend ibm_marrakesh (AerSimulator)
[2026-05-22 14:39:46,062] INFO: Building SimpleProductionPlanningProblem
[2026-05-22 14:39:52,357] INFO: The problem has 22 logic qubits
[2026-05-22 14:39:52,366] INFO: Building AncillaQAOACircuit with 2 layers
[2026-05-22 14:39:52,395] INFO: Getting virtual circuit metrics
[2026-05-22 14:39:52,400] INFO: Transpiling AncillaQAOACircuit for ibm_marrakesh
[2026-05-22 14:39:53,038] INFO: Getting transpiled circuit metrics
[2026-05-22 14:39:53,094] INFO: Assigning random parameters to the transpiled circuit
[2026-05-22 14:39:53,103] INFO: Preparing Hamiltonian for Estimator
[2026-05-22 14:39:53,103] INFO: Clifford Noise Analysis with MNEAT
[2026-05-22 14:39:55,008] INFO: Virtual QC Metrics:    {'depth': 58, '2q_gates': 292, 'clifford_gates': 46, 'non_clifford_gates': 324, 't_gates': 0, 'total_gates': 370, 'num_active_qubits': 30}
[2026-05-22 14:39:55,008] INFO: Transpiled QC Metrics: {'depth': 1934, '2q_gates': 1656, 'clifford_gates': 5909, 'non_clifford_gates': 398, 't_gates': 0, 'total_gates': 6307, 'num_active_qubits': 33}
[2026-05-22 14:39:55,008] INFO: Clifford QC Metrics:   {'depth': 1934, '2q_gates': 1656, 'clifford_gates': 6307, 'non_clifford_gates': 0, 't_gates': 0, 'total_gates': 6307, 'num_active_qubits': 33}
[2026-05-22 14:39:55,008] INFO: Hamiltonian estimation with MNEAT on Clifford circuit
[2026-05-22 14:39:55,008] INFO: Ideal simulation run
[2026-05-22 14:39:55,886] INFO: Noisy simulation run
[2026-05-22 14:40:30,628] INFO: Mitigation simulation run with technique: zne
[2026-05-22 14:40:30,628] INFO: ZNE factory: richardson, noise_values: [1, 2, 3]
[2026-05-22 14:43:50,034] INFO: Saved ZNE factory plot to M2_P8_S333_Frichardson_out/zne_factory_fit.png
[2026-05-22 14:43:50,034] INFO: Clifford Ideal Estimator Value:       -432.18359375
[2026-05-22 14:43:50,034] INFO: Clifford Noisy Estimator Value:       -97.828125
[2026-05-22 14:43:50,034] INFO: Clifford Mitigated Estimator Value:   -281.17578125000057
[2026-05-22 14:43:50,034] INFO: Error % of Noisy vs Ideal:       77.36%
[2026-05-22 14:43:50,035] INFO: Error % of Mitigated vs Ideal:   34.94%
[2026-05-22 14:43:50,035] INFO: Circuit creation time:       0.0283 seconds
[2026-05-22 14:43:50,035] INFO: Transpilation time:          0.6383 seconds
[2026-05-22 14:43:50,035] INFO: Clifford Transpilation time: 0.0459 seconds
[2026-05-22 14:43:50,035] INFO: Clifford Ideal Estimation time:       0.8781 seconds
[2026-05-22 14:43:50,035] INFO: Clifford Noisy Estimation time:       34.7417 seconds
[2026-05-22 14:43:50,035] INFO: Clifford Mitigated Estimation time:   199.1080 seconds
[2026-05-22 14:43:50,035] INFO: ESTIMATOR PERFORMANCE RUN COMPLETED.
[2026-05-22 14:43:50,059] INFO: writing output file: M2_P8_S333_Frichardson_out/output.json
