[2026-05-22 14:57:04,930] INFO: reading parameters file: 'M2_P10_S444_Frichardson/M2_P10_S444_Frichardson.yaml'
[2026-05-22 14:57:04,936] INFO: Using seed 444
[2026-05-22 14:57:04,937] INFO: Output will be written in M2_P10_S444_Frichardson_out
[2026-05-22 14:57:04,937] INFO: Building backend ibm_marrakesh (AerSimulator)
[2026-05-22 14:57:20,451] INFO: Building SimpleProductionPlanningProblem
[2026-05-22 14:57:45,930] INFO: The problem has 26 logic qubits
[2026-05-22 14:57:45,943] INFO: Building AncillaQAOACircuit with 2 layers
[2026-05-22 14:57:45,982] INFO: Getting virtual circuit metrics
[2026-05-22 14:57:45,989] INFO: Transpiling AncillaQAOACircuit for ibm_marrakesh
[2026-05-22 14:57:46,874] INFO: Getting transpiled circuit metrics
[2026-05-22 14:57:46,957] INFO: Assigning random parameters to the transpiled circuit
[2026-05-22 14:57:46,969] INFO: Preparing Hamiltonian for Estimator
[2026-05-22 14:57:46,970] INFO: Clifford Noise Analysis with MNEAT
[2026-05-22 14:57:49,467] INFO: Virtual QC Metrics:    {'depth': 68, '2q_gates': 402, 'clifford_gates': 56, 'non_clifford_gates': 436, 't_gates': 0, 'total_gates': 492, 'num_active_qubits': 36}
[2026-05-22 14:57:49,467] INFO: Transpiled QC Metrics: {'depth': 2373, '2q_gates': 2495, 'clifford_gates': 8822, 'non_clifford_gates': 518, 't_gates': 0, 'total_gates': 9340, 'num_active_qubits': 38}
[2026-05-22 14:57:49,467] INFO: Clifford QC Metrics:   {'depth': 2373, '2q_gates': 2495, 'clifford_gates': 9340, 'non_clifford_gates': 0, 't_gates': 0, 'total_gates': 9340, 'num_active_qubits': 38}
[2026-05-22 14:57:49,467] INFO: Hamiltonian estimation with MNEAT on Clifford circuit
[2026-05-22 14:57:49,467] INFO: Ideal simulation run
[2026-05-22 14:57:50,783] INFO: Noisy simulation run
[2026-05-22 14:58:53,341] INFO: Mitigation simulation run with technique: zne
[2026-05-22 14:58:53,341] INFO: ZNE factory: richardson, noise_values: [1, 2, 3]
[2026-05-22 15:03:48,987] INFO: Saved ZNE factory plot to M2_P10_S444_Frichardson_out/zne_factory_fit.png
[2026-05-22 15:03:48,987] INFO: Clifford Ideal Estimator Value:       -526.474609375
[2026-05-22 15:03:48,987] INFO: Clifford Noisy Estimator Value:       -70.34765625
[2026-05-22 15:03:48,987] INFO: Clifford Mitigated Estimator Value:   -69.63281249999983
[2026-05-22 15:03:48,987] INFO: Error % of Noisy vs Ideal:       86.64%
[2026-05-22 15:03:48,987] INFO: Error % of Mitigated vs Ideal:   86.77%
[2026-05-22 15:03:48,988] INFO: Circuit creation time:       0.0393 seconds
[2026-05-22 15:03:48,988] INFO: Transpilation time:          0.8857 seconds
[2026-05-22 15:03:48,988] INFO: Clifford Transpilation time: 0.6761 seconds
[2026-05-22 15:03:48,988] INFO: Clifford Ideal Estimation time:       1.3158 seconds
[2026-05-22 15:03:48,988] INFO: Clifford Noisy Estimation time:       62.5572 seconds
[2026-05-22 15:03:48,988] INFO: Clifford Mitigated Estimation time:   295.3278 seconds
[2026-05-22 15:03:48,988] INFO: ESTIMATOR PERFORMANCE RUN COMPLETED.
[2026-05-22 15:03:49,012] INFO: writing output file: M2_P10_S444_Frichardson_out/output.json
