[2026-03-30 15:00:26,748] INFO: reading parameters file: 'M7_P5_S55555/M7_P5_S55555.yaml'
[2026-03-30 15:00:26,754] INFO: Using seed 55555
[2026-03-30 15:00:26,754] INFO: Output will be written in M7_P5_S55555_out
[2026-03-30 15:00:26,754] INFO: Building backend ibm_torino (AerSimulator)
[2026-03-30 15:00:40,488] INFO: Building SimpleProductionPlanningProblem
[2026-03-30 15:00:40,750] INFO: The problem has 35 logic qubits
[2026-03-30 15:00:40,762] INFO: Building AncillaQAOACircuit with 3 layers
[2026-03-30 15:00:40,798] INFO: Getting virtual circuit metrics
[2026-03-30 15:00:40,821] INFO: Transpiling AncillaQAOACircuit for ibm_torino
[2026-03-30 15:00:42,071] INFO: Getting transpiled circuit metrics
[2026-03-30 15:00:42,374] INFO: Assigning random parameters to the transpiled circuit
[2026-03-30 15:00:42,378] INFO: Preparing Hamiltonian for Estimator
[2026-03-30 15:00:42,378] INFO: Clifford Noise Analysis with NEAT
[2026-03-30 15:00:45,014] INFO: Virtual QC Metrics:    {'depth': 164, '2q_gates': 1245, 'clifford_gates': 70, 'non_clifford_gates': 1290, 't_gates': 0, 'total_gates': 1360, 'num_active_qubits': 40}
[2026-03-30 15:00:45,014] INFO: Transpiled QC Metrics: {'depth': 5036, '2q_gates': 6139, 'clifford_gates': 25609, 'non_clifford_gates': 2085, 't_gates': 5, 'total_gates': 27694, 'num_active_qubits': 40}
[2026-03-30 15:00:45,014] INFO: Clifford QC Metrics:   {'depth': 2555, '2q_gates': 2938, 'clifford_gates': 11719, 'non_clifford_gates': 45, 't_gates': 2, 'total_gates': 11764, 'num_active_qubits': 40}
[2026-03-30 15:00:45,014] INFO: Ideal simulation run on Clifford circuit
[2026-03-30 15:00:47,572] INFO: Noisy simulation run on Clifford circuit
[2026-03-30 15:00:47,572] INFO: Full noise simulation run on Clifford circuit
[2026-03-30 15:01:40,469] INFO: Clifford Ideal Estimator Value:  -504498.5
[2026-03-30 15:01:40,469] INFO: Clifford Noisy Estimator Value:  -483347.4130859375
[2026-03-30 15:01:40,470] INFO: Circuit creation time:       0.0356 seconds
[2026-03-30 15:01:40,470] INFO: Transpilation time:          1.2505 seconds
[2026-03-30 15:01:40,470] INFO: Clifford Transpilation time: 1.1534 seconds
[2026-03-30 15:01:40,470] INFO: Clifford Ideal Estimation time:  2.5579 seconds
[2026-03-30 15:01:40,470] INFO: Clifford Noisy Estimation time:  52.8964 seconds
[2026-03-30 15:01:40,470] INFO: ESTIMATOR PERFORMANCE RUN COMPLETED.
[2026-03-30 15:01:40,481] INFO: writing output file: M7_P5_S55555_out/output.json
