[2026-05-22 14:28:46,145] INFO: reading parameters file: 'M2_P6_S222_Frichardson/M2_P6_S222_Frichardson.yaml'
[2026-05-22 14:28:46,149] INFO: Using seed 222
[2026-05-22 14:28:46,149] INFO: Output will be written in M2_P6_S222_Frichardson_out
[2026-05-22 14:28:46,150] INFO: Building backend ibm_marrakesh (AerSimulator)
[2026-05-22 14:28:59,979] INFO: Building SimpleProductionPlanningProblem
[2026-05-22 14:29:00,162] INFO: The problem has 18 logic qubits
[2026-05-22 14:29:00,165] INFO: Building AncillaQAOACircuit with 2 layers
[2026-05-22 14:29:00,175] INFO: Getting virtual circuit metrics
[2026-05-22 14:29:00,177] INFO: Transpiling AncillaQAOACircuit for ibm_marrakesh
[2026-05-22 14:29:00,568] INFO: Getting transpiled circuit metrics
[2026-05-22 14:29:00,587] INFO: Assigning random parameters to the transpiled circuit
[2026-05-22 14:29:00,590] INFO: Preparing Hamiltonian for Estimator
[2026-05-22 14:29:00,591] INFO: Clifford Noise Analysis with MNEAT
[2026-05-22 14:29:01,762] INFO: Virtual QC Metrics:    {'depth': 48, '2q_gates': 198, 'clifford_gates': 36, 'non_clifford_gates': 228, 't_gates': 0, 'total_gates': 264, 'num_active_qubits': 24}
[2026-05-22 14:29:01,762] INFO: Transpiled QC Metrics: {'depth': 1223, '2q_gates': 1090, 'clifford_gates': 3958, 'non_clifford_gates': 259, 't_gates': 0, 'total_gates': 4217, 'num_active_qubits': 24}
[2026-05-22 14:29:01,762] INFO: Clifford QC Metrics:   {'depth': 1223, '2q_gates': 1090, 'clifford_gates': 4217, 'non_clifford_gates': 0, 't_gates': 0, 'total_gates': 4217, 'num_active_qubits': 24}
[2026-05-22 14:29:01,762] INFO: Hamiltonian estimation with MNEAT on Clifford circuit
[2026-05-22 14:29:01,762] INFO: Ideal simulation run
[2026-05-22 14:29:02,260] INFO: Noisy simulation run
[2026-05-22 14:29:41,634] INFO: Mitigation simulation run with technique: zne
[2026-05-22 14:29:41,635] INFO: ZNE factory: richardson, noise_values: [1, 2, 3]
[2026-05-22 14:33:16,714] INFO: Saved ZNE factory plot to M2_P6_S222_Frichardson_out/zne_factory_fit.png
[2026-05-22 14:33:16,714] INFO: Clifford Ideal Estimator Value:       -263.0302734375
[2026-05-22 14:33:16,714] INFO: Clifford Noisy Estimator Value:       -93.12890625
[2026-05-22 14:33:16,714] INFO: Clifford Mitigated Estimator Value:   -118.7324218749999
[2026-05-22 14:33:16,714] INFO: Error % of Noisy vs Ideal:       64.59%
[2026-05-22 14:33:16,714] INFO: Error % of Mitigated vs Ideal:   54.86%
[2026-05-22 14:33:16,714] INFO: Circuit creation time:       0.0104 seconds
[2026-05-22 14:33:16,714] INFO: Transpilation time:          0.3906 seconds
[2026-05-22 14:33:16,714] INFO: Clifford Transpilation time: 0.0223 seconds
[2026-05-22 14:33:16,714] INFO: Clifford Ideal Estimation time:       0.4985 seconds
[2026-05-22 14:33:16,714] INFO: Clifford Noisy Estimation time:       39.3735 seconds
[2026-05-22 14:33:16,714] INFO: Clifford Mitigated Estimation time:   214.8146 seconds
[2026-05-22 14:33:16,714] INFO: ESTIMATOR PERFORMANCE RUN COMPLETED.
[2026-05-22 14:33:16,740] INFO: writing output file: M2_P6_S222_Frichardson_out/output.json
