[2026-03-04 17:48:56,372] INFO: reading parameters file: 'G11_I5_S11111/G11_I5_S11111.yaml'
[2026-03-04 17:48:56,376] INFO: Using seed 11111
[2026-03-04 17:48:56,377] INFO: Output will be written in G11_I5_S11111_out
[2026-03-04 17:48:56,377] INFO: Building backend ibm_torino (AerSimulator)
[2026-03-04 17:49:08,392] INFO: Building QGSUncProblem
[2026-03-04 17:54:09,318] INFO: The problem has 55 logic qubits
[2026-03-04 17:54:09,365] INFO: Building AncillaQAOACircuit with 3 layers
[2026-03-04 17:54:09,468] INFO: Getting virtual circuit metrics
[2026-03-04 17:54:09,521] INFO: Transpiling AncillaQAOACircuit for ibm_torino
[2026-03-04 17:54:15,744] INFO: Getting transpiled circuit metrics
[2026-03-04 17:54:16,435] INFO: Assigning random parameters to the transpiled circuit
[2026-03-04 17:54:16,452] INFO: Preparing Hamiltonian for Estimator
[2026-03-04 17:54:16,454] INFO: Clifford Noise Analysis with NEAT
[2026-03-04 17:54:24,058] INFO: Virtual QC Metrics:    {'depth': 271, '2q_gates': 5247, 'clifford_gates': 110, 'non_clifford_gates': 5324, 't_gates': 0, 'total_gates': 5434, 'num_active_qubits': 66}
[2026-03-04 17:54:24,058] INFO: Transpiled QC Metrics: {'depth': 11821, '2q_gates': 26165, 'clifford_gates': 102012, 'non_clifford_gates': 7424, 't_gates': 16, 'total_gates': 109436, 'num_active_qubits': 67}
[2026-03-04 17:54:24,058] INFO: Clifford QC Metrics:   {'depth': 5204, '2q_gates': 16410, 'clifford_gates': 62179, 'non_clifford_gates': 478, 't_gates': 9, 'total_gates': 62657, 'num_active_qubits': 67}
[2026-03-04 17:54:24,058] INFO: Ideal simulation run on Clifford circuit
[2026-03-04 17:55:02,847] INFO: Noisy simulation run on Clifford circuit
[2026-03-04 17:55:02,847] INFO: Full noise simulation run on Clifford circuit
[2026-03-04 18:05:25,646] INFO: Clifford Ideal Estimator Value:  -4.265181965590635
[2026-03-04 18:05:25,646] INFO: Clifford Noisy Estimator Value:  -3.007012987219815
[2026-03-04 18:05:25,646] INFO: Circuit creation time:       0.1028 seconds
[2026-03-04 18:05:25,646] INFO: Transpilation time:          6.2231 seconds
[2026-03-04 18:05:25,646] INFO: Clifford Transpilation time: 6.2607 seconds
[2026-03-04 18:05:25,646] INFO: Clifford Ideal Estimation time:  38.7891 seconds
[2026-03-04 18:05:25,646] INFO: Clifford Noisy Estimation time:  622.7981 seconds
[2026-03-04 18:05:25,646] INFO: ESTIMATOR PERFORMANCE RUN COMPLETED.
[2026-03-04 18:05:25,664] INFO: writing output file: G11_I5_S11111_out/output.json
