[2026-01-13 19:11:18,848] INFO: reading parameters file: 'N_nodes21_N_layers4/N_nodes21_N_layers4.yaml'
[2026-01-13 19:11:18,856] INFO: Using seed 12345
[2026-01-13 19:11:18,857] INFO: Output will be written in N_nodes21_N_layers4_out
[2026-01-13 19:11:18,857] INFO: Building backend ibm_torino (AerSimulator)
[2026-01-13 19:11:32,179] INFO: Building problem MaxCutProblem
[2026-01-13 19:11:34,145] INFO: The problem has 21 logic qubits
[2026-01-13 19:11:34,145] INFO: Building QAOA circuit QAOACircuit with 4 layers
[2026-01-13 19:11:35,828] INFO: Transpiling QAOA circuit QAOACircuit for ibm_torino
[2026-01-13 19:16:28,070] INFO: Clifford Noise Analysis with NEAT
[2026-01-13 19:16:39,536] INFO: Ideal simulation run on Clifford circuit
[2026-01-13 19:16:40,269] INFO: Noisy simulation run on Clifford circuit
[2026-01-13 19:17:16,841] INFO: Pruned noise simulation run on Clifford circuit
[2026-01-13 19:17:25,318] INFO: Virtual QC Metrics:    {'depth': 309, '2q_gates': 1256, 'clifford_gates': 1256, 'non_clifford_gates': 733, 't_gates': 0, 'total_gates': 1989, 'num_active_qubits': 21}
[2026-01-13 19:17:25,318] INFO: Transpiled QC Metrics: {'depth': 7078, '2q_gates': 3741, 'clifford_gates': 3741, 'non_clifford_gates': 32757, 't_gates': 0, 'total_gates': 36498, 'num_active_qubits': 23}
[2026-01-13 19:17:25,318] INFO: Clifford QC Metrics:   {'depth': 3966, '2q_gates': 2424, 'clifford_gates': 2424, 'non_clifford_gates': 20516, 't_gates': 0, 'total_gates': 22940, 'num_active_qubits': 23}
[2026-01-13 19:17:25,319] INFO: Clifford Ideal Estimator Value:  -0.1982421875
[2026-01-13 19:17:25,319] INFO: Clifford Noisy Estimator Value:  -0.142578125
[2026-01-13 19:17:25,319] INFO: Clifford Pruned Estimator Value: -0.142578125
[2026-01-13 19:17:25,319] INFO: Circuit creation time:       0.0284 seconds
[2026-01-13 19:17:25,319] INFO: Transpilation time:          0.5297 seconds
[2026-01-13 19:17:25,319] INFO: Clifford Transpilation time: 0.6250 seconds
[2026-01-13 19:17:25,319] INFO: Clifford Ideal Estimation time:  0.7330 seconds
[2026-01-13 19:17:25,319] INFO: Clifford Noisy Estimation time:  36.5717 seconds
[2026-01-13 19:17:25,319] INFO: Clifford Pruned Estimation time: 8.4764 seconds
[2026-01-13 19:17:25,319] INFO: ESTIMATOR PERFORMANCE RUN COMPLETED.
[2026-01-13 19:17:25,338] INFO: writing output file: N_nodes21_N_layers4_out/output.json
